May-19 17:06:01.288 - Logger at /home/erginbas/LSTM-MetaLearner/logs/log-100-3/console.log
May-19 17:06:01.288 - Seed: 100
May-19 17:06:03.002 - Start training
May-19 17:06:38.740 - [   50/50000] loss: 1.8106 (1.7017), acc: 17.333% (26.196%)
May-19 17:06:42.317 - [  100/50000] loss: 1.4384 (1.6597), acc: 41.333% (25.888%)
May-19 17:06:45.992 - [  150/50000] loss: 1.5367 (1.6263), acc: 38.667% (27.152%)
May-19 17:06:49.578 - [  200/50000] loss: 1.5361 (1.6109), acc: 33.333% (27.483%)
May-19 17:06:53.207 - [  250/50000] loss: 1.5402 (1.5978), acc: 37.333% (28.202%)
May-19 17:06:56.892 - [  300/50000] loss: 1.3707 (1.5856), acc: 52.000% (28.744%)
May-19 17:07:00.504 - [  350/50000] loss: 1.4885 (1.5774), acc: 37.333% (29.360%)
May-19 17:07:03.981 - [  400/50000] loss: 1.5167 (1.5724), acc: 37.333% (29.606%)
May-19 17:07:07.491 - [  450/50000] loss: 1.4000 (1.5666), acc: 40.000% (29.792%)
May-19 17:07:11.055 - [  500/50000] loss: 1.5469 (1.5611), acc: 30.667% (30.169%)
May-19 17:07:20.043 - [  500] Eval (100 episode) - loss: 1.4293 +- 0.0755, acc: 40.973 +- 7.419%
May-19 17:07:20.043 - * Best accuracy so far *

May-19 17:07:22.687 - [  550/50000] loss: 1.5797 (1.5333), acc: 30.667% (31.413%)
May-19 17:07:26.310 - [  600/50000] loss: 1.4626 (1.5240), acc: 33.333% (31.840%)
May-19 17:07:29.856 - [  650/50000] loss: 1.4839 (1.5238), acc: 41.333% (31.947%)
May-19 17:07:33.527 - [  700/50000] loss: 1.5108 (1.5291), acc: 32.000% (31.813%)
May-19 17:07:37.274 - [  750/50000] loss: 1.3607 (1.5294), acc: 41.333% (31.696%)
May-19 17:07:40.810 - [  800/50000] loss: 1.3645 (1.5290), acc: 49.333% (31.787%)
May-19 17:07:44.367 - [  850/50000] loss: 1.5578 (1.5268), acc: 20.000% (31.920%)
May-19 17:07:48.039 - [  900/50000] loss: 1.4181 (1.5237), acc: 37.333% (32.043%)
May-19 17:07:51.507 - [  950/50000] loss: 1.6111 (1.5220), acc: 26.667% (32.127%)
May-19 17:07:55.083 - [ 1000/50000] loss: 1.5560 (1.5225), acc: 33.333% (32.059%)
May-19 17:08:01.720 - [ 1000] Eval (100 episode) - loss: 1.4389 +- 0.0905, acc: 39.787 +- 8.090%
May-19 17:08:04.223 - [ 1050/50000] loss: 1.5568 (1.5174), acc: 30.667% (33.387%)
May-19 17:08:07.673 - [ 1100/50000] loss: 1.5415 (1.5167), acc: 24.000% (32.893%)
May-19 17:08:11.233 - [ 1150/50000] loss: 1.6109 (1.5139), acc: 21.333% (32.996%)
May-19 17:08:15.052 - [ 1200/50000] loss: 1.5533 (1.5135), acc: 30.667% (33.207%)
May-19 17:08:18.522 - [ 1250/50000] loss: 1.3645 (1.5101), acc: 45.333% (33.307%)
May-19 17:08:22.049 - [ 1300/50000] loss: 1.4733 (1.5113), acc: 44.000% (33.342%)
May-19 17:08:25.470 - [ 1350/50000] loss: 1.4580 (1.5113), acc: 40.000% (33.314%)
May-19 17:08:29.011 - [ 1400/50000] loss: 1.5490 (1.5092), acc: 36.000% (33.593%)
May-19 17:08:32.430 - [ 1450/50000] loss: 1.5857 (1.5057), acc: 33.333% (33.840%)
May-19 17:08:35.835 - [ 1500/50000] loss: 1.4646 (1.5038), acc: 36.000% (33.976%)
May-19 17:08:42.617 - [ 1500] Eval (100 episode) - loss: 1.3750 +- 0.1142, acc: 42.773 +- 8.585%
May-19 17:08:42.617 - * Best accuracy so far *

May-19 17:08:44.952 - [ 1550/50000] loss: 1.5564 (1.4691), acc: 32.000% (36.080%)
May-19 17:08:48.470 - [ 1600/50000] loss: 1.3958 (1.4871), acc: 42.667% (35.147%)
May-19 17:08:52.113 - [ 1650/50000] loss: 1.3776 (1.4815), acc: 42.667% (35.547%)
May-19 17:08:55.725 - [ 1700/50000] loss: 1.5224 (1.4808), acc: 36.000% (35.600%)
May-19 17:08:59.131 - [ 1750/50000] loss: 1.4902 (1.4814), acc: 37.333% (35.323%)
May-19 17:09:02.726 - [ 1800/50000] loss: 1.4398 (1.4822), acc: 41.333% (35.444%)
May-19 17:09:06.194 - [ 1850/50000] loss: 1.5948 (1.4849), acc: 25.333% (35.215%)
May-19 17:09:09.737 - [ 1900/50000] loss: 1.4621 (1.4812), acc: 44.000% (35.570%)
May-19 17:09:13.289 - [ 1950/50000] loss: 1.3955 (1.4792), acc: 42.667% (35.698%)
May-19 17:09:16.692 - [ 2000/50000] loss: 1.5027 (1.4800), acc: 34.667% (35.648%)
May-19 17:09:23.529 - [ 2000] Eval (100 episode) - loss: 1.3703 +- 0.1024, acc: 44.413 +- 7.955%
May-19 17:09:23.529 - * Best accuracy so far *

May-19 17:09:25.803 - [ 2050/50000] loss: 1.5595 (1.4776), acc: 25.333% (35.840%)
May-19 17:09:29.172 - [ 2100/50000] loss: 1.3052 (1.4664), acc: 49.333% (37.000%)
May-19 17:09:33.076 - [ 2150/50000] loss: 1.4452 (1.4685), acc: 44.000% (36.444%)
May-19 17:09:36.487 - [ 2200/50000] loss: 1.3749 (1.4697), acc: 46.667% (36.240%)
May-19 17:09:39.956 - [ 2250/50000] loss: 1.3256 (1.4686), acc: 48.000% (36.139%)
May-19 17:09:43.403 - [ 2300/50000] loss: 1.4486 (1.4584), acc: 40.000% (36.969%)
May-19 17:09:46.915 - [ 2350/50000] loss: 1.7339 (1.4615), acc: 21.333% (36.888%)
May-19 17:09:50.408 - [ 2400/50000] loss: 1.5608 (1.4619), acc: 34.667% (36.960%)
May-19 17:09:53.865 - [ 2450/50000] loss: 1.5951 (1.4577), acc: 26.667% (37.301%)
May-19 17:09:57.284 - [ 2500/50000] loss: 1.5081 (1.4562), acc: 28.000% (37.379%)
May-19 17:10:04.504 - [ 2500] Eval (100 episode) - loss: 1.3110 +- 0.1275, acc: 47.227 +- 9.580%
May-19 17:10:04.504 - * Best accuracy so far *

May-19 17:10:06.848 - [ 2550/50000] loss: 1.4525 (1.4495), acc: 40.000% (36.560%)
May-19 17:10:09.312 - [ 2600/50000] loss: 1.5471 (1.4426), acc: 37.333% (37.427%)
May-19 17:10:12.863 - [ 2650/50000] loss: 1.4718 (1.4395), acc: 33.333% (37.760%)
May-19 17:10:16.168 - [ 2700/50000] loss: 1.3067 (1.4329), acc: 50.667% (38.447%)
May-19 17:10:19.494 - [ 2750/50000] loss: 1.2339 (1.4315), acc: 44.000% (38.597%)
May-19 17:10:22.973 - [ 2800/50000] loss: 1.3118 (1.4285), acc: 50.667% (38.942%)
May-19 17:10:26.440 - [ 2850/50000] loss: 1.7014 (1.4292), acc: 24.000% (39.177%)
May-19 17:10:30.146 - [ 2900/50000] loss: 1.5031 (1.4292), acc: 37.333% (39.070%)
May-19 17:10:33.628 - [ 2950/50000] loss: 1.4148 (1.4317), acc: 44.000% (38.945%)
May-19 17:10:37.137 - [ 3000/50000] loss: 1.4182 (1.4310), acc: 36.000% (38.896%)
May-19 17:10:45.559 - [ 3000] Eval (100 episode) - loss: 1.3117 +- 0.1145, acc: 46.267 +- 8.557%
May-19 17:10:48.030 - [ 3050/50000] loss: 1.4646 (1.4107), acc: 36.000% (40.320%)
May-19 17:10:50.323 - [ 3100/50000] loss: 1.5523 (1.4309), acc: 36.000% (38.653%)
May-19 17:10:52.508 - [ 3150/50000] loss: 1.1922 (1.4057), acc: 53.333% (40.107%)
May-19 17:10:55.852 - [ 3200/50000] loss: 1.1991 (1.4133), acc: 46.667% (39.747%)
May-19 17:10:59.261 - [ 3250/50000] loss: 1.5151 (1.4168), acc: 34.667% (39.659%)
May-19 17:11:02.751 - [ 3300/50000] loss: 1.4766 (1.4191), acc: 34.667% (39.338%)
May-19 17:11:06.180 - [ 3350/50000] loss: 1.4537 (1.4150), acc: 38.667% (39.577%)
May-19 17:11:09.624 - [ 3400/50000] loss: 1.2870 (1.4153), acc: 54.667% (39.673%)
May-19 17:11:13.119 - [ 3450/50000] loss: 1.4015 (1.4164), acc: 37.333% (39.582%)
May-19 17:11:16.633 - [ 3500/50000] loss: 1.3632 (1.4173), acc: 36.000% (39.605%)
May-19 17:11:25.346 - [ 3500] Eval (100 episode) - loss: 1.2805 +- 0.1299, acc: 48.627 +- 9.502%
May-19 17:11:25.347 - * Best accuracy so far *

May-19 17:11:27.734 - [ 3550/50000] loss: 1.2963 (1.4178), acc: 42.667% (39.547%)
May-19 17:11:30.046 - [ 3600/50000] loss: 1.3316 (1.3939), acc: 45.333% (41.080%)
May-19 17:11:32.232 - [ 3650/50000] loss: 1.1705 (1.3949), acc: 49.333% (41.022%)
May-19 17:11:34.601 - [ 3700/50000] loss: 1.4770 (1.3961), acc: 38.667% (41.140%)
May-19 17:11:37.996 - [ 3750/50000] loss: 1.4187 (1.4072), acc: 42.667% (40.624%)
May-19 17:11:41.475 - [ 3800/50000] loss: 1.4307 (1.4068), acc: 40.000% (40.507%)
May-19 17:11:44.929 - [ 3850/50000] loss: 1.4697 (1.4057), acc: 34.667% (40.495%)
May-19 17:11:48.413 - [ 3900/50000] loss: 1.6906 (1.4041), acc: 20.000% (40.513%)
May-19 17:11:51.929 - [ 3950/50000] loss: 1.4316 (1.4046), acc: 41.333% (40.566%)
May-19 17:11:55.379 - [ 4000/50000] loss: 1.3779 (1.4068), acc: 44.000% (40.408%)
May-19 17:12:04.189 - [ 4000] Eval (100 episode) - loss: 1.2741 +- 0.1223, acc: 48.907 +- 9.902%
May-19 17:12:04.189 - * Best accuracy so far *

May-19 17:12:06.476 - [ 4050/50000] loss: 1.2929 (1.4032), acc: 49.333% (40.693%)
May-19 17:12:08.784 - [ 4100/50000] loss: 1.3374 (1.3937), acc: 48.000% (40.973%)
May-19 17:12:10.957 - [ 4150/50000] loss: 1.4696 (1.3988), acc: 37.333% (41.031%)
May-19 17:12:13.329 - [ 4200/50000] loss: 1.5657 (1.4002), acc: 32.000% (41.027%)
May-19 17:12:16.829 - [ 4250/50000] loss: 1.3732 (1.3965), acc: 40.000% (41.291%)
May-19 17:12:20.293 - [ 4300/50000] loss: 1.5484 (1.3979), acc: 29.333% (41.244%)
May-19 17:12:23.717 - [ 4350/50000] loss: 1.5472 (1.4008), acc: 32.000% (41.029%)
May-19 17:12:27.169 - [ 4400/50000] loss: 1.1790 (1.3983), acc: 52.000% (41.107%)
May-19 17:12:30.558 - [ 4450/50000] loss: 1.4141 (1.4010), acc: 42.667% (40.907%)
May-19 17:12:34.076 - [ 4500/50000] loss: 1.2383 (1.3965), acc: 49.333% (41.197%)
May-19 17:12:42.668 - [ 4500] Eval (100 episode) - loss: 1.2704 +- 0.1434, acc: 47.947 +- 8.806%
May-19 17:12:44.985 - [ 4550/50000] loss: 1.1841 (1.3878), acc: 45.333% (41.227%)
May-19 17:12:47.388 - [ 4600/50000] loss: 1.4020 (1.4006), acc: 37.333% (40.253%)
May-19 17:12:49.523 - [ 4650/50000] loss: 1.4766 (1.4041), acc: 37.333% (40.213%)
May-19 17:12:51.927 - [ 4700/50000] loss: 1.6276 (1.4113), acc: 26.667% (39.920%)
May-19 17:12:55.283 - [ 4750/50000] loss: 1.4552 (1.4050), acc: 40.000% (40.576%)
May-19 17:12:58.767 - [ 4800/50000] loss: 1.2408 (1.4009), acc: 52.000% (40.791%)
May-19 17:13:02.216 - [ 4850/50000] loss: 1.3869 (1.3982), acc: 44.000% (40.842%)
May-19 17:13:05.674 - [ 4900/50000] loss: 1.5312 (1.3973), acc: 28.000% (40.890%)
May-19 17:13:09.145 - [ 4950/50000] loss: 1.5874 (1.3972), acc: 30.667% (40.883%)
May-19 17:13:12.530 - [ 5000/50000] loss: 1.4127 (1.3985), acc: 40.000% (40.701%)
May-19 17:13:21.350 - [ 5000] Eval (100 episode) - loss: 1.2848 +- 0.1227, acc: 47.893 +- 8.294%
May-19 17:13:23.853 - [ 5050/50000] loss: 1.3373 (1.3735), acc: 46.667% (42.587%)
May-19 17:13:26.133 - [ 5100/50000] loss: 1.3961 (1.3738), acc: 33.333% (42.333%)
May-19 17:13:28.306 - [ 5150/50000] loss: 1.6223 (1.3923), acc: 33.333% (41.280%)
May-19 17:13:30.561 - [ 5200/50000] loss: 1.3757 (1.3913), acc: 40.000% (41.340%)
May-19 17:13:33.990 - [ 5250/50000] loss: 1.1629 (1.3840), acc: 58.667% (41.755%)
May-19 17:13:37.456 - [ 5300/50000] loss: 1.3720 (1.3850), acc: 44.000% (41.569%)
May-19 17:13:40.992 - [ 5350/50000] loss: 1.6279 (1.3797), acc: 24.000% (41.958%)
May-19 17:13:44.378 - [ 5400/50000] loss: 1.6412 (1.3812), acc: 26.667% (41.923%)
May-19 17:13:47.749 - [ 5450/50000] loss: 1.3377 (1.3865), acc: 53.333% (41.449%)
May-19 17:13:51.224 - [ 5500/50000] loss: 1.4610 (1.3871), acc: 36.000% (41.469%)
May-19 17:13:59.987 - [ 5500] Eval (100 episode) - loss: 1.2652 +- 0.1418, acc: 48.920 +- 9.599%
May-19 17:13:59.987 - * Best accuracy so far *

May-19 17:14:02.376 - [ 5550/50000] loss: 1.5716 (1.3635), acc: 29.333% (41.973%)
May-19 17:14:04.825 - [ 5600/50000] loss: 1.3868 (1.3669), acc: 40.000% (42.427%)
May-19 17:14:07.079 - [ 5650/50000] loss: 1.3373 (1.3696), acc: 44.000% (42.231%)
May-19 17:14:09.430 - [ 5700/50000] loss: 1.3734 (1.3707), acc: 37.333% (42.340%)
May-19 17:14:12.954 - [ 5750/50000] loss: 1.4580 (1.3659), acc: 33.333% (42.459%)
May-19 17:14:16.455 - [ 5800/50000] loss: 1.5292 (1.3646), acc: 30.667% (42.573%)
May-19 17:14:19.899 - [ 5850/50000] loss: 1.5305 (1.3707), acc: 33.333% (42.213%)
May-19 17:14:23.445 - [ 5900/50000] loss: 1.5112 (1.3670), acc: 30.667% (42.597%)
May-19 17:14:26.887 - [ 5950/50000] loss: 1.2743 (1.3661), acc: 50.667% (42.699%)
May-19 17:14:30.454 - [ 6000/50000] loss: 1.2891 (1.3665), acc: 41.333% (42.704%)
May-19 17:14:39.201 - [ 6000] Eval (100 episode) - loss: 1.2438 +- 0.1227, acc: 49.373 +- 8.166%
May-19 17:14:39.202 - * Best accuracy so far *

May-19 17:14:41.474 - [ 6050/50000] loss: 1.2137 (1.3580), acc: 54.667% (43.787%)
May-19 17:14:43.842 - [ 6100/50000] loss: 1.1727 (1.3477), acc: 50.667% (44.267%)
May-19 17:14:46.072 - [ 6150/50000] loss: 1.3298 (1.3420), acc: 48.000% (44.382%)
May-19 17:14:48.434 - [ 6200/50000] loss: 1.2374 (1.3447), acc: 56.000% (44.000%)
May-19 17:14:51.798 - [ 6250/50000] loss: 1.2843 (1.3475), acc: 52.000% (43.760%)
May-19 17:14:55.239 - [ 6300/50000] loss: 1.3648 (1.3512), acc: 42.667% (43.400%)
May-19 17:14:58.851 - [ 6350/50000] loss: 1.2871 (1.3492), acc: 53.333% (43.490%)
May-19 17:15:02.308 - [ 6400/50000] loss: 1.4269 (1.3545), acc: 36.000% (43.140%)
May-19 17:15:05.795 - [ 6450/50000] loss: 1.3326 (1.3542), acc: 44.000% (43.111%)
May-19 17:15:09.294 - [ 6500/50000] loss: 1.4336 (1.3544), acc: 34.667% (43.091%)
May-19 17:15:18.050 - [ 6500] Eval (100 episode) - loss: 1.2480 +- 0.1461, acc: 49.427 +- 8.855%
May-19 17:15:18.051 - * Best accuracy so far *

May-19 17:15:20.416 - [ 6550/50000] loss: 1.3086 (1.3701), acc: 48.000% (42.427%)
May-19 17:15:22.731 - [ 6600/50000] loss: 1.1918 (1.3729), acc: 56.000% (41.987%)
May-19 17:15:24.948 - [ 6650/50000] loss: 1.3390 (1.3679), acc: 44.000% (42.320%)
May-19 17:15:27.313 - [ 6700/50000] loss: 1.3213 (1.3712), acc: 52.000% (42.247%)
May-19 17:15:30.649 - [ 6750/50000] loss: 1.1854 (1.3596), acc: 46.667% (42.864%)
May-19 17:15:34.073 - [ 6800/50000] loss: 1.5106 (1.3547), acc: 32.000% (43.231%)
May-19 17:15:37.518 - [ 6850/50000] loss: 1.2813 (1.3580), acc: 40.000% (43.002%)
May-19 17:15:40.983 - [ 6900/50000] loss: 1.4746 (1.3600), acc: 32.000% (42.843%)
May-19 17:15:44.391 - [ 6950/50000] loss: 1.5387 (1.3629), acc: 38.667% (42.646%)
May-19 17:15:47.833 - [ 7000/50000] loss: 1.1773 (1.3631), acc: 57.333% (42.656%)
May-19 17:15:56.425 - [ 7000] Eval (100 episode) - loss: 1.2399 +- 0.1362, acc: 49.200 +- 8.895%
May-19 17:15:58.752 - [ 7050/50000] loss: 1.3826 (1.3808), acc: 38.667% (41.307%)
May-19 17:16:01.042 - [ 7100/50000] loss: 1.6094 (1.3570), acc: 26.667% (43.307%)
May-19 17:16:03.269 - [ 7150/50000] loss: 1.4702 (1.3551), acc: 36.000% (43.396%)
May-19 17:16:05.512 - [ 7200/50000] loss: 1.3463 (1.3463), acc: 36.000% (43.753%)
May-19 17:16:08.889 - [ 7250/50000] loss: 1.5121 (1.3499), acc: 29.333% (43.643%)
May-19 17:16:12.308 - [ 7300/50000] loss: 1.5077 (1.3535), acc: 30.667% (43.333%)
May-19 17:16:15.850 - [ 7350/50000] loss: 1.3526 (1.3529), acc: 41.333% (43.291%)
May-19 17:16:19.330 - [ 7400/50000] loss: 1.4550 (1.3574), acc: 29.333% (43.053%)
May-19 17:16:22.755 - [ 7450/50000] loss: 1.3949 (1.3544), acc: 42.667% (43.099%)
May-19 17:16:26.368 - [ 7500/50000] loss: 1.4007 (1.3536), acc: 45.333% (43.192%)
May-19 17:16:35.012 - [ 7500] Eval (100 episode) - loss: 1.2246 +- 0.1605, acc: 49.640 +- 9.369%
May-19 17:16:35.012 - * Best accuracy so far *

May-19 17:16:37.371 - [ 7550/50000] loss: 1.4341 (1.3292), acc: 33.333% (43.787%)
May-19 17:16:39.681 - [ 7600/50000] loss: 1.4079 (1.3368), acc: 38.667% (43.520%)
May-19 17:16:41.993 - [ 7650/50000] loss: 1.3763 (1.3376), acc: 48.000% (43.769%)
May-19 17:16:44.285 - [ 7700/50000] loss: 1.2877 (1.3385), acc: 48.000% (44.007%)
May-19 17:16:47.659 - [ 7750/50000] loss: 1.3281 (1.3364), acc: 42.667% (44.197%)
May-19 17:16:51.121 - [ 7800/50000] loss: 1.4820 (1.3401), acc: 33.333% (44.084%)
May-19 17:16:54.598 - [ 7850/50000] loss: 1.4763 (1.3452), acc: 32.000% (43.764%)
May-19 17:16:58.060 - [ 7900/50000] loss: 1.6015 (1.3429), acc: 25.333% (43.870%)
May-19 17:17:01.513 - [ 7950/50000] loss: 1.2577 (1.3441), acc: 37.333% (43.840%)
May-19 17:17:05.014 - [ 8000/50000] loss: 1.1420 (1.3443), acc: 52.000% (43.904%)
May-19 17:17:13.706 - [ 8000] Eval (100 episode) - loss: 1.2362 +- 0.1453, acc: 50.067 +- 8.547%
May-19 17:17:13.707 - * Best accuracy so far *

May-19 17:17:16.137 - [ 8050/50000] loss: 1.4537 (1.3092), acc: 33.333% (45.360%)
May-19 17:17:18.464 - [ 8100/50000] loss: 1.1639 (1.3271), acc: 58.667% (44.987%)
May-19 17:17:20.774 - [ 8150/50000] loss: 1.5385 (1.3395), acc: 38.667% (44.080%)
May-19 17:17:23.173 - [ 8200/50000] loss: 1.3298 (1.3362), acc: 52.000% (44.140%)
May-19 17:17:26.617 - [ 8250/50000] loss: 1.6790 (1.3362), acc: 30.667% (44.272%)
May-19 17:17:30.033 - [ 8300/50000] loss: 1.3378 (1.3406), acc: 40.000% (44.133%)
May-19 17:17:33.635 - [ 8350/50000] loss: 1.3566 (1.3386), acc: 46.667% (44.122%)
May-19 17:17:37.216 - [ 8400/50000] loss: 1.3133 (1.3356), acc: 49.333% (44.343%)
May-19 17:17:40.598 - [ 8450/50000] loss: 1.0618 (1.3279), acc: 64.000% (44.696%)
May-19 17:17:44.007 - [ 8500/50000] loss: 1.3642 (1.3300), acc: 49.333% (44.592%)
May-19 17:17:52.704 - [ 8500] Eval (100 episode) - loss: 1.2024 +- 0.1495, acc: 51.107 +- 8.790%
May-19 17:17:52.705 - * Best accuracy so far *

May-19 17:17:55.027 - [ 8550/50000] loss: 1.0682 (1.3383), acc: 57.333% (43.360%)
May-19 17:17:57.294 - [ 8600/50000] loss: 1.3870 (1.3421), acc: 36.000% (43.493%)
May-19 17:17:59.601 - [ 8650/50000] loss: 1.3956 (1.3381), acc: 44.000% (44.240%)
May-19 17:18:01.781 - [ 8700/50000] loss: 1.2374 (1.3405), acc: 46.667% (43.933%)
May-19 17:18:05.088 - [ 8750/50000] loss: 1.5427 (1.3499), acc: 28.000% (43.371%)
May-19 17:18:08.530 - [ 8800/50000] loss: 1.6226 (1.3477), acc: 34.667% (43.524%)
May-19 17:18:12.029 - [ 8850/50000] loss: 1.4393 (1.3462), acc: 38.667% (43.497%)
May-19 17:18:15.446 - [ 8900/50000] loss: 0.9338 (1.3442), acc: 62.667% (43.523%)
May-19 17:18:18.914 - [ 8950/50000] loss: 1.3877 (1.3408), acc: 37.333% (43.801%)
May-19 17:18:22.296 - [ 9000/50000] loss: 1.5065 (1.3425), acc: 34.667% (43.787%)
May-19 17:18:31.020 - [ 9000] Eval (100 episode) - loss: 1.2170 +- 0.1183, acc: 50.987 +- 8.051%
May-19 17:18:33.461 - [ 9050/50000] loss: 1.3044 (1.3260), acc: 41.333% (44.400%)
May-19 17:18:35.779 - [ 9100/50000] loss: 1.4154 (1.3377), acc: 38.667% (43.960%)
May-19 17:18:38.085 - [ 9150/50000] loss: 1.3033 (1.3375), acc: 46.667% (44.080%)
May-19 17:18:40.354 - [ 9200/50000] loss: 1.3382 (1.3298), acc: 41.333% (44.820%)
May-19 17:18:43.724 - [ 9250/50000] loss: 1.5529 (1.3316), acc: 38.667% (44.848%)
May-19 17:18:47.140 - [ 9300/50000] loss: 1.3971 (1.3302), acc: 41.333% (45.036%)
May-19 17:18:50.581 - [ 9350/50000] loss: 1.3882 (1.3314), acc: 33.333% (44.968%)
May-19 17:18:54.100 - [ 9400/50000] loss: 1.3559 (1.3281), acc: 38.667% (44.963%)
May-19 17:18:57.539 - [ 9450/50000] loss: 1.1401 (1.3259), acc: 57.333% (45.022%)
May-19 17:19:01.009 - [ 9500/50000] loss: 1.1589 (1.3277), acc: 49.333% (44.904%)
May-19 17:19:09.517 - [ 9500] Eval (100 episode) - loss: 1.2000 +- 0.1489, acc: 50.960 +- 9.076%
May-19 17:19:11.828 - [ 9550/50000] loss: 1.3765 (1.3339), acc: 48.000% (44.960%)
May-19 17:19:14.175 - [ 9600/50000] loss: 1.3408 (1.3260), acc: 37.333% (44.973%)
May-19 17:19:16.484 - [ 9650/50000] loss: 1.0930 (1.3263), acc: 50.667% (44.898%)
May-19 17:19:18.827 - [ 9700/50000] loss: 1.1725 (1.3312), acc: 58.667% (44.640%)
May-19 17:19:22.219 - [ 9750/50000] loss: 1.4657 (1.3332), acc: 42.667% (44.555%)
May-19 17:19:25.586 - [ 9800/50000] loss: 1.3274 (1.3308), acc: 48.000% (44.778%)
May-19 17:19:29.028 - [ 9850/50000] loss: 1.3663 (1.3296), acc: 42.667% (44.686%)
May-19 17:19:32.472 - [ 9900/50000] loss: 1.2128 (1.3251), acc: 49.333% (44.860%)
May-19 17:19:35.913 - [ 9950/50000] loss: 1.0339 (1.3275), acc: 61.333% (44.679%)
May-19 17:19:39.366 - [10000/50000] loss: 1.4352 (1.3217), acc: 36.000% (44.989%)
May-19 17:19:47.925 - [10000] Eval (100 episode) - loss: 1.2111 +- 0.1604, acc: 49.947 +- 9.713%
May-19 17:19:50.286 - [10050/50000] loss: 1.3198 (1.3266), acc: 48.000% (45.253%)
May-19 17:19:52.573 - [10100/50000] loss: 1.3941 (1.3227), acc: 40.000% (45.320%)
May-19 17:19:54.858 - [10150/50000] loss: 1.2602 (1.3286), acc: 41.333% (45.218%)
May-19 17:19:57.098 - [10200/50000] loss: 1.4121 (1.3269), acc: 40.000% (44.847%)
May-19 17:20:00.531 - [10250/50000] loss: 0.9730 (1.3303), acc: 62.667% (44.731%)
May-19 17:20:03.900 - [10300/50000] loss: 1.2601 (1.3319), acc: 45.333% (44.689%)
May-19 17:20:07.379 - [10350/50000] loss: 1.0677 (1.3272), acc: 61.333% (45.010%)
May-19 17:20:10.817 - [10400/50000] loss: 1.4140 (1.3234), acc: 34.667% (45.017%)
May-19 17:20:14.274 - [10450/50000] loss: 1.4890 (1.3228), acc: 36.000% (45.073%)
May-19 17:20:17.871 - [10500/50000] loss: 1.1465 (1.3205), acc: 58.667% (45.259%)
May-19 17:20:26.418 - [10500] Eval (100 episode) - loss: 1.1880 +- 0.1592, acc: 51.933 +- 9.632%
May-19 17:20:26.419 - * Best accuracy so far *

May-19 17:20:28.750 - [10550/50000] loss: 1.2407 (1.3055), acc: 45.333% (44.987%)
May-19 17:20:31.056 - [10600/50000] loss: 1.2038 (1.3125), acc: 52.000% (45.147%)
May-19 17:20:33.359 - [10650/50000] loss: 1.4058 (1.3195), acc: 40.000% (44.853%)
May-19 17:20:35.755 - [10700/50000] loss: 1.4180 (1.3124), acc: 38.667% (45.027%)
May-19 17:20:39.122 - [10750/50000] loss: 1.3316 (1.3058), acc: 48.000% (45.557%)
May-19 17:20:42.564 - [10800/50000] loss: 1.2093 (1.3082), acc: 57.333% (45.418%)
May-19 17:20:46.018 - [10850/50000] loss: 1.2542 (1.3104), acc: 48.000% (45.356%)
May-19 17:20:49.450 - [10900/50000] loss: 1.0840 (1.3140), acc: 56.000% (45.157%)
May-19 17:20:52.969 - [10950/50000] loss: 1.2653 (1.3179), acc: 41.333% (44.927%)
May-19 17:20:56.411 - [11000/50000] loss: 1.2888 (1.3165), acc: 33.333% (45.011%)
May-19 17:21:04.847 - [11000] Eval (100 episode) - loss: 1.1702 +- 0.1519, acc: 53.040 +- 9.333%
May-19 17:21:04.848 - * Best accuracy so far *

May-19 17:21:07.092 - [11050/50000] loss: 1.3524 (1.2736), acc: 45.333% (48.880%)
May-19 17:21:09.438 - [11100/50000] loss: 1.4236 (1.3064), acc: 40.000% (46.360%)
May-19 17:21:11.796 - [11150/50000] loss: 1.2701 (1.2927), acc: 42.667% (47.049%)
May-19 17:21:14.215 - [11200/50000] loss: 1.4349 (1.2955), acc: 33.333% (46.733%)
May-19 17:21:17.686 - [11250/50000] loss: 1.4287 (1.2922), acc: 42.667% (46.635%)
May-19 17:21:21.045 - [11300/50000] loss: 1.3775 (1.2919), acc: 44.000% (46.662%)
May-19 17:21:24.391 - [11350/50000] loss: 1.3079 (1.2939), acc: 42.667% (46.450%)
May-19 17:21:27.821 - [11400/50000] loss: 1.3481 (1.2974), acc: 52.000% (46.187%)
May-19 17:21:31.244 - [11450/50000] loss: 1.3918 (1.2967), acc: 40.000% (46.267%)
May-19 17:21:34.665 - [11500/50000] loss: 1.0584 (1.2992), acc: 56.000% (46.040%)
May-19 17:21:43.182 - [11500] Eval (100 episode) - loss: 1.1938 +- 0.1693, acc: 51.440 +- 9.829%
May-19 17:21:45.416 - [11550/50000] loss: 1.2325 (1.3060), acc: 44.000% (45.253%)
May-19 17:21:47.745 - [11600/50000] loss: 1.2224 (1.3104), acc: 54.667% (45.853%)
May-19 17:21:50.058 - [11650/50000] loss: 1.2440 (1.3119), acc: 46.667% (45.404%)
May-19 17:21:52.542 - [11700/50000] loss: 1.1459 (1.3069), acc: 54.667% (45.580%)
May-19 17:21:55.925 - [11750/50000] loss: 1.1442 (1.3078), acc: 52.000% (45.504%)
May-19 17:21:59.259 - [11800/50000] loss: 1.5279 (1.3091), acc: 40.000% (45.453%)
May-19 17:22:02.637 - [11850/50000] loss: 1.2576 (1.3005), acc: 44.000% (45.882%)
May-19 17:22:06.138 - [11900/50000] loss: 1.0324 (1.2966), acc: 60.000% (46.100%)
May-19 17:22:09.578 - [11950/50000] loss: 1.3479 (1.3001), acc: 36.000% (46.047%)
May-19 17:22:13.061 - [12000/50000] loss: 1.2103 (1.3004), acc: 56.000% (45.989%)
May-19 17:22:21.756 - [12000] Eval (100 episode) - loss: 1.1794 +- 0.1569, acc: 51.653 +- 9.435%
May-19 17:22:23.990 - [12050/50000] loss: 1.1641 (1.2809), acc: 50.667% (46.827%)
May-19 17:22:26.386 - [12100/50000] loss: 1.3365 (1.3153), acc: 40.000% (45.320%)
May-19 17:22:28.657 - [12150/50000] loss: 1.1991 (1.3138), acc: 53.333% (45.404%)
May-19 17:22:31.075 - [12200/50000] loss: 1.1599 (1.3085), acc: 56.000% (45.613%)
May-19 17:22:34.624 - [12250/50000] loss: 1.3259 (1.3049), acc: 46.667% (45.701%)
May-19 17:22:38.177 - [12300/50000] loss: 1.0236 (1.3075), acc: 60.000% (45.738%)
May-19 17:22:41.647 - [12350/50000] loss: 1.2858 (1.3021), acc: 45.333% (46.008%)
May-19 17:22:45.308 - [12400/50000] loss: 1.1353 (1.3016), acc: 57.333% (45.873%)
May-19 17:22:48.720 - [12450/50000] loss: 1.4015 (1.2959), acc: 40.000% (46.326%)
May-19 17:22:52.193 - [12500/50000] loss: 1.3745 (1.2979), acc: 45.333% (46.224%)
May-19 17:23:00.982 - [12500] Eval (100 episode) - loss: 1.1672 +- 0.1389, acc: 52.560 +- 8.794%
May-19 17:23:03.241 - [12550/50000] loss: 1.2875 (1.2835), acc: 38.667% (46.160%)
May-19 17:23:05.565 - [12600/50000] loss: 1.3447 (1.2887), acc: 46.667% (45.920%)
May-19 17:23:07.993 - [12650/50000] loss: 1.5302 (1.2979), acc: 34.667% (45.716%)
May-19 17:23:10.462 - [12700/50000] loss: 1.4205 (1.2932), acc: 40.000% (45.980%)
May-19 17:23:13.998 - [12750/50000] loss: 1.4206 (1.2914), acc: 37.333% (46.091%)
May-19 17:23:17.439 - [12800/50000] loss: 1.3556 (1.2897), acc: 45.333% (46.378%)
May-19 17:23:20.852 - [12850/50000] loss: 1.0974 (1.2877), acc: 57.333% (46.549%)
May-19 17:23:24.405 - [12900/50000] loss: 1.0740 (1.2908), acc: 57.333% (46.340%)
May-19 17:23:27.886 - [12950/50000] loss: 1.5250 (1.2837), acc: 33.333% (46.702%)
May-19 17:23:31.325 - [13000/50000] loss: 1.0074 (1.2873), acc: 58.667% (46.648%)
May-19 17:23:39.854 - [13000] Eval (100 episode) - loss: 1.1454 +- 0.1571, acc: 54.187 +- 9.001%
May-19 17:23:39.854 - * Best accuracy so far *

May-19 17:23:42.128 - [13050/50000] loss: 1.3102 (1.2930), acc: 36.000% (46.320%)
May-19 17:23:44.451 - [13100/50000] loss: 1.3482 (1.2889), acc: 44.000% (46.493%)
May-19 17:23:46.759 - [13150/50000] loss: 1.1948 (1.2868), acc: 50.667% (46.613%)
May-19 17:23:49.177 - [13200/50000] loss: 1.4767 (1.2837), acc: 37.333% (46.740%)
May-19 17:23:52.549 - [13250/50000] loss: 1.4019 (1.2842), acc: 34.667% (46.736%)
May-19 17:23:56.033 - [13300/50000] loss: 1.4824 (1.2869), acc: 42.667% (46.698%)
May-19 17:23:59.452 - [13350/50000] loss: 1.4497 (1.2881), acc: 34.667% (46.659%)
May-19 17:24:02.958 - [13400/50000] loss: 1.4148 (1.2907), acc: 40.000% (46.513%)
May-19 17:24:06.501 - [13450/50000] loss: 1.2847 (1.2916), acc: 48.000% (46.385%)
May-19 17:24:09.928 - [13500/50000] loss: 1.3446 (1.2930), acc: 41.333% (46.275%)
May-19 17:24:18.536 - [13500] Eval (100 episode) - loss: 1.1497 +- 0.1640, acc: 53.427 +- 8.937%
May-19 17:24:20.761 - [13550/50000] loss: 1.3531 (1.2727), acc: 42.667% (46.987%)
May-19 17:24:23.145 - [13600/50000] loss: 1.3021 (1.2869), acc: 50.667% (46.507%)
May-19 17:24:25.429 - [13650/50000] loss: 1.3175 (1.2806), acc: 40.000% (46.436%)
May-19 17:24:27.889 - [13700/50000] loss: 1.4466 (1.2755), acc: 34.667% (47.073%)
May-19 17:24:31.374 - [13750/50000] loss: 1.2816 (1.2778), acc: 44.000% (46.901%)
May-19 17:24:34.832 - [13800/50000] loss: 1.2110 (1.2845), acc: 60.000% (46.631%)
May-19 17:24:38.333 - [13850/50000] loss: 1.1870 (1.2811), acc: 56.000% (46.933%)
May-19 17:24:41.842 - [13900/50000] loss: 1.3372 (1.2844), acc: 42.667% (46.883%)
May-19 17:24:45.311 - [13950/50000] loss: 1.0735 (1.2800), acc: 58.667% (47.230%)
May-19 17:24:48.924 - [14000/50000] loss: 0.9620 (1.2803), acc: 70.667% (47.192%)
May-19 17:24:57.397 - [14000] Eval (100 episode) - loss: 1.1670 +- 0.1764, acc: 52.947 +- 9.777%
May-19 17:24:59.643 - [14050/50000] loss: 0.9836 (1.2483), acc: 62.667% (48.507%)
May-19 17:25:02.100 - [14100/50000] loss: 1.5173 (1.2610), acc: 38.667% (48.467%)
May-19 17:25:04.366 - [14150/50000] loss: 1.3711 (1.2777), acc: 38.667% (47.556%)
May-19 17:25:06.974 - [14200/50000] loss: 1.2659 (1.2850), acc: 38.667% (46.760%)
May-19 17:25:10.421 - [14250/50000] loss: 1.3096 (1.2786), acc: 48.000% (47.323%)
May-19 17:25:13.770 - [14300/50000] loss: 1.4834 (1.2831), acc: 41.333% (47.107%)
May-19 17:25:17.261 - [14350/50000] loss: 1.1227 (1.2826), acc: 52.000% (47.040%)
May-19 17:25:20.727 - [14400/50000] loss: 1.1474 (1.2789), acc: 45.333% (47.160%)
May-19 17:25:24.180 - [14450/50000] loss: 1.4262 (1.2830), acc: 33.333% (46.889%)
May-19 17:25:27.726 - [14500/50000] loss: 1.1319 (1.2803), acc: 62.667% (47.016%)
May-19 17:25:36.131 - [14500] Eval (100 episode) - loss: 1.1826 +- 0.1508, acc: 51.773 +- 8.649%
May-19 17:25:38.341 - [14550/50000] loss: 1.0348 (1.2794), acc: 56.000% (47.067%)
May-19 17:25:40.618 - [14600/50000] loss: 1.3992 (1.2496), acc: 37.333% (48.160%)
May-19 17:25:42.909 - [14650/50000] loss: 1.3081 (1.2638), acc: 45.333% (47.449%)
May-19 17:25:45.447 - [14700/50000] loss: 1.0829 (1.2632), acc: 50.667% (47.340%)
May-19 17:25:48.816 - [14750/50000] loss: 1.2320 (1.2681), acc: 46.667% (47.232%)
May-19 17:25:52.162 - [14800/50000] loss: 1.3445 (1.2751), acc: 53.333% (46.951%)
May-19 17:25:55.622 - [14850/50000] loss: 1.4210 (1.2793), acc: 34.667% (46.659%)
May-19 17:25:59.123 - [14900/50000] loss: 1.2804 (1.2791), acc: 49.333% (46.780%)
May-19 17:26:02.601 - [14950/50000] loss: 1.2714 (1.2790), acc: 46.667% (46.797%)
May-19 17:26:05.991 - [15000/50000] loss: 1.0614 (1.2780), acc: 61.333% (46.875%)
May-19 17:26:14.499 - [15000] Eval (100 episode) - loss: 1.2068 +- 0.1688, acc: 50.933 +- 8.443%
May-19 17:26:16.720 - [15050/50000] loss: 1.6701 (1.3219), acc: 34.667% (44.027%)
May-19 17:26:19.104 - [15100/50000] loss: 1.1174 (1.3024), acc: 52.000% (45.293%)
May-19 17:26:21.383 - [15150/50000] loss: 1.2007 (1.2825), acc: 46.667% (46.542%)
May-19 17:26:23.867 - [15200/50000] loss: 1.2422 (1.2857), acc: 48.000% (46.680%)
May-19 17:26:27.398 - [15250/50000] loss: 1.0132 (1.2812), acc: 64.000% (46.976%)
May-19 17:26:30.867 - [15300/50000] loss: 1.3813 (1.2771), acc: 44.000% (47.373%)
May-19 17:26:34.258 - [15350/50000] loss: 1.2761 (1.2731), acc: 46.667% (47.623%)
May-19 17:26:37.739 - [15400/50000] loss: 1.4656 (1.2727), acc: 40.000% (47.583%)
May-19 17:26:41.171 - [15450/50000] loss: 1.1917 (1.2782), acc: 44.000% (47.224%)
May-19 17:26:44.585 - [15500/50000] loss: 1.3964 (1.2795), acc: 40.000% (47.096%)
May-19 17:26:53.373 - [15500] Eval (100 episode) - loss: 1.1534 +- 0.1619, acc: 53.667 +- 9.378%
May-19 17:26:55.573 - [15550/50000] loss: 1.5782 (1.2851), acc: 37.333% (46.907%)
May-19 17:26:57.940 - [15600/50000] loss: 1.4189 (1.2730), acc: 30.667% (46.893%)
May-19 17:27:00.227 - [15650/50000] loss: 1.3605 (1.2607), acc: 49.333% (47.787%)
May-19 17:27:02.732 - [15700/50000] loss: 1.4717 (1.2683), acc: 34.667% (47.687%)
May-19 17:27:06.345 - [15750/50000] loss: 1.2068 (1.2741), acc: 46.667% (47.243%)
May-19 17:27:09.824 - [15800/50000] loss: 1.3754 (1.2719), acc: 50.667% (47.484%)
May-19 17:27:13.241 - [15850/50000] loss: 1.2725 (1.2769), acc: 46.667% (47.181%)
May-19 17:27:16.665 - [15900/50000] loss: 1.4563 (1.2772), acc: 37.333% (47.107%)
May-19 17:27:20.154 - [15950/50000] loss: 1.4366 (1.2759), acc: 37.333% (47.256%)
May-19 17:27:23.647 - [16000/50000] loss: 1.3097 (1.2738), acc: 41.333% (47.363%)
May-19 17:27:32.211 - [16000] Eval (100 episode) - loss: 1.1608 +- 0.1692, acc: 52.973 +- 9.053%
May-19 17:27:34.566 - [16050/50000] loss: 1.0866 (1.2633), acc: 58.667% (48.053%)
May-19 17:27:36.880 - [16100/50000] loss: 1.0473 (1.2690), acc: 56.000% (47.920%)
May-19 17:27:39.166 - [16150/50000] loss: 1.6310 (1.2712), acc: 22.667% (47.742%)
May-19 17:27:41.653 - [16200/50000] loss: 1.2806 (1.2749), acc: 53.333% (47.600%)
May-19 17:27:45.332 - [16250/50000] loss: 1.3203 (1.2758), acc: 44.000% (47.429%)
May-19 17:27:48.814 - [16300/50000] loss: 1.4028 (1.2729), acc: 36.000% (47.778%)
May-19 17:27:52.271 - [16350/50000] loss: 0.9131 (1.2761), acc: 69.333% (47.562%)
May-19 17:27:55.799 - [16400/50000] loss: 1.1426 (1.2741), acc: 56.000% (47.640%)
May-19 17:27:59.207 - [16450/50000] loss: 1.0446 (1.2744), acc: 52.000% (47.719%)
May-19 17:28:02.739 - [16500/50000] loss: 0.8141 (1.2752), acc: 76.000% (47.661%)
May-19 17:28:11.265 - [16500] Eval (100 episode) - loss: 1.1539 +- 0.1483, acc: 53.200 +- 8.807%
May-19 17:28:13.578 - [16550/50000] loss: 1.0379 (1.2823), acc: 61.333% (46.933%)
May-19 17:28:15.902 - [16600/50000] loss: 1.4710 (1.2901), acc: 32.000% (46.507%)
May-19 17:28:18.222 - [16650/50000] loss: 1.1214 (1.2769), acc: 58.667% (47.156%)
May-19 17:28:20.819 - [16700/50000] loss: 1.5027 (1.2641), acc: 34.667% (47.547%)
May-19 17:28:24.279 - [16750/50000] loss: 1.4905 (1.2634), acc: 32.000% (47.904%)
May-19 17:28:27.690 - [16800/50000] loss: 1.2503 (1.2666), acc: 44.000% (47.569%)
May-19 17:28:31.172 - [16850/50000] loss: 1.2262 (1.2663), acc: 48.000% (47.768%)
May-19 17:28:34.596 - [16900/50000] loss: 0.9721 (1.2661), acc: 68.000% (47.743%)
May-19 17:28:38.040 - [16950/50000] loss: 1.2961 (1.2689), acc: 52.000% (47.520%)
May-19 17:28:41.680 - [17000/50000] loss: 1.3219 (1.2717), acc: 42.667% (47.432%)
May-19 17:28:50.011 - [17000] Eval (100 episode) - loss: 1.1421 +- 0.1416, acc: 53.587 +- 8.690%
May-19 17:28:52.231 - [17050/50000] loss: 1.3673 (1.2438), acc: 33.333% (49.707%)
May-19 17:28:54.630 - [17100/50000] loss: 1.4639 (1.2447), acc: 40.000% (49.720%)
May-19 17:28:56.944 - [17150/50000] loss: 1.4357 (1.2519), acc: 34.667% (48.853%)
May-19 17:28:59.434 - [17200/50000] loss: 1.2448 (1.2625), acc: 42.667% (47.993%)
May-19 17:29:02.955 - [17250/50000] loss: 1.3267 (1.2686), acc: 40.000% (47.627%)
May-19 17:29:06.306 - [17300/50000] loss: 1.0705 (1.2608), acc: 57.333% (48.080%)
May-19 17:29:09.741 - [17350/50000] loss: 1.4265 (1.2583), acc: 40.000% (48.080%)
May-19 17:29:13.215 - [17400/50000] loss: 1.4896 (1.2550), acc: 33.333% (48.207%)
May-19 17:29:16.645 - [17450/50000] loss: 1.2165 (1.2551), acc: 56.000% (48.246%)
May-19 17:29:20.054 - [17500/50000] loss: 1.3405 (1.2557), acc: 44.000% (48.315%)
May-19 17:29:28.663 - [17500] Eval (100 episode) - loss: 1.1363 +- 0.1476, acc: 53.947 +- 8.131%
May-19 17:29:30.919 - [17550/50000] loss: 1.1923 (1.2083), acc: 54.667% (51.227%)
May-19 17:29:33.218 - [17600/50000] loss: 1.3950 (1.2425), acc: 42.667% (49.133%)
May-19 17:29:35.556 - [17650/50000] loss: 1.2307 (1.2453), acc: 48.000% (48.862%)
May-19 17:29:37.976 - [17700/50000] loss: 1.2529 (1.2559), acc: 40.000% (48.240%)
May-19 17:29:41.403 - [17750/50000] loss: 1.0530 (1.2665), acc: 60.000% (47.648%)
May-19 17:29:44.737 - [17800/50000] loss: 1.5439 (1.2710), acc: 36.000% (47.244%)
May-19 17:29:48.129 - [17850/50000] loss: 1.2041 (1.2718), acc: 54.667% (47.147%)
May-19 17:29:51.606 - [17900/50000] loss: 1.5889 (1.2732), acc: 28.000% (47.070%)
May-19 17:29:55.065 - [17950/50000] loss: 1.3406 (1.2722), acc: 40.000% (47.093%)
May-19 17:29:58.564 - [18000/50000] loss: 1.2878 (1.2692), acc: 40.000% (47.304%)
May-19 17:30:07.045 - [18000] Eval (100 episode) - loss: 1.1409 +- 0.1519, acc: 54.040 +- 8.351%
May-19 17:30:09.244 - [18050/50000] loss: 1.2458 (1.2772), acc: 41.333% (46.987%)
May-19 17:30:11.518 - [18100/50000] loss: 1.1791 (1.2591), acc: 50.667% (47.360%)
May-19 17:30:13.795 - [18150/50000] loss: 1.4034 (1.2571), acc: 37.333% (47.902%)
May-19 17:30:16.215 - [18200/50000] loss: 1.3970 (1.2622), acc: 37.333% (47.920%)
May-19 17:30:19.743 - [18250/50000] loss: 1.3536 (1.2691), acc: 40.000% (47.387%)
May-19 17:30:23.298 - [18300/50000] loss: 0.9553 (1.2660), acc: 54.667% (47.476%)
May-19 17:30:26.768 - [18350/50000] loss: 1.3978 (1.2703), acc: 40.000% (47.120%)
May-19 17:30:30.331 - [18400/50000] loss: 1.5512 (1.2694), acc: 38.667% (47.293%)
May-19 17:30:33.853 - [18450/50000] loss: 1.3694 (1.2660), acc: 36.000% (47.514%)
May-19 17:30:37.221 - [18500/50000] loss: 1.2409 (1.2657), acc: 44.000% (47.571%)
May-19 17:30:45.746 - [18500] Eval (100 episode) - loss: 1.1276 +- 0.1416, acc: 54.347 +- 7.875%
May-19 17:30:45.746 - * Best accuracy so far *

May-19 17:30:47.962 - [18550/50000] loss: 1.4505 (1.2453), acc: 33.333% (47.947%)
May-19 17:30:50.245 - [18600/50000] loss: 1.1510 (1.2417), acc: 49.333% (48.800%)
May-19 17:30:52.572 - [18650/50000] loss: 1.4690 (1.2403), acc: 40.000% (48.996%)
May-19 17:30:55.070 - [18700/50000] loss: 1.4457 (1.2379), acc: 41.333% (49.087%)
May-19 17:30:58.522 - [18750/50000] loss: 1.5569 (1.2323), acc: 41.333% (49.360%)
May-19 17:31:01.880 - [18800/50000] loss: 1.3692 (1.2372), acc: 34.667% (49.093%)
May-19 17:31:05.310 - [18850/50000] loss: 1.6774 (1.2417), acc: 34.667% (49.010%)
May-19 17:31:08.882 - [18900/50000] loss: 1.4274 (1.2417), acc: 34.667% (49.013%)
May-19 17:31:12.303 - [18950/50000] loss: 1.2658 (1.2422), acc: 42.667% (48.957%)
May-19 17:31:15.826 - [19000/50000] loss: 1.3483 (1.2423), acc: 48.000% (48.933%)
May-19 17:31:24.415 - [19000] Eval (100 episode) - loss: 1.1482 +- 0.1566, acc: 52.787 +- 9.897%
May-19 17:31:26.625 - [19050/50000] loss: 1.4658 (1.2601), acc: 36.000% (46.747%)
May-19 17:31:28.995 - [19100/50000] loss: 1.3199 (1.2695), acc: 41.333% (46.973%)
May-19 17:31:31.276 - [19150/50000] loss: 1.3857 (1.2688), acc: 44.000% (47.227%)
May-19 17:31:33.721 - [19200/50000] loss: 1.2598 (1.2522), acc: 44.000% (48.340%)
May-19 17:31:37.465 - [19250/50000] loss: 1.3911 (1.2465), acc: 34.667% (48.645%)
May-19 17:31:40.781 - [19300/50000] loss: 1.2088 (1.2450), acc: 54.667% (48.631%)
May-19 17:31:44.131 - [19350/50000] loss: 1.2515 (1.2517), acc: 44.000% (48.309%)
May-19 17:31:47.744 - [19400/50000] loss: 1.4796 (1.2546), acc: 34.667% (47.987%)
May-19 17:31:51.325 - [19450/50000] loss: 1.0025 (1.2573), acc: 56.000% (47.896%)
May-19 17:31:54.699 - [19500/50000] loss: 1.4408 (1.2595), acc: 34.667% (47.803%)
May-19 17:32:03.330 - [19500] Eval (100 episode) - loss: 1.1398 +- 0.1555, acc: 53.533 +- 9.206%
May-19 17:32:05.583 - [19550/50000] loss: 1.2606 (1.2494), acc: 52.000% (48.453%)
May-19 17:32:07.656 - [19600/50000] loss: 1.3369 (1.2374), acc: 45.333% (48.880%)
May-19 17:32:09.801 - [19650/50000] loss: 1.3106 (1.2502), acc: 44.000% (48.089%)
May-19 17:32:12.226 - [19700/50000] loss: 1.3115 (1.2557), acc: 42.667% (48.033%)
May-19 17:32:15.450 - [19750/50000] loss: 1.3012 (1.2494), acc: 42.667% (48.229%)
May-19 17:32:18.639 - [19800/50000] loss: 1.0358 (1.2570), acc: 58.667% (48.031%)
May-19 17:32:22.013 - [19850/50000] loss: 1.1892 (1.2641), acc: 50.667% (47.718%)
May-19 17:32:25.249 - [19900/50000] loss: 1.0268 (1.2582), acc: 60.000% (47.987%)
May-19 17:32:28.423 - [19950/50000] loss: 1.1611 (1.2563), acc: 53.333% (48.098%)
May-19 17:32:31.632 - [20000/50000] loss: 1.2375 (1.2555), acc: 40.000% (48.072%)
May-19 17:32:39.091 - [20000] Eval (100 episode) - loss: 1.1435 +- 0.1588, acc: 52.480 +- 9.821%
May-19 17:32:41.193 - [20050/50000] loss: 1.2055 (1.2497), acc: 44.000% (49.520%)
May-19 17:32:43.288 - [20100/50000] loss: 1.1729 (1.2751), acc: 50.667% (48.000%)
May-19 17:32:45.370 - [20150/50000] loss: 1.3955 (1.2788), acc: 37.333% (47.769%)
May-19 17:32:47.874 - [20200/50000] loss: 1.3755 (1.2695), acc: 44.000% (48.113%)
May-19 17:32:51.135 - [20250/50000] loss: 1.2562 (1.2718), acc: 50.667% (48.000%)
May-19 17:32:54.378 - [20300/50000] loss: 1.3600 (1.2716), acc: 37.333% (47.969%)
May-19 17:32:57.594 - [20350/50000] loss: 1.3133 (1.2626), acc: 42.667% (48.370%)
May-19 17:33:00.957 - [20400/50000] loss: 1.2866 (1.2640), acc: 42.667% (48.310%)
May-19 17:33:04.138 - [20450/50000] loss: 1.2939 (1.2649), acc: 42.667% (48.267%)
May-19 17:33:07.439 - [20500/50000] loss: 1.0604 (1.2652), acc: 58.667% (48.123%)
May-19 17:33:15.068 - [20500] Eval (100 episode) - loss: 1.1349 +- 0.1644, acc: 53.880 +- 9.426%
May-19 17:33:17.123 - [20550/50000] loss: 1.0548 (1.2554), acc: 61.333% (48.853%)
May-19 17:33:19.277 - [20600/50000] loss: 1.3402 (1.2563), acc: 48.000% (48.920%)
May-19 17:33:21.380 - [20650/50000] loss: 1.2303 (1.2486), acc: 44.000% (49.431%)
May-19 17:33:23.861 - [20700/50000] loss: 1.4683 (1.2595), acc: 45.333% (49.113%)
May-19 17:33:27.056 - [20750/50000] loss: 1.2464 (1.2702), acc: 50.667% (48.245%)
May-19 17:33:30.346 - [20800/50000] loss: 1.0987 (1.2646), acc: 50.667% (48.471%)
May-19 17:33:33.524 - [20850/50000] loss: 1.2377 (1.2613), acc: 45.333% (48.610%)
May-19 17:33:36.885 - [20900/50000] loss: 1.2942 (1.2552), acc: 44.000% (48.743%)
May-19 17:33:40.141 - [20950/50000] loss: 1.3684 (1.2565), acc: 40.000% (48.693%)
May-19 17:33:43.594 - [21000/50000] loss: 1.0355 (1.2571), acc: 56.000% (48.531%)
May-19 17:33:51.129 - [21000] Eval (100 episode) - loss: 1.1336 +- 0.1543, acc: 53.747 +- 8.445%
May-19 17:33:53.216 - [21050/50000] loss: 1.0835 (1.2843), acc: 56.000% (46.613%)
May-19 17:33:55.279 - [21100/50000] loss: 1.2823 (1.2660), acc: 52.000% (47.520%)
May-19 17:33:57.352 - [21150/50000] loss: 1.5569 (1.2623), acc: 30.667% (47.476%)
May-19 17:33:59.905 - [21200/50000] loss: 1.1965 (1.2547), acc: 56.000% (48.080%)
May-19 17:34:03.109 - [21250/50000] loss: 1.5951 (1.2576), acc: 37.333% (48.149%)
May-19 17:34:06.340 - [21300/50000] loss: 1.3233 (1.2616), acc: 50.667% (47.987%)
May-19 17:34:09.514 - [21350/50000] loss: 1.3885 (1.2584), acc: 36.000% (48.152%)
May-19 17:34:12.876 - [21400/50000] loss: 1.0727 (1.2644), acc: 60.000% (47.823%)
May-19 17:34:16.072 - [21450/50000] loss: 1.3254 (1.2600), acc: 50.667% (48.056%)
May-19 17:34:19.328 - [21500/50000] loss: 1.0218 (1.2597), acc: 65.333% (48.267%)
May-19 17:34:27.045 - [21500] Eval (100 episode) - loss: 1.1339 +- 0.1497, acc: 54.093 +- 8.931%
May-19 17:34:29.096 - [21550/50000] loss: 1.4523 (1.2882), acc: 34.667% (45.627%)
May-19 17:34:31.182 - [21600/50000] loss: 1.1499 (1.2741), acc: 52.000% (46.867%)
May-19 17:34:33.258 - [21650/50000] loss: 1.4218 (1.2700), acc: 38.667% (47.200%)
May-19 17:34:35.695 - [21700/50000] loss: 1.2846 (1.2750), acc: 42.667% (47.167%)
May-19 17:34:38.861 - [21750/50000] loss: 1.1188 (1.2762), acc: 65.333% (47.435%)
May-19 17:34:42.161 - [21800/50000] loss: 0.9421 (1.2657), acc: 65.333% (47.724%)
May-19 17:34:45.406 - [21850/50000] loss: 1.3329 (1.2626), acc: 48.000% (47.886%)
May-19 17:34:48.662 - [21900/50000] loss: 1.2480 (1.2668), acc: 56.000% (47.703%)
May-19 17:34:51.899 - [21950/50000] loss: 1.2447 (1.2639), acc: 48.000% (47.822%)
May-19 17:34:55.197 - [22000/50000] loss: 1.0642 (1.2596), acc: 53.333% (47.989%)
May-19 17:35:02.791 - [22000] Eval (100 episode) - loss: 1.1591 +- 0.1648, acc: 52.507 +- 9.268%
May-19 17:35:04.902 - [22050/50000] loss: 1.3395 (1.2568), acc: 45.333% (48.107%)
May-19 17:35:07.038 - [22100/50000] loss: 1.1918 (1.2535), acc: 49.333% (48.587%)
May-19 17:35:09.087 - [22150/50000] loss: 1.2291 (1.2481), acc: 56.000% (49.244%)
May-19 17:35:11.460 - [22200/50000] loss: 1.1737 (1.2498), acc: 50.667% (48.773%)
May-19 17:35:14.718 - [22250/50000] loss: 1.4781 (1.2525), acc: 33.333% (48.731%)
May-19 17:35:18.015 - [22300/50000] loss: 0.9965 (1.2493), acc: 61.333% (48.876%)
May-19 17:35:21.223 - [22350/50000] loss: 1.3913 (1.2486), acc: 40.000% (48.857%)
May-19 17:35:24.474 - [22400/50000] loss: 1.2356 (1.2526), acc: 53.333% (48.597%)
May-19 17:35:27.787 - [22450/50000] loss: 1.4688 (1.2503), acc: 42.667% (48.693%)
May-19 17:35:31.050 - [22500/50000] loss: 1.0573 (1.2508), acc: 60.000% (48.664%)
May-19 17:35:38.696 - [22500] Eval (100 episode) - loss: 1.1194 +- 0.1752, acc: 55.067 +- 9.737%
May-19 17:35:38.696 - * Best accuracy so far *

May-19 17:35:40.830 - [22550/50000] loss: 1.4748 (1.2507), acc: 40.000% (48.507%)
May-19 17:35:42.956 - [22600/50000] loss: 1.7238 (1.2475), acc: 29.333% (48.520%)
May-19 17:35:45.024 - [22650/50000] loss: 1.1963 (1.2467), acc: 49.333% (48.284%)
May-19 17:35:47.459 - [22700/50000] loss: 1.4285 (1.2554), acc: 36.000% (47.820%)
May-19 17:35:50.812 - [22750/50000] loss: 1.1703 (1.2648), acc: 48.000% (47.376%)
May-19 17:35:53.977 - [22800/50000] loss: 1.2480 (1.2653), acc: 48.000% (47.440%)
May-19 17:35:57.150 - [22850/50000] loss: 1.3467 (1.2616), acc: 45.333% (47.657%)
May-19 17:36:00.395 - [22900/50000] loss: 1.5318 (1.2595), acc: 37.333% (47.783%)
May-19 17:36:03.775 - [22950/50000] loss: 0.9375 (1.2591), acc: 58.667% (47.816%)
May-19 17:36:06.954 - [23000/50000] loss: 1.0943 (1.2559), acc: 62.667% (48.085%)
May-19 17:36:14.647 - [23000] Eval (100 episode) - loss: 1.1431 +- 0.1530, acc: 53.787 +- 8.875%
May-19 17:36:16.711 - [23050/50000] loss: 1.2139 (1.2406), acc: 46.667% (48.987%)
May-19 17:36:18.886 - [23100/50000] loss: 0.8943 (1.2234), acc: 64.000% (50.187%)
May-19 17:36:20.984 - [23150/50000] loss: 1.1032 (1.2177), acc: 54.667% (50.364%)
May-19 17:36:23.474 - [23200/50000] loss: 1.1683 (1.2255), acc: 54.667% (49.920%)
May-19 17:36:26.688 - [23250/50000] loss: 1.3727 (1.2373), acc: 44.000% (49.227%)
May-19 17:36:29.912 - [23300/50000] loss: 1.3615 (1.2445), acc: 41.333% (48.907%)
May-19 17:36:33.160 - [23350/50000] loss: 0.9761 (1.2454), acc: 61.333% (48.857%)
May-19 17:36:36.514 - [23400/50000] loss: 1.1590 (1.2484), acc: 52.000% (48.567%)
May-19 17:36:39.676 - [23450/50000] loss: 1.2044 (1.2480), acc: 54.667% (48.679%)
May-19 17:36:42.925 - [23500/50000] loss: 1.3538 (1.2529), acc: 45.333% (48.469%)
May-19 17:36:50.480 - [23500] Eval (100 episode) - loss: 1.1173 +- 0.1711, acc: 54.573 +- 8.790%
May-19 17:36:52.608 - [23550/50000] loss: 1.4213 (1.2582), acc: 40.000% (48.453%)
May-19 17:36:54.691 - [23600/50000] loss: 1.0875 (1.2634), acc: 60.000% (47.587%)
May-19 17:36:56.870 - [23650/50000] loss: 1.3623 (1.2586), acc: 52.000% (48.142%)
May-19 17:36:59.237 - [23700/50000] loss: 1.1318 (1.2660), acc: 58.667% (47.833%)
May-19 17:37:02.584 - [23750/50000] loss: 1.2130 (1.2590), acc: 49.333% (48.160%)
May-19 17:37:05.812 - [23800/50000] loss: 1.1586 (1.2571), acc: 49.333% (48.191%)
May-19 17:37:09.008 - [23850/50000] loss: 1.3758 (1.2605), acc: 37.333% (47.939%)
May-19 17:37:12.237 - [23900/50000] loss: 1.3089 (1.2576), acc: 44.000% (47.987%)
May-19 17:37:15.448 - [23950/50000] loss: 1.4043 (1.2534), acc: 38.667% (48.290%)
May-19 17:37:18.708 - [24000/50000] loss: 1.1631 (1.2533), acc: 45.333% (48.205%)
May-19 17:37:26.248 - [24000] Eval (100 episode) - loss: 1.1087 +- 0.1705, acc: 55.160 +- 8.924%
May-19 17:37:26.249 - * Best accuracy so far *

May-19 17:37:28.344 - [24050/50000] loss: 1.6083 (1.2666), acc: 38.667% (47.813%)
May-19 17:37:30.430 - [24100/50000] loss: 1.0555 (1.2655), acc: 57.333% (47.707%)
May-19 17:37:32.586 - [24150/50000] loss: 1.3203 (1.2554), acc: 44.000% (48.204%)
May-19 17:37:34.961 - [24200/50000] loss: 1.1881 (1.2476), acc: 49.333% (48.507%)
May-19 17:37:38.296 - [24250/50000] loss: 1.1134 (1.2517), acc: 57.333% (48.213%)
May-19 17:37:41.600 - [24300/50000] loss: 1.1416 (1.2492), acc: 53.333% (48.596%)
May-19 17:37:44.834 - [24350/50000] loss: 1.1136 (1.2438), acc: 58.667% (48.830%)
May-19 17:37:48.133 - [24400/50000] loss: 1.3680 (1.2414), acc: 42.667% (48.963%)
May-19 17:37:51.382 - [24450/50000] loss: 1.2986 (1.2466), acc: 38.667% (48.693%)
May-19 17:37:54.692 - [24500/50000] loss: 1.1234 (1.2490), acc: 60.000% (48.603%)
May-19 17:38:02.310 - [24500] Eval (100 episode) - loss: 1.1088 +- 0.1653, acc: 55.573 +- 8.936%
May-19 17:38:02.310 - * Best accuracy so far *

May-19 17:38:04.553 - [24550/50000] loss: 1.2475 (1.2414), acc: 52.000% (49.013%)
May-19 17:38:06.638 - [24600/50000] loss: 1.5382 (1.2387), acc: 30.667% (48.733%)
May-19 17:38:08.729 - [24650/50000] loss: 1.2299 (1.2432), acc: 58.667% (48.844%)
May-19 17:38:11.141 - [24700/50000] loss: 1.2028 (1.2418), acc: 45.333% (48.967%)
May-19 17:38:14.382 - [24750/50000] loss: 1.1320 (1.2379), acc: 57.333% (49.221%)
May-19 17:38:17.633 - [24800/50000] loss: 1.0477 (1.2447), acc: 62.667% (48.916%)
May-19 17:38:20.905 - [24850/50000] loss: 1.2246 (1.2480), acc: 48.000% (48.846%)
May-19 17:38:24.121 - [24900/50000] loss: 1.0101 (1.2453), acc: 60.000% (48.963%)
May-19 17:38:27.328 - [24950/50000] loss: 1.1330 (1.2511), acc: 56.000% (48.619%)
May-19 17:38:30.554 - [25000/50000] loss: 1.1527 (1.2510), acc: 53.333% (48.595%)
May-19 17:38:38.245 - [25000] Eval (100 episode) - loss: 1.1231 +- 0.1700, acc: 53.853 +- 8.375%
May-19 17:38:40.376 - [25050/50000] loss: 1.2640 (1.2367), acc: 42.667% (48.693%)
May-19 17:38:42.508 - [25100/50000] loss: 1.2441 (1.2473), acc: 52.000% (48.773%)
May-19 17:38:44.572 - [25150/50000] loss: 1.5914 (1.2588), acc: 29.333% (48.471%)
May-19 17:38:47.030 - [25200/50000] loss: 1.3854 (1.2536), acc: 44.000% (48.327%)
May-19 17:38:50.254 - [25250/50000] loss: 1.0721 (1.2547), acc: 54.667% (48.288%)
May-19 17:38:53.429 - [25300/50000] loss: 1.2550 (1.2543), acc: 53.333% (48.338%)
May-19 17:38:56.682 - [25350/50000] loss: 1.2660 (1.2455), acc: 49.333% (48.773%)
May-19 17:38:59.888 - [25400/50000] loss: 1.2282 (1.2411), acc: 54.667% (49.067%)
May-19 17:39:03.226 - [25450/50000] loss: 1.0551 (1.2401), acc: 61.333% (48.990%)
May-19 17:39:06.372 - [25500/50000] loss: 1.2850 (1.2431), acc: 52.000% (48.723%)
May-19 17:39:13.964 - [25500] Eval (100 episode) - loss: 1.1400 +- 0.1711, acc: 52.347 +- 9.972%
May-19 17:39:16.115 - [25550/50000] loss: 1.2245 (1.2294), acc: 49.333% (49.307%)
May-19 17:39:18.235 - [25600/50000] loss: 1.5000 (1.2398), acc: 30.667% (48.787%)
May-19 17:39:20.341 - [25650/50000] loss: 1.0103 (1.2391), acc: 64.000% (49.111%)
May-19 17:39:22.736 - [25700/50000] loss: 1.2174 (1.2459), acc: 49.333% (48.867%)
May-19 17:39:25.980 - [25750/50000] loss: 1.3394 (1.2503), acc: 44.000% (48.549%)
May-19 17:39:29.246 - [25800/50000] loss: 1.1996 (1.2511), acc: 46.667% (48.502%)
May-19 17:39:32.637 - [25850/50000] loss: 1.2315 (1.2518), acc: 48.000% (48.423%)
May-19 17:39:36.104 - [25900/50000] loss: 1.2416 (1.2531), acc: 52.000% (48.450%)
May-19 17:39:39.389 - [25950/50000] loss: 1.5574 (1.2552), acc: 44.000% (48.308%)
May-19 17:39:42.706 - [26000/50000] loss: 1.3739 (1.2596), acc: 46.667% (48.136%)
May-19 17:39:50.333 - [26000] Eval (100 episode) - loss: 1.1519 +- 0.1644, acc: 52.413 +- 9.156%
May-19 17:39:52.419 - [26050/50000] loss: 1.5386 (1.2888), acc: 26.667% (46.080%)
May-19 17:39:54.588 - [26100/50000] loss: 1.3808 (1.2640), acc: 41.333% (47.067%)
May-19 17:39:56.688 - [26150/50000] loss: 1.3683 (1.2586), acc: 42.667% (47.653%)
May-19 17:39:59.131 - [26200/50000] loss: 1.1001 (1.2533), acc: 58.667% (47.473%)
May-19 17:40:02.372 - [26250/50000] loss: 1.1258 (1.2520), acc: 54.667% (47.941%)
May-19 17:40:05.721 - [26300/50000] loss: 1.1171 (1.2584), acc: 52.000% (47.600%)
May-19 17:40:08.894 - [26350/50000] loss: 1.1680 (1.2614), acc: 53.333% (47.520%)
May-19 17:40:12.183 - [26400/50000] loss: 1.1949 (1.2607), acc: 50.667% (47.697%)
May-19 17:40:15.462 - [26450/50000] loss: 1.1753 (1.2600), acc: 56.000% (47.719%)
May-19 17:40:18.660 - [26500/50000] loss: 1.4923 (1.2592), acc: 28.000% (47.827%)
May-19 17:40:26.186 - [26500] Eval (100 episode) - loss: 1.1504 +- 0.1687, acc: 52.987 +- 9.480%
May-19 17:40:28.290 - [26550/50000] loss: 1.2358 (1.2450), acc: 49.333% (49.067%)
May-19 17:40:30.331 - [26600/50000] loss: 1.4621 (1.2337), acc: 38.667% (49.760%)
May-19 17:40:32.434 - [26650/50000] loss: 1.3383 (1.2534), acc: 45.333% (48.524%)
May-19 17:40:34.810 - [26700/50000] loss: 1.1752 (1.2469), acc: 52.000% (48.933%)
May-19 17:40:38.082 - [26750/50000] loss: 1.2217 (1.2547), acc: 52.000% (48.560%)
May-19 17:40:41.507 - [26800/50000] loss: 1.3170 (1.2611), acc: 41.333% (48.147%)
May-19 17:40:44.784 - [26850/50000] loss: 1.3571 (1.2629), acc: 36.000% (48.126%)
May-19 17:40:48.153 - [26900/50000] loss: 1.4460 (1.2698), acc: 32.000% (47.643%)
May-19 17:40:51.501 - [26950/50000] loss: 1.4776 (1.2730), acc: 40.000% (47.434%)
May-19 17:40:54.779 - [27000/50000] loss: 1.0784 (1.2709), acc: 62.667% (47.579%)
May-19 17:41:02.358 - [27000] Eval (100 episode) - loss: 1.1600 +- 0.1748, acc: 52.973 +- 9.371%
May-19 17:41:04.449 - [27050/50000] loss: 1.2751 (1.3079), acc: 52.000% (45.947%)
May-19 17:41:06.523 - [27100/50000] loss: 1.0076 (1.2754), acc: 58.667% (47.613%)
May-19 17:41:08.683 - [27150/50000] loss: 1.0740 (1.2686), acc: 61.333% (47.920%)
May-19 17:41:11.240 - [27200/50000] loss: 1.1147 (1.2709), acc: 53.333% (47.813%)
May-19 17:41:14.599 - [27250/50000] loss: 1.5231 (1.2679), acc: 34.667% (47.941%)
May-19 17:41:18.112 - [27300/50000] loss: 1.2669 (1.2641), acc: 44.000% (47.951%)
May-19 17:41:21.637 - [27350/50000] loss: 1.0273 (1.2626), acc: 66.667% (47.973%)
May-19 17:41:25.301 - [27400/50000] loss: 1.6432 (1.2678), acc: 32.000% (47.703%)
May-19 17:41:28.753 - [27450/50000] loss: 1.6364 (1.2726), acc: 28.000% (47.387%)
May-19 17:41:32.244 - [27500/50000] loss: 1.4115 (1.2704), acc: 38.667% (47.523%)
May-19 17:41:40.949 - [27500] Eval (100 episode) - loss: 1.0988 +- 0.1796, acc: 56.000 +- 10.010%
May-19 17:41:40.950 - * Best accuracy so far *

May-19 17:41:43.280 - [27550/50000] loss: 1.2952 (1.2759), acc: 46.667% (48.080%)
May-19 17:41:45.508 - [27600/50000] loss: 1.4053 (1.2869), acc: 38.667% (47.040%)
May-19 17:41:47.625 - [27650/50000] loss: 1.1441 (1.2812), acc: 53.333% (47.253%)
May-19 17:41:50.149 - [27700/50000] loss: 1.3820 (1.2727), acc: 46.667% (47.473%)
May-19 17:41:53.548 - [27750/50000] loss: 1.5738 (1.2699), acc: 33.333% (47.568%)
May-19 17:41:57.002 - [27800/50000] loss: 1.1405 (1.2649), acc: 57.333% (47.827%)
May-19 17:42:00.584 - [27850/50000] loss: 1.0990 (1.2664), acc: 61.333% (47.672%)
May-19 17:42:04.002 - [27900/50000] loss: 1.0506 (1.2676), acc: 62.667% (47.643%)
May-19 17:42:07.532 - [27950/50000] loss: 1.2133 (1.2688), acc: 48.000% (47.476%)
May-19 17:42:11.055 - [28000/50000] loss: 0.9576 (1.2647), acc: 58.667% (47.723%)
May-19 17:42:19.516 - [28000] Eval (100 episode) - loss: 1.1326 +- 0.1642, acc: 54.080 +- 9.089%
May-19 17:42:21.764 - [28050/50000] loss: 1.1601 (1.2991), acc: 49.333% (45.467%)
May-19 17:42:23.975 - [28100/50000] loss: 1.3736 (1.2637), acc: 44.000% (47.093%)
May-19 17:42:26.215 - [28150/50000] loss: 1.4604 (1.2515), acc: 33.333% (48.267%)
May-19 17:42:28.606 - [28200/50000] loss: 1.2269 (1.2492), acc: 50.667% (48.487%)
May-19 17:42:31.978 - [28250/50000] loss: 1.0903 (1.2532), acc: 60.000% (48.448%)
May-19 17:42:35.442 - [28300/50000] loss: 1.2942 (1.2533), acc: 50.667% (48.418%)
May-19 17:42:38.888 - [28350/50000] loss: 1.5381 (1.2549), acc: 32.000% (48.366%)
May-19 17:42:42.460 - [28400/50000] loss: 1.1780 (1.2541), acc: 57.333% (48.397%)
May-19 17:42:45.971 - [28450/50000] loss: 1.2673 (1.2505), acc: 48.000% (48.495%)
May-19 17:42:49.455 - [28500/50000] loss: 1.2292 (1.2529), acc: 45.333% (48.445%)
May-19 17:42:58.050 - [28500] Eval (100 episode) - loss: 1.1285 +- 0.1493, acc: 54.733 +- 8.625%
May-19 17:43:00.291 - [28550/50000] loss: 1.3585 (1.2542), acc: 41.333% (48.693%)
May-19 17:43:02.630 - [28600/50000] loss: 0.9339 (1.2653), acc: 65.333% (47.613%)
May-19 17:43:04.872 - [28650/50000] loss: 1.2666 (1.2617), acc: 54.667% (47.733%)
May-19 17:43:07.385 - [28700/50000] loss: 1.1193 (1.2613), acc: 52.000% (47.787%)
May-19 17:43:10.895 - [28750/50000] loss: 1.3050 (1.2666), acc: 48.000% (47.451%)
May-19 17:43:14.318 - [28800/50000] loss: 1.2626 (1.2628), acc: 46.667% (47.716%)
May-19 17:43:17.837 - [28850/50000] loss: 1.5694 (1.2628), acc: 30.667% (47.916%)
May-19 17:43:21.282 - [28900/50000] loss: 1.3847 (1.2639), acc: 40.000% (47.813%)
May-19 17:43:24.763 - [28950/50000] loss: 1.1393 (1.2607), acc: 46.667% (47.884%)
May-19 17:43:28.315 - [29000/50000] loss: 1.1924 (1.2617), acc: 46.667% (47.779%)
May-19 17:43:36.937 - [29000] Eval (100 episode) - loss: 1.1237 +- 0.1648, acc: 54.427 +- 9.169%
May-19 17:43:39.155 - [29050/50000] loss: 1.1914 (1.2610), acc: 45.333% (48.133%)
May-19 17:43:41.357 - [29100/50000] loss: 1.4500 (1.2742), acc: 33.333% (46.653%)
May-19 17:43:43.545 - [29150/50000] loss: 1.0761 (1.2641), acc: 57.333% (47.431%)
May-19 17:43:46.136 - [29200/50000] loss: 1.3711 (1.2498), acc: 41.333% (48.440%)
May-19 17:43:49.500 - [29250/50000] loss: 1.3279 (1.2446), acc: 48.000% (48.629%)
May-19 17:43:52.948 - [29300/50000] loss: 1.1992 (1.2499), acc: 54.667% (48.444%)
May-19 17:43:56.498 - [29350/50000] loss: 1.1744 (1.2483), acc: 53.333% (48.602%)
May-19 17:43:59.965 - [29400/50000] loss: 1.0124 (1.2434), acc: 61.333% (48.827%)
May-19 17:44:03.453 - [29450/50000] loss: 1.1866 (1.2416), acc: 52.000% (48.975%)
May-19 17:44:06.925 - [29500/50000] loss: 1.3308 (1.2421), acc: 38.667% (48.955%)
May-19 17:44:15.650 - [29500] Eval (100 episode) - loss: 1.1251 +- 0.1621, acc: 55.867 +- 8.885%
May-19 17:44:17.860 - [29550/50000] loss: 1.2257 (1.2661), acc: 48.000% (47.307%)
May-19 17:44:20.069 - [29600/50000] loss: 1.4471 (1.2812), acc: 33.333% (46.520%)
May-19 17:44:22.448 - [29650/50000] loss: 1.6438 (1.2788), acc: 32.000% (46.587%)
May-19 17:44:24.870 - [29700/50000] loss: 1.2652 (1.2719), acc: 46.667% (47.160%)
May-19 17:44:28.210 - [29750/50000] loss: 1.4858 (1.2669), acc: 37.333% (47.435%)
May-19 17:44:31.713 - [29800/50000] loss: 1.1045 (1.2631), acc: 56.000% (47.724%)
May-19 17:44:35.213 - [29850/50000] loss: 1.4097 (1.2662), acc: 36.000% (47.630%)
May-19 17:44:38.577 - [29900/50000] loss: 1.3389 (1.2674), acc: 45.333% (47.637%)
May-19 17:44:41.958 - [29950/50000] loss: 1.3441 (1.2672), acc: 41.333% (47.695%)
May-19 17:44:45.522 - [30000/50000] loss: 1.0635 (1.2643), acc: 56.000% (47.821%)
May-19 17:44:54.105 - [30000] Eval (100 episode) - loss: 1.1613 +- 0.1697, acc: 52.253 +- 9.441%
May-19 17:44:56.410 - [30050/50000] loss: 1.1934 (1.2232), acc: 58.667% (49.653%)
May-19 17:44:58.604 - [30100/50000] loss: 1.3057 (1.2236), acc: 46.667% (49.867%)
May-19 17:45:00.875 - [30150/50000] loss: 1.1417 (1.2184), acc: 61.333% (50.000%)
May-19 17:45:03.421 - [30200/50000] loss: 0.9646 (1.2238), acc: 57.333% (49.580%)
May-19 17:45:06.979 - [30250/50000] loss: 1.5809 (1.2384), acc: 25.333% (49.067%)
May-19 17:45:10.453 - [30300/50000] loss: 1.3752 (1.2433), acc: 44.000% (48.889%)
May-19 17:45:13.835 - [30350/50000] loss: 1.2778 (1.2454), acc: 44.000% (48.830%)
May-19 17:45:17.287 - [30400/50000] loss: 1.0510 (1.2488), acc: 61.333% (48.533%)
May-19 17:45:20.734 - [30450/50000] loss: 1.1978 (1.2527), acc: 46.667% (48.335%)
May-19 17:45:24.277 - [30500/50000] loss: 1.7076 (1.2586), acc: 30.667% (48.131%)
May-19 17:45:32.855 - [30500] Eval (100 episode) - loss: 1.1316 +- 0.1887, acc: 53.187 +- 10.248%
May-19 17:45:35.147 - [30550/50000] loss: 1.3059 (1.2733), acc: 44.000% (48.507%)
May-19 17:45:37.396 - [30600/50000] loss: 1.2740 (1.2690), acc: 50.667% (48.147%)
May-19 17:45:39.694 - [30650/50000] loss: 1.4343 (1.2744), acc: 37.333% (47.698%)
May-19 17:45:42.248 - [30700/50000] loss: 1.0987 (1.2738), acc: 58.667% (47.580%)
May-19 17:45:45.728 - [30750/50000] loss: 1.3444 (1.2765), acc: 45.333% (47.408%)
May-19 17:45:49.153 - [30800/50000] loss: 1.4158 (1.2745), acc: 40.000% (47.382%)
May-19 17:45:52.510 - [30850/50000] loss: 1.2568 (1.2755), acc: 45.333% (47.520%)
May-19 17:45:56.048 - [30900/50000] loss: 1.4189 (1.2774), acc: 44.000% (47.510%)
May-19 17:45:59.589 - [30950/50000] loss: 1.3926 (1.2761), acc: 32.000% (47.481%)
May-19 17:46:03.134 - [31000/50000] loss: 1.0422 (1.2765), acc: 61.333% (47.515%)
May-19 17:46:11.786 - [31000] Eval (100 episode) - loss: 1.1552 +- 0.1634, acc: 52.667 +- 9.140%
May-19 17:46:14.150 - [31050/50000] loss: 1.2586 (1.2548), acc: 49.333% (47.867%)
May-19 17:46:16.431 - [31100/50000] loss: 1.0198 (1.2415), acc: 53.333% (49.120%)
May-19 17:46:18.708 - [31150/50000] loss: 1.3298 (1.2509), acc: 42.667% (48.240%)
May-19 17:46:21.078 - [31200/50000] loss: 1.3623 (1.2551), acc: 33.333% (47.980%)
May-19 17:46:24.439 - [31250/50000] loss: 1.0699 (1.2467), acc: 52.000% (48.427%)
May-19 17:46:27.810 - [31300/50000] loss: 1.2574 (1.2521), acc: 40.000% (48.178%)
May-19 17:46:31.323 - [31350/50000] loss: 1.4528 (1.2535), acc: 44.000% (48.050%)
May-19 17:46:34.768 - [31400/50000] loss: 1.2150 (1.2537), acc: 54.667% (48.123%)
May-19 17:46:38.163 - [31450/50000] loss: 1.3882 (1.2556), acc: 44.000% (48.053%)
May-19 17:46:41.564 - [31500/50000] loss: 1.0018 (1.2547), acc: 60.000% (48.117%)
May-19 17:46:50.199 - [31500] Eval (100 episode) - loss: 1.1332 +- 0.1953, acc: 53.827 +- 10.490%
May-19 17:46:52.551 - [31550/50000] loss: 1.5552 (1.2546), acc: 41.333% (47.413%)
May-19 17:46:54.853 - [31600/50000] loss: 1.1259 (1.2764), acc: 54.667% (46.453%)
May-19 17:46:57.120 - [31650/50000] loss: 1.4738 (1.2714), acc: 45.333% (47.129%)
May-19 17:46:59.525 - [31700/50000] loss: 1.4058 (1.2627), acc: 49.333% (47.667%)
May-19 17:47:02.970 - [31750/50000] loss: 1.1187 (1.2662), acc: 54.667% (47.376%)
May-19 17:47:06.462 - [31800/50000] loss: 1.3416 (1.2689), acc: 44.000% (47.173%)
May-19 17:47:10.049 - [31850/50000] loss: 1.0979 (1.2651), acc: 60.000% (47.432%)
May-19 17:47:13.512 - [31900/50000] loss: 0.9908 (1.2683), acc: 60.000% (47.377%)
May-19 17:47:16.939 - [31950/50000] loss: 1.2008 (1.2654), acc: 50.667% (47.502%)
May-19 17:47:20.520 - [32000/50000] loss: 1.4588 (1.2654), acc: 42.667% (47.603%)
May-19 17:47:29.282 - [32000] Eval (100 episode) - loss: 1.1081 +- 0.1617, acc: 54.893 +- 8.861%
May-19 17:47:31.637 - [32050/50000] loss: 1.1617 (1.2603), acc: 52.000% (48.347%)
May-19 17:47:33.988 - [32100/50000] loss: 1.2471 (1.2458), acc: 48.000% (48.707%)
May-19 17:47:36.161 - [32150/50000] loss: 1.2323 (1.2385), acc: 50.667% (49.324%)
May-19 17:47:38.614 - [32200/50000] loss: 1.1735 (1.2372), acc: 61.333% (49.260%)
May-19 17:47:42.061 - [32250/50000] loss: 1.1917 (1.2425), acc: 48.000% (48.912%)
May-19 17:47:45.463 - [32300/50000] loss: 1.1012 (1.2445), acc: 48.000% (48.756%)
May-19 17:47:48.965 - [32350/50000] loss: 1.1882 (1.2476), acc: 49.333% (48.480%)
May-19 17:47:52.444 - [32400/50000] loss: 1.5204 (1.2495), acc: 29.333% (48.510%)
May-19 17:47:55.919 - [32450/50000] loss: 1.1914 (1.2483), acc: 50.667% (48.619%)
May-19 17:47:59.412 - [32500/50000] loss: 1.2188 (1.2532), acc: 50.667% (48.360%)
May-19 17:48:08.256 - [32500] Eval (100 episode) - loss: 1.1648 +- 0.1807, acc: 52.853 +- 10.234%
May-19 17:48:10.569 - [32550/50000] loss: 1.6875 (1.2652), acc: 28.000% (47.333%)
May-19 17:48:12.831 - [32600/50000] loss: 1.6179 (1.2696), acc: 32.000% (47.200%)
May-19 17:48:15.025 - [32650/50000] loss: 1.6504 (1.2695), acc: 20.000% (46.942%)
May-19 17:48:17.421 - [32700/50000] loss: 1.5279 (1.2629), acc: 37.333% (47.353%)
May-19 17:48:20.797 - [32750/50000] loss: 1.2276 (1.2693), acc: 44.000% (47.072%)
May-19 17:48:24.288 - [32800/50000] loss: 1.4157 (1.2638), acc: 40.000% (47.533%)
May-19 17:48:27.782 - [32850/50000] loss: 1.0563 (1.2604), acc: 50.667% (47.623%)
May-19 17:48:31.359 - [32900/50000] loss: 1.1701 (1.2603), acc: 49.333% (47.727%)
May-19 17:48:34.902 - [32950/50000] loss: 1.2400 (1.2614), acc: 53.333% (47.633%)
May-19 17:48:38.296 - [33000/50000] loss: 1.2641 (1.2626), acc: 46.667% (47.611%)
May-19 17:48:47.417 - [33000] Eval (100 episode) - loss: 1.1315 +- 0.1686, acc: 54.267 +- 8.072%
May-19 17:48:49.683 - [33050/50000] loss: 0.9540 (1.2854), acc: 65.333% (46.187%)
May-19 17:48:51.888 - [33100/50000] loss: 1.2956 (1.2775), acc: 45.333% (46.813%)
May-19 17:48:54.064 - [33150/50000] loss: 1.1601 (1.2736), acc: 52.000% (47.040%)
May-19 17:48:56.416 - [33200/50000] loss: 1.4315 (1.2719), acc: 33.333% (47.340%)
May-19 17:48:59.826 - [33250/50000] loss: 1.3556 (1.2742), acc: 50.667% (47.291%)
May-19 17:49:03.500 - [33300/50000] loss: 1.0927 (1.2690), acc: 52.000% (47.391%)
May-19 17:49:07.101 - [33350/50000] loss: 1.2725 (1.2686), acc: 42.667% (47.368%)
May-19 17:49:10.604 - [33400/50000] loss: 1.3705 (1.2707), acc: 44.000% (47.317%)
May-19 17:49:14.107 - [33450/50000] loss: 1.1203 (1.2693), acc: 58.667% (47.354%)
May-19 17:49:17.688 - [33500/50000] loss: 1.1342 (1.2629), acc: 54.667% (47.747%)
May-19 17:49:26.478 - [33500] Eval (100 episode) - loss: 1.1131 +- 0.1476, acc: 54.187 +- 7.896%
May-19 17:49:28.640 - [33550/50000] loss: 1.0758 (1.2098), acc: 61.333% (49.707%)
May-19 17:49:30.830 - [33600/50000] loss: 1.1654 (1.2171), acc: 58.667% (49.573%)
May-19 17:49:33.035 - [33650/50000] loss: 1.3389 (1.2236), acc: 48.000% (49.591%)
May-19 17:49:35.505 - [33700/50000] loss: 0.9646 (1.2364), acc: 58.667% (49.300%)
May-19 17:49:39.057 - [33750/50000] loss: 1.4496 (1.2379), acc: 33.333% (49.099%)
May-19 17:49:42.548 - [33800/50000] loss: 1.0913 (1.2394), acc: 54.667% (48.947%)
May-19 17:49:46.002 - [33850/50000] loss: 1.2003 (1.2390), acc: 49.333% (49.013%)
May-19 17:49:49.586 - [33900/50000] loss: 1.3354 (1.2414), acc: 41.333% (48.923%)
May-19 17:49:53.220 - [33950/50000] loss: 1.6113 (1.2470), acc: 29.333% (48.655%)
May-19 17:49:56.812 - [34000/50000] loss: 1.2165 (1.2420), acc: 52.000% (48.856%)
May-19 17:50:05.484 - [34000] Eval (100 episode) - loss: 1.1099 +- 0.1591, acc: 55.093 +- 9.015%
May-19 17:50:07.750 - [34050/50000] loss: 1.0155 (1.2581), acc: 62.667% (47.893%)
May-19 17:50:09.923 - [34100/50000] loss: 1.2780 (1.2860), acc: 44.000% (46.813%)
May-19 17:50:12.103 - [34150/50000] loss: 0.8672 (1.2727), acc: 68.000% (47.271%)
May-19 17:50:14.592 - [34200/50000] loss: 1.1550 (1.2738), acc: 53.333% (47.113%)
May-19 17:50:18.101 - [34250/50000] loss: 1.1341 (1.2754), acc: 53.333% (47.104%)
May-19 17:50:21.674 - [34300/50000] loss: 1.5194 (1.2768), acc: 33.333% (47.116%)
May-19 17:50:25.153 - [34350/50000] loss: 1.5057 (1.2723), acc: 28.000% (47.295%)
May-19 17:50:28.747 - [34400/50000] loss: 0.9948 (1.2702), acc: 57.333% (47.300%)
May-19 17:50:32.252 - [34450/50000] loss: 1.4865 (1.2663), acc: 38.667% (47.434%)
May-19 17:50:35.977 - [34500/50000] loss: 1.4375 (1.2677), acc: 37.333% (47.429%)
May-19 17:50:44.475 - [34500] Eval (100 episode) - loss: 1.1326 +- 0.1555, acc: 54.093 +- 9.313%
May-19 17:50:46.701 - [34550/50000] loss: 1.3460 (1.2712), acc: 46.667% (47.733%)
May-19 17:50:48.900 - [34600/50000] loss: 1.2514 (1.2652), acc: 42.667% (48.027%)
May-19 17:50:51.106 - [34650/50000] loss: 0.9324 (1.2697), acc: 70.667% (47.884%)
May-19 17:50:53.463 - [34700/50000] loss: 1.2322 (1.2659), acc: 46.667% (47.927%)
May-19 17:50:57.010 - [34750/50000] loss: 1.1619 (1.2702), acc: 56.000% (47.824%)
May-19 17:51:00.452 - [34800/50000] loss: 1.3097 (1.2661), acc: 44.000% (48.000%)
May-19 17:51:03.914 - [34850/50000] loss: 1.2179 (1.2715), acc: 44.000% (47.661%)
May-19 17:51:07.546 - [34900/50000] loss: 1.0390 (1.2649), acc: 57.333% (47.893%)
May-19 17:51:11.178 - [34950/50000] loss: 1.1623 (1.2624), acc: 49.333% (48.003%)
May-19 17:51:14.745 - [35000/50000] loss: 1.1814 (1.2633), acc: 50.667% (47.933%)
May-19 17:51:23.040 - [35000] Eval (100 episode) - loss: 1.1336 +- 0.1558, acc: 54.000 +- 8.347%
May-19 17:51:25.254 - [35050/50000] loss: 1.4212 (1.2780), acc: 49.333% (46.347%)
May-19 17:51:27.443 - [35100/50000] loss: 1.5458 (1.2964), acc: 30.667% (45.493%)
May-19 17:51:29.622 - [35150/50000] loss: 1.2723 (1.2991), acc: 44.000% (45.467%)
May-19 17:51:32.014 - [35200/50000] loss: 1.3611 (1.2959), acc: 41.333% (45.667%)
May-19 17:51:35.511 - [35250/50000] loss: 1.3397 (1.2958), acc: 45.333% (45.808%)
May-19 17:51:38.972 - [35300/50000] loss: 1.2019 (1.2973), acc: 44.000% (45.853%)
May-19 17:51:42.431 - [35350/50000] loss: 1.5495 (1.2963), acc: 34.667% (46.072%)
May-19 17:51:46.213 - [35400/50000] loss: 1.1896 (1.2903), acc: 44.000% (46.327%)
May-19 17:51:49.971 - [35450/50000] loss: 1.2478 (1.2879), acc: 46.667% (46.450%)
May-19 17:51:53.549 - [35500/50000] loss: 1.2678 (1.2854), acc: 45.333% (46.579%)
May-19 17:52:02.107 - [35500] Eval (100 episode) - loss: 1.1373 +- 0.1545, acc: 53.160 +- 9.719%
May-19 17:52:04.343 - [35550/50000] loss: 1.3038 (1.3083), acc: 46.667% (45.653%)
May-19 17:52:06.552 - [35600/50000] loss: 1.2454 (1.2715), acc: 61.333% (48.200%)
May-19 17:52:08.739 - [35650/50000] loss: 1.0968 (1.2600), acc: 57.333% (48.622%)
May-19 17:52:11.131 - [35700/50000] loss: 0.9941 (1.2675), acc: 66.667% (48.120%)
May-19 17:52:14.598 - [35750/50000] loss: 1.5715 (1.2700), acc: 33.333% (47.936%)
May-19 17:52:18.029 - [35800/50000] loss: 1.1641 (1.2652), acc: 61.333% (47.964%)
May-19 17:52:21.668 - [35850/50000] loss: 1.0480 (1.2645), acc: 58.667% (48.011%)
May-19 17:52:25.375 - [35900/50000] loss: 1.1360 (1.2679), acc: 49.333% (47.827%)
May-19 17:52:28.903 - [35950/50000] loss: 1.3182 (1.2671), acc: 44.000% (47.870%)
May-19 17:52:32.359 - [36000/50000] loss: 1.3215 (1.2657), acc: 57.333% (47.928%)
May-19 17:52:40.748 - [36000] Eval (100 episode) - loss: 1.1475 +- 0.1530, acc: 53.040 +- 8.147%
May-19 17:52:42.954 - [36050/50000] loss: 1.5012 (1.3025), acc: 44.000% (46.773%)
May-19 17:52:45.160 - [36100/50000] loss: 1.3788 (1.2614), acc: 41.333% (47.733%)
May-19 17:52:47.366 - [36150/50000] loss: 1.4660 (1.2551), acc: 36.000% (48.044%)
May-19 17:52:49.796 - [36200/50000] loss: 1.2025 (1.2590), acc: 53.333% (48.007%)
May-19 17:52:53.224 - [36250/50000] loss: 1.2766 (1.2624), acc: 50.667% (47.968%)
May-19 17:52:56.778 - [36300/50000] loss: 1.3837 (1.2632), acc: 41.333% (47.893%)
May-19 17:53:00.407 - [36350/50000] loss: 1.3701 (1.2604), acc: 44.000% (48.053%)
May-19 17:53:04.155 - [36400/50000] loss: 1.3324 (1.2563), acc: 42.667% (48.183%)
May-19 17:53:07.599 - [36450/50000] loss: 1.4971 (1.2631), acc: 38.667% (47.870%)
May-19 17:53:11.141 - [36500/50000] loss: 1.1321 (1.2622), acc: 53.333% (47.883%)
May-19 17:53:19.808 - [36500] Eval (100 episode) - loss: 1.1332 +- 0.1531, acc: 54.067 +- 8.969%
May-19 17:53:22.025 - [36550/50000] loss: 1.3794 (1.2480), acc: 41.333% (47.973%)
May-19 17:53:24.254 - [36600/50000] loss: 1.5831 (1.2517), acc: 34.667% (48.133%)
May-19 17:53:26.479 - [36650/50000] loss: 1.0123 (1.2444), acc: 56.000% (48.498%)
May-19 17:53:28.888 - [36700/50000] loss: 0.9065 (1.2479), acc: 61.333% (48.267%)
May-19 17:53:32.555 - [36750/50000] loss: 1.4749 (1.2514), acc: 37.333% (48.144%)
May-19 17:53:36.265 - [36800/50000] loss: 1.1129 (1.2588), acc: 52.000% (47.707%)
May-19 17:53:39.794 - [36850/50000] loss: 1.2296 (1.2603), acc: 56.000% (47.634%)
May-19 17:53:43.194 - [36900/50000] loss: 1.4174 (1.2634), acc: 45.333% (47.523%)
May-19 17:53:46.569 - [36950/50000] loss: 1.4333 (1.2612), acc: 46.667% (47.668%)
May-19 17:53:50.022 - [37000/50000] loss: 1.3938 (1.2594), acc: 44.000% (47.717%)
May-19 17:53:58.466 - [37000] Eval (100 episode) - loss: 1.1334 +- 0.1762, acc: 54.120 +- 9.550%
May-19 17:54:00.744 - [37050/50000] loss: 1.1753 (1.2446), acc: 56.000% (48.560%)
May-19 17:54:02.945 - [37100/50000] loss: 1.0895 (1.2514), acc: 52.000% (47.787%)
May-19 17:54:05.180 - [37150/50000] loss: 1.2358 (1.2602), acc: 45.333% (47.307%)
May-19 17:54:07.667 - [37200/50000] loss: 1.2552 (1.2642), acc: 53.333% (47.447%)
May-19 17:54:11.243 - [37250/50000] loss: 1.5141 (1.2680), acc: 33.333% (47.227%)
May-19 17:54:14.877 - [37300/50000] loss: 1.1836 (1.2694), acc: 54.667% (47.191%)
May-19 17:54:18.329 - [37350/50000] loss: 1.2734 (1.2644), acc: 45.333% (47.448%)
May-19 17:54:21.729 - [37400/50000] loss: 1.4722 (1.2657), acc: 40.000% (47.330%)
May-19 17:54:25.196 - [37450/50000] loss: 1.2556 (1.2671), acc: 52.000% (47.230%)
May-19 17:54:28.731 - [37500/50000] loss: 1.2420 (1.2680), acc: 41.333% (47.205%)
May-19 17:54:37.410 - [37500] Eval (100 episode) - loss: 1.1417 +- 0.1577, acc: 53.560 +- 7.971%
May-19 17:54:39.593 - [37550/50000] loss: 0.9535 (1.2292), acc: 73.333% (50.320%)
May-19 17:54:41.772 - [37600/50000] loss: 1.4989 (1.2777), acc: 36.000% (47.587%)
May-19 17:54:44.026 - [37650/50000] loss: 1.4255 (1.2806), acc: 36.000% (47.778%)
May-19 17:54:46.635 - [37700/50000] loss: 1.3685 (1.2740), acc: 38.667% (47.513%)
May-19 17:54:50.251 - [37750/50000] loss: 1.1053 (1.2711), acc: 57.333% (47.627%)
May-19 17:54:53.875 - [37800/50000] loss: 1.2645 (1.2714), acc: 48.000% (47.609%)
May-19 17:54:57.231 - [37850/50000] loss: 1.3392 (1.2696), acc: 50.667% (47.676%)
May-19 17:55:00.609 - [37900/50000] loss: 1.0845 (1.2683), acc: 53.333% (47.813%)
May-19 17:55:04.011 - [37950/50000] loss: 1.2605 (1.2683), acc: 45.333% (47.724%)
May-19 17:55:07.447 - [38000/50000] loss: 1.1930 (1.2693), acc: 46.667% (47.523%)
May-19 17:55:15.979 - [38000] Eval (100 episode) - loss: 1.1315 +- 0.1584, acc: 53.840 +- 9.827%
May-19 17:55:18.196 - [38050/50000] loss: 1.1757 (1.2663), acc: 53.333% (47.333%)
May-19 17:55:20.464 - [38100/50000] loss: 1.1421 (1.2605), acc: 58.667% (47.373%)
May-19 17:55:22.763 - [38150/50000] loss: 1.4500 (1.2597), acc: 42.667% (47.484%)
May-19 17:55:25.118 - [38200/50000] loss: 1.0298 (1.2669), acc: 57.333% (47.133%)
May-19 17:55:28.786 - [38250/50000] loss: 1.1254 (1.2721), acc: 57.333% (46.757%)
May-19 17:55:32.297 - [38300/50000] loss: 1.4044 (1.2765), acc: 42.667% (46.560%)
May-19 17:55:35.829 - [38350/50000] loss: 1.0339 (1.2789), acc: 56.000% (46.411%)
May-19 17:55:39.290 - [38400/50000] loss: 1.3816 (1.2829), acc: 44.000% (46.267%)
May-19 17:55:42.744 - [38450/50000] loss: 1.4262 (1.2853), acc: 38.667% (46.341%)
May-19 17:55:46.159 - [38500/50000] loss: 1.3373 (1.2835), acc: 34.667% (46.237%)
May-19 17:55:54.785 - [38500] Eval (100 episode) - loss: 1.1515 +- 0.1800, acc: 53.093 +- 9.975%
May-19 17:55:57.027 - [38550/50000] loss: 1.5311 (1.2600), acc: 33.333% (48.027%)
May-19 17:55:59.333 - [38600/50000] loss: 1.3675 (1.2494), acc: 42.667% (48.720%)
May-19 17:56:01.619 - [38650/50000] loss: 1.0570 (1.2601), acc: 61.333% (48.453%)
May-19 17:56:04.112 - [38700/50000] loss: 1.0372 (1.2527), acc: 58.667% (48.907%)
May-19 17:56:07.532 - [38750/50000] loss: 1.3514 (1.2596), acc: 45.333% (48.341%)
May-19 17:56:10.918 - [38800/50000] loss: 1.3515 (1.2607), acc: 41.333% (47.951%)
May-19 17:56:14.352 - [38850/50000] loss: 1.2097 (1.2579), acc: 57.333% (48.213%)
May-19 17:56:17.740 - [38900/50000] loss: 1.3860 (1.2577), acc: 45.333% (48.190%)
May-19 17:56:21.245 - [38950/50000] loss: 0.9340 (1.2532), acc: 69.333% (48.379%)
May-19 17:56:24.832 - [39000/50000] loss: 1.1917 (1.2512), acc: 44.000% (48.464%)
May-19 17:56:33.333 - [39000] Eval (100 episode) - loss: 1.1527 +- 0.1538, acc: 52.667 +- 8.480%
May-19 17:56:35.635 - [39050/50000] loss: 1.3222 (1.2608), acc: 41.333% (47.440%)
May-19 17:56:37.899 - [39100/50000] loss: 1.0433 (1.2627), acc: 60.000% (48.013%)
May-19 17:56:40.281 - [39150/50000] loss: 1.2250 (1.2531), acc: 50.667% (48.373%)
May-19 17:56:42.725 - [39200/50000] loss: 1.3710 (1.2599), acc: 41.333% (48.033%)
May-19 17:56:46.326 - [39250/50000] loss: 1.3488 (1.2630), acc: 42.667% (48.027%)
May-19 17:56:49.720 - [39300/50000] loss: 1.3764 (1.2693), acc: 45.333% (47.591%)
May-19 17:56:53.265 - [39350/50000] loss: 1.1989 (1.2636), acc: 46.667% (47.699%)
May-19 17:56:56.794 - [39400/50000] loss: 1.4582 (1.2663), acc: 37.333% (47.607%)
May-19 17:57:00.223 - [39450/50000] loss: 1.2011 (1.2653), acc: 45.333% (47.627%)
May-19 17:57:03.662 - [39500/50000] loss: 1.3906 (1.2691), acc: 36.000% (47.403%)
May-19 17:57:12.484 - [39500] Eval (100 episode) - loss: 1.1628 +- 0.1637, acc: 52.587 +- 9.687%
May-19 17:57:14.778 - [39550/50000] loss: 1.1390 (1.2607), acc: 58.667% (47.600%)
May-19 17:57:17.187 - [39600/50000] loss: 1.5825 (1.2536), acc: 32.000% (47.893%)
May-19 17:57:19.421 - [39650/50000] loss: 1.4406 (1.2663), acc: 36.000% (47.467%)
May-19 17:57:21.749 - [39700/50000] loss: 1.3704 (1.2685), acc: 40.000% (47.407%)
May-19 17:57:25.113 - [39750/50000] loss: 1.1747 (1.2675), acc: 42.667% (47.504%)
May-19 17:57:28.570 - [39800/50000] loss: 1.1154 (1.2678), acc: 62.667% (47.520%)
May-19 17:57:32.081 - [39850/50000] loss: 1.4751 (1.2662), acc: 37.333% (47.676%)
May-19 17:57:35.576 - [39900/50000] loss: 1.1645 (1.2669), acc: 50.667% (47.543%)
May-19 17:57:39.138 - [39950/50000] loss: 0.8048 (1.2687), acc: 68.000% (47.393%)
May-19 17:57:42.724 - [40000/50000] loss: 1.4180 (1.2713), acc: 37.333% (47.392%)
May-19 17:57:51.563 - [40000] Eval (100 episode) - loss: 1.1819 +- 0.1416, acc: 51.173 +- 7.533%
May-19 17:57:54.130 - [40050/50000] loss: 1.2866 (1.3069), acc: 42.667% (45.680%)
May-19 17:57:56.373 - [40100/50000] loss: 0.9765 (1.2872), acc: 64.000% (46.627%)
May-19 17:57:58.541 - [40150/50000] loss: 1.1123 (1.2798), acc: 52.000% (47.076%)
May-19 17:58:00.945 - [40200/50000] loss: 1.2168 (1.2774), acc: 46.667% (47.200%)
May-19 17:58:04.460 - [40250/50000] loss: 1.2881 (1.2751), acc: 46.667% (47.248%)
May-19 17:58:07.923 - [40300/50000] loss: 1.0489 (1.2770), acc: 65.333% (47.071%)
May-19 17:58:11.391 - [40350/50000] loss: 1.1018 (1.2740), acc: 60.000% (47.177%)
May-19 17:58:14.934 - [40400/50000] loss: 0.9848 (1.2724), acc: 64.000% (47.287%)
May-19 17:58:18.503 - [40450/50000] loss: 1.3104 (1.2704), acc: 40.000% (47.473%)
May-19 17:58:22.058 - [40500/50000] loss: 1.1802 (1.2681), acc: 56.000% (47.451%)
May-19 17:58:31.101 - [40500] Eval (100 episode) - loss: 1.1683 +- 0.1646, acc: 51.747 +- 8.396%
May-19 17:58:33.304 - [40550/50000] loss: 0.9582 (1.2655), acc: 62.667% (47.653%)
May-19 17:58:35.462 - [40600/50000] loss: 1.6419 (1.2651), acc: 28.000% (48.133%)
May-19 17:58:37.623 - [40650/50000] loss: 1.2692 (1.2660), acc: 50.667% (47.911%)
May-19 17:58:40.133 - [40700/50000] loss: 1.3391 (1.2584), acc: 41.333% (48.200%)
May-19 17:58:43.612 - [40750/50000] loss: 1.1226 (1.2564), acc: 57.333% (48.229%)
May-19 17:58:47.198 - [40800/50000] loss: 0.9639 (1.2640), acc: 58.667% (47.707%)
May-19 17:58:50.757 - [40850/50000] loss: 1.2507 (1.2635), acc: 53.333% (47.741%)
May-19 17:58:54.138 - [40900/50000] loss: 1.3654 (1.2703), acc: 44.000% (47.513%)
May-19 17:58:57.603 - [40950/50000] loss: 1.5011 (1.2684), acc: 28.000% (47.490%)
May-19 17:59:01.324 - [41000/50000] loss: 0.9585 (1.2663), acc: 61.333% (47.685%)
May-19 17:59:10.403 - [41000] Eval (100 episode) - loss: 1.1358 +- 0.1614, acc: 53.107 +- 8.623%
May-19 17:59:12.550 - [41050/50000] loss: 1.2778 (1.3055), acc: 40.000% (45.440%)
May-19 17:59:14.710 - [41100/50000] loss: 1.3602 (1.2844), acc: 34.667% (46.667%)
May-19 17:59:16.955 - [41150/50000] loss: 1.1861 (1.2724), acc: 50.667% (47.324%)
May-19 17:59:19.390 - [41200/50000] loss: 1.4108 (1.2653), acc: 40.000% (47.613%)
May-19 17:59:22.771 - [41250/50000] loss: 1.5242 (1.2693), acc: 32.000% (47.435%)
May-19 17:59:26.353 - [41300/50000] loss: 1.1843 (1.2676), acc: 57.333% (47.716%)
May-19 17:59:29.801 - [41350/50000] loss: 1.2595 (1.2669), acc: 41.333% (47.714%)
May-19 17:59:33.422 - [41400/50000] loss: 1.4978 (1.2712), acc: 40.000% (47.460%)
May-19 17:59:36.894 - [41450/50000] loss: 1.2120 (1.2722), acc: 53.333% (47.502%)
May-19 17:59:40.481 - [41500/50000] loss: 1.0793 (1.2740), acc: 48.000% (47.341%)
May-19 17:59:49.250 - [41500] Eval (100 episode) - loss: 1.1736 +- 0.1730, acc: 51.987 +- 8.891%
May-19 17:59:51.506 - [41550/50000] loss: 1.1479 (1.2679), acc: 62.667% (47.360%)
May-19 17:59:53.700 - [41600/50000] loss: 0.8200 (1.2725), acc: 68.000% (47.120%)
May-19 17:59:55.923 - [41650/50000] loss: 1.1759 (1.2661), acc: 53.333% (47.529%)
May-19 17:59:58.397 - [41700/50000] loss: 1.2965 (1.2732), acc: 53.333% (47.427%)
May-19 18:00:01.872 - [41750/50000] loss: 1.0153 (1.2669), acc: 64.000% (47.525%)
May-19 18:00:05.385 - [41800/50000] loss: 0.9118 (1.2682), acc: 72.000% (47.476%)
May-19 18:00:08.821 - [41850/50000] loss: 1.3521 (1.2649), acc: 45.333% (47.718%)
May-19 18:00:12.357 - [41900/50000] loss: 0.9864 (1.2668), acc: 65.333% (47.410%)
May-19 18:00:16.119 - [41950/50000] loss: 1.1096 (1.2670), acc: 54.667% (47.396%)
May-19 18:00:19.952 - [42000/50000] loss: 1.3706 (1.2704), acc: 38.667% (47.251%)
May-19 18:00:28.403 - [42000] Eval (100 episode) - loss: 1.1631 +- 0.1402, acc: 51.920 +- 8.485%
May-19 18:00:30.594 - [42050/50000] loss: 1.1863 (1.2564), acc: 53.333% (48.293%)
May-19 18:00:32.812 - [42100/50000] loss: 1.1995 (1.2667), acc: 48.000% (47.440%)
May-19 18:00:34.993 - [42150/50000] loss: 1.1945 (1.2656), acc: 50.667% (47.360%)
May-19 18:00:37.451 - [42200/50000] loss: 1.3041 (1.2603), acc: 49.333% (47.640%)
May-19 18:00:41.079 - [42250/50000] loss: 1.2616 (1.2588), acc: 56.000% (47.813%)
May-19 18:00:44.547 - [42300/50000] loss: 1.4152 (1.2712), acc: 34.667% (47.164%)
May-19 18:00:48.131 - [42350/50000] loss: 1.1750 (1.2675), acc: 44.000% (47.166%)
May-19 18:00:51.660 - [42400/50000] loss: 1.1024 (1.2679), acc: 57.333% (47.153%)
May-19 18:00:55.304 - [42450/50000] loss: 1.1410 (1.2681), acc: 48.000% (47.188%)
May-19 18:00:58.824 - [42500/50000] loss: 1.0635 (1.2717), acc: 56.000% (47.048%)
May-19 18:01:07.385 - [42500] Eval (100 episode) - loss: 1.1063 +- 0.1428, acc: 55.387 +- 8.153%
May-19 18:01:09.613 - [42550/50000] loss: 1.2651 (1.2503), acc: 56.000% (48.640%)
May-19 18:01:11.889 - [42600/50000] loss: 1.3103 (1.2556), acc: 52.000% (48.653%)
May-19 18:01:14.113 - [42650/50000] loss: 1.2598 (1.2576), acc: 44.000% (48.436%)
May-19 18:01:16.500 - [42700/50000] loss: 1.0901 (1.2713), acc: 62.667% (47.413%)
May-19 18:01:19.999 - [42750/50000] loss: 1.1519 (1.2692), acc: 58.667% (47.509%)
May-19 18:01:23.377 - [42800/50000] loss: 1.1848 (1.2675), acc: 53.333% (47.489%)
May-19 18:01:27.036 - [42850/50000] loss: 1.3254 (1.2711), acc: 44.000% (47.368%)
May-19 18:01:30.632 - [42900/50000] loss: 1.2077 (1.2730), acc: 40.000% (47.217%)
May-19 18:01:34.295 - [42950/50000] loss: 1.3561 (1.2738), acc: 49.333% (47.150%)
May-19 18:01:37.815 - [43000/50000] loss: 1.2886 (1.2714), acc: 49.333% (47.200%)
May-19 18:01:46.383 - [43000] Eval (100 episode) - loss: 1.1535 +- 0.1669, acc: 53.560 +- 9.665%
May-19 18:01:48.597 - [43050/50000] loss: 1.6465 (1.2652), acc: 26.667% (47.013%)
May-19 18:01:50.800 - [43100/50000] loss: 1.0501 (1.2623), acc: 57.333% (47.600%)
May-19 18:01:52.999 - [43150/50000] loss: 1.3357 (1.2715), acc: 36.000% (47.156%)
May-19 18:01:55.331 - [43200/50000] loss: 1.1685 (1.2792), acc: 62.667% (46.833%)
May-19 18:01:58.786 - [43250/50000] loss: 1.0191 (1.2724), acc: 65.333% (47.285%)
May-19 18:02:02.344 - [43300/50000] loss: 0.9971 (1.2721), acc: 65.333% (47.404%)
May-19 18:02:06.020 - [43350/50000] loss: 1.2429 (1.2688), acc: 46.667% (47.581%)
May-19 18:02:09.647 - [43400/50000] loss: 1.3955 (1.2675), acc: 45.333% (47.610%)
May-19 18:02:12.974 - [43450/50000] loss: 1.4280 (1.2715), acc: 41.333% (47.381%)
May-19 18:02:16.329 - [43500/50000] loss: 1.3826 (1.2719), acc: 40.000% (47.293%)
May-19 18:02:24.807 - [43500] Eval (100 episode) - loss: 1.1200 +- 0.1417, acc: 55.507 +- 7.509%
May-19 18:02:27.054 - [43550/50000] loss: 1.1569 (1.2554), acc: 53.333% (47.893%)
May-19 18:02:29.301 - [43600/50000] loss: 1.4431 (1.2547), acc: 41.333% (47.600%)
May-19 18:02:31.500 - [43650/50000] loss: 0.9994 (1.2684), acc: 54.667% (47.022%)
May-19 18:02:33.910 - [43700/50000] loss: 1.4435 (1.2720), acc: 34.667% (46.767%)
May-19 18:02:37.369 - [43750/50000] loss: 1.5527 (1.2731), acc: 32.000% (46.843%)
May-19 18:02:41.024 - [43800/50000] loss: 1.1371 (1.2694), acc: 53.333% (47.049%)
May-19 18:02:44.734 - [43850/50000] loss: 1.5082 (1.2704), acc: 44.000% (47.307%)
May-19 18:02:48.258 - [43900/50000] loss: 1.3515 (1.2676), acc: 40.000% (47.470%)
May-19 18:02:51.662 - [43950/50000] loss: 1.2676 (1.2695), acc: 54.667% (47.476%)
May-19 18:02:55.356 - [44000/50000] loss: 1.4496 (1.2714), acc: 38.667% (47.379%)
May-19 18:03:03.902 - [44000] Eval (100 episode) - loss: 1.1587 +- 0.1656, acc: 53.040 +- 8.430%
May-19 18:03:06.146 - [44050/50000] loss: 1.4030 (1.2650), acc: 41.333% (47.413%)
May-19 18:03:08.351 - [44100/50000] loss: 1.4393 (1.2840), acc: 40.000% (46.427%)
May-19 18:03:10.556 - [44150/50000] loss: 1.2325 (1.2751), acc: 49.333% (47.076%)
May-19 18:03:13.020 - [44200/50000] loss: 1.4185 (1.2866), acc: 36.000% (46.453%)
May-19 18:03:16.600 - [44250/50000] loss: 1.2108 (1.2883), acc: 42.667% (46.469%)
May-19 18:03:20.221 - [44300/50000] loss: 1.3427 (1.2843), acc: 38.667% (46.560%)
May-19 18:03:23.798 - [44350/50000] loss: 1.6457 (1.2871), acc: 28.000% (46.385%)
May-19 18:03:27.290 - [44400/50000] loss: 1.4136 (1.2840), acc: 40.000% (46.587%)
May-19 18:03:30.644 - [44450/50000] loss: 1.2349 (1.2874), acc: 53.333% (46.507%)
May-19 18:03:34.145 - [44500/50000] loss: 1.4420 (1.2871), acc: 30.667% (46.456%)
May-19 18:03:42.773 - [44500] Eval (100 episode) - loss: 1.1652 +- 0.1766, acc: 52.600 +- 9.941%
May-19 18:03:44.995 - [44550/50000] loss: 1.5285 (1.2408), acc: 42.667% (48.187%)
May-19 18:03:47.201 - [44600/50000] loss: 1.4159 (1.2801), acc: 41.333% (46.907%)
May-19 18:03:49.407 - [44650/50000] loss: 1.3706 (1.2953), acc: 41.333% (45.902%)
May-19 18:03:51.871 - [44700/50000] loss: 1.1374 (1.2860), acc: 56.000% (46.193%)
May-19 18:03:55.571 - [44750/50000] loss: 1.5147 (1.2795), acc: 29.333% (46.485%)
May-19 18:03:59.250 - [44800/50000] loss: 1.1103 (1.2773), acc: 58.667% (46.724%)
May-19 18:04:02.776 - [44850/50000] loss: 1.0861 (1.2762), acc: 50.667% (46.739%)
May-19 18:04:06.244 - [44900/50000] loss: 1.1456 (1.2771), acc: 57.333% (46.690%)
May-19 18:04:09.692 - [44950/50000] loss: 1.1145 (1.2762), acc: 56.000% (46.676%)
May-19 18:04:13.178 - [45000/50000] loss: 1.2291 (1.2735), acc: 48.000% (46.845%)
May-19 18:04:21.760 - [45000] Eval (100 episode) - loss: 1.1493 +- 0.1688, acc: 52.787 +- 9.455%
May-19 18:04:23.978 - [45050/50000] loss: 1.2477 (1.2740), acc: 44.000% (47.573%)
May-19 18:04:26.309 - [45100/50000] loss: 1.1477 (1.2720), acc: 52.000% (47.800%)
May-19 18:04:28.595 - [45150/50000] loss: 1.3269 (1.2760), acc: 44.000% (47.236%)
May-19 18:04:31.091 - [45200/50000] loss: 1.3631 (1.2837), acc: 41.333% (46.827%)
May-19 18:04:34.857 - [45250/50000] loss: 1.2100 (1.2818), acc: 58.667% (46.635%)
May-19 18:04:38.410 - [45300/50000] loss: 1.4895 (1.2793), acc: 25.333% (46.720%)
May-19 18:04:41.945 - [45350/50000] loss: 1.0258 (1.2804), acc: 60.000% (46.690%)
May-19 18:04:45.454 - [45400/50000] loss: 1.4024 (1.2892), acc: 40.000% (46.397%)
May-19 18:04:48.879 - [45450/50000] loss: 1.0916 (1.2879), acc: 60.000% (46.510%)
May-19 18:04:52.346 - [45500/50000] loss: 1.3632 (1.2859), acc: 42.667% (46.675%)
May-19 18:05:00.970 - [45500] Eval (100 episode) - loss: 1.1867 +- 0.1536, acc: 52.093 +- 9.050%
May-19 18:05:03.171 - [45550/50000] loss: 1.4725 (1.2919), acc: 38.667% (46.507%)
May-19 18:05:05.405 - [45600/50000] loss: 1.0859 (1.2962), acc: 54.667% (46.173%)
May-19 18:05:07.667 - [45650/50000] loss: 1.4341 (1.2830), acc: 44.000% (46.836%)
May-19 18:05:10.111 - [45700/50000] loss: 1.4973 (1.2800), acc: 40.000% (46.973%)
May-19 18:05:13.735 - [45750/50000] loss: 1.2743 (1.2871), acc: 41.333% (46.432%)
May-19 18:05:17.188 - [45800/50000] loss: 1.3339 (1.2935), acc: 33.333% (46.209%)
May-19 18:05:20.565 - [45850/50000] loss: 1.3152 (1.2981), acc: 46.667% (45.897%)
May-19 18:05:24.006 - [45900/50000] loss: 1.6738 (1.2935), acc: 30.667% (46.157%)
May-19 18:05:27.459 - [45950/50000] loss: 1.1481 (1.2936), acc: 44.000% (46.127%)
May-19 18:05:30.987 - [46000/50000] loss: 1.4848 (1.2980), acc: 30.667% (45.928%)
May-19 18:05:39.692 - [46000] Eval (100 episode) - loss: 1.1858 +- 0.1500, acc: 51.707 +- 8.385%
May-19 18:05:41.959 - [46050/50000] loss: 1.2358 (1.2645), acc: 46.667% (47.627%)
May-19 18:05:44.253 - [46100/50000] loss: 1.3516 (1.2898), acc: 44.000% (46.680%)
May-19 18:05:46.591 - [46150/50000] loss: 1.2710 (1.3019), acc: 40.000% (46.169%)
May-19 18:05:49.004 - [46200/50000] loss: 1.4484 (1.2972), acc: 33.333% (46.093%)
May-19 18:05:52.439 - [46250/50000] loss: 1.3990 (1.3012), acc: 38.667% (45.744%)
May-19 18:05:55.874 - [46300/50000] loss: 1.0556 (1.3041), acc: 54.667% (45.693%)
May-19 18:05:59.264 - [46350/50000] loss: 1.8131 (1.3108), acc: 25.333% (45.493%)
May-19 18:06:02.799 - [46400/50000] loss: 1.3807 (1.3106), acc: 46.667% (45.407%)
May-19 18:06:06.313 - [46450/50000] loss: 1.4100 (1.3119), acc: 40.000% (45.339%)
May-19 18:06:09.832 - [46500/50000] loss: 1.3786 (1.3146), acc: 34.667% (45.168%)
May-19 18:06:18.431 - [46500] Eval (100 episode) - loss: 1.1960 +- 0.1230, acc: 50.787 +- 6.765%
May-19 18:06:20.738 - [46550/50000] loss: 1.4067 (1.3453), acc: 44.000% (43.867%)
May-19 18:06:23.017 - [46600/50000] loss: 1.3251 (1.3156), acc: 41.333% (45.187%)
May-19 18:06:25.317 - [46650/50000] loss: 1.5004 (1.3130), acc: 30.667% (45.476%)
May-19 18:06:27.586 - [46700/50000] loss: 1.3203 (1.3103), acc: 48.000% (45.507%)
May-19 18:06:31.069 - [46750/50000] loss: 1.2367 (1.3108), acc: 45.333% (45.104%)
May-19 18:06:34.677 - [46800/50000] loss: 1.4734 (1.3128), acc: 28.000% (44.987%)
May-19 18:06:38.109 - [46850/50000] loss: 1.3208 (1.3143), acc: 37.333% (44.735%)
May-19 18:06:41.620 - [46900/50000] loss: 1.1191 (1.3167), acc: 58.667% (44.637%)
May-19 18:06:45.194 - [46950/50000] loss: 1.1818 (1.3144), acc: 45.333% (44.670%)
May-19 18:06:48.584 - [47000/50000] loss: 1.0850 (1.3151), acc: 53.333% (44.661%)
May-19 18:06:57.375 - [47000] Eval (100 episode) - loss: 1.2163 +- 0.1441, acc: 51.147 +- 7.767%
May-19 18:06:59.706 - [47050/50000] loss: 1.3267 (1.3188), acc: 44.000% (44.587%)
May-19 18:07:02.087 - [47100/50000] loss: 1.1889 (1.3012), acc: 62.667% (46.080%)
May-19 18:07:04.275 - [47150/50000] loss: 1.4430 (1.3024), acc: 34.667% (45.947%)
May-19 18:07:06.540 - [47200/50000] loss: 1.0930 (1.3011), acc: 61.333% (45.960%)
May-19 18:07:09.943 - [47250/50000] loss: 1.4103 (1.3034), acc: 40.000% (45.915%)
May-19 18:07:13.393 - [47300/50000] loss: 1.2489 (1.3069), acc: 49.333% (45.591%)
May-19 18:07:16.828 - [47350/50000] loss: 1.4020 (1.3073), acc: 36.000% (45.497%)
May-19 18:07:20.331 - [47400/50000] loss: 1.3193 (1.3072), acc: 48.000% (45.313%)
May-19 18:07:23.837 - [47450/50000] loss: 1.3177 (1.3069), acc: 44.000% (45.218%)
May-19 18:07:27.354 - [47500/50000] loss: 1.2312 (1.3063), acc: 48.000% (45.325%)
May-19 18:07:36.449 - [47500] Eval (100 episode) - loss: 1.2180 +- 0.1540, acc: 50.320 +- 9.250%
May-19 18:07:38.818 - [47550/50000] loss: 0.9460 (1.2763), acc: 66.667% (46.667%)
May-19 18:07:40.986 - [47600/50000] loss: 1.0291 (1.2881), acc: 60.000% (46.573%)
May-19 18:07:43.184 - [47650/50000] loss: 1.2814 (1.2870), acc: 48.000% (46.444%)
May-19 18:07:45.509 - [47700/50000] loss: 1.4291 (1.2881), acc: 45.333% (46.433%)
May-19 18:07:48.979 - [47750/50000] loss: 1.2440 (1.2860), acc: 50.667% (46.459%)
May-19 18:07:52.471 - [47800/50000] loss: 1.4229 (1.2855), acc: 42.667% (46.520%)
May-19 18:07:55.963 - [47850/50000] loss: 1.0303 (1.2806), acc: 57.333% (46.651%)
May-19 18:07:59.545 - [47900/50000] loss: 1.3456 (1.2835), acc: 44.000% (46.653%)
May-19 18:08:02.997 - [47950/50000] loss: 1.3243 (1.2840), acc: 49.333% (46.536%)
May-19 18:08:06.559 - [48000/50000] loss: 1.1607 (1.2847), acc: 57.333% (46.485%)
May-19 18:08:15.689 - [48000] Eval (100 episode) - loss: 1.1824 +- 0.1624, acc: 51.600 +- 8.476%
May-19 18:08:17.898 - [48050/50000] loss: 1.2292 (1.2716), acc: 48.000% (47.360%)
May-19 18:08:20.100 - [48100/50000] loss: 1.0819 (1.2619), acc: 61.333% (47.853%)
May-19 18:08:22.250 - [48150/50000] loss: 1.1600 (1.2746), acc: 54.667% (47.271%)
May-19 18:08:24.668 - [48200/50000] loss: 1.2625 (1.2724), acc: 36.000% (47.433%)
May-19 18:08:28.154 - [48250/50000] loss: 1.2115 (1.2700), acc: 46.667% (47.536%)
May-19 18:08:31.646 - [48300/50000] loss: 1.5324 (1.2811), acc: 29.333% (46.862%)
May-19 18:08:35.260 - [48350/50000] loss: 1.1390 (1.2782), acc: 48.000% (46.964%)
May-19 18:08:38.765 - [48400/50000] loss: 1.4915 (1.2830), acc: 36.000% (46.720%)
May-19 18:08:42.218 - [48450/50000] loss: 1.0595 (1.2858), acc: 57.333% (46.566%)
May-19 18:08:45.744 - [48500/50000] loss: 1.4040 (1.2860), acc: 48.000% (46.707%)
May-19 18:08:54.771 - [48500] Eval (100 episode) - loss: 1.1834 +- 0.1630, acc: 52.093 +- 8.588%
May-19 18:08:56.943 - [48550/50000] loss: 1.2905 (1.2595), acc: 48.000% (47.893%)
May-19 18:08:59.114 - [48600/50000] loss: 1.2813 (1.2925), acc: 37.333% (46.400%)
May-19 18:09:01.296 - [48650/50000] loss: 1.1959 (1.2927), acc: 54.667% (46.142%)
May-19 18:09:03.734 - [48700/50000] loss: 1.3006 (1.2925), acc: 44.000% (45.993%)
May-19 18:09:07.309 - [48750/50000] loss: 1.5230 (1.2913), acc: 28.000% (45.973%)
May-19 18:09:10.794 - [48800/50000] loss: 1.5388 (1.2943), acc: 37.333% (45.782%)
May-19 18:09:14.182 - [48850/50000] loss: 1.2735 (1.2898), acc: 49.333% (46.198%)
May-19 18:09:17.804 - [48900/50000] loss: 1.3205 (1.2920), acc: 37.333% (46.067%)
May-19 18:09:21.433 - [48950/50000] loss: 0.9755 (1.2895), acc: 61.333% (46.193%)
May-19 18:09:25.157 - [49000/50000] loss: 1.1018 (1.2909), acc: 57.333% (46.075%)
May-19 18:09:33.978 - [49000] Eval (100 episode) - loss: 1.1614 +- 0.1483, acc: 53.413 +- 8.952%
May-19 18:09:36.246 - [49050/50000] loss: 1.3068 (1.2938), acc: 41.333% (46.053%)
May-19 18:09:38.426 - [49100/50000] loss: 1.3218 (1.3122), acc: 52.000% (44.947%)
May-19 18:09:40.670 - [49150/50000] loss: 1.4512 (1.3096), acc: 42.667% (45.360%)
May-19 18:09:43.298 - [49200/50000] loss: 1.2623 (1.3013), acc: 42.667% (45.800%)
May-19 18:09:46.735 - [49250/50000] loss: 1.4734 (1.2987), acc: 32.000% (45.952%)
May-19 18:09:50.179 - [49300/50000] loss: 1.2866 (1.3028), acc: 50.667% (45.640%)
May-19 18:09:53.637 - [49350/50000] loss: 1.2308 (1.3043), acc: 54.667% (45.684%)
May-19 18:09:57.140 - [49400/50000] loss: 1.0795 (1.3081), acc: 54.667% (45.447%)
May-19 18:10:00.655 - [49450/50000] loss: 1.3425 (1.3080), acc: 45.333% (45.416%)
May-19 18:10:04.415 - [49500/50000] loss: 1.4570 (1.3059), acc: 33.333% (45.445%)
May-19 18:10:12.931 - [49500] Eval (100 episode) - loss: 1.1892 +- 0.1504, acc: 51.720 +- 8.304%
May-19 18:10:15.126 - [49550/50000] loss: 1.0821 (1.3448), acc: 56.000% (43.253%)
May-19 18:10:17.337 - [49600/50000] loss: 1.1837 (1.3168), acc: 53.333% (45.173%)
May-19 18:10:19.563 - [49650/50000] loss: 1.4133 (1.3066), acc: 41.333% (46.116%)
May-19 18:10:22.118 - [49700/50000] loss: 1.3740 (1.3095), acc: 45.333% (45.607%)
May-19 18:10:25.533 - [49750/50000] loss: 1.2140 (1.3076), acc: 46.667% (45.781%)
May-19 18:10:29.049 - [49800/50000] loss: 1.0896 (1.3100), acc: 53.333% (45.582%)
May-19 18:10:32.471 - [49850/50000] loss: 1.2282 (1.3089), acc: 46.667% (45.741%)
May-19 18:10:36.132 - [49900/50000] loss: 1.4967 (1.3025), acc: 41.333% (45.977%)
May-19 18:10:39.749 - [49950/50000] loss: 1.3859 (1.3013), acc: 40.000% (45.994%)
May-19 18:10:43.378 - Done
