Jun-07 12:07:53.651 - Logger at /home/erginbas/LSTM-MetaLearner/logs/log-75-4/console.log
Jun-07 12:07:53.651 - Seed: 75
Jun-07 12:07:55.364 - Start training
Jun-07 12:08:28.691 - [   50/50000] loss: 1.6059 (1.7356), acc: 33.333% (23.922%)
Jun-07 12:08:32.733 - [  100/50000] loss: 1.6875 (1.6886), acc: 24.000% (24.488%)
Jun-07 12:08:35.974 - [  150/50000] loss: 1.6169 (1.6681), acc: 24.000% (24.600%)
Jun-07 12:08:39.161 - [  200/50000] loss: 1.5977 (1.6483), acc: 28.000% (25.161%)
Jun-07 12:08:42.443 - [  250/50000] loss: 1.6024 (1.6336), acc: 28.000% (25.551%)
Jun-07 12:08:46.032 - [  300/50000] loss: 1.6439 (1.6220), acc: 20.000% (26.069%)
Jun-07 12:08:49.386 - [  350/50000] loss: 1.4896 (1.6110), acc: 33.333% (26.591%)
Jun-07 12:08:52.632 - [  400/50000] loss: 1.4338 (1.6032), acc: 37.333% (26.989%)
Jun-07 12:08:55.697 - [  450/50000] loss: 1.5664 (1.5965), acc: 25.333% (27.305%)
Jun-07 12:08:58.800 - [  500/50000] loss: 1.5371 (1.5931), acc: 29.333% (27.393%)
Jun-07 12:09:08.645 - [  500] Eval (100 episode) - loss: 1.5068 +- 0.0736, acc: 32.760 +- 7.634%
Jun-07 12:09:08.645 - * Best accuracy so far *

Jun-07 12:09:10.947 - [  550/50000] loss: 1.4372 (1.5333), acc: 48.000% (31.173%)
Jun-07 12:09:14.018 - [  600/50000] loss: 1.4079 (1.5304), acc: 37.333% (30.960%)
Jun-07 12:09:17.283 - [  650/50000] loss: 1.5141 (1.5275), acc: 42.667% (30.800%)
Jun-07 12:09:20.762 - [  700/50000] loss: 1.6382 (1.5300), acc: 21.333% (30.533%)
Jun-07 12:09:24.357 - [  750/50000] loss: 1.5427 (1.5230), acc: 25.333% (30.816%)
Jun-07 12:09:27.440 - [  800/50000] loss: 1.4823 (1.5195), acc: 33.333% (31.302%)
Jun-07 12:09:30.406 - [  850/50000] loss: 1.3402 (1.5175), acc: 48.000% (31.516%)
Jun-07 12:09:33.411 - [  900/50000] loss: 1.4498 (1.5184), acc: 41.333% (31.563%)
Jun-07 12:09:36.526 - [  950/50000] loss: 1.4755 (1.5204), acc: 25.333% (31.363%)
Jun-07 12:09:39.588 - [ 1000/50000] loss: 1.4837 (1.5198), acc: 33.333% (31.371%)
Jun-07 12:09:45.698 - [ 1000] Eval (100 episode) - loss: 1.4571 +- 0.0870, acc: 37.360 +- 7.020%
Jun-07 12:09:45.698 - * Best accuracy so far *

Jun-07 12:09:47.893 - [ 1050/50000] loss: 1.4067 (1.4855), acc: 34.667% (33.253%)
Jun-07 12:09:50.922 - [ 1100/50000] loss: 1.4506 (1.4939), acc: 40.000% (32.467%)
Jun-07 12:09:53.998 - [ 1150/50000] loss: 1.3254 (1.4923), acc: 49.333% (32.987%)
Jun-07 12:09:56.880 - [ 1200/50000] loss: 1.5449 (1.4954), acc: 29.333% (32.913%)
Jun-07 12:09:59.918 - [ 1250/50000] loss: 1.4024 (1.4938), acc: 29.333% (32.971%)
Jun-07 12:10:02.693 - [ 1300/50000] loss: 1.4462 (1.4935), acc: 34.667% (32.938%)
Jun-07 12:10:05.481 - [ 1350/50000] loss: 1.4784 (1.4942), acc: 30.667% (32.994%)
Jun-07 12:10:08.311 - [ 1400/50000] loss: 1.5541 (1.4940), acc: 25.333% (33.133%)
Jun-07 12:10:11.112 - [ 1450/50000] loss: 1.5408 (1.4944), acc: 36.000% (33.176%)
Jun-07 12:10:13.908 - [ 1500/50000] loss: 1.4977 (1.4937), acc: 30.667% (33.253%)
Jun-07 12:10:19.591 - [ 1500] Eval (100 episode) - loss: 1.4483 +- 0.1002, acc: 36.467 +- 8.687%
Jun-07 12:10:21.470 - [ 1550/50000] loss: 1.5619 (1.4956), acc: 24.000% (32.880%)
Jun-07 12:10:24.282 - [ 1600/50000] loss: 1.4088 (1.5046), acc: 36.000% (32.547%)
Jun-07 12:10:27.062 - [ 1650/50000] loss: 1.5716 (1.4947), acc: 25.333% (33.493%)
Jun-07 12:10:29.843 - [ 1700/50000] loss: 1.4093 (1.4965), acc: 42.667% (33.527%)
Jun-07 12:10:32.612 - [ 1750/50000] loss: 1.3836 (1.4929), acc: 42.667% (33.792%)
Jun-07 12:10:35.372 - [ 1800/50000] loss: 1.4984 (1.4915), acc: 26.667% (33.724%)
Jun-07 12:10:38.149 - [ 1850/50000] loss: 1.3566 (1.4898), acc: 37.333% (33.855%)
Jun-07 12:10:40.937 - [ 1900/50000] loss: 1.4453 (1.4914), acc: 37.333% (33.807%)
Jun-07 12:10:43.848 - [ 1950/50000] loss: 1.4468 (1.4883), acc: 32.000% (33.926%)
Jun-07 12:10:46.719 - [ 2000/50000] loss: 1.6092 (1.4876), acc: 26.667% (33.957%)
Jun-07 12:10:52.645 - [ 2000] Eval (100 episode) - loss: 1.4285 +- 0.0976, acc: 39.680 +- 9.053%
Jun-07 12:10:52.645 - * Best accuracy so far *

Jun-07 12:10:54.469 - [ 2050/50000] loss: 1.4739 (1.5043), acc: 40.000% (32.667%)
Jun-07 12:10:57.160 - [ 2100/50000] loss: 1.4493 (1.4794), acc: 28.000% (34.080%)
Jun-07 12:10:59.943 - [ 2150/50000] loss: 1.4292 (1.4796), acc: 32.000% (34.107%)
Jun-07 12:11:02.811 - [ 2200/50000] loss: 1.4922 (1.4797), acc: 36.000% (34.127%)
Jun-07 12:11:05.616 - [ 2250/50000] loss: 1.3792 (1.4776), acc: 38.667% (34.304%)
Jun-07 12:11:08.461 - [ 2300/50000] loss: 1.5067 (1.4761), acc: 33.333% (34.293%)
Jun-07 12:11:11.314 - [ 2350/50000] loss: 1.5558 (1.4727), acc: 30.667% (34.556%)
Jun-07 12:11:14.178 - [ 2400/50000] loss: 1.6529 (1.4751), acc: 22.667% (34.387%)
Jun-07 12:11:16.985 - [ 2450/50000] loss: 1.4266 (1.4730), acc: 40.000% (34.545%)
Jun-07 12:11:19.795 - [ 2500/50000] loss: 1.3188 (1.4720), acc: 42.667% (34.539%)
Jun-07 12:11:25.905 - [ 2500] Eval (100 episode) - loss: 1.4301 +- 0.1272, acc: 38.480 +- 9.166%
Jun-07 12:11:27.717 - [ 2550/50000] loss: 1.4202 (1.4605), acc: 38.667% (35.760%)
Jun-07 12:11:29.705 - [ 2600/50000] loss: 1.4973 (1.4538), acc: 32.000% (36.573%)
Jun-07 12:11:32.532 - [ 2650/50000] loss: 1.3467 (1.4465), acc: 42.667% (36.871%)
Jun-07 12:11:35.325 - [ 2700/50000] loss: 1.3773 (1.4362), acc: 42.667% (37.413%)
Jun-07 12:11:38.258 - [ 2750/50000] loss: 1.3960 (1.4384), acc: 44.000% (36.928%)
Jun-07 12:11:41.080 - [ 2800/50000] loss: 1.4577 (1.4394), acc: 34.667% (37.080%)
Jun-07 12:11:43.911 - [ 2850/50000] loss: 1.4726 (1.4425), acc: 40.000% (36.739%)
Jun-07 12:11:46.688 - [ 2900/50000] loss: 1.5340 (1.4428), acc: 41.333% (36.677%)
Jun-07 12:11:49.575 - [ 2950/50000] loss: 1.4718 (1.4442), acc: 38.667% (36.622%)
Jun-07 12:11:52.435 - [ 3000/50000] loss: 1.5986 (1.4448), acc: 25.333% (36.549%)
Jun-07 12:11:59.298 - [ 3000] Eval (100 episode) - loss: 1.4240 +- 0.1227, acc: 38.453 +- 8.720%
Jun-07 12:12:01.185 - [ 3050/50000] loss: 1.5864 (1.4377), acc: 25.333% (37.227%)
Jun-07 12:12:02.977 - [ 3100/50000] loss: 1.4914 (1.4311), acc: 30.667% (37.347%)
Jun-07 12:12:04.831 - [ 3150/50000] loss: 1.3002 (1.4265), acc: 42.667% (37.689%)
Jun-07 12:12:07.604 - [ 3200/50000] loss: 1.5908 (1.4271), acc: 22.667% (37.600%)
Jun-07 12:12:10.380 - [ 3250/50000] loss: 1.5201 (1.4232), acc: 36.000% (37.573%)
Jun-07 12:12:13.187 - [ 3300/50000] loss: 1.3831 (1.4253), acc: 33.333% (37.364%)
Jun-07 12:12:15.984 - [ 3350/50000] loss: 1.3001 (1.4239), acc: 36.000% (37.558%)
Jun-07 12:12:18.910 - [ 3400/50000] loss: 1.5235 (1.4254), acc: 22.667% (37.533%)
Jun-07 12:12:21.699 - [ 3450/50000] loss: 1.4490 (1.4258), acc: 30.667% (37.369%)
Jun-07 12:12:24.477 - [ 3500/50000] loss: 1.3816 (1.4238), acc: 40.000% (37.443%)
Jun-07 12:12:31.529 - [ 3500] Eval (100 episode) - loss: 1.4102 +- 0.1268, acc: 40.947 +- 8.368%
Jun-07 12:12:31.529 - * Best accuracy so far *

Jun-07 12:12:33.524 - [ 3550/50000] loss: 1.3399 (1.4505), acc: 46.667% (35.547%)
Jun-07 12:12:35.322 - [ 3600/50000] loss: 1.4882 (1.4352), acc: 41.333% (36.560%)
Jun-07 12:12:37.145 - [ 3650/50000] loss: 1.4157 (1.4277), acc: 40.000% (36.862%)
Jun-07 12:12:39.136 - [ 3700/50000] loss: 1.5296 (1.4214), acc: 37.333% (37.167%)
Jun-07 12:12:41.941 - [ 3750/50000] loss: 1.2295 (1.4216), acc: 54.667% (37.429%)
Jun-07 12:12:44.720 - [ 3800/50000] loss: 1.5162 (1.4198), acc: 29.333% (37.556%)
Jun-07 12:12:47.505 - [ 3850/50000] loss: 1.4850 (1.4193), acc: 33.333% (37.531%)
Jun-07 12:12:50.278 - [ 3900/50000] loss: 1.4200 (1.4174), acc: 32.000% (37.417%)
Jun-07 12:12:53.071 - [ 3950/50000] loss: 1.5046 (1.4209), acc: 26.667% (37.250%)
Jun-07 12:12:55.874 - [ 4000/50000] loss: 1.4606 (1.4197), acc: 36.000% (37.336%)
Jun-07 12:13:02.934 - [ 4000] Eval (100 episode) - loss: 1.3730 +- 0.1398, acc: 41.827 +- 9.373%
Jun-07 12:13:02.934 - * Best accuracy so far *

Jun-07 12:13:04.762 - [ 4050/50000] loss: 1.4055 (1.4364), acc: 36.000% (36.027%)
Jun-07 12:13:06.645 - [ 4100/50000] loss: 1.4517 (1.4263), acc: 41.333% (36.787%)
Jun-07 12:13:08.496 - [ 4150/50000] loss: 1.2443 (1.4251), acc: 42.667% (36.987%)
Jun-07 12:13:10.449 - [ 4200/50000] loss: 1.5032 (1.4265), acc: 32.000% (37.113%)
Jun-07 12:13:13.254 - [ 4250/50000] loss: 1.3567 (1.4215), acc: 44.000% (37.392%)
Jun-07 12:13:16.042 - [ 4300/50000] loss: 1.4718 (1.4234), acc: 37.333% (37.329%)
Jun-07 12:13:18.922 - [ 4350/50000] loss: 1.2258 (1.4236), acc: 46.667% (37.352%)
Jun-07 12:13:21.728 - [ 4400/50000] loss: 1.3483 (1.4200), acc: 42.667% (37.443%)
Jun-07 12:13:24.517 - [ 4450/50000] loss: 1.6362 (1.4172), acc: 29.333% (37.647%)
Jun-07 12:13:27.317 - [ 4500/50000] loss: 1.4944 (1.4124), acc: 37.333% (37.832%)
Jun-07 12:13:34.386 - [ 4500] Eval (100 episode) - loss: 1.3830 +- 0.1367, acc: 41.173 +- 7.841%
Jun-07 12:13:36.212 - [ 4550/50000] loss: 1.3381 (1.4023), acc: 42.667% (38.400%)
Jun-07 12:13:38.006 - [ 4600/50000] loss: 1.4451 (1.4106), acc: 38.667% (36.987%)
Jun-07 12:13:39.893 - [ 4650/50000] loss: 1.3277 (1.4124), acc: 34.667% (37.093%)
Jun-07 12:13:41.920 - [ 4700/50000] loss: 1.4168 (1.4084), acc: 41.333% (37.293%)
Jun-07 12:13:44.695 - [ 4750/50000] loss: 1.2761 (1.4024), acc: 38.667% (37.755%)
Jun-07 12:13:47.513 - [ 4800/50000] loss: 1.1034 (1.4009), acc: 44.000% (37.876%)
Jun-07 12:13:50.294 - [ 4850/50000] loss: 1.2361 (1.4054), acc: 38.667% (37.783%)
Jun-07 12:13:53.077 - [ 4900/50000] loss: 1.3730 (1.4030), acc: 41.333% (37.983%)
Jun-07 12:13:55.847 - [ 4950/50000] loss: 1.3979 (1.3984), acc: 37.333% (38.219%)
Jun-07 12:13:58.626 - [ 5000/50000] loss: 1.3860 (1.3982), acc: 41.333% (38.333%)
Jun-07 12:14:05.649 - [ 5000] Eval (100 episode) - loss: 1.3937 +- 0.1390, acc: 41.587 +- 8.773%
Jun-07 12:14:07.444 - [ 5050/50000] loss: 1.3479 (1.4008), acc: 41.333% (38.427%)
Jun-07 12:14:09.220 - [ 5100/50000] loss: 1.4579 (1.4090), acc: 32.000% (38.227%)
Jun-07 12:14:11.125 - [ 5150/50000] loss: 1.5167 (1.4022), acc: 32.000% (38.489%)
Jun-07 12:14:13.247 - [ 5200/50000] loss: 1.6788 (1.3986), acc: 20.000% (38.780%)
Jun-07 12:14:16.044 - [ 5250/50000] loss: 1.4948 (1.4002), acc: 37.333% (38.773%)
Jun-07 12:14:18.912 - [ 5300/50000] loss: 1.4054 (1.3996), acc: 38.667% (38.800%)
Jun-07 12:14:21.705 - [ 5350/50000] loss: 1.4927 (1.3993), acc: 33.333% (38.838%)
Jun-07 12:14:24.473 - [ 5400/50000] loss: 1.2602 (1.3931), acc: 46.667% (39.067%)
Jun-07 12:14:27.260 - [ 5450/50000] loss: 1.2359 (1.3910), acc: 50.667% (39.173%)
Jun-07 12:14:30.152 - [ 5500/50000] loss: 1.2318 (1.3904), acc: 49.333% (39.328%)
Jun-07 12:14:37.191 - [ 5500] Eval (100 episode) - loss: 1.3592 +- 0.1335, acc: 43.413 +- 8.849%
Jun-07 12:14:37.191 - * Best accuracy so far *

Jun-07 12:14:39.019 - [ 5550/50000] loss: 1.5329 (1.3828), acc: 38.667% (39.653%)
Jun-07 12:14:40.828 - [ 5600/50000] loss: 1.1473 (1.3882), acc: 50.667% (40.000%)
Jun-07 12:14:42.625 - [ 5650/50000] loss: 1.2826 (1.3957), acc: 45.333% (39.378%)
Jun-07 12:14:44.611 - [ 5700/50000] loss: 1.3523 (1.3908), acc: 38.667% (39.600%)
Jun-07 12:14:47.394 - [ 5750/50000] loss: 1.3029 (1.3913), acc: 37.333% (39.467%)
Jun-07 12:14:50.259 - [ 5800/50000] loss: 1.2643 (1.3907), acc: 42.667% (39.529%)
Jun-07 12:14:53.048 - [ 5850/50000] loss: 1.4552 (1.3871), acc: 42.667% (39.684%)
Jun-07 12:14:55.861 - [ 5900/50000] loss: 1.3574 (1.3860), acc: 42.667% (39.627%)
Jun-07 12:14:58.634 - [ 5950/50000] loss: 1.1459 (1.3899), acc: 50.667% (39.345%)
Jun-07 12:15:01.438 - [ 6000/50000] loss: 1.4691 (1.3921), acc: 38.667% (39.176%)
Jun-07 12:15:08.544 - [ 6000] Eval (100 episode) - loss: 1.3687 +- 0.1538, acc: 42.640 +- 9.289%
Jun-07 12:15:10.339 - [ 6050/50000] loss: 1.3904 (1.3902), acc: 41.333% (39.573%)
Jun-07 12:15:12.201 - [ 6100/50000] loss: 1.3423 (1.3794), acc: 38.667% (39.493%)
Jun-07 12:15:14.018 - [ 6150/50000] loss: 1.4024 (1.3789), acc: 41.333% (40.196%)
Jun-07 12:15:16.075 - [ 6200/50000] loss: 1.4734 (1.3797), acc: 37.333% (40.013%)
Jun-07 12:15:18.961 - [ 6250/50000] loss: 1.2974 (1.3834), acc: 41.333% (39.845%)
Jun-07 12:15:21.778 - [ 6300/50000] loss: 1.4303 (1.3819), acc: 38.667% (39.840%)
Jun-07 12:15:24.537 - [ 6350/50000] loss: 1.4227 (1.3805), acc: 33.333% (40.057%)
Jun-07 12:15:27.335 - [ 6400/50000] loss: 1.1593 (1.3798), acc: 49.333% (40.017%)
Jun-07 12:15:30.224 - [ 6450/50000] loss: 1.4369 (1.3809), acc: 38.667% (40.018%)
Jun-07 12:15:33.029 - [ 6500/50000] loss: 1.3485 (1.3813), acc: 45.333% (40.011%)
Jun-07 12:15:41.567 - [ 6500] Eval (100 episode) - loss: 1.3313 +- 0.1429, acc: 44.733 +- 9.989%
Jun-07 12:15:41.568 - * Best accuracy so far *

Jun-07 12:15:43.392 - [ 6550/50000] loss: 1.3577 (1.3782), acc: 41.333% (39.093%)
Jun-07 12:15:45.301 - [ 6600/50000] loss: 1.2670 (1.3704), acc: 44.000% (40.080%)
Jun-07 12:15:47.152 - [ 6650/50000] loss: 1.2758 (1.3725), acc: 34.667% (39.796%)
Jun-07 12:15:49.245 - [ 6700/50000] loss: 1.2575 (1.3721), acc: 44.000% (40.140%)
Jun-07 12:15:52.228 - [ 6750/50000] loss: 1.3907 (1.3687), acc: 36.000% (40.501%)
Jun-07 12:15:55.157 - [ 6800/50000] loss: 1.3966 (1.3715), acc: 37.333% (40.351%)
Jun-07 12:15:58.220 - [ 6850/50000] loss: 1.2186 (1.3710), acc: 50.667% (40.366%)
Jun-07 12:16:00.999 - [ 6900/50000] loss: 1.3356 (1.3714), acc: 40.000% (40.200%)
Jun-07 12:16:03.798 - [ 6950/50000] loss: 1.2336 (1.3672), acc: 46.667% (40.504%)
Jun-07 12:16:06.711 - [ 7000/50000] loss: 1.1790 (1.3660), acc: 52.000% (40.624%)
Jun-07 12:16:13.891 - [ 7000] Eval (100 episode) - loss: 1.3220 +- 0.1711, acc: 44.573 +- 9.696%
Jun-07 12:16:15.773 - [ 7050/50000] loss: 1.3620 (1.3766), acc: 44.000% (39.227%)
Jun-07 12:16:17.581 - [ 7100/50000] loss: 1.2659 (1.3666), acc: 53.333% (40.307%)
Jun-07 12:16:19.372 - [ 7150/50000] loss: 1.3055 (1.3534), acc: 38.667% (41.173%)
Jun-07 12:16:21.580 - [ 7200/50000] loss: 1.2544 (1.3581), acc: 41.333% (40.787%)
Jun-07 12:16:24.368 - [ 7250/50000] loss: 1.2298 (1.3662), acc: 46.667% (40.384%)
Jun-07 12:16:27.217 - [ 7300/50000] loss: 1.3541 (1.3671), acc: 45.333% (40.271%)
Jun-07 12:16:30.024 - [ 7350/50000] loss: 1.2442 (1.3675), acc: 46.667% (40.183%)
Jun-07 12:16:32.811 - [ 7400/50000] loss: 1.4831 (1.3698), acc: 37.333% (40.243%)
Jun-07 12:16:35.622 - [ 7450/50000] loss: 1.2754 (1.3686), acc: 41.333% (40.281%)
Jun-07 12:16:38.410 - [ 7500/50000] loss: 1.3469 (1.3694), acc: 38.667% (40.219%)
Jun-07 12:16:45.520 - [ 7500] Eval (100 episode) - loss: 1.3293 +- 0.1494, acc: 43.987 +- 8.873%
Jun-07 12:16:47.448 - [ 7550/50000] loss: 1.6585 (1.3730), acc: 30.667% (40.027%)
Jun-07 12:16:49.319 - [ 7600/50000] loss: 1.5308 (1.3656), acc: 29.333% (40.600%)
Jun-07 12:16:51.132 - [ 7650/50000] loss: 1.3400 (1.3648), acc: 40.000% (40.587%)
Jun-07 12:16:53.174 - [ 7700/50000] loss: 1.4116 (1.3679), acc: 46.667% (40.267%)
Jun-07 12:16:55.957 - [ 7750/50000] loss: 1.4684 (1.3700), acc: 41.333% (40.165%)
Jun-07 12:16:58.739 - [ 7800/50000] loss: 1.5995 (1.3648), acc: 28.000% (40.462%)
Jun-07 12:17:01.537 - [ 7850/50000] loss: 1.1593 (1.3626), acc: 57.333% (40.621%)
Jun-07 12:17:04.339 - [ 7900/50000] loss: 1.3730 (1.3612), acc: 44.000% (40.700%)
Jun-07 12:17:07.227 - [ 7950/50000] loss: 1.5671 (1.3626), acc: 38.667% (40.664%)
Jun-07 12:17:10.025 - [ 8000/50000] loss: 1.5454 (1.3593), acc: 28.000% (40.848%)
Jun-07 12:17:17.101 - [ 8000] Eval (100 episode) - loss: 1.3188 +- 0.1621, acc: 45.840 +- 9.607%
Jun-07 12:17:17.101 - * Best accuracy so far *

Jun-07 12:17:18.911 - [ 8050/50000] loss: 1.2343 (1.3615), acc: 41.333% (40.320%)
Jun-07 12:17:20.720 - [ 8100/50000] loss: 1.4579 (1.3602), acc: 34.667% (40.827%)
Jun-07 12:17:22.535 - [ 8150/50000] loss: 1.4344 (1.3704), acc: 33.333% (40.169%)
Jun-07 12:17:24.599 - [ 8200/50000] loss: 1.5608 (1.3692), acc: 30.667% (40.420%)
Jun-07 12:17:27.476 - [ 8250/50000] loss: 1.2894 (1.3694), acc: 40.000% (40.448%)
Jun-07 12:17:30.276 - [ 8300/50000] loss: 1.2531 (1.3625), acc: 48.000% (40.760%)
Jun-07 12:17:33.148 - [ 8350/50000] loss: 1.2138 (1.3611), acc: 49.333% (40.846%)
Jun-07 12:17:35.920 - [ 8400/50000] loss: 1.2679 (1.3575), acc: 44.000% (41.020%)
Jun-07 12:17:38.699 - [ 8450/50000] loss: 1.3241 (1.3576), acc: 46.667% (40.951%)
Jun-07 12:17:41.491 - [ 8500/50000] loss: 1.3279 (1.3584), acc: 38.667% (40.979%)
Jun-07 12:17:48.641 - [ 8500] Eval (100 episode) - loss: 1.3099 +- 0.1660, acc: 45.400 +- 10.016%
Jun-07 12:17:50.442 - [ 8550/50000] loss: 1.3632 (1.3400), acc: 40.000% (41.333%)
Jun-07 12:17:52.254 - [ 8600/50000] loss: 1.3109 (1.3365), acc: 37.333% (41.733%)
Jun-07 12:17:54.111 - [ 8650/50000] loss: 1.5400 (1.3378), acc: 29.333% (41.671%)
Jun-07 12:17:57.669 - [ 8700/50000] loss: 1.2875 (1.3455), acc: 42.667% (41.273%)
Jun-07 12:18:00.710 - [ 8750/50000] loss: 1.3229 (1.3450), acc: 42.667% (41.755%)
Jun-07 12:18:03.488 - [ 8800/50000] loss: 1.3141 (1.3410), acc: 42.667% (42.084%)
Jun-07 12:18:06.300 - [ 8850/50000] loss: 1.2593 (1.3418), acc: 49.333% (42.061%)
Jun-07 12:18:09.095 - [ 8900/50000] loss: 1.1198 (1.3405), acc: 62.667% (42.100%)
Jun-07 12:18:13.397 - [ 8950/50000] loss: 1.1736 (1.3397), acc: 48.000% (42.184%)
Jun-07 12:18:16.370 - [ 9000/50000] loss: 1.3075 (1.3389), acc: 45.333% (42.235%)
Jun-07 12:18:23.687 - [ 9000] Eval (100 episode) - loss: 1.3067 +- 0.1633, acc: 45.533 +- 9.628%
Jun-07 12:18:25.595 - [ 9050/50000] loss: 1.3344 (1.3526), acc: 34.667% (42.080%)
Jun-07 12:18:27.448 - [ 9100/50000] loss: 1.2633 (1.3391), acc: 46.667% (42.693%)
Jun-07 12:18:29.508 - [ 9150/50000] loss: 1.3692 (1.3477), acc: 48.000% (42.204%)
Jun-07 12:18:31.546 - [ 9200/50000] loss: 1.3700 (1.3541), acc: 37.333% (41.760%)
Jun-07 12:18:34.339 - [ 9250/50000] loss: 1.2741 (1.3460), acc: 44.000% (42.107%)
Jun-07 12:18:37.124 - [ 9300/50000] loss: 1.4455 (1.3472), acc: 32.000% (41.893%)
Jun-07 12:18:39.922 - [ 9350/50000] loss: 1.2225 (1.3531), acc: 49.333% (41.379%)
Jun-07 12:18:42.761 - [ 9400/50000] loss: 1.3072 (1.3504), acc: 56.000% (41.387%)
Jun-07 12:18:45.566 - [ 9450/50000] loss: 1.3410 (1.3536), acc: 33.333% (41.061%)
Jun-07 12:18:48.347 - [ 9500/50000] loss: 1.3604 (1.3510), acc: 44.000% (41.227%)
Jun-07 12:18:55.409 - [ 9500] Eval (100 episode) - loss: 1.2979 +- 0.1433, acc: 46.573 +- 8.685%
Jun-07 12:18:55.409 - * Best accuracy so far *

Jun-07 12:18:57.301 - [ 9550/50000] loss: 1.4564 (1.3525), acc: 37.333% (42.293%)
Jun-07 12:18:59.107 - [ 9600/50000] loss: 1.3467 (1.3542), acc: 37.333% (41.440%)
Jun-07 12:19:00.975 - [ 9650/50000] loss: 1.6918 (1.3491), acc: 22.667% (41.378%)
Jun-07 12:19:02.993 - [ 9700/50000] loss: 1.2563 (1.3469), acc: 44.000% (41.760%)
Jun-07 12:19:05.772 - [ 9750/50000] loss: 1.4593 (1.3391), acc: 36.000% (42.128%)
Jun-07 12:19:08.563 - [ 9800/50000] loss: 1.3666 (1.3384), acc: 45.333% (42.284%)
Jun-07 12:19:11.361 - [ 9850/50000] loss: 1.3019 (1.3473), acc: 45.333% (41.958%)
Jun-07 12:19:14.237 - [ 9900/50000] loss: 1.2334 (1.3452), acc: 53.333% (42.017%)
Jun-07 12:19:17.135 - [ 9950/50000] loss: 1.0899 (1.3426), acc: 58.667% (42.086%)
Jun-07 12:19:20.005 - [10000/50000] loss: 1.2638 (1.3422), acc: 50.667% (42.088%)
Jun-07 12:19:27.164 - [10000] Eval (100 episode) - loss: 1.2703 +- 0.1575, acc: 47.267 +- 9.095%
Jun-07 12:19:27.164 - * Best accuracy so far *

Jun-07 12:19:28.961 - [10050/50000] loss: 1.4963 (1.3962), acc: 34.667% (39.600%)
Jun-07 12:19:30.825 - [10100/50000] loss: 1.1646 (1.3643), acc: 48.000% (41.200%)
Jun-07 12:19:32.683 - [10150/50000] loss: 1.2559 (1.3495), acc: 53.333% (41.840%)
Jun-07 12:19:34.772 - [10200/50000] loss: 1.4581 (1.3456), acc: 33.333% (41.953%)
Jun-07 12:19:37.564 - [10250/50000] loss: 1.1961 (1.3352), acc: 50.667% (42.437%)
Jun-07 12:19:40.398 - [10300/50000] loss: 1.2169 (1.3317), acc: 58.667% (42.827%)
Jun-07 12:19:43.198 - [10350/50000] loss: 1.3972 (1.3283), acc: 38.667% (42.872%)
Jun-07 12:19:45.948 - [10400/50000] loss: 1.4283 (1.3294), acc: 41.333% (42.797%)
Jun-07 12:19:48.728 - [10450/50000] loss: 1.2518 (1.3333), acc: 52.000% (42.681%)
Jun-07 12:19:51.530 - [10500/50000] loss: 1.6594 (1.3367), acc: 29.333% (42.544%)
Jun-07 12:19:58.671 - [10500] Eval (100 episode) - loss: 1.3231 +- 0.1585, acc: 44.293 +- 9.467%
Jun-07 12:20:00.546 - [10550/50000] loss: 1.4615 (1.3370), acc: 34.667% (41.573%)
Jun-07 12:20:02.434 - [10600/50000] loss: 1.3611 (1.3252), acc: 40.000% (42.533%)
Jun-07 12:20:04.247 - [10650/50000] loss: 1.3511 (1.3161), acc: 33.333% (42.782%)
Jun-07 12:20:06.401 - [10700/50000] loss: 1.1758 (1.3173), acc: 49.333% (42.700%)
Jun-07 12:20:09.245 - [10750/50000] loss: 1.4610 (1.3268), acc: 32.000% (42.181%)
Jun-07 12:20:12.161 - [10800/50000] loss: 1.4372 (1.3288), acc: 42.667% (42.111%)
Jun-07 12:20:14.945 - [10850/50000] loss: 1.5727 (1.3305), acc: 32.000% (42.038%)
Jun-07 12:20:17.727 - [10900/50000] loss: 1.2567 (1.3247), acc: 48.000% (42.343%)
Jun-07 12:20:20.513 - [10950/50000] loss: 1.4682 (1.3255), acc: 38.667% (42.347%)
Jun-07 12:20:23.300 - [11000/50000] loss: 1.2371 (1.3224), acc: 46.667% (42.549%)
Jun-07 12:20:30.374 - [11000] Eval (100 episode) - loss: 1.3200 +- 0.1536, acc: 44.600 +- 8.993%
Jun-07 12:20:32.173 - [11050/50000] loss: 1.3677 (1.3314), acc: 41.333% (42.827%)
Jun-07 12:20:33.963 - [11100/50000] loss: 1.1819 (1.3440), acc: 45.333% (41.640%)
Jun-07 12:20:35.764 - [11150/50000] loss: 1.3516 (1.3300), acc: 41.333% (42.329%)
Jun-07 12:20:37.807 - [11200/50000] loss: 1.4353 (1.3285), acc: 38.667% (42.473%)
Jun-07 12:20:40.583 - [11250/50000] loss: 1.3061 (1.3346), acc: 42.667% (42.405%)
Jun-07 12:20:43.374 - [11300/50000] loss: 1.5106 (1.3381), acc: 36.000% (42.151%)
Jun-07 12:20:46.362 - [11350/50000] loss: 1.3184 (1.3340), acc: 46.667% (42.472%)
Jun-07 12:20:49.148 - [11400/50000] loss: 1.3498 (1.3324), acc: 45.333% (42.563%)
Jun-07 12:20:51.954 - [11450/50000] loss: 1.4138 (1.3316), acc: 37.333% (42.554%)
Jun-07 12:20:54.725 - [11500/50000] loss: 1.2257 (1.3354), acc: 52.000% (42.309%)
Jun-07 12:21:01.817 - [11500] Eval (100 episode) - loss: 1.2814 +- 0.1598, acc: 47.693 +- 9.135%
Jun-07 12:21:01.817 - * Best accuracy so far *

Jun-07 12:21:03.625 - [11550/50000] loss: 1.3304 (1.3135), acc: 41.333% (43.973%)
Jun-07 12:21:05.426 - [11600/50000] loss: 1.2612 (1.3195), acc: 45.333% (43.707%)
Jun-07 12:21:07.245 - [11650/50000] loss: 1.2447 (1.3212), acc: 52.000% (43.707%)
Jun-07 12:21:09.297 - [11700/50000] loss: 1.3268 (1.3175), acc: 48.000% (43.707%)
Jun-07 12:21:12.102 - [11750/50000] loss: 1.3272 (1.3256), acc: 42.667% (43.227%)
Jun-07 12:21:14.884 - [11800/50000] loss: 1.4650 (1.3258), acc: 32.000% (43.138%)
Jun-07 12:21:17.661 - [11850/50000] loss: 1.5055 (1.3246), acc: 34.667% (43.185%)
Jun-07 12:21:20.464 - [11900/50000] loss: 1.3211 (1.3238), acc: 48.000% (43.203%)
Jun-07 12:21:23.257 - [11950/50000] loss: 1.4854 (1.3228), acc: 38.667% (43.173%)
Jun-07 12:21:26.085 - [12000/50000] loss: 1.2462 (1.3221), acc: 52.000% (43.211%)
Jun-07 12:21:33.230 - [12000] Eval (100 episode) - loss: 1.3028 +- 0.1645, acc: 46.067 +- 9.126%
Jun-07 12:21:35.030 - [12050/50000] loss: 1.1452 (1.2883), acc: 49.333% (45.227%)
Jun-07 12:21:36.876 - [12100/50000] loss: 1.2432 (1.2947), acc: 42.667% (44.373%)
Jun-07 12:21:38.670 - [12150/50000] loss: 1.3922 (1.3126), acc: 38.667% (43.618%)
Jun-07 12:21:40.763 - [12200/50000] loss: 1.3378 (1.3146), acc: 41.333% (43.780%)
Jun-07 12:21:43.564 - [12250/50000] loss: 1.4927 (1.3173), acc: 30.667% (43.568%)
Jun-07 12:21:46.446 - [12300/50000] loss: 1.3148 (1.3189), acc: 44.000% (43.573%)
Jun-07 12:21:49.254 - [12350/50000] loss: 1.4879 (1.3158), acc: 32.000% (43.691%)
Jun-07 12:21:52.060 - [12400/50000] loss: 1.3685 (1.3186), acc: 34.667% (43.490%)
Jun-07 12:21:54.889 - [12450/50000] loss: 1.3618 (1.3204), acc: 38.667% (43.499%)
Jun-07 12:21:57.664 - [12500/50000] loss: 1.1415 (1.3227), acc: 49.333% (43.323%)
Jun-07 12:22:04.798 - [12500] Eval (100 episode) - loss: 1.2546 +- 0.1471, acc: 47.493 +- 8.324%
Jun-07 12:22:06.593 - [12550/50000] loss: 1.2495 (1.3411), acc: 45.333% (42.800%)
Jun-07 12:22:08.473 - [12600/50000] loss: 1.2953 (1.3178), acc: 42.667% (43.573%)
Jun-07 12:22:10.249 - [12650/50000] loss: 1.1216 (1.3157), acc: 54.667% (43.911%)
Jun-07 12:22:12.227 - [12700/50000] loss: 1.4309 (1.3213), acc: 38.667% (43.407%)
Jun-07 12:22:15.047 - [12750/50000] loss: 1.2532 (1.3235), acc: 49.333% (43.216%)
Jun-07 12:22:17.941 - [12800/50000] loss: 1.2618 (1.3234), acc: 46.667% (43.156%)
Jun-07 12:22:20.796 - [12850/50000] loss: 1.4201 (1.3304), acc: 41.333% (42.827%)
Jun-07 12:22:23.589 - [12900/50000] loss: 1.2103 (1.3315), acc: 38.667% (42.693%)
Jun-07 12:22:26.380 - [12950/50000] loss: 1.3927 (1.3288), acc: 42.667% (42.927%)
Jun-07 12:22:29.152 - [13000/50000] loss: 1.4603 (1.3311), acc: 36.000% (42.725%)
Jun-07 12:22:36.170 - [13000] Eval (100 episode) - loss: 1.3302 +- 0.1625, acc: 44.667 +- 8.899%
Jun-07 12:22:37.973 - [13050/50000] loss: 1.8945 (1.3445), acc: 21.333% (41.707%)
Jun-07 12:22:39.773 - [13100/50000] loss: 1.4113 (1.3438), acc: 49.333% (41.747%)
Jun-07 12:22:41.577 - [13150/50000] loss: 1.6173 (1.3454), acc: 30.667% (41.627%)
Jun-07 12:22:43.660 - [13200/50000] loss: 1.2068 (1.3413), acc: 50.667% (41.707%)
Jun-07 12:22:46.483 - [13250/50000] loss: 1.3342 (1.3399), acc: 46.667% (41.707%)
Jun-07 12:22:49.292 - [13300/50000] loss: 1.3855 (1.3343), acc: 36.000% (42.364%)
Jun-07 12:22:52.057 - [13350/50000] loss: 1.2532 (1.3337), acc: 42.667% (42.423%)
Jun-07 12:22:54.852 - [13400/50000] loss: 1.3997 (1.3337), acc: 42.667% (42.370%)
Jun-07 12:22:57.629 - [13450/50000] loss: 1.4976 (1.3303), acc: 29.333% (42.533%)
Jun-07 12:23:00.420 - [13500/50000] loss: 1.2538 (1.3276), acc: 40.000% (42.779%)
Jun-07 12:23:07.545 - [13500] Eval (100 episode) - loss: 1.3052 +- 0.1733, acc: 45.707 +- 9.520%
Jun-07 12:23:09.337 - [13550/50000] loss: 1.3965 (1.3380), acc: 40.000% (41.733%)
Jun-07 12:23:11.145 - [13600/50000] loss: 1.1662 (1.3333), acc: 56.000% (41.693%)
Jun-07 12:23:12.946 - [13650/50000] loss: 1.2041 (1.3225), acc: 52.000% (42.418%)
Jun-07 12:23:15.025 - [13700/50000] loss: 1.6891 (1.3214), acc: 30.667% (42.667%)
Jun-07 12:23:17.884 - [13750/50000] loss: 1.2389 (1.3304), acc: 46.667% (42.229%)
Jun-07 12:23:20.676 - [13800/50000] loss: 1.5312 (1.3321), acc: 34.667% (42.142%)
Jun-07 12:23:23.444 - [13850/50000] loss: 1.1955 (1.3342), acc: 44.000% (42.042%)
Jun-07 12:23:26.239 - [13900/50000] loss: 1.1811 (1.3319), acc: 46.667% (42.160%)
Jun-07 12:23:29.024 - [13950/50000] loss: 1.5230 (1.3295), acc: 41.333% (42.397%)
Jun-07 12:23:31.888 - [14000/50000] loss: 1.2461 (1.3256), acc: 42.667% (42.555%)
Jun-07 12:23:39.111 - [14000] Eval (100 episode) - loss: 1.2931 +- 0.1856, acc: 46.760 +- 10.092%
Jun-07 12:23:41.018 - [14050/50000] loss: 1.7312 (1.3161), acc: 24.000% (42.933%)
Jun-07 12:23:42.810 - [14100/50000] loss: 1.3405 (1.3148), acc: 40.000% (43.680%)
Jun-07 12:23:44.599 - [14150/50000] loss: 1.1058 (1.3205), acc: 54.667% (43.076%)
Jun-07 12:23:46.563 - [14200/50000] loss: 1.3141 (1.3187), acc: 36.000% (42.900%)
Jun-07 12:23:49.326 - [14250/50000] loss: 1.2830 (1.3086), acc: 52.000% (43.728%)
Jun-07 12:23:52.124 - [14300/50000] loss: 1.3110 (1.3071), acc: 41.333% (43.969%)
Jun-07 12:23:54.972 - [14350/50000] loss: 1.4759 (1.3051), acc: 46.667% (43.981%)
Jun-07 12:23:57.762 - [14400/50000] loss: 1.2738 (1.3048), acc: 46.667% (43.983%)
Jun-07 12:24:00.532 - [14450/50000] loss: 1.2613 (1.3041), acc: 42.667% (43.929%)
Jun-07 12:24:03.399 - [14500/50000] loss: 1.1084 (1.3035), acc: 54.667% (43.941%)
Jun-07 12:24:10.435 - [14500] Eval (100 episode) - loss: 1.2796 +- 0.1811, acc: 47.600 +- 9.768%
Jun-07 12:24:12.217 - [14550/50000] loss: 1.2101 (1.2931), acc: 50.667% (44.987%)
Jun-07 12:24:14.050 - [14600/50000] loss: 1.4566 (1.3169), acc: 40.000% (43.720%)
Jun-07 12:24:15.830 - [14650/50000] loss: 1.3394 (1.3240), acc: 41.333% (43.173%)
Jun-07 12:24:17.938 - [14700/50000] loss: 1.3040 (1.3120), acc: 38.667% (43.900%)
Jun-07 12:24:20.747 - [14750/50000] loss: 1.3384 (1.3109), acc: 29.333% (43.909%)
Jun-07 12:24:23.630 - [14800/50000] loss: 1.1959 (1.3070), acc: 49.333% (44.076%)
Jun-07 12:24:26.411 - [14850/50000] loss: 1.4053 (1.3132), acc: 46.667% (43.989%)
Jun-07 12:24:29.385 - [14900/50000] loss: 1.2003 (1.3142), acc: 53.333% (44.067%)
Jun-07 12:24:32.174 - [14950/50000] loss: 1.1533 (1.3086), acc: 49.333% (44.314%)
Jun-07 12:24:35.050 - [15000/50000] loss: 1.3853 (1.3114), acc: 41.333% (44.184%)
Jun-07 12:24:42.208 - [15000] Eval (100 episode) - loss: 1.2790 +- 0.1790, acc: 47.573 +- 10.096%
Jun-07 12:24:44.147 - [15050/50000] loss: 1.2017 (1.3026), acc: 48.000% (44.507%)
Jun-07 12:24:45.939 - [15100/50000] loss: 1.3728 (1.2962), acc: 41.333% (45.067%)
Jun-07 12:24:47.752 - [15150/50000] loss: 1.1736 (1.3018), acc: 48.000% (44.604%)
Jun-07 12:24:49.808 - [15200/50000] loss: 1.3441 (1.3034), acc: 42.667% (44.520%)
Jun-07 12:24:52.611 - [15250/50000] loss: 1.2998 (1.3097), acc: 49.333% (44.080%)
Jun-07 12:24:55.432 - [15300/50000] loss: 1.3596 (1.3133), acc: 42.667% (43.840%)
Jun-07 12:24:58.205 - [15350/50000] loss: 1.3748 (1.3136), acc: 45.333% (43.756%)
Jun-07 12:25:01.025 - [15400/50000] loss: 1.4469 (1.3115), acc: 34.667% (43.843%)
Jun-07 12:25:03.884 - [15450/50000] loss: 1.3722 (1.3074), acc: 38.667% (43.950%)
Jun-07 12:25:06.735 - [15500/50000] loss: 1.2795 (1.3045), acc: 41.333% (44.064%)
Jun-07 12:25:13.976 - [15500] Eval (100 episode) - loss: 1.2619 +- 0.1671, acc: 48.720 +- 8.925%
Jun-07 12:25:13.977 - * Best accuracy so far *

Jun-07 12:25:15.774 - [15550/50000] loss: 1.0888 (1.2931), acc: 61.333% (45.493%)
Jun-07 12:25:17.659 - [15600/50000] loss: 1.1513 (1.2778), acc: 57.333% (46.000%)
Jun-07 12:25:19.530 - [15650/50000] loss: 1.1765 (1.2854), acc: 48.000% (45.396%)
Jun-07 12:25:21.677 - [15700/50000] loss: 1.1263 (1.2960), acc: 64.000% (44.900%)
Jun-07 12:25:24.465 - [15750/50000] loss: 1.3692 (1.2905), acc: 38.667% (45.184%)
Jun-07 12:25:27.279 - [15800/50000] loss: 1.5571 (1.2884), acc: 33.333% (45.227%)
Jun-07 12:25:30.091 - [15850/50000] loss: 1.3248 (1.2895), acc: 44.000% (45.006%)
Jun-07 12:25:32.900 - [15900/50000] loss: 1.3490 (1.2947), acc: 45.333% (44.757%)
Jun-07 12:25:35.670 - [15950/50000] loss: 1.2882 (1.2980), acc: 40.000% (44.554%)
Jun-07 12:25:38.453 - [16000/50000] loss: 1.2982 (1.2984), acc: 50.667% (44.568%)
Jun-07 12:25:45.477 - [16000] Eval (100 episode) - loss: 1.2871 +- 0.1633, acc: 46.640 +- 8.556%
Jun-07 12:25:47.382 - [16050/50000] loss: 1.1748 (1.2989), acc: 52.000% (45.120%)
Jun-07 12:25:49.226 - [16100/50000] loss: 1.4133 (1.2873), acc: 36.000% (44.787%)
Jun-07 12:25:51.080 - [16150/50000] loss: 1.3100 (1.2926), acc: 44.000% (44.418%)
Jun-07 12:25:53.152 - [16200/50000] loss: 1.1102 (1.2914), acc: 56.000% (44.633%)
Jun-07 12:25:55.906 - [16250/50000] loss: 1.6469 (1.2990), acc: 29.333% (44.187%)
Jun-07 12:25:58.877 - [16300/50000] loss: 1.4992 (1.2949), acc: 28.000% (44.596%)
Jun-07 12:26:01.724 - [16350/50000] loss: 1.1696 (1.2911), acc: 53.333% (44.819%)
Jun-07 12:26:04.580 - [16400/50000] loss: 1.4221 (1.2940), acc: 40.000% (44.657%)
Jun-07 12:26:07.546 - [16450/50000] loss: 1.3641 (1.3013), acc: 41.333% (44.187%)
Jun-07 12:26:10.376 - [16500/50000] loss: 1.4994 (1.3023), acc: 32.000% (44.141%)
Jun-07 12:26:17.446 - [16500] Eval (100 episode) - loss: 1.2693 +- 0.1814, acc: 47.573 +- 10.354%
Jun-07 12:26:19.279 - [16550/50000] loss: 1.4294 (1.2772), acc: 37.333% (45.920%)
Jun-07 12:26:21.153 - [16600/50000] loss: 1.5799 (1.2877), acc: 33.333% (45.400%)
Jun-07 12:26:22.933 - [16650/50000] loss: 1.0649 (1.2789), acc: 46.667% (45.751%)
Jun-07 12:26:24.986 - [16700/50000] loss: 1.3763 (1.2871), acc: 37.333% (44.927%)
Jun-07 12:26:27.764 - [16750/50000] loss: 1.4057 (1.2884), acc: 40.000% (44.693%)
Jun-07 12:26:30.594 - [16800/50000] loss: 1.4012 (1.2856), acc: 33.333% (44.840%)
Jun-07 12:26:33.464 - [16850/50000] loss: 1.1025 (1.2825), acc: 56.000% (45.139%)
Jun-07 12:26:36.248 - [16900/50000] loss: 1.4172 (1.2797), acc: 40.000% (45.203%)
Jun-07 12:26:39.040 - [16950/50000] loss: 1.2410 (1.2811), acc: 49.333% (45.194%)
Jun-07 12:26:41.980 - [17000/50000] loss: 1.2424 (1.2850), acc: 45.333% (45.061%)
Jun-07 12:26:49.079 - [17000] Eval (100 episode) - loss: 1.2335 +- 0.1597, acc: 49.453 +- 9.073%
Jun-07 12:26:49.079 - * Best accuracy so far *

Jun-07 12:26:50.894 - [17050/50000] loss: 1.4259 (1.2933), acc: 38.667% (44.960%)
Jun-07 12:26:52.659 - [17100/50000] loss: 1.4503 (1.2832), acc: 40.000% (45.400%)
Jun-07 12:26:54.438 - [17150/50000] loss: 1.4266 (1.3047), acc: 37.333% (44.444%)
Jun-07 12:26:56.579 - [17200/50000] loss: 1.2037 (1.3038), acc: 46.667% (44.220%)
Jun-07 12:26:59.368 - [17250/50000] loss: 1.3220 (1.2998), acc: 46.667% (44.304%)
Jun-07 12:27:02.385 - [17300/50000] loss: 1.2772 (1.2941), acc: 49.333% (44.769%)
Jun-07 12:27:05.283 - [17350/50000] loss: 1.1965 (1.2950), acc: 60.000% (44.754%)
Jun-07 12:27:08.228 - [17400/50000] loss: 1.3378 (1.2920), acc: 46.667% (44.717%)
Jun-07 12:27:11.093 - [17450/50000] loss: 1.1475 (1.2907), acc: 50.667% (44.729%)
Jun-07 12:27:13.891 - [17500/50000] loss: 1.3954 (1.2953), acc: 41.333% (44.379%)
Jun-07 12:27:21.092 - [17500] Eval (100 episode) - loss: 1.2684 +- 0.1625, acc: 47.200 +- 8.290%
Jun-07 12:27:22.875 - [17550/50000] loss: 1.2051 (1.2780), acc: 50.667% (45.867%)
Jun-07 12:27:24.680 - [17600/50000] loss: 1.1921 (1.2942), acc: 42.667% (44.880%)
Jun-07 12:27:26.529 - [17650/50000] loss: 1.4275 (1.2917), acc: 37.333% (44.862%)
Jun-07 12:27:28.752 - [17700/50000] loss: 1.3356 (1.2959), acc: 42.667% (44.413%)
Jun-07 12:27:31.797 - [17750/50000] loss: 1.2327 (1.2976), acc: 45.333% (44.448%)
Jun-07 12:27:34.598 - [17800/50000] loss: 1.0475 (1.2960), acc: 57.333% (44.418%)
Jun-07 12:27:37.375 - [17850/50000] loss: 1.2963 (1.2936), acc: 49.333% (44.632%)
Jun-07 12:27:40.226 - [17900/50000] loss: 1.6125 (1.2934), acc: 30.667% (44.643%)
Jun-07 12:27:43.028 - [17950/50000] loss: 1.3543 (1.2942), acc: 36.000% (44.604%)
Jun-07 12:27:45.885 - [18000/50000] loss: 1.1537 (1.2936), acc: 53.333% (44.645%)
Jun-07 12:27:52.997 - [18000] Eval (100 episode) - loss: 1.2736 +- 0.1830, acc: 47.107 +- 10.330%
Jun-07 12:27:54.811 - [18050/50000] loss: 1.2302 (1.2574), acc: 48.000% (46.800%)
Jun-07 12:27:56.604 - [18100/50000] loss: 1.1755 (1.2831), acc: 54.667% (45.413%)
Jun-07 12:27:58.390 - [18150/50000] loss: 1.2860 (1.2893), acc: 52.000% (45.120%)
Jun-07 12:28:00.446 - [18200/50000] loss: 1.1084 (1.2922), acc: 60.000% (45.187%)
Jun-07 12:28:03.241 - [18250/50000] loss: 1.2400 (1.2878), acc: 52.000% (45.307%)
Jun-07 12:28:06.031 - [18300/50000] loss: 1.1651 (1.2882), acc: 46.667% (45.169%)
Jun-07 12:28:08.904 - [18350/50000] loss: 1.2043 (1.2834), acc: 53.333% (45.345%)
Jun-07 12:28:11.915 - [18400/50000] loss: 1.0501 (1.2818), acc: 57.333% (45.420%)
Jun-07 12:28:14.706 - [18450/50000] loss: 1.3398 (1.2845), acc: 44.000% (45.182%)
Jun-07 12:28:17.675 - [18500/50000] loss: 1.1161 (1.2839), acc: 60.000% (45.189%)
Jun-07 12:28:24.707 - [18500] Eval (100 episode) - loss: 1.2783 +- 0.1813, acc: 47.027 +- 9.752%
Jun-07 12:28:26.502 - [18550/50000] loss: 1.4157 (1.2686), acc: 34.667% (46.240%)
Jun-07 12:28:28.306 - [18600/50000] loss: 1.2332 (1.2673), acc: 48.000% (46.587%)
Jun-07 12:28:30.159 - [18650/50000] loss: 1.3554 (1.2830), acc: 46.667% (45.884%)
Jun-07 12:28:32.200 - [18700/50000] loss: 1.2440 (1.2780), acc: 44.000% (46.020%)
Jun-07 12:28:35.002 - [18750/50000] loss: 1.2069 (1.2781), acc: 53.333% (46.032%)
Jun-07 12:28:37.854 - [18800/50000] loss: 1.2211 (1.2796), acc: 53.333% (45.831%)
Jun-07 12:28:40.707 - [18850/50000] loss: 1.3672 (1.2789), acc: 45.333% (45.912%)
Jun-07 12:28:43.556 - [18900/50000] loss: 0.9544 (1.2725), acc: 60.000% (46.130%)
Jun-07 12:28:46.407 - [18950/50000] loss: 1.2014 (1.2717), acc: 46.667% (46.071%)
Jun-07 12:28:49.262 - [19000/50000] loss: 1.5668 (1.2780), acc: 36.000% (45.768%)
Jun-07 12:28:56.332 - [19000] Eval (100 episode) - loss: 1.2728 +- 0.1773, acc: 47.133 +- 9.959%
Jun-07 12:28:58.314 - [19050/50000] loss: 1.4346 (1.2716), acc: 29.333% (46.027%)
Jun-07 12:29:00.168 - [19100/50000] loss: 1.2929 (1.2734), acc: 46.667% (45.907%)
Jun-07 12:29:01.961 - [19150/50000] loss: 1.4524 (1.2775), acc: 26.667% (45.476%)
Jun-07 12:29:04.144 - [19200/50000] loss: 1.4984 (1.2791), acc: 34.667% (45.413%)
Jun-07 12:29:07.043 - [19250/50000] loss: 1.3516 (1.2811), acc: 41.333% (45.328%)
Jun-07 12:29:09.869 - [19300/50000] loss: 1.4683 (1.2769), acc: 33.333% (45.431%)
Jun-07 12:29:12.672 - [19350/50000] loss: 1.0685 (1.2776), acc: 50.667% (45.406%)
Jun-07 12:29:15.537 - [19400/50000] loss: 1.3450 (1.2827), acc: 44.000% (45.143%)
Jun-07 12:29:18.381 - [19450/50000] loss: 1.1132 (1.2784), acc: 57.333% (45.304%)
Jun-07 12:29:21.264 - [19500/50000] loss: 1.0941 (1.2799), acc: 58.667% (45.216%)
Jun-07 12:29:28.302 - [19500] Eval (100 episode) - loss: 1.2603 +- 0.1812, acc: 48.200 +- 9.768%
Jun-07 12:29:30.143 - [19550/50000] loss: 1.2413 (1.2884), acc: 48.000% (46.000%)
Jun-07 12:29:31.947 - [19600/50000] loss: 1.3256 (1.2968), acc: 38.667% (45.400%)
Jun-07 12:29:33.736 - [19650/50000] loss: 1.2947 (1.2940), acc: 38.667% (45.253%)
Jun-07 12:29:35.759 - [19700/50000] loss: 1.3420 (1.2831), acc: 36.000% (45.413%)
Jun-07 12:29:38.556 - [19750/50000] loss: 1.3131 (1.2739), acc: 45.333% (45.824%)
Jun-07 12:29:41.387 - [19800/50000] loss: 1.2912 (1.2679), acc: 40.000% (45.916%)
Jun-07 12:29:44.212 - [19850/50000] loss: 1.3235 (1.2685), acc: 42.667% (45.970%)
Jun-07 12:29:46.998 - [19900/50000] loss: 1.6608 (1.2735), acc: 30.667% (45.717%)
Jun-07 12:29:49.861 - [19950/50000] loss: 1.3202 (1.2756), acc: 45.333% (45.624%)
Jun-07 12:29:52.685 - [20000/50000] loss: 1.2960 (1.2752), acc: 41.333% (45.587%)
Jun-07 12:29:59.903 - [20000] Eval (100 episode) - loss: 1.2574 +- 0.1759, acc: 48.507 +- 8.946%
Jun-07 12:30:01.766 - [20050/50000] loss: 1.0483 (1.2821), acc: 53.333% (45.200%)
Jun-07 12:30:03.556 - [20100/50000] loss: 1.4343 (1.2733), acc: 45.333% (45.560%)
Jun-07 12:30:05.345 - [20150/50000] loss: 1.3636 (1.2665), acc: 41.333% (45.440%)
Jun-07 12:30:07.492 - [20200/50000] loss: 1.0053 (1.2729), acc: 58.667% (45.560%)
Jun-07 12:30:10.288 - [20250/50000] loss: 1.2646 (1.2725), acc: 50.667% (45.728%)
Jun-07 12:30:13.110 - [20300/50000] loss: 1.1955 (1.2706), acc: 45.333% (45.840%)
Jun-07 12:30:15.959 - [20350/50000] loss: 1.4174 (1.2715), acc: 38.667% (45.733%)
Jun-07 12:30:18.745 - [20400/50000] loss: 1.0886 (1.2698), acc: 58.667% (45.687%)
Jun-07 12:30:21.596 - [20450/50000] loss: 1.2670 (1.2737), acc: 48.000% (45.520%)
Jun-07 12:30:24.450 - [20500/50000] loss: 1.4803 (1.2695), acc: 34.667% (45.667%)
Jun-07 12:30:31.452 - [20500] Eval (100 episode) - loss: 1.2829 +- 0.1953, acc: 46.080 +- 9.204%
Jun-07 12:30:33.279 - [20550/50000] loss: 1.3807 (1.2840), acc: 50.667% (45.413%)
Jun-07 12:30:35.074 - [20600/50000] loss: 1.2060 (1.2922), acc: 52.000% (44.800%)
Jun-07 12:30:36.871 - [20650/50000] loss: 1.2047 (1.2850), acc: 53.333% (44.747%)
Jun-07 12:30:38.862 - [20700/50000] loss: 1.2446 (1.2726), acc: 49.333% (45.433%)
Jun-07 12:30:41.662 - [20750/50000] loss: 1.4026 (1.2724), acc: 45.333% (45.339%)
Jun-07 12:30:44.467 - [20800/50000] loss: 1.2194 (1.2718), acc: 46.667% (45.422%)
Jun-07 12:30:47.339 - [20850/50000] loss: 1.0730 (1.2763), acc: 53.333% (45.352%)
Jun-07 12:30:50.179 - [20900/50000] loss: 1.2739 (1.2785), acc: 44.000% (45.307%)
Jun-07 12:30:52.975 - [20950/50000] loss: 1.3893 (1.2762), acc: 34.667% (45.461%)
Jun-07 12:30:55.742 - [21000/50000] loss: 1.2824 (1.2776), acc: 52.000% (45.429%)
Jun-07 12:31:02.808 - [21000] Eval (100 episode) - loss: 1.2684 +- 0.2061, acc: 47.600 +- 10.318%
Jun-07 12:31:04.633 - [21050/50000] loss: 1.3759 (1.2912), acc: 38.667% (44.747%)
Jun-07 12:31:06.438 - [21100/50000] loss: 1.3793 (1.2863), acc: 46.667% (45.240%)
Jun-07 12:31:08.236 - [21150/50000] loss: 0.9528 (1.2666), acc: 56.000% (46.196%)
Jun-07 12:31:10.263 - [21200/50000] loss: 1.1158 (1.2597), acc: 52.000% (46.360%)
Jun-07 12:31:13.065 - [21250/50000] loss: 1.2274 (1.2718), acc: 46.667% (45.776%)
Jun-07 12:31:15.854 - [21300/50000] loss: 1.2563 (1.2727), acc: 46.667% (45.813%)
Jun-07 12:31:18.694 - [21350/50000] loss: 1.4320 (1.2703), acc: 48.000% (45.901%)
Jun-07 12:31:21.486 - [21400/50000] loss: 1.3696 (1.2669), acc: 38.667% (46.117%)
Jun-07 12:31:24.351 - [21450/50000] loss: 1.2738 (1.2660), acc: 53.333% (46.175%)
Jun-07 12:31:27.119 - [21500/50000] loss: 1.2261 (1.2662), acc: 49.333% (46.219%)
Jun-07 12:31:34.197 - [21500] Eval (100 episode) - loss: 1.2695 +- 0.1821, acc: 46.973 +- 9.452%
Jun-07 12:31:36.036 - [21550/50000] loss: 1.3204 (1.3189), acc: 41.333% (44.373%)
Jun-07 12:31:37.841 - [21600/50000] loss: 1.3951 (1.2807), acc: 38.667% (46.013%)
Jun-07 12:31:39.720 - [21650/50000] loss: 1.2904 (1.2661), acc: 37.333% (46.338%)
Jun-07 12:31:41.833 - [21700/50000] loss: 1.2191 (1.2637), acc: 50.667% (46.460%)
Jun-07 12:31:44.627 - [21750/50000] loss: 1.4905 (1.2636), acc: 33.333% (46.416%)
Jun-07 12:31:47.417 - [21800/50000] loss: 1.1943 (1.2575), acc: 45.333% (46.578%)
Jun-07 12:31:50.216 - [21850/50000] loss: 1.3037 (1.2625), acc: 40.000% (46.411%)
Jun-07 12:31:53.023 - [21900/50000] loss: 1.6118 (1.2642), acc: 33.333% (46.277%)
Jun-07 12:31:55.922 - [21950/50000] loss: 1.3801 (1.2639), acc: 41.333% (46.240%)
Jun-07 12:31:58.743 - [22000/50000] loss: 1.0721 (1.2646), acc: 56.000% (46.160%)
Jun-07 12:32:05.898 - [22000] Eval (100 episode) - loss: 1.2548 +- 0.1871, acc: 48.133 +- 9.355%
Jun-07 12:32:07.694 - [22050/50000] loss: 1.4351 (1.2547), acc: 41.333% (47.067%)
Jun-07 12:32:09.587 - [22100/50000] loss: 1.2959 (1.2551), acc: 41.333% (46.787%)
Jun-07 12:32:11.364 - [22150/50000] loss: 1.2268 (1.2763), acc: 49.333% (45.538%)
Jun-07 12:32:13.457 - [22200/50000] loss: 1.2330 (1.2751), acc: 50.667% (45.613%)
Jun-07 12:32:16.315 - [22250/50000] loss: 0.9471 (1.2728), acc: 73.333% (45.744%)
Jun-07 12:32:19.078 - [22300/50000] loss: 1.3901 (1.2667), acc: 46.667% (45.924%)
Jun-07 12:32:21.940 - [22350/50000] loss: 1.2936 (1.2708), acc: 38.667% (45.623%)
Jun-07 12:32:24.751 - [22400/50000] loss: 1.2995 (1.2712), acc: 49.333% (45.680%)
Jun-07 12:32:27.564 - [22450/50000] loss: 1.5174 (1.2715), acc: 34.667% (45.692%)
Jun-07 12:32:30.366 - [22500/50000] loss: 1.3080 (1.2725), acc: 41.333% (45.643%)
Jun-07 12:32:37.512 - [22500] Eval (100 episode) - loss: 1.2147 +- 0.1809, acc: 50.600 +- 9.667%
Jun-07 12:32:37.513 - * Best accuracy so far *

Jun-07 12:32:39.394 - [22550/50000] loss: 1.2807 (1.2524), acc: 46.667% (47.467%)
Jun-07 12:32:41.202 - [22600/50000] loss: 0.9627 (1.2548), acc: 65.333% (46.707%)
Jun-07 12:32:43.076 - [22650/50000] loss: 1.1743 (1.2630), acc: 48.000% (46.649%)
Jun-07 12:32:45.125 - [22700/50000] loss: 1.1661 (1.2639), acc: 48.000% (46.513%)
Jun-07 12:32:47.922 - [22750/50000] loss: 1.2282 (1.2684), acc: 46.667% (46.069%)
Jun-07 12:32:50.712 - [22800/50000] loss: 1.1256 (1.2759), acc: 45.333% (45.782%)
Jun-07 12:32:53.561 - [22850/50000] loss: 1.6987 (1.2732), acc: 26.667% (45.970%)
Jun-07 12:32:56.355 - [22900/50000] loss: 0.9347 (1.2710), acc: 60.000% (46.017%)
Jun-07 12:32:59.211 - [22950/50000] loss: 1.1767 (1.2738), acc: 46.667% (45.852%)
Jun-07 12:33:02.050 - [23000/50000] loss: 1.1131 (1.2734), acc: 56.000% (45.811%)
Jun-07 12:33:09.069 - [23000] Eval (100 episode) - loss: 1.2378 +- 0.1622, acc: 47.533 +- 8.779%
Jun-07 12:33:10.868 - [23050/50000] loss: 1.0386 (1.2214), acc: 57.333% (47.707%)
Jun-07 12:33:12.650 - [23100/50000] loss: 1.0764 (1.2269), acc: 54.667% (47.933%)
Jun-07 12:33:14.552 - [23150/50000] loss: 1.2092 (1.2262), acc: 50.667% (47.920%)
Jun-07 12:33:16.648 - [23200/50000] loss: 1.1193 (1.2344), acc: 57.333% (47.460%)
Jun-07 12:33:19.474 - [23250/50000] loss: 1.1578 (1.2480), acc: 52.000% (46.821%)
Jun-07 12:33:22.292 - [23300/50000] loss: 1.1181 (1.2509), acc: 58.667% (46.684%)
Jun-07 12:33:25.075 - [23350/50000] loss: 1.2570 (1.2466), acc: 52.000% (46.869%)
Jun-07 12:33:27.859 - [23400/50000] loss: 1.0791 (1.2467), acc: 46.667% (46.787%)
Jun-07 12:33:30.641 - [23450/50000] loss: 1.2405 (1.2476), acc: 50.667% (46.560%)
Jun-07 12:33:33.494 - [23500/50000] loss: 1.1476 (1.2506), acc: 46.667% (46.541%)
Jun-07 12:33:40.599 - [23500] Eval (100 episode) - loss: 1.2707 +- 0.1843, acc: 47.227 +- 9.742%
Jun-07 12:33:42.432 - [23550/50000] loss: 1.2036 (1.2569), acc: 52.000% (46.827%)
Jun-07 12:33:44.249 - [23600/50000] loss: 1.0936 (1.2505), acc: 56.000% (47.133%)
Jun-07 12:33:46.062 - [23650/50000] loss: 1.3649 (1.2624), acc: 46.667% (46.098%)
Jun-07 12:33:48.175 - [23700/50000] loss: 1.3252 (1.2558), acc: 48.000% (46.620%)
Jun-07 12:33:51.094 - [23750/50000] loss: 1.4352 (1.2562), acc: 38.667% (46.635%)
Jun-07 12:33:53.981 - [23800/50000] loss: 1.2808 (1.2565), acc: 50.667% (46.622%)
Jun-07 12:33:56.782 - [23850/50000] loss: 1.4882 (1.2573), acc: 34.667% (46.552%)
Jun-07 12:33:59.580 - [23900/50000] loss: 1.1393 (1.2563), acc: 57.333% (46.807%)
Jun-07 12:34:02.405 - [23950/50000] loss: 1.0130 (1.2526), acc: 60.000% (46.901%)
Jun-07 12:34:05.206 - [24000/50000] loss: 1.2168 (1.2503), acc: 56.000% (46.931%)
Jun-07 12:34:12.312 - [24000] Eval (100 episode) - loss: 1.2534 +- 0.2078, acc: 48.747 +- 10.961%
Jun-07 12:34:14.103 - [24050/50000] loss: 1.2741 (1.2567), acc: 42.667% (46.747%)
Jun-07 12:34:15.941 - [24100/50000] loss: 1.3793 (1.2559), acc: 37.333% (47.013%)
Jun-07 12:34:17.862 - [24150/50000] loss: 1.1793 (1.2577), acc: 49.333% (46.880%)
Jun-07 12:34:20.043 - [24200/50000] loss: 1.1296 (1.2464), acc: 50.667% (47.400%)
Jun-07 12:34:22.832 - [24250/50000] loss: 1.3739 (1.2554), acc: 38.667% (47.024%)
Jun-07 12:34:25.607 - [24300/50000] loss: 1.4057 (1.2531), acc: 41.333% (47.182%)
Jun-07 12:34:28.457 - [24350/50000] loss: 1.4215 (1.2522), acc: 41.333% (47.006%)
Jun-07 12:34:31.249 - [24400/50000] loss: 1.3686 (1.2510), acc: 41.333% (47.043%)
Jun-07 12:34:34.132 - [24450/50000] loss: 1.4043 (1.2479), acc: 41.333% (47.170%)
Jun-07 12:34:36.915 - [24500/50000] loss: 1.2394 (1.2457), acc: 48.000% (47.155%)
Jun-07 12:34:44.124 - [24500] Eval (100 episode) - loss: 1.2779 +- 0.2020, acc: 47.933 +- 10.021%
Jun-07 12:34:46.031 - [24550/50000] loss: 1.2050 (1.2678), acc: 41.333% (45.067%)
Jun-07 12:34:47.858 - [24600/50000] loss: 1.1220 (1.2691), acc: 54.667% (45.307%)
Jun-07 12:34:49.663 - [24650/50000] loss: 1.5344 (1.2766), acc: 24.000% (44.898%)
Jun-07 12:34:51.743 - [24700/50000] loss: 1.5653 (1.2723), acc: 33.333% (45.253%)
Jun-07 12:34:54.534 - [24750/50000] loss: 1.1943 (1.2674), acc: 49.333% (45.493%)
Jun-07 12:34:57.416 - [24800/50000] loss: 1.4459 (1.2614), acc: 44.000% (45.707%)
Jun-07 12:35:00.190 - [24850/50000] loss: 1.1917 (1.2561), acc: 50.667% (45.798%)
Jun-07 12:35:03.021 - [24900/50000] loss: 1.2201 (1.2530), acc: 46.667% (46.007%)
Jun-07 12:35:05.941 - [24950/50000] loss: 1.1958 (1.2510), acc: 48.000% (46.121%)
Jun-07 12:35:08.936 - [25000/50000] loss: 1.0918 (1.2537), acc: 56.000% (46.077%)
Jun-07 12:35:15.974 - [25000] Eval (100 episode) - loss: 1.2641 +- 0.1748, acc: 47.147 +- 9.595%
Jun-07 12:35:17.863 - [25050/50000] loss: 1.0969 (1.2181), acc: 54.667% (49.147%)
Jun-07 12:35:19.690 - [25100/50000] loss: 1.3027 (1.2372), acc: 48.000% (48.067%)
Jun-07 12:35:21.576 - [25150/50000] loss: 1.1555 (1.2545), acc: 56.000% (47.182%)
Jun-07 12:35:23.619 - [25200/50000] loss: 1.0209 (1.2638), acc: 62.667% (46.560%)
Jun-07 12:35:26.525 - [25250/50000] loss: 1.4072 (1.2655), acc: 36.000% (46.336%)
Jun-07 12:35:29.297 - [25300/50000] loss: 1.0595 (1.2655), acc: 56.000% (46.302%)
Jun-07 12:35:32.080 - [25350/50000] loss: 1.1340 (1.2631), acc: 50.667% (46.541%)
Jun-07 12:35:34.869 - [25400/50000] loss: 1.1821 (1.2595), acc: 44.000% (46.583%)
Jun-07 12:35:37.648 - [25450/50000] loss: 1.1487 (1.2548), acc: 58.667% (46.702%)
Jun-07 12:35:40.446 - [25500/50000] loss: 1.0644 (1.2557), acc: 56.000% (46.739%)
Jun-07 12:35:47.508 - [25500] Eval (100 episode) - loss: 1.2201 +- 0.1890, acc: 48.987 +- 9.783%
Jun-07 12:35:49.332 - [25550/50000] loss: 1.3096 (1.2561), acc: 42.667% (45.573%)
Jun-07 12:35:51.178 - [25600/50000] loss: 1.1604 (1.2693), acc: 56.000% (45.347%)
Jun-07 12:35:52.978 - [25650/50000] loss: 0.9919 (1.2648), acc: 62.667% (45.671%)
Jun-07 12:35:55.105 - [25700/50000] loss: 1.1412 (1.2650), acc: 58.667% (45.573%)
Jun-07 12:35:57.973 - [25750/50000] loss: 1.0739 (1.2568), acc: 60.000% (45.936%)
Jun-07 12:36:00.799 - [25800/50000] loss: 1.2255 (1.2526), acc: 42.667% (46.236%)
Jun-07 12:36:03.672 - [25850/50000] loss: 1.0330 (1.2457), acc: 57.333% (46.785%)
Jun-07 12:36:06.474 - [25900/50000] loss: 1.2049 (1.2415), acc: 52.000% (47.040%)
Jun-07 12:36:09.260 - [25950/50000] loss: 1.1797 (1.2432), acc: 52.000% (46.868%)
Jun-07 12:36:12.103 - [26000/50000] loss: 1.1235 (1.2475), acc: 54.667% (46.659%)
Jun-07 12:36:19.133 - [26000] Eval (100 episode) - loss: 1.1916 +- 0.1705, acc: 50.907 +- 9.311%
Jun-07 12:36:19.133 - * Best accuracy so far *

Jun-07 12:36:20.938 - [26050/50000] loss: 1.5541 (1.2345), acc: 32.000% (48.240%)
Jun-07 12:36:22.739 - [26100/50000] loss: 1.1060 (1.2501), acc: 57.333% (47.000%)
Jun-07 12:36:24.573 - [26150/50000] loss: 1.2976 (1.2561), acc: 32.000% (46.551%)
Jun-07 12:36:26.632 - [26200/50000] loss: 1.5971 (1.2460), acc: 21.333% (46.973%)
Jun-07 12:36:29.459 - [26250/50000] loss: 1.0885 (1.2432), acc: 65.333% (47.216%)
Jun-07 12:36:32.219 - [26300/50000] loss: 1.4597 (1.2458), acc: 36.000% (47.178%)
Jun-07 12:36:35.043 - [26350/50000] loss: 1.4027 (1.2504), acc: 36.000% (46.937%)
Jun-07 12:36:37.830 - [26400/50000] loss: 1.0616 (1.2514), acc: 48.000% (46.820%)
Jun-07 12:36:40.733 - [26450/50000] loss: 1.3562 (1.2539), acc: 40.000% (46.901%)
Jun-07 12:36:43.518 - [26500/50000] loss: 0.9904 (1.2533), acc: 56.000% (46.915%)
Jun-07 12:36:50.607 - [26500] Eval (100 episode) - loss: 1.1863 +- 0.1803, acc: 50.880 +- 9.745%
Jun-07 12:36:52.413 - [26550/50000] loss: 1.1756 (1.2319), acc: 41.333% (48.453%)
Jun-07 12:36:54.225 - [26600/50000] loss: 1.0999 (1.2337), acc: 61.333% (48.200%)
Jun-07 12:36:56.040 - [26650/50000] loss: 1.0770 (1.2288), acc: 52.000% (47.778%)
Jun-07 12:36:58.085 - [26700/50000] loss: 1.3490 (1.2388), acc: 41.333% (47.367%)
Jun-07 12:37:00.862 - [26750/50000] loss: 1.2148 (1.2502), acc: 44.000% (46.752%)
Jun-07 12:37:03.715 - [26800/50000] loss: 1.2016 (1.2441), acc: 42.667% (47.053%)
Jun-07 12:37:06.491 - [26850/50000] loss: 0.8814 (1.2470), acc: 70.667% (46.952%)
Jun-07 12:37:09.272 - [26900/50000] loss: 1.4158 (1.2498), acc: 42.667% (46.807%)
Jun-07 12:37:12.054 - [26950/50000] loss: 1.1532 (1.2497), acc: 53.333% (46.868%)
Jun-07 12:37:14.981 - [27000/50000] loss: 1.2843 (1.2489), acc: 46.667% (46.877%)
Jun-07 12:37:22.035 - [27000] Eval (100 episode) - loss: 1.1809 +- 0.1845, acc: 51.213 +- 9.742%
Jun-07 12:37:22.035 - * Best accuracy so far *

Jun-07 12:37:23.844 - [27050/50000] loss: 0.9898 (1.2421), acc: 64.000% (47.440%)
Jun-07 12:37:25.727 - [27100/50000] loss: 1.2808 (1.2322), acc: 46.667% (47.347%)
Jun-07 12:37:27.626 - [27150/50000] loss: 1.0111 (1.2320), acc: 57.333% (47.209%)
Jun-07 12:37:29.702 - [27200/50000] loss: 0.9117 (1.2243), acc: 64.000% (47.947%)
Jun-07 12:37:32.472 - [27250/50000] loss: 1.4425 (1.2277), acc: 37.333% (47.835%)
Jun-07 12:37:35.295 - [27300/50000] loss: 0.9487 (1.2284), acc: 61.333% (47.849%)
Jun-07 12:37:38.101 - [27350/50000] loss: 1.2832 (1.2356), acc: 41.333% (47.554%)
Jun-07 12:37:40.891 - [27400/50000] loss: 1.2191 (1.2378), acc: 50.667% (47.587%)
Jun-07 12:37:43.681 - [27450/50000] loss: 1.2058 (1.2405), acc: 49.333% (47.437%)
Jun-07 12:37:46.579 - [27500/50000] loss: 1.1706 (1.2414), acc: 53.333% (47.312%)
Jun-07 12:37:53.652 - [27500] Eval (100 episode) - loss: 1.2234 +- 0.1998, acc: 49.000 +- 9.614%
Jun-07 12:37:55.468 - [27550/50000] loss: 0.8624 (1.3032), acc: 70.667% (45.093%)
Jun-07 12:37:57.259 - [27600/50000] loss: 1.2225 (1.2840), acc: 44.000% (45.440%)
Jun-07 12:37:59.062 - [27650/50000] loss: 1.2756 (1.2760), acc: 48.000% (45.662%)
Jun-07 12:38:01.062 - [27700/50000] loss: 1.2311 (1.2663), acc: 53.333% (46.333%)
Jun-07 12:38:03.869 - [27750/50000] loss: 1.1486 (1.2633), acc: 58.667% (46.533%)
Jun-07 12:38:06.654 - [27800/50000] loss: 1.3146 (1.2585), acc: 45.333% (46.676%)
Jun-07 12:38:09.498 - [27850/50000] loss: 1.3271 (1.2585), acc: 42.667% (46.598%)
Jun-07 12:38:12.298 - [27900/50000] loss: 1.2509 (1.2557), acc: 44.000% (46.793%)
Jun-07 12:38:15.170 - [27950/50000] loss: 1.3323 (1.2486), acc: 50.667% (47.129%)
Jun-07 12:38:18.041 - [28000/50000] loss: 1.4714 (1.2472), acc: 40.000% (47.312%)
Jun-07 12:38:25.167 - [28000] Eval (100 episode) - loss: 1.1998 +- 0.2154, acc: 50.800 +- 10.851%
Jun-07 12:38:26.972 - [28050/50000] loss: 1.3260 (1.2783), acc: 45.333% (45.493%)
Jun-07 12:38:28.751 - [28100/50000] loss: 1.1644 (1.2573), acc: 54.667% (46.413%)
Jun-07 12:38:30.559 - [28150/50000] loss: 1.2952 (1.2625), acc: 38.667% (46.569%)
Jun-07 12:38:32.597 - [28200/50000] loss: 1.2525 (1.2449), acc: 44.000% (47.347%)
Jun-07 12:38:35.455 - [28250/50000] loss: 1.4414 (1.2412), acc: 30.667% (47.408%)
Jun-07 12:38:38.254 - [28300/50000] loss: 1.1579 (1.2398), acc: 52.000% (47.387%)
Jun-07 12:38:41.060 - [28350/50000] loss: 1.0407 (1.2365), acc: 46.667% (47.550%)
Jun-07 12:38:44.000 - [28400/50000] loss: 1.3324 (1.2386), acc: 45.333% (47.513%)
Jun-07 12:38:46.780 - [28450/50000] loss: 1.1534 (1.2369), acc: 42.667% (47.511%)
Jun-07 12:38:49.573 - [28500/50000] loss: 1.0504 (1.2360), acc: 54.667% (47.557%)
Jun-07 12:38:56.794 - [28500] Eval (100 episode) - loss: 1.1896 +- 0.2087, acc: 50.520 +- 11.178%
Jun-07 12:38:58.571 - [28550/50000] loss: 1.4122 (1.2231), acc: 40.000% (48.507%)
Jun-07 12:39:00.361 - [28600/50000] loss: 1.3613 (1.2260), acc: 45.333% (47.587%)
Jun-07 12:39:02.232 - [28650/50000] loss: 1.1571 (1.2255), acc: 48.000% (47.849%)
Jun-07 12:39:04.551 - [28700/50000] loss: 1.1251 (1.2273), acc: 52.000% (47.653%)
Jun-07 12:39:07.340 - [28750/50000] loss: 1.0021 (1.2289), acc: 58.667% (47.648%)
Jun-07 12:39:10.106 - [28800/50000] loss: 1.1681 (1.2298), acc: 54.667% (47.702%)
Jun-07 12:39:13.036 - [28850/50000] loss: 1.2550 (1.2341), acc: 40.000% (47.512%)
Jun-07 12:39:15.899 - [28900/50000] loss: 1.3895 (1.2351), acc: 30.667% (47.453%)
Jun-07 12:39:18.761 - [28950/50000] loss: 1.2658 (1.2348), acc: 44.000% (47.511%)
Jun-07 12:39:21.541 - [29000/50000] loss: 1.2849 (1.2319), acc: 48.000% (47.645%)
Jun-07 12:39:28.621 - [29000] Eval (100 episode) - loss: 1.2420 +- 0.2029, acc: 48.413 +- 9.882%
Jun-07 12:39:30.422 - [29050/50000] loss: 1.3437 (1.2840), acc: 44.000% (46.533%)
Jun-07 12:39:32.218 - [29100/50000] loss: 1.0970 (1.2610), acc: 56.000% (47.160%)
Jun-07 12:39:34.022 - [29150/50000] loss: 1.1917 (1.2481), acc: 52.000% (47.502%)
Jun-07 12:39:36.133 - [29200/50000] loss: 1.2072 (1.2342), acc: 45.333% (47.967%)
Jun-07 12:39:38.920 - [29250/50000] loss: 1.1822 (1.2385), acc: 45.333% (47.621%)
Jun-07 12:39:41.712 - [29300/50000] loss: 1.4414 (1.2355), acc: 33.333% (47.671%)
Jun-07 12:39:44.493 - [29350/50000] loss: 1.2648 (1.2355), acc: 44.000% (47.657%)
Jun-07 12:39:47.273 - [29400/50000] loss: 1.2575 (1.2389), acc: 60.000% (47.497%)
Jun-07 12:39:50.076 - [29450/50000] loss: 1.2186 (1.2355), acc: 40.000% (47.701%)
Jun-07 12:39:53.024 - [29500/50000] loss: 0.9928 (1.2374), acc: 60.000% (47.645%)
Jun-07 12:40:00.091 - [29500] Eval (100 episode) - loss: 1.2092 +- 0.2236, acc: 50.587 +- 10.217%
Jun-07 12:40:01.892 - [29550/50000] loss: 1.0803 (1.1986), acc: 62.667% (48.320%)
Jun-07 12:40:03.717 - [29600/50000] loss: 1.5269 (1.2483), acc: 24.000% (46.760%)
Jun-07 12:40:05.514 - [29650/50000] loss: 1.1283 (1.2392), acc: 56.000% (47.387%)
Jun-07 12:40:07.578 - [29700/50000] loss: 1.1867 (1.2419), acc: 50.667% (47.013%)
Jun-07 12:40:10.377 - [29750/50000] loss: 1.2491 (1.2432), acc: 41.333% (47.147%)
Jun-07 12:40:13.305 - [29800/50000] loss: 1.4051 (1.2420), acc: 40.000% (47.276%)
Jun-07 12:40:16.087 - [29850/50000] loss: 1.4765 (1.2425), acc: 36.000% (47.166%)
Jun-07 12:40:18.895 - [29900/50000] loss: 1.3399 (1.2397), acc: 41.333% (47.293%)
Jun-07 12:40:21.729 - [29950/50000] loss: 1.3471 (1.2418), acc: 34.667% (47.179%)
Jun-07 12:40:24.522 - [30000/50000] loss: 1.0874 (1.2402), acc: 53.333% (47.152%)
Jun-07 12:40:31.562 - [30000] Eval (100 episode) - loss: 1.1919 +- 0.1836, acc: 51.027 +- 10.082%
Jun-07 12:40:33.369 - [30050/50000] loss: 0.9334 (1.2132), acc: 61.333% (49.120%)
Jun-07 12:40:35.149 - [30100/50000] loss: 1.1640 (1.2213), acc: 57.333% (48.307%)
Jun-07 12:40:36.941 - [30150/50000] loss: 0.9630 (1.2145), acc: 56.000% (48.791%)
Jun-07 12:40:39.101 - [30200/50000] loss: 1.1180 (1.2259), acc: 48.000% (48.320%)
Jun-07 12:40:41.864 - [30250/50000] loss: 1.3944 (1.2246), acc: 46.667% (48.373%)
Jun-07 12:40:44.649 - [30300/50000] loss: 1.4473 (1.2287), acc: 38.667% (47.951%)
Jun-07 12:40:47.569 - [30350/50000] loss: 1.2408 (1.2304), acc: 52.000% (48.011%)
Jun-07 12:40:50.361 - [30400/50000] loss: 1.3355 (1.2268), acc: 40.000% (48.263%)
Jun-07 12:40:53.163 - [30450/50000] loss: 1.4015 (1.2305), acc: 33.333% (48.080%)
Jun-07 12:40:56.025 - [30500/50000] loss: 1.3654 (1.2367), acc: 44.000% (47.784%)
Jun-07 12:41:03.075 - [30500] Eval (100 episode) - loss: 1.2134 +- 0.1927, acc: 50.840 +- 9.189%
Jun-07 12:41:04.868 - [30550/50000] loss: 1.2353 (1.2358), acc: 50.667% (47.680%)
Jun-07 12:41:06.679 - [30600/50000] loss: 1.1227 (1.2476), acc: 53.333% (46.707%)
Jun-07 12:41:08.481 - [30650/50000] loss: 1.4322 (1.2417), acc: 37.333% (46.827%)
Jun-07 12:41:10.492 - [30700/50000] loss: 1.0849 (1.2261), acc: 48.000% (47.860%)
Jun-07 12:41:13.378 - [30750/50000] loss: 1.3512 (1.2385), acc: 44.000% (47.296%)
Jun-07 12:41:16.153 - [30800/50000] loss: 1.0844 (1.2477), acc: 53.333% (47.089%)
Jun-07 12:41:18.951 - [30850/50000] loss: 0.9668 (1.2480), acc: 61.333% (47.059%)
Jun-07 12:41:21.805 - [30900/50000] loss: 1.0203 (1.2504), acc: 50.667% (46.933%)
Jun-07 12:41:24.570 - [30950/50000] loss: 1.4426 (1.2463), acc: 40.000% (47.182%)
Jun-07 12:41:27.368 - [31000/50000] loss: 1.1216 (1.2441), acc: 49.333% (47.288%)
Jun-07 12:41:34.401 - [31000] Eval (100 episode) - loss: 1.2647 +- 0.1809, acc: 47.867 +- 8.425%
Jun-07 12:41:36.213 - [31050/50000] loss: 1.4814 (1.2337), acc: 46.667% (47.253%)
Jun-07 12:41:37.998 - [31100/50000] loss: 1.4893 (1.2445), acc: 37.333% (47.067%)
Jun-07 12:41:39.790 - [31150/50000] loss: 1.0398 (1.2348), acc: 57.333% (47.556%)
Jun-07 12:41:41.855 - [31200/50000] loss: 1.4190 (1.2350), acc: 42.667% (47.413%)
Jun-07 12:41:44.654 - [31250/50000] loss: 1.1006 (1.2301), acc: 52.000% (47.909%)
Jun-07 12:41:47.440 - [31300/50000] loss: 1.0922 (1.2294), acc: 54.667% (48.000%)
Jun-07 12:41:50.269 - [31350/50000] loss: 1.3293 (1.2283), acc: 40.000% (48.084%)
Jun-07 12:41:53.086 - [31400/50000] loss: 1.0398 (1.2268), acc: 58.667% (48.220%)
Jun-07 12:41:55.864 - [31450/50000] loss: 1.3584 (1.2266), acc: 30.667% (48.178%)
Jun-07 12:41:58.774 - [31500/50000] loss: 1.2329 (1.2290), acc: 46.667% (48.099%)
Jun-07 12:42:05.813 - [31500] Eval (100 episode) - loss: 1.2377 +- 0.1961, acc: 49.067 +- 10.003%
Jun-07 12:42:07.775 - [31550/50000] loss: 1.3452 (1.2234), acc: 41.333% (48.427%)
Jun-07 12:42:09.582 - [31600/50000] loss: 1.1201 (1.2333), acc: 49.333% (47.533%)
Jun-07 12:42:11.439 - [31650/50000] loss: 1.1754 (1.2197), acc: 56.000% (48.240%)
Jun-07 12:42:13.519 - [31700/50000] loss: 1.1046 (1.2209), acc: 52.000% (47.780%)
Jun-07 12:42:16.361 - [31750/50000] loss: 1.3799 (1.2195), acc: 40.000% (47.824%)
Jun-07 12:42:19.142 - [31800/50000] loss: 1.2109 (1.2162), acc: 56.000% (48.058%)
Jun-07 12:42:21.935 - [31850/50000] loss: 1.1185 (1.2235), acc: 48.000% (47.859%)
Jun-07 12:42:24.805 - [31900/50000] loss: 1.7765 (1.2289), acc: 25.333% (47.640%)
Jun-07 12:42:27.646 - [31950/50000] loss: 1.0534 (1.2286), acc: 58.667% (47.564%)
Jun-07 12:42:30.475 - [32000/50000] loss: 1.3145 (1.2291), acc: 44.000% (47.608%)
Jun-07 12:42:37.621 - [32000] Eval (100 episode) - loss: 1.1861 +- 0.1972, acc: 51.560 +- 10.398%
Jun-07 12:42:37.622 - * Best accuracy so far *

Jun-07 12:42:39.424 - [32050/50000] loss: 1.2418 (1.2328), acc: 48.000% (48.907%)
Jun-07 12:42:41.224 - [32100/50000] loss: 1.1313 (1.2285), acc: 53.333% (48.693%)
Jun-07 12:42:43.033 - [32150/50000] loss: 1.3821 (1.2220), acc: 45.333% (49.111%)
Jun-07 12:42:45.145 - [32200/50000] loss: 1.3360 (1.2232), acc: 45.333% (48.753%)
Jun-07 12:42:47.936 - [32250/50000] loss: 1.0119 (1.2224), acc: 49.333% (48.741%)
Jun-07 12:42:50.771 - [32300/50000] loss: 1.2435 (1.2252), acc: 49.333% (48.529%)
Jun-07 12:42:53.570 - [32350/50000] loss: 1.2474 (1.2300), acc: 42.667% (48.259%)
Jun-07 12:42:56.341 - [32400/50000] loss: 1.2881 (1.2271), acc: 44.000% (48.427%)
Jun-07 12:42:59.206 - [32450/50000] loss: 1.1996 (1.2292), acc: 48.000% (48.095%)
Jun-07 12:43:02.025 - [32500/50000] loss: 1.3646 (1.2312), acc: 34.667% (48.053%)
Jun-07 12:43:09.143 - [32500] Eval (100 episode) - loss: 1.2210 +- 0.1731, acc: 49.267 +- 9.321%
Jun-07 12:43:10.936 - [32550/50000] loss: 1.4042 (1.2278), acc: 38.667% (48.400%)
Jun-07 12:43:12.721 - [32600/50000] loss: 1.0466 (1.2359), acc: 54.667% (47.600%)
Jun-07 12:43:14.533 - [32650/50000] loss: 1.3692 (1.2382), acc: 42.667% (47.378%)
Jun-07 12:43:16.625 - [32700/50000] loss: 1.0542 (1.2346), acc: 49.333% (47.173%)
Jun-07 12:43:19.407 - [32750/50000] loss: 1.2145 (1.2351), acc: 50.667% (47.189%)
Jun-07 12:43:22.236 - [32800/50000] loss: 1.1594 (1.2370), acc: 58.667% (47.244%)
Jun-07 12:43:25.025 - [32850/50000] loss: 1.1467 (1.2431), acc: 56.000% (47.063%)
Jun-07 12:43:27.777 - [32900/50000] loss: 1.2100 (1.2414), acc: 41.333% (47.257%)
Jun-07 12:43:30.621 - [32950/50000] loss: 1.5814 (1.2399), acc: 18.667% (47.316%)
Jun-07 12:43:33.422 - [33000/50000] loss: 0.9658 (1.2358), acc: 56.000% (47.475%)
Jun-07 12:43:40.639 - [33000] Eval (100 episode) - loss: 1.2223 +- 0.1824, acc: 48.960 +- 9.270%
Jun-07 12:43:42.456 - [33050/50000] loss: 1.6157 (1.2001), acc: 30.667% (48.213%)
Jun-07 12:43:44.258 - [33100/50000] loss: 1.3739 (1.2237), acc: 30.667% (47.360%)
Jun-07 12:43:46.075 - [33150/50000] loss: 1.5370 (1.2269), acc: 40.000% (47.529%)
Jun-07 12:43:48.117 - [33200/50000] loss: 0.9990 (1.2291), acc: 64.000% (47.687%)
Jun-07 12:43:50.966 - [33250/50000] loss: 1.4451 (1.2324), acc: 34.667% (47.600%)
Jun-07 12:43:53.754 - [33300/50000] loss: 1.5039 (1.2280), acc: 37.333% (47.791%)
Jun-07 12:43:56.607 - [33350/50000] loss: 1.0546 (1.2291), acc: 50.667% (47.817%)
Jun-07 12:43:59.400 - [33400/50000] loss: 1.1620 (1.2325), acc: 53.333% (47.650%)
Jun-07 12:44:02.240 - [33450/50000] loss: 1.0312 (1.2307), acc: 61.333% (47.662%)
Jun-07 12:44:05.154 - [33500/50000] loss: 1.1339 (1.2330), acc: 53.333% (47.536%)
Jun-07 12:44:12.167 - [33500] Eval (100 episode) - loss: 1.2348 +- 0.1996, acc: 48.880 +- 10.128%
Jun-07 12:44:14.013 - [33550/50000] loss: 1.2568 (1.2432), acc: 49.333% (48.480%)
Jun-07 12:44:15.809 - [33600/50000] loss: 1.2486 (1.2325), acc: 42.667% (47.960%)
Jun-07 12:44:17.595 - [33650/50000] loss: 1.4033 (1.2287), acc: 33.333% (47.778%)
Jun-07 12:44:19.613 - [33700/50000] loss: 1.5257 (1.2351), acc: 34.667% (47.593%)
Jun-07 12:44:22.414 - [33750/50000] loss: 1.1981 (1.2312), acc: 50.667% (47.760%)
Jun-07 12:44:25.190 - [33800/50000] loss: 1.3037 (1.2231), acc: 54.667% (48.080%)
Jun-07 12:44:27.994 - [33850/50000] loss: 1.1030 (1.2231), acc: 53.333% (48.057%)
Jun-07 12:44:30.908 - [33900/50000] loss: 1.0838 (1.2231), acc: 58.667% (48.093%)
Jun-07 12:44:33.813 - [33950/50000] loss: 1.3234 (1.2260), acc: 48.000% (48.012%)
Jun-07 12:44:36.669 - [34000/50000] loss: 1.2449 (1.2189), acc: 41.333% (48.296%)
Jun-07 12:44:43.870 - [34000] Eval (100 episode) - loss: 1.2159 +- 0.2167, acc: 49.827 +- 10.314%
Jun-07 12:44:45.752 - [34050/50000] loss: 1.1557 (1.1911), acc: 53.333% (49.013%)
Jun-07 12:44:47.527 - [34100/50000] loss: 1.1091 (1.2070), acc: 53.333% (48.387%)
Jun-07 12:44:49.323 - [34150/50000] loss: 1.2155 (1.2067), acc: 49.333% (48.107%)
Jun-07 12:44:51.430 - [34200/50000] loss: 1.5463 (1.2051), acc: 33.333% (48.473%)
Jun-07 12:44:54.287 - [34250/50000] loss: 1.0098 (1.2046), acc: 57.333% (48.544%)
Jun-07 12:44:57.061 - [34300/50000] loss: 1.2198 (1.2088), acc: 49.333% (48.284%)
Jun-07 12:44:59.976 - [34350/50000] loss: 1.1995 (1.2123), acc: 49.333% (48.286%)
Jun-07 12:45:02.865 - [34400/50000] loss: 1.0952 (1.2140), acc: 46.667% (48.123%)
Jun-07 12:45:05.755 - [34450/50000] loss: 1.2479 (1.2159), acc: 46.667% (48.160%)
Jun-07 12:45:08.610 - [34500/50000] loss: 1.1559 (1.2158), acc: 49.333% (48.216%)
Jun-07 12:45:15.693 - [34500] Eval (100 episode) - loss: 1.1807 +- 0.1856, acc: 51.653 +- 8.807%
Jun-07 12:45:15.693 - * Best accuracy so far *

Jun-07 12:45:17.491 - [34550/50000] loss: 1.0074 (1.2390), acc: 58.667% (47.707%)
Jun-07 12:45:19.280 - [34600/50000] loss: 1.8215 (1.2294), acc: 24.000% (48.107%)
Jun-07 12:45:21.149 - [34650/50000] loss: 1.3176 (1.2287), acc: 41.333% (48.107%)
Jun-07 12:45:23.222 - [34700/50000] loss: 1.0521 (1.2279), acc: 58.667% (48.240%)
Jun-07 12:45:26.058 - [34750/50000] loss: 0.9413 (1.2280), acc: 65.333% (48.075%)
Jun-07 12:45:28.951 - [34800/50000] loss: 1.0924 (1.2214), acc: 61.333% (48.307%)
Jun-07 12:45:31.752 - [34850/50000] loss: 0.9103 (1.2211), acc: 58.667% (48.160%)
Jun-07 12:45:34.522 - [34900/50000] loss: 1.1309 (1.2263), acc: 48.000% (47.893%)
Jun-07 12:45:37.300 - [34950/50000] loss: 1.2548 (1.2285), acc: 52.000% (47.796%)
Jun-07 12:45:40.178 - [35000/50000] loss: 1.2664 (1.2284), acc: 46.667% (47.893%)
Jun-07 12:45:47.448 - [35000] Eval (100 episode) - loss: 1.2509 +- 0.1965, acc: 47.880 +- 9.738%
Jun-07 12:45:49.258 - [35050/50000] loss: 1.1843 (1.2190), acc: 57.333% (48.560%)
Jun-07 12:45:51.056 - [35100/50000] loss: 1.2251 (1.2102), acc: 45.333% (49.160%)
Jun-07 12:45:52.934 - [35150/50000] loss: 1.4722 (1.2252), acc: 29.333% (48.462%)
Jun-07 12:45:54.924 - [35200/50000] loss: 1.0522 (1.2123), acc: 57.333% (49.213%)
Jun-07 12:45:57.736 - [35250/50000] loss: 0.8723 (1.2298), acc: 74.667% (48.325%)
Jun-07 12:46:00.575 - [35300/50000] loss: 1.3957 (1.2275), acc: 42.667% (48.342%)
Jun-07 12:46:03.437 - [35350/50000] loss: 1.1232 (1.2285), acc: 54.667% (48.335%)
Jun-07 12:46:06.254 - [35400/50000] loss: 1.0433 (1.2269), acc: 56.000% (48.373%)
Jun-07 12:46:09.033 - [35450/50000] loss: 1.0911 (1.2252), acc: 58.667% (48.474%)
Jun-07 12:46:11.900 - [35500/50000] loss: 1.1428 (1.2265), acc: 50.667% (48.333%)
Jun-07 12:46:19.096 - [35500] Eval (100 episode) - loss: 1.2156 +- 0.1952, acc: 49.787 +- 9.248%
Jun-07 12:46:20.896 - [35550/50000] loss: 1.3875 (1.2154), acc: 41.333% (48.427%)
Jun-07 12:46:22.689 - [35600/50000] loss: 1.0944 (1.2031), acc: 52.000% (49.000%)
Jun-07 12:46:24.566 - [35650/50000] loss: 1.3816 (1.1981), acc: 33.333% (49.493%)
Jun-07 12:46:26.659 - [35700/50000] loss: 1.2158 (1.2119), acc: 53.333% (48.820%)
Jun-07 12:46:29.435 - [35750/50000] loss: 1.2414 (1.2113), acc: 49.333% (49.120%)
Jun-07 12:46:32.219 - [35800/50000] loss: 0.9649 (1.2188), acc: 56.000% (48.600%)
Jun-07 12:46:35.025 - [35850/50000] loss: 1.3192 (1.2199), acc: 40.000% (48.632%)
Jun-07 12:46:37.803 - [35900/50000] loss: 0.9913 (1.2222), acc: 57.333% (48.463%)
Jun-07 12:46:40.600 - [35950/50000] loss: 1.3480 (1.2255), acc: 48.000% (48.281%)
Jun-07 12:46:43.449 - [36000/50000] loss: 1.3003 (1.2266), acc: 45.333% (48.307%)
Jun-07 12:46:50.499 - [36000] Eval (100 episode) - loss: 1.2168 +- 0.1940, acc: 50.027 +- 10.433%
Jun-07 12:46:52.287 - [36050/50000] loss: 1.1785 (1.1967), acc: 50.667% (49.413%)
Jun-07 12:46:54.160 - [36100/50000] loss: 1.3224 (1.2172), acc: 45.333% (47.827%)
Jun-07 12:46:55.947 - [36150/50000] loss: 0.9844 (1.2170), acc: 56.000% (48.320%)
Jun-07 12:46:58.100 - [36200/50000] loss: 1.1904 (1.2271), acc: 56.000% (47.840%)
Jun-07 12:47:00.888 - [36250/50000] loss: 1.1918 (1.2233), acc: 42.667% (48.096%)
Jun-07 12:47:03.687 - [36300/50000] loss: 1.1754 (1.2197), acc: 54.667% (48.311%)
Jun-07 12:47:06.460 - [36350/50000] loss: 1.1633 (1.2198), acc: 49.333% (48.350%)
Jun-07 12:47:09.243 - [36400/50000] loss: 0.9951 (1.2206), acc: 57.333% (48.290%)
Jun-07 12:47:12.046 - [36450/50000] loss: 1.1060 (1.2195), acc: 56.000% (48.335%)
Jun-07 12:47:15.025 - [36500/50000] loss: 1.1072 (1.2195), acc: 48.000% (48.341%)
Jun-07 12:47:22.077 - [36500] Eval (100 episode) - loss: 1.2033 +- 0.1743, acc: 50.307 +- 9.199%
Jun-07 12:47:23.883 - [36550/50000] loss: 1.3776 (1.2124), acc: 38.667% (48.880%)
Jun-07 12:47:25.685 - [36600/50000] loss: 1.2191 (1.2240), acc: 50.667% (48.787%)
Jun-07 12:47:27.523 - [36650/50000] loss: 1.3624 (1.2346), acc: 48.000% (47.991%)
Jun-07 12:47:29.619 - [36700/50000] loss: 1.2266 (1.2446), acc: 44.000% (47.487%)
Jun-07 12:47:32.427 - [36750/50000] loss: 1.0389 (1.2452), acc: 61.333% (47.413%)
Jun-07 12:47:35.325 - [36800/50000] loss: 1.0113 (1.2387), acc: 61.333% (47.560%)
Jun-07 12:47:38.177 - [36850/50000] loss: 1.3589 (1.2321), acc: 48.000% (47.867%)
Jun-07 12:47:41.055 - [36900/50000] loss: 1.2916 (1.2305), acc: 48.000% (47.863%)
Jun-07 12:47:43.870 - [36950/50000] loss: 1.2007 (1.2266), acc: 54.667% (47.988%)
Jun-07 12:47:46.693 - [37000/50000] loss: 1.3362 (1.2266), acc: 40.000% (47.923%)
Jun-07 12:47:53.839 - [37000] Eval (100 episode) - loss: 1.2305 +- 0.1965, acc: 48.373 +- 9.587%
Jun-07 12:47:55.667 - [37050/50000] loss: 1.1572 (1.2170), acc: 50.667% (48.587%)
Jun-07 12:47:57.533 - [37100/50000] loss: 0.8626 (1.2385), acc: 69.333% (47.400%)
Jun-07 12:47:59.322 - [37150/50000] loss: 1.0273 (1.2241), acc: 56.000% (48.080%)
Jun-07 12:48:01.371 - [37200/50000] loss: 1.3054 (1.2108), acc: 42.667% (49.007%)
Jun-07 12:48:04.155 - [37250/50000] loss: 1.0902 (1.2139), acc: 58.667% (48.688%)
Jun-07 12:48:07.047 - [37300/50000] loss: 1.1214 (1.2102), acc: 56.000% (48.907%)
Jun-07 12:48:09.855 - [37350/50000] loss: 1.0919 (1.2099), acc: 52.000% (48.968%)
Jun-07 12:48:12.662 - [37400/50000] loss: 1.1668 (1.2163), acc: 45.333% (48.740%)
Jun-07 12:48:15.501 - [37450/50000] loss: 1.0384 (1.2159), acc: 54.667% (48.708%)
Jun-07 12:48:18.412 - [37500/50000] loss: 1.1904 (1.2186), acc: 50.667% (48.568%)
Jun-07 12:48:25.473 - [37500] Eval (100 episode) - loss: 1.1562 +- 0.1891, acc: 52.400 +- 9.011%
Jun-07 12:48:25.473 - * Best accuracy so far *

Jun-07 12:48:27.282 - [37550/50000] loss: 1.2268 (1.2221), acc: 45.333% (47.867%)
Jun-07 12:48:29.151 - [37600/50000] loss: 1.0318 (1.2061), acc: 53.333% (48.760%)
Jun-07 12:48:30.928 - [37650/50000] loss: 1.2083 (1.2001), acc: 46.667% (49.058%)
Jun-07 12:48:34.518 - [37700/50000] loss: 1.5039 (1.2019), acc: 37.333% (48.980%)
Jun-07 12:48:37.401 - [37750/50000] loss: 1.3984 (1.2061), acc: 37.333% (48.912%)
Jun-07 12:48:40.229 - [37800/50000] loss: 1.2287 (1.2093), acc: 50.667% (48.924%)
Jun-07 12:48:43.254 - [37850/50000] loss: 1.1313 (1.2083), acc: 58.667% (49.116%)
Jun-07 12:48:46.266 - [37900/50000] loss: 1.4139 (1.2077), acc: 42.667% (49.173%)
Jun-07 12:48:49.344 - [37950/50000] loss: 1.2810 (1.2059), acc: 45.333% (49.221%)
Jun-07 12:48:52.466 - [38000/50000] loss: 1.2345 (1.2103), acc: 53.333% (48.939%)
Jun-07 12:49:00.610 - [38000] Eval (100 episode) - loss: 1.1770 +- 0.2114, acc: 51.280 +- 9.961%
Jun-07 12:49:02.532 - [38050/50000] loss: 1.2571 (1.2007), acc: 40.000% (49.387%)
Jun-07 12:49:04.454 - [38100/50000] loss: 1.4240 (1.1897), acc: 42.667% (50.200%)
Jun-07 12:49:06.340 - [38150/50000] loss: 1.3670 (1.2064), acc: 40.000% (49.244%)
Jun-07 12:49:08.391 - [38200/50000] loss: 1.1948 (1.2103), acc: 44.000% (48.813%)
Jun-07 12:49:11.424 - [38250/50000] loss: 1.2142 (1.2017), acc: 46.667% (49.195%)
Jun-07 12:49:14.463 - [38300/50000] loss: 1.3699 (1.2040), acc: 41.333% (49.138%)
Jun-07 12:49:17.500 - [38350/50000] loss: 1.0053 (1.2082), acc: 62.667% (48.933%)
Jun-07 12:49:20.702 - [38400/50000] loss: 1.3059 (1.2077), acc: 45.333% (49.013%)
Jun-07 12:49:23.553 - [38450/50000] loss: 1.6731 (1.2080), acc: 40.000% (48.963%)
Jun-07 12:49:26.478 - [38500/50000] loss: 1.1614 (1.2110), acc: 44.000% (48.803%)
Jun-07 12:49:33.646 - [38500] Eval (100 episode) - loss: 1.2074 +- 0.2266, acc: 49.707 +- 10.849%
Jun-07 12:49:35.523 - [38550/50000] loss: 1.1790 (1.2406), acc: 54.667% (48.000%)
Jun-07 12:49:37.335 - [38600/50000] loss: 1.3331 (1.2215), acc: 45.333% (49.267%)
Jun-07 12:49:39.137 - [38650/50000] loss: 1.2019 (1.2184), acc: 53.333% (49.378%)
Jun-07 12:49:41.198 - [38700/50000] loss: 1.3595 (1.2245), acc: 38.667% (48.793%)
Jun-07 12:49:43.988 - [38750/50000] loss: 1.2487 (1.2195), acc: 45.333% (49.067%)
Jun-07 12:49:46.843 - [38800/50000] loss: 1.4500 (1.2233), acc: 41.333% (48.716%)
Jun-07 12:49:49.651 - [38850/50000] loss: 1.0852 (1.2222), acc: 52.000% (48.636%)
Jun-07 12:49:52.511 - [38900/50000] loss: 1.0406 (1.2188), acc: 60.000% (48.833%)
Jun-07 12:49:55.317 - [38950/50000] loss: 1.2335 (1.2177), acc: 46.667% (48.809%)
Jun-07 12:49:58.159 - [39000/50000] loss: 1.0275 (1.2154), acc: 58.667% (48.899%)
Jun-07 12:50:05.309 - [39000] Eval (100 episode) - loss: 1.2017 +- 0.1895, acc: 50.187 +- 8.903%
Jun-07 12:50:07.108 - [39050/50000] loss: 1.0200 (1.2301), acc: 62.667% (48.347%)
Jun-07 12:50:08.884 - [39100/50000] loss: 1.2440 (1.2279), acc: 53.333% (48.227%)
Jun-07 12:50:10.684 - [39150/50000] loss: 1.2244 (1.2146), acc: 41.333% (48.773%)
Jun-07 12:50:12.752 - [39200/50000] loss: 1.1519 (1.2031), acc: 42.667% (49.180%)
Jun-07 12:50:15.535 - [39250/50000] loss: 1.1375 (1.2119), acc: 60.000% (48.656%)
Jun-07 12:50:18.318 - [39300/50000] loss: 1.1323 (1.2054), acc: 54.667% (49.044%)
Jun-07 12:50:21.131 - [39350/50000] loss: 1.0940 (1.2063), acc: 56.000% (48.960%)
Jun-07 12:50:23.887 - [39400/50000] loss: 1.0078 (1.2107), acc: 60.000% (48.593%)
Jun-07 12:50:26.675 - [39450/50000] loss: 1.3018 (1.2171), acc: 46.667% (48.305%)
Jun-07 12:50:29.438 - [39500/50000] loss: 1.0137 (1.2164), acc: 64.000% (48.395%)
Jun-07 12:50:36.445 - [39500] Eval (100 episode) - loss: 1.1873 +- 0.1970, acc: 51.187 +- 9.727%
Jun-07 12:50:38.233 - [39550/50000] loss: 1.2620 (1.2162), acc: 53.333% (48.507%)
Jun-07 12:50:40.025 - [39600/50000] loss: 1.0781 (1.1950), acc: 52.000% (49.653%)
Jun-07 12:50:41.816 - [39650/50000] loss: 1.1199 (1.2026), acc: 60.000% (49.520%)
Jun-07 12:50:43.953 - [39700/50000] loss: 1.2709 (1.2050), acc: 45.333% (49.300%)
Jun-07 12:50:48.200 - [39750/50000] loss: 1.1586 (1.1995), acc: 56.000% (49.760%)
Jun-07 12:50:51.025 - [39800/50000] loss: 1.0566 (1.1992), acc: 52.000% (49.671%)
Jun-07 12:50:53.851 - [39850/50000] loss: 1.2297 (1.1971), acc: 46.667% (49.672%)
Jun-07 12:50:56.675 - [39900/50000] loss: 1.0847 (1.1972), acc: 58.667% (49.673%)
Jun-07 12:50:59.534 - [39950/50000] loss: 1.2661 (1.1998), acc: 57.333% (49.612%)
Jun-07 12:51:02.413 - [40000/50000] loss: 1.0653 (1.2011), acc: 56.000% (49.600%)
Jun-07 12:51:09.768 - [40000] Eval (100 episode) - loss: 1.1889 +- 0.1977, acc: 50.760 +- 10.388%
Jun-07 12:51:11.610 - [40050/50000] loss: 1.1285 (1.2270), acc: 49.333% (47.893%)
Jun-07 12:51:13.471 - [40100/50000] loss: 1.5246 (1.1964), acc: 33.333% (49.507%)
Jun-07 12:51:15.302 - [40150/50000] loss: 1.5918 (1.2101), acc: 28.000% (48.880%)
Jun-07 12:51:17.492 - [40200/50000] loss: 1.2745 (1.2147), acc: 45.333% (48.673%)
Jun-07 12:51:20.289 - [40250/50000] loss: 1.2875 (1.2131), acc: 49.333% (48.651%)
Jun-07 12:51:23.074 - [40300/50000] loss: 1.1570 (1.2132), acc: 49.333% (48.747%)
Jun-07 12:51:25.899 - [40350/50000] loss: 1.2025 (1.2097), acc: 53.333% (48.907%)
Jun-07 12:51:28.708 - [40400/50000] loss: 1.1810 (1.2121), acc: 56.000% (48.760%)
Jun-07 12:51:31.573 - [40450/50000] loss: 1.0350 (1.2124), acc: 56.000% (48.791%)
Jun-07 12:51:34.433 - [40500/50000] loss: 0.8569 (1.2099), acc: 69.333% (48.928%)
Jun-07 12:51:41.551 - [40500] Eval (100 episode) - loss: 1.1699 +- 0.2171, acc: 52.093 +- 10.334%
Jun-07 12:51:43.467 - [40550/50000] loss: 1.3519 (1.1410), acc: 33.333% (52.560%)
Jun-07 12:51:45.338 - [40600/50000] loss: 1.0518 (1.1768), acc: 60.000% (50.760%)
Jun-07 12:51:47.182 - [40650/50000] loss: 1.1068 (1.1738), acc: 52.000% (50.453%)
Jun-07 12:51:49.201 - [40700/50000] loss: 1.2876 (1.1774), acc: 36.000% (50.427%)
Jun-07 12:51:51.970 - [40750/50000] loss: 1.0033 (1.1780), acc: 61.333% (50.368%)
Jun-07 12:51:54.777 - [40800/50000] loss: 1.2736 (1.1868), acc: 50.667% (49.893%)
Jun-07 12:51:57.555 - [40850/50000] loss: 1.0841 (1.1893), acc: 49.333% (49.752%)
Jun-07 12:52:00.349 - [40900/50000] loss: 1.1084 (1.1865), acc: 50.667% (49.947%)
Jun-07 12:52:03.135 - [40950/50000] loss: 1.3864 (1.1872), acc: 37.333% (49.879%)
Jun-07 12:52:05.940 - [41000/50000] loss: 1.0407 (1.1914), acc: 52.000% (49.693%)
Jun-07 12:52:13.190 - [41000] Eval (100 episode) - loss: 1.2063 +- 0.2242, acc: 50.027 +- 11.864%
Jun-07 12:52:14.993 - [41050/50000] loss: 1.2004 (1.2108), acc: 48.000% (48.373%)
Jun-07 12:52:16.769 - [41100/50000] loss: 1.0887 (1.2151), acc: 46.667% (48.493%)
Jun-07 12:52:18.637 - [41150/50000] loss: 1.2374 (1.2211), acc: 48.000% (48.107%)
Jun-07 12:52:20.731 - [41200/50000] loss: 1.2181 (1.2179), acc: 41.333% (48.173%)
Jun-07 12:52:23.588 - [41250/50000] loss: 1.5102 (1.2128), acc: 34.667% (48.288%)
Jun-07 12:52:26.470 - [41300/50000] loss: 1.0610 (1.2089), acc: 53.333% (48.676%)
Jun-07 12:52:29.345 - [41350/50000] loss: 1.4802 (1.2100), acc: 26.667% (48.731%)
Jun-07 12:52:32.149 - [41400/50000] loss: 1.1113 (1.2111), acc: 45.333% (48.570%)
Jun-07 12:52:34.954 - [41450/50000] loss: 1.2763 (1.2110), acc: 48.000% (48.782%)
Jun-07 12:52:37.739 - [41500/50000] loss: 1.0516 (1.2108), acc: 50.667% (48.805%)
Jun-07 12:52:44.849 - [41500] Eval (100 episode) - loss: 1.2104 +- 0.2300, acc: 49.493 +- 10.387%
Jun-07 12:52:46.767 - [41550/50000] loss: 1.3385 (1.1786), acc: 44.000% (51.147%)
Jun-07 12:52:48.569 - [41600/50000] loss: 1.1166 (1.1944), acc: 53.333% (50.133%)
Jun-07 12:52:50.444 - [41650/50000] loss: 1.0146 (1.2112), acc: 60.000% (49.458%)
Jun-07 12:52:52.412 - [41700/50000] loss: 1.4774 (1.2157), acc: 33.333% (49.120%)
Jun-07 12:52:55.211 - [41750/50000] loss: 1.2492 (1.2061), acc: 56.000% (49.387%)
Jun-07 12:52:58.014 - [41800/50000] loss: 1.3707 (1.2011), acc: 41.333% (49.498%)
Jun-07 12:53:00.962 - [41850/50000] loss: 1.2661 (1.2003), acc: 46.667% (49.623%)
Jun-07 12:53:03.759 - [41900/50000] loss: 1.0240 (1.2011), acc: 60.000% (49.520%)
Jun-07 12:53:06.591 - [41950/50000] loss: 1.0879 (1.2030), acc: 54.667% (49.541%)
Jun-07 12:53:09.374 - [42000/50000] loss: 1.0485 (1.2002), acc: 54.667% (49.677%)
Jun-07 12:53:16.510 - [42000] Eval (100 episode) - loss: 1.2126 +- 0.2155, acc: 49.427 +- 10.639%
Jun-07 12:53:18.313 - [42050/50000] loss: 1.1917 (1.2479), acc: 45.333% (47.467%)
Jun-07 12:53:20.099 - [42100/50000] loss: 1.0154 (1.2445), acc: 58.667% (47.840%)
Jun-07 12:53:21.983 - [42150/50000] loss: 1.0949 (1.2408), acc: 50.667% (47.680%)
Jun-07 12:53:24.052 - [42200/50000] loss: 1.6251 (1.2259), acc: 30.667% (47.967%)
Jun-07 12:53:26.936 - [42250/50000] loss: 0.9819 (1.2120), acc: 50.667% (48.533%)
Jun-07 12:53:29.724 - [42300/50000] loss: 1.0897 (1.2081), acc: 58.667% (48.684%)
Jun-07 12:53:32.536 - [42350/50000] loss: 1.1605 (1.2094), acc: 49.333% (48.667%)
Jun-07 12:53:35.347 - [42400/50000] loss: 1.2626 (1.2066), acc: 48.000% (48.803%)
Jun-07 12:53:38.121 - [42450/50000] loss: 1.4103 (1.2075), acc: 36.000% (48.859%)
Jun-07 12:53:40.920 - [42500/50000] loss: 1.3856 (1.2058), acc: 38.667% (49.008%)
Jun-07 12:53:48.078 - [42500] Eval (100 episode) - loss: 1.2079 +- 0.2088, acc: 49.507 +- 9.506%
Jun-07 12:53:49.887 - [42550/50000] loss: 1.5280 (1.2165), acc: 24.000% (49.467%)
Jun-07 12:53:51.763 - [42600/50000] loss: 1.1026 (1.2018), acc: 60.000% (49.400%)
Jun-07 12:53:53.621 - [42650/50000] loss: 1.0703 (1.2000), acc: 58.667% (49.564%)
Jun-07 12:53:55.632 - [42700/50000] loss: 1.1813 (1.1935), acc: 50.667% (49.747%)
Jun-07 12:53:58.416 - [42750/50000] loss: 1.2432 (1.2009), acc: 41.333% (49.477%)
Jun-07 12:54:01.284 - [42800/50000] loss: 1.3439 (1.1981), acc: 44.000% (49.618%)
Jun-07 12:54:04.089 - [42850/50000] loss: 1.4223 (1.2007), acc: 42.667% (49.436%)
Jun-07 12:54:06.922 - [42900/50000] loss: 1.1415 (1.1984), acc: 53.333% (49.483%)
Jun-07 12:54:09.715 - [42950/50000] loss: 1.3087 (1.2018), acc: 45.333% (49.256%)
Jun-07 12:54:12.496 - [43000/50000] loss: 1.4065 (1.2021), acc: 37.333% (49.291%)
Jun-07 12:54:19.545 - [43000] Eval (100 episode) - loss: 1.1882 +- 0.2323, acc: 50.707 +- 11.332%
Jun-07 12:54:21.364 - [43050/50000] loss: 0.9724 (1.1765), acc: 54.667% (50.507%)
Jun-07 12:54:23.160 - [43100/50000] loss: 0.9455 (1.1946), acc: 65.333% (49.613%)
Jun-07 12:54:24.955 - [43150/50000] loss: 1.2795 (1.1952), acc: 42.667% (49.440%)
Jun-07 12:54:26.977 - [43200/50000] loss: 1.2164 (1.2019), acc: 49.333% (49.227%)
Jun-07 12:54:29.769 - [43250/50000] loss: 1.0424 (1.2004), acc: 60.000% (49.189%)
Jun-07 12:54:32.721 - [43300/50000] loss: 1.2455 (1.1966), acc: 50.667% (49.227%)
Jun-07 12:54:35.717 - [43350/50000] loss: 1.2325 (1.1990), acc: 48.000% (48.975%)
Jun-07 12:54:38.505 - [43400/50000] loss: 1.3333 (1.2026), acc: 41.333% (48.860%)
Jun-07 12:54:41.358 - [43450/50000] loss: 1.1487 (1.2020), acc: 56.000% (48.954%)
Jun-07 12:54:44.135 - [43500/50000] loss: 1.1337 (1.2019), acc: 48.000% (49.080%)
Jun-07 12:54:51.172 - [43500] Eval (100 episode) - loss: 1.2144 +- 0.2143, acc: 50.387 +- 10.991%
Jun-07 12:54:52.946 - [43550/50000] loss: 1.4035 (1.1778), acc: 40.000% (49.893%)
Jun-07 12:54:54.730 - [43600/50000] loss: 1.0232 (1.1772), acc: 53.333% (50.720%)
Jun-07 12:54:56.511 - [43650/50000] loss: 1.3946 (1.1910), acc: 37.333% (50.107%)
Jun-07 12:54:58.691 - [43700/50000] loss: 1.1741 (1.1829), acc: 50.667% (50.660%)
Jun-07 12:55:01.502 - [43750/50000] loss: 1.2831 (1.1859), acc: 44.000% (50.411%)
Jun-07 12:55:04.298 - [43800/50000] loss: 1.1068 (1.1892), acc: 52.000% (50.151%)
Jun-07 12:55:07.175 - [43850/50000] loss: 1.1321 (1.1942), acc: 52.000% (49.844%)
Jun-07 12:55:10.088 - [43900/50000] loss: 1.3445 (1.1934), acc: 40.000% (49.857%)
Jun-07 12:55:12.914 - [43950/50000] loss: 1.1439 (1.1915), acc: 52.000% (49.929%)
Jun-07 12:55:15.713 - [44000/50000] loss: 1.2436 (1.1946), acc: 45.333% (49.805%)
Jun-07 12:55:22.781 - [44000] Eval (100 episode) - loss: 1.2023 +- 0.2233, acc: 50.147 +- 10.290%
Jun-07 12:55:24.595 - [44050/50000] loss: 1.1439 (1.1526), acc: 54.667% (53.440%)
Jun-07 12:55:26.394 - [44100/50000] loss: 1.4326 (1.1847), acc: 45.333% (50.867%)
Jun-07 12:55:28.193 - [44150/50000] loss: 1.3229 (1.1856), acc: 45.333% (50.480%)
Jun-07 12:55:30.307 - [44200/50000] loss: 1.2223 (1.1852), acc: 42.667% (50.400%)
Jun-07 12:55:33.155 - [44250/50000] loss: 1.0194 (1.1897), acc: 57.333% (50.064%)
Jun-07 12:55:36.010 - [44300/50000] loss: 1.3913 (1.1943), acc: 37.333% (49.933%)
Jun-07 12:55:38.877 - [44350/50000] loss: 1.2694 (1.1983), acc: 49.333% (49.840%)
Jun-07 12:55:41.652 - [44400/50000] loss: 1.3633 (1.2003), acc: 44.000% (49.670%)
Jun-07 12:55:44.650 - [44450/50000] loss: 1.1757 (1.2017), acc: 48.000% (49.567%)
Jun-07 12:55:47.492 - [44500/50000] loss: 1.4971 (1.2036), acc: 37.333% (49.427%)
Jun-07 12:55:54.552 - [44500] Eval (100 episode) - loss: 1.1521 +- 0.2006, acc: 51.933 +- 9.871%
Jun-07 12:55:56.356 - [44550/50000] loss: 1.3749 (1.2426), acc: 44.000% (47.520%)
Jun-07 12:55:58.133 - [44600/50000] loss: 1.4556 (1.2357), acc: 41.333% (47.520%)
Jun-07 12:56:00.045 - [44650/50000] loss: 1.4422 (1.2295), acc: 40.000% (48.036%)
Jun-07 12:56:02.258 - [44700/50000] loss: 1.1647 (1.2181), acc: 56.000% (48.593%)
Jun-07 12:56:05.043 - [44750/50000] loss: 1.4681 (1.2129), acc: 33.333% (48.747%)
Jun-07 12:56:07.858 - [44800/50000] loss: 1.0248 (1.2119), acc: 57.333% (48.613%)
Jun-07 12:56:10.671 - [44850/50000] loss: 1.1781 (1.2034), acc: 50.667% (48.990%)
Jun-07 12:56:13.452 - [44900/50000] loss: 1.3414 (1.2029), acc: 45.333% (48.960%)
Jun-07 12:56:16.261 - [44950/50000] loss: 1.3219 (1.2010), acc: 38.667% (49.197%)
Jun-07 12:56:19.112 - [45000/50000] loss: 1.1523 (1.2010), acc: 53.333% (49.315%)
Jun-07 12:56:26.163 - [45000] Eval (100 episode) - loss: 1.1850 +- 0.2373, acc: 51.627 +- 11.259%
Jun-07 12:56:27.974 - [45050/50000] loss: 1.4525 (1.1469), acc: 40.000% (51.147%)
Jun-07 12:56:29.817 - [45100/50000] loss: 1.1230 (1.1773), acc: 49.333% (49.947%)
Jun-07 12:56:31.604 - [45150/50000] loss: 1.4414 (1.1749), acc: 41.333% (50.507%)
Jun-07 12:56:33.642 - [45200/50000] loss: 1.4369 (1.1850), acc: 33.333% (49.953%)
Jun-07 12:56:36.446 - [45250/50000] loss: 0.8048 (1.1841), acc: 77.333% (50.048%)
Jun-07 12:56:39.280 - [45300/50000] loss: 1.0376 (1.1825), acc: 57.333% (50.262%)
Jun-07 12:56:42.084 - [45350/50000] loss: 1.4438 (1.1819), acc: 41.333% (50.366%)
Jun-07 12:56:44.867 - [45400/50000] loss: 1.4770 (1.1795), acc: 37.333% (50.493%)
Jun-07 12:56:47.833 - [45450/50000] loss: 1.2799 (1.1807), acc: 44.000% (50.450%)
Jun-07 12:56:50.725 - [45500/50000] loss: 1.0982 (1.1797), acc: 38.667% (50.507%)
Jun-07 12:56:57.824 - [45500] Eval (100 episode) - loss: 1.1676 +- 0.1961, acc: 52.133 +- 9.523%
Jun-07 12:56:59.630 - [45550/50000] loss: 1.5388 (1.2099), acc: 42.667% (49.013%)
Jun-07 12:57:01.443 - [45600/50000] loss: 1.0276 (1.2118), acc: 56.000% (48.640%)
Jun-07 12:57:03.328 - [45650/50000] loss: 1.4358 (1.2097), acc: 33.333% (48.836%)
Jun-07 12:57:05.297 - [45700/50000] loss: 1.0687 (1.2075), acc: 44.000% (48.807%)
Jun-07 12:57:08.112 - [45750/50000] loss: 1.4608 (1.2073), acc: 33.333% (48.667%)
Jun-07 12:57:10.919 - [45800/50000] loss: 1.1541 (1.2090), acc: 53.333% (48.747%)
Jun-07 12:57:13.768 - [45850/50000] loss: 1.3963 (1.2125), acc: 30.667% (48.590%)
Jun-07 12:57:16.648 - [45900/50000] loss: 1.0626 (1.2091), acc: 64.000% (48.907%)
Jun-07 12:57:20.961 - [45950/50000] loss: 1.1699 (1.2064), acc: 56.000% (48.936%)
Jun-07 12:57:23.832 - [46000/50000] loss: 1.3547 (1.2030), acc: 41.333% (49.157%)
Jun-07 12:57:30.909 - [46000] Eval (100 episode) - loss: 1.1695 +- 0.2111, acc: 51.107 +- 10.723%
Jun-07 12:57:32.711 - [46050/50000] loss: 0.9480 (1.1855), acc: 54.667% (50.427%)
Jun-07 12:57:34.561 - [46100/50000] loss: 1.0816 (1.1853), acc: 58.667% (50.413%)
Jun-07 12:57:36.367 - [46150/50000] loss: 1.3101 (1.1819), acc: 46.667% (50.533%)
Jun-07 12:57:38.445 - [46200/50000] loss: 1.1766 (1.1832), acc: 48.000% (50.400%)
Jun-07 12:57:41.231 - [46250/50000] loss: 1.2003 (1.1802), acc: 48.000% (50.720%)
Jun-07 12:57:44.108 - [46300/50000] loss: 1.3554 (1.1836), acc: 38.667% (50.511%)
Jun-07 12:57:47.086 - [46350/50000] loss: 1.0197 (1.1857), acc: 58.667% (50.255%)
Jun-07 12:57:49.963 - [46400/50000] loss: 1.0166 (1.1818), acc: 62.667% (50.433%)
Jun-07 12:57:52.937 - [46450/50000] loss: 1.1912 (1.1858), acc: 49.333% (50.107%)
Jun-07 12:57:55.902 - [46500/50000] loss: 0.9453 (1.1844), acc: 65.333% (50.059%)
Jun-07 12:58:03.598 - [46500] Eval (100 episode) - loss: 1.2353 +- 0.2089, acc: 48.707 +- 9.802%
Jun-07 12:58:05.479 - [46550/50000] loss: 1.2463 (1.1828), acc: 45.333% (52.000%)
Jun-07 12:58:07.370 - [46600/50000] loss: 1.1272 (1.1843), acc: 52.000% (50.907%)
Jun-07 12:58:09.315 - [46650/50000] loss: 1.2219 (1.1768), acc: 46.667% (50.764%)
Jun-07 12:58:11.213 - [46700/50000] loss: 1.0249 (1.1861), acc: 57.333% (50.247%)
Jun-07 12:58:14.178 - [46750/50000] loss: 1.4803 (1.1877), acc: 34.667% (49.936%)
Jun-07 12:58:17.108 - [46800/50000] loss: 1.1224 (1.1876), acc: 56.000% (49.880%)
Jun-07 12:58:20.069 - [46850/50000] loss: 1.2028 (1.1917), acc: 48.000% (49.733%)
Jun-07 12:58:23.022 - [46900/50000] loss: 1.0119 (1.1930), acc: 60.000% (49.660%)
Jun-07 12:58:25.897 - [46950/50000] loss: 1.3536 (1.1931), acc: 41.333% (49.665%)
Jun-07 12:58:28.888 - [47000/50000] loss: 1.2277 (1.1919), acc: 45.333% (49.672%)
Jun-07 12:58:36.422 - [47000] Eval (100 episode) - loss: 1.1823 +- 0.2052, acc: 49.720 +- 10.538%
Jun-07 12:58:38.341 - [47050/50000] loss: 1.0519 (1.1947), acc: 49.333% (50.187%)
Jun-07 12:58:40.224 - [47100/50000] loss: 1.3747 (1.2005), acc: 37.333% (50.400%)
Jun-07 12:58:42.106 - [47150/50000] loss: 1.0857 (1.2053), acc: 49.333% (50.089%)
Jun-07 12:58:44.050 - [47200/50000] loss: 1.0639 (1.2095), acc: 56.000% (49.807%)
Jun-07 12:58:46.990 - [47250/50000] loss: 0.9620 (1.2116), acc: 64.000% (49.595%)
Jun-07 12:58:49.929 - [47300/50000] loss: 1.0655 (1.2046), acc: 62.667% (49.604%)
Jun-07 12:58:52.971 - [47350/50000] loss: 1.2848 (1.2055), acc: 42.667% (49.539%)
Jun-07 12:58:55.952 - [47400/50000] loss: 1.1832 (1.2039), acc: 49.333% (49.513%)
Jun-07 12:58:58.903 - [47450/50000] loss: 1.1127 (1.2011), acc: 54.667% (49.650%)
Jun-07 12:59:01.896 - [47500/50000] loss: 1.2380 (1.1990), acc: 44.000% (49.672%)
Jun-07 12:59:09.648 - [47500] Eval (100 episode) - loss: 1.2055 +- 0.2024, acc: 50.733 +- 9.577%
Jun-07 12:59:11.539 - [47550/50000] loss: 1.1118 (1.1688), acc: 57.333% (50.533%)
Jun-07 12:59:13.439 - [47600/50000] loss: 1.2714 (1.1834), acc: 53.333% (50.147%)
Jun-07 12:59:15.333 - [47650/50000] loss: 1.2339 (1.1800), acc: 44.000% (50.267%)
Jun-07 12:59:17.350 - [47700/50000] loss: 1.2493 (1.1724), acc: 49.333% (50.733%)
Jun-07 12:59:20.302 - [47750/50000] loss: 1.3863 (1.1707), acc: 45.333% (50.757%)
Jun-07 12:59:23.255 - [47800/50000] loss: 1.5316 (1.1742), acc: 38.667% (50.542%)
Jun-07 12:59:26.227 - [47850/50000] loss: 1.3724 (1.1752), acc: 41.333% (50.522%)
Jun-07 12:59:29.188 - [47900/50000] loss: 1.1036 (1.1790), acc: 58.667% (50.347%)
Jun-07 12:59:32.177 - [47950/50000] loss: 1.0801 (1.1769), acc: 53.333% (50.403%)
Jun-07 12:59:35.179 - [48000/50000] loss: 1.2752 (1.1768), acc: 45.333% (50.371%)
Jun-07 12:59:42.921 - [48000] Eval (100 episode) - loss: 1.1605 +- 0.2040, acc: 51.547 +- 9.552%
Jun-07 12:59:44.861 - [48050/50000] loss: 1.0904 (1.2079), acc: 53.333% (49.520%)
Jun-07 12:59:46.742 - [48100/50000] loss: 1.1930 (1.1815), acc: 52.000% (50.293%)
Jun-07 12:59:48.638 - [48150/50000] loss: 1.3124 (1.1688), acc: 48.000% (51.333%)
Jun-07 12:59:50.557 - [48200/50000] loss: 1.0044 (1.1780), acc: 58.667% (51.207%)
Jun-07 12:59:53.599 - [48250/50000] loss: 1.5608 (1.1831), acc: 36.000% (50.800%)
Jun-07 12:59:56.571 - [48300/50000] loss: 1.1321 (1.1916), acc: 54.667% (50.302%)
Jun-07 12:59:59.506 - [48350/50000] loss: 1.0410 (1.1933), acc: 61.333% (50.198%)
Jun-07 13:00:02.531 - [48400/50000] loss: 1.0638 (1.1936), acc: 53.333% (50.220%)
Jun-07 13:00:05.479 - [48450/50000] loss: 1.2021 (1.1965), acc: 48.000% (50.101%)
Jun-07 13:00:08.422 - [48500/50000] loss: 1.1712 (1.1962), acc: 49.333% (50.093%)
Jun-07 13:00:16.015 - [48500] Eval (100 episode) - loss: 1.2251 +- 0.2047, acc: 49.133 +- 10.181%
Jun-07 13:00:17.946 - [48550/50000] loss: 1.1505 (1.1670), acc: 46.667% (51.280%)
Jun-07 13:00:19.839 - [48600/50000] loss: 1.2036 (1.1843), acc: 45.333% (50.307%)
Jun-07 13:00:21.810 - [48650/50000] loss: 1.1713 (1.1804), acc: 46.667% (50.560%)
Jun-07 13:00:23.735 - [48700/50000] loss: 1.0988 (1.1806), acc: 54.667% (50.747%)
Jun-07 13:00:26.692 - [48750/50000] loss: 0.9856 (1.1862), acc: 58.667% (50.352%)
Jun-07 13:00:29.636 - [48800/50000] loss: 1.2569 (1.1889), acc: 42.667% (50.093%)
Jun-07 13:00:32.699 - [48850/50000] loss: 1.2915 (1.1843), acc: 49.333% (50.373%)
Jun-07 13:00:35.662 - [48900/50000] loss: 1.7029 (1.1862), acc: 24.000% (50.280%)
Jun-07 13:00:38.647 - [48950/50000] loss: 1.1943 (1.1898), acc: 48.000% (50.148%)
Jun-07 13:00:41.613 - [49000/50000] loss: 1.1413 (1.1888), acc: 50.667% (50.192%)
Jun-07 13:00:49.220 - [49000] Eval (100 episode) - loss: 1.1929 +- 0.2165, acc: 49.373 +- 10.867%
Jun-07 13:00:51.124 - [49050/50000] loss: 1.1339 (1.1920), acc: 57.333% (49.520%)
Jun-07 13:00:53.031 - [49100/50000] loss: 1.1132 (1.1807), acc: 62.667% (50.373%)
Jun-07 13:00:54.997 - [49150/50000] loss: 1.1710 (1.1854), acc: 58.667% (50.062%)
Jun-07 13:00:56.929 - [49200/50000] loss: 0.8734 (1.1759), acc: 68.000% (50.540%)
Jun-07 13:00:59.970 - [49250/50000] loss: 1.1691 (1.1828), acc: 46.667% (50.251%)
Jun-07 13:01:02.983 - [49300/50000] loss: 1.4014 (1.1833), acc: 40.000% (50.204%)
Jun-07 13:01:05.930 - [49350/50000] loss: 1.2723 (1.1793), acc: 44.000% (50.350%)
Jun-07 13:01:08.841 - [49400/50000] loss: 0.8821 (1.1792), acc: 69.333% (50.403%)
Jun-07 13:01:11.798 - [49450/50000] loss: 1.2263 (1.1854), acc: 48.000% (50.201%)
Jun-07 13:01:14.759 - [49500/50000] loss: 1.0482 (1.1854), acc: 52.000% (50.091%)
Jun-07 13:01:22.381 - [49500] Eval (100 episode) - loss: 1.1710 +- 0.2214, acc: 52.013 +- 10.594%
Jun-07 13:01:24.276 - [49550/50000] loss: 0.9644 (1.1755), acc: 53.333% (50.320%)
Jun-07 13:01:26.185 - [49600/50000] loss: 1.0321 (1.1808), acc: 54.667% (50.667%)
Jun-07 13:01:28.085 - [49650/50000] loss: 1.1269 (1.1731), acc: 53.333% (51.040%)
Jun-07 13:01:30.056 - [49700/50000] loss: 1.1422 (1.1842), acc: 46.667% (50.353%)
Jun-07 13:01:33.038 - [49750/50000] loss: 1.4125 (1.1718), acc: 38.667% (51.019%)
Jun-07 13:01:36.021 - [49800/50000] loss: 1.1083 (1.1714), acc: 52.000% (50.991%)
Jun-07 13:01:39.095 - [49850/50000] loss: 1.2489 (1.1757), acc: 42.667% (50.735%)
Jun-07 13:01:42.231 - [49900/50000] loss: 1.1902 (1.1744), acc: 44.000% (50.787%)
Jun-07 13:01:45.160 - [49950/50000] loss: 1.1078 (1.1741), acc: 49.333% (50.658%)
Jun-07 13:01:48.047 - Done
