Jun-07 12:57:18.899 - Logger at /home/erginbas/LSTM-MetaLearner/logs/log-75-5/console.log
Jun-07 12:57:18.900 - Seed: 75
Jun-07 12:57:20.546 - Start training
Jun-07 12:57:53.058 - [   50/50000] loss: 1.5945 (1.7401), acc: 26.667% (23.765%)
Jun-07 12:57:56.347 - [  100/50000] loss: 1.5869 (1.6890), acc: 21.333% (23.894%)
Jun-07 12:57:59.702 - [  150/50000] loss: 1.5899 (1.6535), acc: 33.333% (24.901%)
Jun-07 12:58:03.127 - [  200/50000] loss: 1.5447 (1.6320), acc: 32.000% (25.612%)
Jun-07 12:58:06.367 - [  250/50000] loss: 1.5717 (1.6174), acc: 29.333% (26.151%)
Jun-07 12:58:09.576 - [  300/50000] loss: 1.6116 (1.6036), acc: 26.667% (27.052%)
Jun-07 12:58:12.776 - [  350/50000] loss: 1.4568 (1.5946), acc: 33.333% (27.480%)
Jun-07 12:58:15.998 - [  400/50000] loss: 1.4454 (1.5871), acc: 33.333% (27.927%)
Jun-07 12:58:19.228 - [  450/50000] loss: 1.5733 (1.5816), acc: 26.667% (28.263%)
Jun-07 12:58:22.439 - [  500/50000] loss: 1.5456 (1.5799), acc: 26.667% (28.258%)
Jun-07 12:58:32.060 - [  500] Eval (100 episode) - loss: 1.5057 +- 0.0645, acc: 34.293 +- 7.699%
Jun-07 12:58:32.060 - * Best accuracy so far *

Jun-07 12:58:34.673 - [  550/50000] loss: 1.4854 (1.5399), acc: 36.000% (30.107%)
Jun-07 12:58:37.879 - [  600/50000] loss: 1.4555 (1.5364), acc: 32.000% (29.827%)
Jun-07 12:58:41.080 - [  650/50000] loss: 1.6459 (1.5304), acc: 21.333% (30.044%)
Jun-07 12:58:44.353 - [  700/50000] loss: 1.6927 (1.5307), acc: 20.000% (30.313%)
Jun-07 12:58:47.589 - [  750/50000] loss: 1.5213 (1.5265), acc: 37.333% (30.645%)
Jun-07 12:58:50.817 - [  800/50000] loss: 1.4668 (1.5220), acc: 42.667% (31.040%)
Jun-07 12:58:54.064 - [  850/50000] loss: 1.3474 (1.5211), acc: 44.000% (31.177%)
Jun-07 12:58:57.290 - [  900/50000] loss: 1.4249 (1.5214), acc: 42.667% (31.217%)
Jun-07 12:59:00.547 - [  950/50000] loss: 1.4415 (1.5226), acc: 37.333% (31.070%)
Jun-07 12:59:03.825 - [ 1000/50000] loss: 1.4841 (1.5207), acc: 37.333% (31.299%)
Jun-07 12:59:10.068 - [ 1000] Eval (100 episode) - loss: 1.4326 +- 0.0945, acc: 39.373 +- 7.862%
Jun-07 12:59:10.069 - * Best accuracy so far *

Jun-07 12:59:12.411 - [ 1050/50000] loss: 1.3493 (1.4905), acc: 46.667% (34.987%)
Jun-07 12:59:15.628 - [ 1100/50000] loss: 1.5182 (1.5002), acc: 41.333% (34.213%)
Jun-07 12:59:18.927 - [ 1150/50000] loss: 1.3262 (1.4977), acc: 45.333% (33.724%)
Jun-07 12:59:22.197 - [ 1200/50000] loss: 1.4990 (1.4985), acc: 25.333% (33.233%)
Jun-07 12:59:25.449 - [ 1250/50000] loss: 1.4417 (1.4959), acc: 40.000% (33.376%)
Jun-07 12:59:28.670 - [ 1300/50000] loss: 1.4675 (1.4951), acc: 37.333% (33.382%)
Jun-07 12:59:31.977 - [ 1350/50000] loss: 1.5090 (1.4949), acc: 26.667% (33.383%)
Jun-07 12:59:35.356 - [ 1400/50000] loss: 1.5788 (1.4959), acc: 29.333% (33.353%)
Jun-07 12:59:38.753 - [ 1450/50000] loss: 1.5303 (1.4968), acc: 26.667% (33.384%)
Jun-07 12:59:42.061 - [ 1500/50000] loss: 1.5093 (1.4951), acc: 34.667% (33.501%)
Jun-07 12:59:48.173 - [ 1500] Eval (100 episode) - loss: 1.4405 +- 0.1154, acc: 37.920 +- 8.807%
Jun-07 12:59:50.439 - [ 1550/50000] loss: 1.6063 (1.4854), acc: 24.000% (33.547%)
Jun-07 12:59:53.745 - [ 1600/50000] loss: 1.4265 (1.4990), acc: 36.000% (33.253%)
Jun-07 12:59:57.031 - [ 1650/50000] loss: 1.5423 (1.4937), acc: 33.333% (33.689%)
Jun-07 13:00:00.334 - [ 1700/50000] loss: 1.3719 (1.4932), acc: 42.667% (33.780%)
Jun-07 13:00:03.571 - [ 1750/50000] loss: 1.4337 (1.4939), acc: 38.667% (33.739%)
Jun-07 13:00:06.968 - [ 1800/50000] loss: 1.4556 (1.4917), acc: 28.000% (33.627%)
Jun-07 13:00:10.227 - [ 1850/50000] loss: 1.3483 (1.4899), acc: 41.333% (33.878%)
Jun-07 13:00:13.638 - [ 1900/50000] loss: 1.3646 (1.4914), acc: 45.333% (33.787%)
Jun-07 13:00:16.932 - [ 1950/50000] loss: 1.4162 (1.4892), acc: 41.333% (33.967%)
Jun-07 13:00:20.188 - [ 2000/50000] loss: 1.6224 (1.4886), acc: 18.667% (34.005%)
Jun-07 13:00:26.395 - [ 2000] Eval (100 episode) - loss: 1.4361 +- 0.1029, acc: 38.680 +- 8.491%
Jun-07 13:00:28.511 - [ 2050/50000] loss: 1.4613 (1.5040), acc: 42.667% (33.760%)
Jun-07 13:00:31.670 - [ 2100/50000] loss: 1.4565 (1.4814), acc: 30.667% (35.213%)
Jun-07 13:00:34.988 - [ 2150/50000] loss: 1.4613 (1.4816), acc: 33.333% (34.720%)
Jun-07 13:00:38.265 - [ 2200/50000] loss: 1.4885 (1.4822), acc: 41.333% (34.340%)
Jun-07 13:00:41.480 - [ 2250/50000] loss: 1.4066 (1.4816), acc: 40.000% (34.672%)
Jun-07 13:00:44.806 - [ 2300/50000] loss: 1.5938 (1.4806), acc: 30.667% (34.604%)
Jun-07 13:00:48.124 - [ 2350/50000] loss: 1.5392 (1.4767), acc: 29.333% (34.952%)
Jun-07 13:00:51.386 - [ 2400/50000] loss: 1.6152 (1.4788), acc: 30.667% (34.853%)
Jun-07 13:00:54.599 - [ 2450/50000] loss: 1.3997 (1.4780), acc: 44.000% (34.924%)
Jun-07 13:00:57.948 - [ 2500/50000] loss: 1.3255 (1.4769), acc: 45.333% (34.939%)
Jun-07 13:01:04.557 - [ 2500] Eval (100 episode) - loss: 1.4238 +- 0.1328, acc: 39.333 +- 9.242%
Jun-07 13:01:06.657 - [ 2550/50000] loss: 1.4193 (1.4676), acc: 29.333% (35.280%)
Jun-07 13:01:09.017 - [ 2600/50000] loss: 1.5648 (1.4568), acc: 30.667% (36.053%)
Jun-07 13:01:12.352 - [ 2650/50000] loss: 1.3724 (1.4516), acc: 40.000% (36.160%)
Jun-07 13:01:15.620 - [ 2700/50000] loss: 1.4598 (1.4456), acc: 33.333% (36.560%)
Jun-07 13:01:18.966 - [ 2750/50000] loss: 1.3866 (1.4452), acc: 41.333% (36.395%)
Jun-07 13:01:22.255 - [ 2800/50000] loss: 1.5105 (1.4456), acc: 42.667% (36.622%)
Jun-07 13:01:25.495 - [ 2850/50000] loss: 1.4113 (1.4481), acc: 44.000% (36.324%)
Jun-07 13:01:28.719 - [ 2900/50000] loss: 1.5494 (1.4498), acc: 36.000% (36.297%)
Jun-07 13:01:31.963 - [ 2950/50000] loss: 1.5317 (1.4507), acc: 24.000% (36.281%)
Jun-07 13:01:35.230 - [ 3000/50000] loss: 1.5362 (1.4518), acc: 22.667% (36.272%)
Jun-07 13:01:42.851 - [ 3000] Eval (100 episode) - loss: 1.4359 +- 0.1120, acc: 37.640 +- 8.264%
Jun-07 13:01:44.922 - [ 3050/50000] loss: 1.6510 (1.4371), acc: 20.000% (37.147%)
Jun-07 13:01:47.011 - [ 3100/50000] loss: 1.4924 (1.4379), acc: 26.667% (36.733%)
Jun-07 13:01:49.234 - [ 3150/50000] loss: 1.3564 (1.4356), acc: 40.000% (36.889%)
Jun-07 13:01:52.615 - [ 3200/50000] loss: 1.6270 (1.4388), acc: 18.667% (36.733%)
Jun-07 13:01:55.702 - [ 3250/50000] loss: 1.5911 (1.4344), acc: 28.000% (36.709%)
Jun-07 13:01:58.808 - [ 3300/50000] loss: 1.4025 (1.4334), acc: 36.000% (36.840%)
Jun-07 13:02:01.977 - [ 3350/50000] loss: 1.3524 (1.4328), acc: 38.667% (36.910%)
Jun-07 13:02:05.093 - [ 3400/50000] loss: 1.5053 (1.4325), acc: 29.333% (36.887%)
Jun-07 13:02:08.177 - [ 3450/50000] loss: 1.4608 (1.4327), acc: 28.000% (36.874%)
Jun-07 13:02:11.271 - [ 3500/50000] loss: 1.3857 (1.4321), acc: 37.333% (36.877%)
Jun-07 13:02:18.575 - [ 3500] Eval (100 episode) - loss: 1.4174 +- 0.1337, acc: 41.120 +- 8.206%
Jun-07 13:02:18.576 - * Best accuracy so far *

Jun-07 13:02:20.603 - [ 3550/50000] loss: 1.3551 (1.4421), acc: 44.000% (36.293%)
Jun-07 13:02:22.569 - [ 3600/50000] loss: 1.5243 (1.4367), acc: 32.000% (36.427%)
Jun-07 13:02:24.592 - [ 3650/50000] loss: 1.4421 (1.4336), acc: 37.333% (36.640%)
Jun-07 13:02:27.363 - [ 3700/50000] loss: 1.3585 (1.4282), acc: 48.000% (36.900%)
Jun-07 13:02:30.467 - [ 3750/50000] loss: 1.3024 (1.4314), acc: 45.333% (36.715%)
Jun-07 13:02:33.585 - [ 3800/50000] loss: 1.5371 (1.4310), acc: 38.667% (36.951%)
Jun-07 13:02:36.721 - [ 3850/50000] loss: 1.5358 (1.4295), acc: 29.333% (37.006%)
Jun-07 13:02:39.843 - [ 3900/50000] loss: 1.4158 (1.4274), acc: 38.667% (36.970%)
Jun-07 13:02:42.943 - [ 3950/50000] loss: 1.5459 (1.4308), acc: 29.333% (36.782%)
Jun-07 13:02:46.047 - [ 4000/50000] loss: 1.5039 (1.4290), acc: 36.000% (36.864%)
Jun-07 13:02:53.365 - [ 4000] Eval (100 episode) - loss: 1.3883 +- 0.1500, acc: 41.840 +- 8.940%
Jun-07 13:02:53.365 - * Best accuracy so far *

Jun-07 13:02:55.340 - [ 4050/50000] loss: 1.3909 (1.4507), acc: 36.000% (35.227%)
Jun-07 13:02:57.336 - [ 4100/50000] loss: 1.4437 (1.4479), acc: 37.333% (35.200%)
Jun-07 13:02:59.345 - [ 4150/50000] loss: 1.4958 (1.4493), acc: 32.000% (35.440%)
Jun-07 13:03:02.024 - [ 4200/50000] loss: 1.3848 (1.4421), acc: 38.667% (35.967%)
Jun-07 13:03:05.251 - [ 4250/50000] loss: 1.3133 (1.4334), acc: 41.333% (36.533%)
Jun-07 13:03:08.518 - [ 4300/50000] loss: 1.6351 (1.4373), acc: 21.333% (36.360%)
Jun-07 13:03:11.742 - [ 4350/50000] loss: 1.4827 (1.4364), acc: 33.333% (36.522%)
Jun-07 13:03:14.868 - [ 4400/50000] loss: 1.6310 (1.4337), acc: 21.333% (36.647%)
Jun-07 13:03:17.966 - [ 4450/50000] loss: 1.4205 (1.4300), acc: 36.000% (36.738%)
Jun-07 13:03:21.058 - [ 4500/50000] loss: 1.4429 (1.4265), acc: 40.000% (36.987%)
Jun-07 13:03:28.315 - [ 4500] Eval (100 episode) - loss: 1.3910 +- 0.1439, acc: 41.667 +- 8.754%
Jun-07 13:03:30.292 - [ 4550/50000] loss: 1.4032 (1.4047), acc: 44.000% (39.093%)
Jun-07 13:03:32.274 - [ 4600/50000] loss: 1.4241 (1.4148), acc: 41.333% (37.960%)
Jun-07 13:03:34.329 - [ 4650/50000] loss: 1.3718 (1.4161), acc: 34.667% (37.778%)
Jun-07 13:03:37.031 - [ 4700/50000] loss: 1.4543 (1.4155), acc: 42.667% (37.833%)
Jun-07 13:03:40.231 - [ 4750/50000] loss: 1.3156 (1.4095), acc: 37.333% (38.267%)
Jun-07 13:03:43.334 - [ 4800/50000] loss: 1.1041 (1.4086), acc: 57.333% (38.209%)
Jun-07 13:03:46.434 - [ 4850/50000] loss: 1.2472 (1.4113), acc: 41.333% (38.023%)
Jun-07 13:03:49.550 - [ 4900/50000] loss: 1.4456 (1.4102), acc: 34.667% (37.983%)
Jun-07 13:03:52.652 - [ 4950/50000] loss: 1.4579 (1.4071), acc: 32.000% (38.089%)
Jun-07 13:03:55.747 - [ 5000/50000] loss: 1.3990 (1.4059), acc: 44.000% (38.152%)
Jun-07 13:04:03.011 - [ 5000] Eval (100 episode) - loss: 1.4116 +- 0.1280, acc: 40.387 +- 9.061%
Jun-07 13:04:05.002 - [ 5050/50000] loss: 1.4000 (1.4129), acc: 45.333% (37.600%)
Jun-07 13:04:06.964 - [ 5100/50000] loss: 1.4490 (1.4203), acc: 38.667% (37.373%)
Jun-07 13:04:08.938 - [ 5150/50000] loss: 1.5186 (1.4151), acc: 34.667% (37.724%)
Jun-07 13:04:11.776 - [ 5200/50000] loss: 1.6109 (1.4113), acc: 24.000% (37.953%)
Jun-07 13:04:14.883 - [ 5250/50000] loss: 1.4836 (1.4110), acc: 33.333% (38.139%)
Jun-07 13:04:18.106 - [ 5300/50000] loss: 1.4968 (1.4099), acc: 28.000% (38.129%)
Jun-07 13:04:21.259 - [ 5350/50000] loss: 1.4724 (1.4089), acc: 37.333% (38.152%)
Jun-07 13:04:24.364 - [ 5400/50000] loss: 1.3758 (1.4034), acc: 41.333% (38.473%)
Jun-07 13:04:27.436 - [ 5450/50000] loss: 1.2600 (1.4028), acc: 53.333% (38.453%)
Jun-07 13:04:30.470 - [ 5500/50000] loss: 1.1617 (1.4014), acc: 52.000% (38.656%)
Jun-07 13:04:37.769 - [ 5500] Eval (100 episode) - loss: 1.3824 +- 0.1300, acc: 43.080 +- 8.593%
Jun-07 13:04:37.770 - * Best accuracy so far *

Jun-07 13:04:39.756 - [ 5550/50000] loss: 1.5302 (1.3939), acc: 42.667% (39.573%)
Jun-07 13:04:41.746 - [ 5600/50000] loss: 1.1774 (1.3943), acc: 48.000% (39.533%)
Jun-07 13:04:43.723 - [ 5650/50000] loss: 1.3408 (1.4055), acc: 32.000% (38.951%)
Jun-07 13:04:46.264 - [ 5700/50000] loss: 1.3320 (1.4015), acc: 42.667% (38.993%)
Jun-07 13:04:49.291 - [ 5750/50000] loss: 1.2278 (1.4013), acc: 45.333% (38.891%)
Jun-07 13:04:52.369 - [ 5800/50000] loss: 1.3155 (1.3996), acc: 44.000% (38.969%)
Jun-07 13:04:55.447 - [ 5850/50000] loss: 1.4233 (1.3967), acc: 40.000% (39.128%)
Jun-07 13:04:58.531 - [ 5900/50000] loss: 1.3582 (1.3961), acc: 36.000% (39.120%)
Jun-07 13:05:01.582 - [ 5950/50000] loss: 1.1887 (1.3992), acc: 50.667% (38.978%)
Jun-07 13:05:04.653 - [ 6000/50000] loss: 1.4026 (1.4007), acc: 34.667% (38.795%)
Jun-07 13:05:11.911 - [ 6000] Eval (100 episode) - loss: 1.3932 +- 0.1521, acc: 42.387 +- 8.551%
Jun-07 13:05:13.885 - [ 6050/50000] loss: 1.3924 (1.3884), acc: 36.000% (38.773%)
Jun-07 13:05:15.921 - [ 6100/50000] loss: 1.3174 (1.3902), acc: 46.667% (38.600%)
Jun-07 13:05:17.906 - [ 6150/50000] loss: 1.3204 (1.3919), acc: 50.667% (39.280%)
Jun-07 13:05:20.505 - [ 6200/50000] loss: 1.3988 (1.3923), acc: 45.333% (39.620%)
Jun-07 13:05:23.579 - [ 6250/50000] loss: 1.2636 (1.3947), acc: 42.667% (39.355%)
Jun-07 13:05:26.638 - [ 6300/50000] loss: 1.4615 (1.3936), acc: 37.333% (39.204%)
Jun-07 13:05:29.715 - [ 6350/50000] loss: 1.4264 (1.3921), acc: 36.000% (39.295%)
Jun-07 13:05:32.780 - [ 6400/50000] loss: 1.2185 (1.3919), acc: 54.667% (39.323%)
Jun-07 13:05:35.833 - [ 6450/50000] loss: 1.4699 (1.3934), acc: 28.000% (39.327%)
Jun-07 13:05:38.886 - [ 6500/50000] loss: 1.4195 (1.3936), acc: 40.000% (39.349%)
Jun-07 13:05:46.166 - [ 6500] Eval (100 episode) - loss: 1.3534 +- 0.1402, acc: 43.640 +- 8.840%
Jun-07 13:05:46.167 - * Best accuracy so far *

Jun-07 13:05:48.253 - [ 6550/50000] loss: 1.3558 (1.3691), acc: 46.667% (39.707%)
Jun-07 13:05:50.426 - [ 6600/50000] loss: 1.3059 (1.3761), acc: 42.667% (40.013%)
Jun-07 13:05:52.406 - [ 6650/50000] loss: 1.2448 (1.3807), acc: 38.667% (39.316%)
Jun-07 13:05:54.971 - [ 6700/50000] loss: 1.3354 (1.3830), acc: 37.333% (39.487%)
Jun-07 13:05:58.073 - [ 6750/50000] loss: 1.3528 (1.3782), acc: 38.667% (39.696%)
Jun-07 13:06:01.189 - [ 6800/50000] loss: 1.4286 (1.3803), acc: 33.333% (39.667%)
Jun-07 13:06:04.220 - [ 6850/50000] loss: 1.1837 (1.3781), acc: 42.667% (39.794%)
Jun-07 13:06:07.268 - [ 6900/50000] loss: 1.3682 (1.3797), acc: 41.333% (39.767%)
Jun-07 13:06:10.331 - [ 6950/50000] loss: 1.2374 (1.3770), acc: 46.667% (39.917%)
Jun-07 13:06:13.394 - [ 7000/50000] loss: 1.3011 (1.3764), acc: 52.000% (40.053%)
Jun-07 13:06:20.614 - [ 7000] Eval (100 episode) - loss: 1.3826 +- 0.1818, acc: 42.720 +- 9.496%
Jun-07 13:06:22.591 - [ 7050/50000] loss: 1.3667 (1.3727), acc: 41.333% (40.533%)
Jun-07 13:06:24.565 - [ 7100/50000] loss: 1.3548 (1.3667), acc: 45.333% (41.107%)
Jun-07 13:06:26.604 - [ 7150/50000] loss: 1.2352 (1.3568), acc: 46.667% (41.476%)
Jun-07 13:06:29.299 - [ 7200/50000] loss: 1.5851 (1.3615), acc: 28.000% (41.007%)
Jun-07 13:06:32.451 - [ 7250/50000] loss: 1.2611 (1.3681), acc: 38.667% (40.571%)
Jun-07 13:06:35.528 - [ 7300/50000] loss: 1.3309 (1.3695), acc: 45.333% (40.253%)
Jun-07 13:06:38.764 - [ 7350/50000] loss: 1.4872 (1.3689), acc: 26.667% (40.400%)
Jun-07 13:06:41.840 - [ 7400/50000] loss: 1.3672 (1.3743), acc: 36.000% (40.110%)
Jun-07 13:06:44.900 - [ 7450/50000] loss: 1.1143 (1.3733), acc: 52.000% (40.056%)
Jun-07 13:06:47.981 - [ 7500/50000] loss: 1.1906 (1.3748), acc: 45.333% (39.789%)
Jun-07 13:06:55.991 - [ 7500] Eval (100 episode) - loss: 1.3373 +- 0.1592, acc: 45.147 +- 8.948%
Jun-07 13:06:55.991 - * Best accuracy so far *

Jun-07 13:06:58.847 - [ 7550/50000] loss: 1.4714 (1.4021), acc: 26.667% (39.040%)
Jun-07 13:07:00.841 - [ 7600/50000] loss: 1.5332 (1.3849), acc: 32.000% (39.667%)
Jun-07 13:07:02.824 - [ 7650/50000] loss: 1.3478 (1.3769), acc: 41.333% (40.027%)
Jun-07 13:07:05.478 - [ 7700/50000] loss: 1.4577 (1.3800), acc: 42.667% (39.820%)
Jun-07 13:07:08.608 - [ 7750/50000] loss: 1.5810 (1.3822), acc: 36.000% (39.744%)
Jun-07 13:07:11.782 - [ 7800/50000] loss: 1.5751 (1.3749), acc: 36.000% (40.160%)
Jun-07 13:07:14.950 - [ 7850/50000] loss: 1.2009 (1.3740), acc: 48.000% (40.194%)
Jun-07 13:07:17.999 - [ 7900/50000] loss: 1.3493 (1.3723), acc: 42.667% (40.157%)
Jun-07 13:07:21.100 - [ 7950/50000] loss: 1.4955 (1.3735), acc: 34.667% (40.169%)
Jun-07 13:07:24.249 - [ 8000/50000] loss: 1.5241 (1.3701), acc: 32.000% (40.323%)
Jun-07 13:07:31.552 - [ 8000] Eval (100 episode) - loss: 1.3479 +- 0.1563, acc: 43.680 +- 8.705%
Jun-07 13:07:33.636 - [ 8050/50000] loss: 1.2567 (1.3903), acc: 40.000% (39.227%)
Jun-07 13:07:35.757 - [ 8100/50000] loss: 1.4821 (1.3829), acc: 37.333% (39.907%)
Jun-07 13:07:37.875 - [ 8150/50000] loss: 1.4042 (1.3841), acc: 36.000% (39.893%)
Jun-07 13:07:40.508 - [ 8200/50000] loss: 1.5187 (1.3838), acc: 36.000% (40.067%)
Jun-07 13:07:43.881 - [ 8250/50000] loss: 1.3250 (1.3848), acc: 36.000% (39.835%)
Jun-07 13:07:47.165 - [ 8300/50000] loss: 1.2532 (1.3778), acc: 49.333% (40.302%)
Jun-07 13:07:50.516 - [ 8350/50000] loss: 1.2241 (1.3756), acc: 49.333% (40.202%)
Jun-07 13:07:53.989 - [ 8400/50000] loss: 1.3176 (1.3722), acc: 46.667% (40.343%)
Jun-07 13:07:57.301 - [ 8450/50000] loss: 1.3526 (1.3721), acc: 42.667% (40.394%)
Jun-07 13:08:00.601 - [ 8500/50000] loss: 1.2872 (1.3718), acc: 37.333% (40.451%)
Jun-07 13:08:08.603 - [ 8500] Eval (100 episode) - loss: 1.3327 +- 0.1615, acc: 44.267 +- 9.926%
Jun-07 13:08:10.684 - [ 8550/50000] loss: 1.2866 (1.3715), acc: 41.333% (40.640%)
Jun-07 13:08:12.840 - [ 8600/50000] loss: 1.2623 (1.3598), acc: 48.000% (40.827%)
Jun-07 13:08:15.021 - [ 8650/50000] loss: 1.2320 (1.3570), acc: 52.000% (41.547%)
Jun-07 13:08:17.530 - [ 8700/50000] loss: 1.2295 (1.3608), acc: 44.000% (41.287%)
Jun-07 13:08:20.880 - [ 8750/50000] loss: 1.4144 (1.3612), acc: 33.333% (41.301%)
Jun-07 13:08:24.181 - [ 8800/50000] loss: 1.2969 (1.3558), acc: 44.000% (41.609%)
Jun-07 13:08:27.464 - [ 8850/50000] loss: 1.3206 (1.3584), acc: 48.000% (41.371%)
Jun-07 13:08:30.800 - [ 8900/50000] loss: 1.1388 (1.3565), acc: 57.333% (41.353%)
Jun-07 13:08:34.147 - [ 8950/50000] loss: 1.2693 (1.3557), acc: 38.667% (41.253%)
Jun-07 13:08:37.500 - [ 9000/50000] loss: 1.2244 (1.3544), acc: 56.000% (41.448%)
Jun-07 13:08:45.567 - [ 9000] Eval (100 episode) - loss: 1.3082 +- 0.1541, acc: 45.413 +- 9.627%
Jun-07 13:08:45.568 - * Best accuracy so far *

Jun-07 13:08:47.754 - [ 9050/50000] loss: 1.3360 (1.3572), acc: 40.000% (41.493%)
Jun-07 13:08:49.993 - [ 9100/50000] loss: 1.2179 (1.3457), acc: 45.333% (41.893%)
Jun-07 13:08:52.126 - [ 9150/50000] loss: 1.4641 (1.3533), acc: 44.000% (41.476%)
Jun-07 13:08:54.698 - [ 9200/50000] loss: 1.3634 (1.3607), acc: 40.000% (40.813%)
Jun-07 13:08:57.956 - [ 9250/50000] loss: 1.2892 (1.3538), acc: 40.000% (41.179%)
Jun-07 13:09:01.320 - [ 9300/50000] loss: 1.4608 (1.3561), acc: 37.333% (40.938%)
Jun-07 13:09:04.618 - [ 9350/50000] loss: 1.2732 (1.3619), acc: 45.333% (40.571%)
Jun-07 13:09:07.935 - [ 9400/50000] loss: 1.3491 (1.3596), acc: 54.667% (40.823%)
Jun-07 13:09:11.222 - [ 9450/50000] loss: 1.3754 (1.3623), acc: 41.333% (40.711%)
Jun-07 13:09:14.528 - [ 9500/50000] loss: 1.3050 (1.3610), acc: 46.667% (40.651%)
Jun-07 13:09:22.661 - [ 9500] Eval (100 episode) - loss: 1.3348 +- 0.1587, acc: 44.560 +- 9.556%
Jun-07 13:09:24.774 - [ 9550/50000] loss: 1.5547 (1.3498), acc: 29.333% (40.880%)
Jun-07 13:09:26.903 - [ 9600/50000] loss: 1.4757 (1.3564), acc: 42.667% (40.773%)
Jun-07 13:09:29.162 - [ 9650/50000] loss: 1.6252 (1.3576), acc: 30.667% (40.427%)
Jun-07 13:09:31.689 - [ 9700/50000] loss: 1.2659 (1.3536), acc: 53.333% (40.747%)
Jun-07 13:09:34.989 - [ 9750/50000] loss: 1.4487 (1.3468), acc: 32.000% (41.211%)
Jun-07 13:09:38.295 - [ 9800/50000] loss: 1.4791 (1.3473), acc: 41.333% (41.347%)
Jun-07 13:09:41.649 - [ 9850/50000] loss: 1.3544 (1.3537), acc: 41.333% (41.044%)
Jun-07 13:09:44.953 - [ 9900/50000] loss: 1.2536 (1.3518), acc: 44.000% (41.050%)
Jun-07 13:09:48.249 - [ 9950/50000] loss: 1.0276 (1.3501), acc: 52.000% (41.043%)
Jun-07 13:09:51.538 - [10000/50000] loss: 1.3712 (1.3506), acc: 40.000% (40.997%)
Jun-07 13:09:59.663 - [10000] Eval (100 episode) - loss: 1.2779 +- 0.1582, acc: 47.360 +- 8.987%
Jun-07 13:09:59.663 - * Best accuracy so far *

Jun-07 13:10:01.772 - [10050/50000] loss: 1.4643 (1.3862), acc: 34.667% (39.147%)
Jun-07 13:10:03.876 - [10100/50000] loss: 1.2854 (1.3646), acc: 50.667% (40.373%)
Jun-07 13:10:05.990 - [10150/50000] loss: 1.2898 (1.3611), acc: 45.333% (40.969%)
Jun-07 13:10:08.687 - [10200/50000] loss: 1.4730 (1.3559), acc: 36.000% (41.340%)
Jun-07 13:10:12.096 - [10250/50000] loss: 1.2544 (1.3470), acc: 50.667% (41.712%)
Jun-07 13:10:15.404 - [10300/50000] loss: 1.2268 (1.3467), acc: 45.333% (41.938%)
Jun-07 13:10:18.676 - [10350/50000] loss: 1.3559 (1.3444), acc: 33.333% (41.829%)
Jun-07 13:10:22.032 - [10400/50000] loss: 1.3615 (1.3463), acc: 42.667% (41.720%)
Jun-07 13:10:25.483 - [10450/50000] loss: 1.2714 (1.3473), acc: 50.667% (41.748%)
Jun-07 13:10:28.790 - [10500/50000] loss: 1.5530 (1.3503), acc: 32.000% (41.645%)
Jun-07 13:10:36.975 - [10500] Eval (100 episode) - loss: 1.3197 +- 0.1689, acc: 44.800 +- 9.899%
Jun-07 13:10:39.163 - [10550/50000] loss: 1.5546 (1.3732), acc: 36.000% (39.893%)
Jun-07 13:10:41.262 - [10600/50000] loss: 1.2935 (1.3465), acc: 46.667% (41.200%)
Jun-07 13:10:43.368 - [10650/50000] loss: 1.5871 (1.3375), acc: 24.000% (41.502%)
Jun-07 13:10:46.059 - [10700/50000] loss: 1.4072 (1.3424), acc: 44.000% (41.160%)
Jun-07 13:10:49.738 - [10750/50000] loss: 1.2969 (1.3455), acc: 44.000% (41.205%)
Jun-07 13:10:53.019 - [10800/50000] loss: 1.4965 (1.3428), acc: 28.000% (41.342%)
Jun-07 13:10:56.273 - [10850/50000] loss: 1.7932 (1.3403), acc: 29.333% (41.444%)
Jun-07 13:10:59.624 - [10900/50000] loss: 1.3129 (1.3339), acc: 50.667% (41.813%)
Jun-07 13:11:03.000 - [10950/50000] loss: 1.4110 (1.3334), acc: 32.000% (41.908%)
Jun-07 13:11:06.266 - [11000/50000] loss: 1.4420 (1.3323), acc: 44.000% (42.072%)
Jun-07 13:11:14.466 - [11000] Eval (100 episode) - loss: 1.3289 +- 0.1616, acc: 45.280 +- 9.224%
Jun-07 13:11:16.576 - [11050/50000] loss: 1.2371 (1.3177), acc: 50.667% (44.133%)
Jun-07 13:11:18.683 - [11100/50000] loss: 1.3377 (1.3236), acc: 30.667% (43.547%)
Jun-07 13:11:20.998 - [11150/50000] loss: 1.1456 (1.3260), acc: 45.333% (43.049%)
Jun-07 13:11:23.633 - [11200/50000] loss: 1.4716 (1.3355), acc: 36.000% (42.633%)
Jun-07 13:11:27.135 - [11250/50000] loss: 1.6289 (1.3417), acc: 21.333% (42.240%)
Jun-07 13:11:30.686 - [11300/50000] loss: 1.2596 (1.3453), acc: 45.333% (41.942%)
Jun-07 13:11:34.082 - [11350/50000] loss: 1.4337 (1.3432), acc: 38.667% (41.981%)
Jun-07 13:11:37.357 - [11400/50000] loss: 1.1099 (1.3403), acc: 56.000% (42.153%)
Jun-07 13:11:40.717 - [11450/50000] loss: 1.6529 (1.3421), acc: 29.333% (42.151%)
Jun-07 13:11:44.003 - [11500/50000] loss: 1.5277 (1.3426), acc: 33.333% (41.979%)
Jun-07 13:11:52.043 - [11500] Eval (100 episode) - loss: 1.3102 +- 0.1637, acc: 45.973 +- 8.897%
Jun-07 13:11:54.168 - [11550/50000] loss: 1.4157 (1.3577), acc: 36.000% (40.133%)
Jun-07 13:11:56.271 - [11600/50000] loss: 1.2929 (1.3403), acc: 49.333% (41.387%)
Jun-07 13:11:58.407 - [11650/50000] loss: 1.4323 (1.3382), acc: 34.667% (41.298%)
Jun-07 13:12:00.901 - [11700/50000] loss: 1.5343 (1.3373), acc: 29.333% (41.213%)
Jun-07 13:12:04.329 - [11750/50000] loss: 1.3306 (1.3405), acc: 42.667% (41.173%)
Jun-07 13:12:07.856 - [11800/50000] loss: 1.2301 (1.3361), acc: 46.667% (41.480%)
Jun-07 13:12:11.232 - [11850/50000] loss: 1.0960 (1.3352), acc: 61.333% (41.775%)
Jun-07 13:12:14.451 - [11900/50000] loss: 1.5249 (1.3350), acc: 32.000% (41.767%)
Jun-07 13:12:17.727 - [11950/50000] loss: 1.3857 (1.3338), acc: 41.333% (41.858%)
Jun-07 13:12:21.015 - [12000/50000] loss: 1.4374 (1.3362), acc: 36.000% (41.701%)
Jun-07 13:12:29.025 - [12000] Eval (100 episode) - loss: 1.2991 +- 0.1642, acc: 46.960 +- 8.961%
Jun-07 13:12:31.137 - [12050/50000] loss: 1.5561 (1.2908), acc: 29.333% (43.333%)
Jun-07 13:12:33.347 - [12100/50000] loss: 1.1037 (1.3152), acc: 54.667% (42.547%)
Jun-07 13:12:35.448 - [12150/50000] loss: 1.2521 (1.3193), acc: 49.333% (42.409%)
Jun-07 13:12:37.986 - [12200/50000] loss: 1.1616 (1.3215), acc: 61.333% (42.593%)
Jun-07 13:12:41.351 - [12250/50000] loss: 1.3140 (1.3222), acc: 42.667% (42.453%)
Jun-07 13:12:44.871 - [12300/50000] loss: 1.4784 (1.3251), acc: 32.000% (42.284%)
Jun-07 13:12:48.305 - [12350/50000] loss: 1.4354 (1.3205), acc: 36.000% (42.610%)
Jun-07 13:12:51.531 - [12400/50000] loss: 1.4792 (1.3243), acc: 48.000% (42.610%)
Jun-07 13:12:54.728 - [12450/50000] loss: 1.4157 (1.3263), acc: 38.667% (42.545%)
Jun-07 13:12:58.086 - [12500/50000] loss: 1.5008 (1.3290), acc: 29.333% (42.424%)
Jun-07 13:13:06.187 - [12500] Eval (100 episode) - loss: 1.2691 +- 0.1795, acc: 47.160 +- 9.622%
Jun-07 13:13:08.278 - [12550/50000] loss: 1.3624 (1.3114), acc: 34.667% (42.827%)
Jun-07 13:13:10.396 - [12600/50000] loss: 1.2502 (1.3232), acc: 48.000% (42.613%)
Jun-07 13:13:12.522 - [12650/50000] loss: 1.3977 (1.3194), acc: 36.000% (43.049%)
Jun-07 13:13:15.022 - [12700/50000] loss: 1.5120 (1.3262), acc: 34.667% (42.667%)
Jun-07 13:13:18.414 - [12750/50000] loss: 1.3479 (1.3283), acc: 46.667% (42.437%)
Jun-07 13:13:21.891 - [12800/50000] loss: 1.1533 (1.3254), acc: 50.667% (42.378%)
Jun-07 13:13:25.319 - [12850/50000] loss: 1.2557 (1.3307), acc: 42.667% (42.248%)
Jun-07 13:13:28.674 - [12900/50000] loss: 1.3492 (1.3359), acc: 38.667% (42.157%)
Jun-07 13:13:32.052 - [12950/50000] loss: 1.2928 (1.3342), acc: 48.000% (42.323%)
Jun-07 13:13:35.336 - [13000/50000] loss: 1.3507 (1.3348), acc: 45.333% (42.293%)
Jun-07 13:13:43.428 - [13000] Eval (100 episode) - loss: 1.3032 +- 0.1791, acc: 46.360 +- 9.981%
Jun-07 13:13:45.532 - [13050/50000] loss: 1.5308 (1.3513), acc: 38.667% (41.813%)
Jun-07 13:13:47.641 - [13100/50000] loss: 1.2245 (1.3314), acc: 42.667% (42.853%)
Jun-07 13:13:49.874 - [13150/50000] loss: 1.1684 (1.3259), acc: 60.000% (43.049%)
Jun-07 13:13:52.355 - [13200/50000] loss: 1.5221 (1.3305), acc: 33.333% (42.547%)
Jun-07 13:13:55.696 - [13250/50000] loss: 1.3750 (1.3332), acc: 42.667% (42.469%)
Jun-07 13:13:59.167 - [13300/50000] loss: 1.2565 (1.3324), acc: 38.667% (42.542%)
Jun-07 13:14:02.629 - [13350/50000] loss: 1.3285 (1.3347), acc: 46.667% (42.526%)
Jun-07 13:14:05.886 - [13400/50000] loss: 1.4335 (1.3389), acc: 41.333% (42.187%)
Jun-07 13:14:09.118 - [13450/50000] loss: 1.2609 (1.3386), acc: 50.667% (42.092%)
Jun-07 13:14:12.420 - [13500/50000] loss: 1.2308 (1.3366), acc: 50.667% (42.235%)
Jun-07 13:14:20.686 - [13500] Eval (100 episode) - loss: 1.2985 +- 0.1718, acc: 46.253 +- 8.499%
Jun-07 13:14:22.785 - [13550/50000] loss: 1.1466 (1.3458), acc: 48.000% (41.813%)
Jun-07 13:14:24.896 - [13600/50000] loss: 1.2410 (1.3344), acc: 46.667% (42.307%)
Jun-07 13:14:27.085 - [13650/50000] loss: 1.2919 (1.3212), acc: 46.667% (43.458%)
Jun-07 13:14:29.672 - [13700/50000] loss: 1.2582 (1.3111), acc: 48.000% (43.947%)
Jun-07 13:14:33.019 - [13750/50000] loss: 1.3112 (1.3203), acc: 46.667% (43.269%)
Jun-07 13:14:36.511 - [13800/50000] loss: 1.3813 (1.3222), acc: 45.333% (43.249%)
Jun-07 13:14:39.990 - [13850/50000] loss: 1.1883 (1.3248), acc: 53.333% (43.112%)
Jun-07 13:14:43.332 - [13900/50000] loss: 1.2561 (1.3247), acc: 48.000% (43.080%)
Jun-07 13:14:46.566 - [13950/50000] loss: 1.3611 (1.3221), acc: 42.667% (43.313%)
Jun-07 13:14:49.939 - [14000/50000] loss: 1.2109 (1.3220), acc: 46.667% (43.277%)
Jun-07 13:14:58.098 - [14000] Eval (100 episode) - loss: 1.2714 +- 0.1970, acc: 48.027 +- 10.451%
Jun-07 13:14:58.099 - * Best accuracy so far *

Jun-07 13:15:00.262 - [14050/50000] loss: 1.2183 (1.3258), acc: 44.000% (44.160%)
Jun-07 13:15:02.422 - [14100/50000] loss: 1.4174 (1.3050), acc: 36.000% (44.373%)
Jun-07 13:15:04.558 - [14150/50000] loss: 1.1624 (1.2960), acc: 50.667% (44.542%)
Jun-07 13:15:07.174 - [14200/50000] loss: 1.2285 (1.2967), acc: 44.000% (44.080%)
Jun-07 13:15:10.579 - [14250/50000] loss: 1.5864 (1.2965), acc: 29.333% (44.107%)
Jun-07 13:15:14.056 - [14300/50000] loss: 1.2373 (1.3026), acc: 44.000% (43.924%)
Jun-07 13:15:17.586 - [14350/50000] loss: 1.3509 (1.3034), acc: 44.000% (43.794%)
Jun-07 13:15:20.815 - [14400/50000] loss: 1.4508 (1.3046), acc: 40.000% (43.880%)
Jun-07 13:15:24.069 - [14450/50000] loss: 1.4803 (1.3059), acc: 30.667% (43.680%)
Jun-07 13:15:27.382 - [14500/50000] loss: 1.3168 (1.3060), acc: 50.667% (43.691%)
Jun-07 13:15:35.678 - [14500] Eval (100 episode) - loss: 1.2476 +- 0.1808, acc: 48.827 +- 9.420%
Jun-07 13:15:35.678 - * Best accuracy so far *

Jun-07 13:15:37.805 - [14550/50000] loss: 1.1413 (1.2786), acc: 48.000% (46.133%)
Jun-07 13:15:39.947 - [14600/50000] loss: 1.2860 (1.3051), acc: 44.000% (44.827%)
Jun-07 13:15:42.117 - [14650/50000] loss: 1.2513 (1.3003), acc: 53.333% (44.613%)
Jun-07 13:15:44.653 - [14700/50000] loss: 1.4771 (1.2955), acc: 40.000% (44.900%)
Jun-07 13:15:48.036 - [14750/50000] loss: 1.1653 (1.2989), acc: 57.333% (44.677%)
Jun-07 13:15:51.590 - [14800/50000] loss: 1.2646 (1.3001), acc: 42.667% (44.449%)
Jun-07 13:15:55.061 - [14850/50000] loss: 1.1928 (1.3059), acc: 53.333% (44.221%)
Jun-07 13:15:58.300 - [14900/50000] loss: 1.3484 (1.3060), acc: 40.000% (44.287%)
Jun-07 13:16:01.519 - [14950/50000] loss: 1.3199 (1.3024), acc: 44.000% (44.394%)
Jun-07 13:16:04.815 - [15000/50000] loss: 1.3678 (1.3065), acc: 44.000% (44.277%)
Jun-07 13:16:12.985 - [15000] Eval (100 episode) - loss: 1.2795 +- 0.1685, acc: 47.093 +- 9.659%
Jun-07 13:16:15.142 - [15050/50000] loss: 1.5043 (1.2747), acc: 34.667% (45.387%)
Jun-07 13:16:17.251 - [15100/50000] loss: 1.2586 (1.3000), acc: 45.333% (43.893%)
Jun-07 13:16:19.420 - [15150/50000] loss: 0.9665 (1.2984), acc: 66.667% (44.204%)
Jun-07 13:16:21.896 - [15200/50000] loss: 1.3050 (1.3041), acc: 48.000% (44.100%)
Jun-07 13:16:25.313 - [15250/50000] loss: 1.1103 (1.3083), acc: 52.000% (43.872%)
Jun-07 13:16:28.801 - [15300/50000] loss: 1.2270 (1.3093), acc: 53.333% (43.867%)
Jun-07 13:16:32.397 - [15350/50000] loss: 1.3249 (1.3097), acc: 40.000% (43.787%)
Jun-07 13:16:35.621 - [15400/50000] loss: 1.1400 (1.3066), acc: 48.000% (43.943%)
Jun-07 13:16:38.842 - [15450/50000] loss: 1.4941 (1.3064), acc: 36.000% (43.849%)
Jun-07 13:16:42.228 - [15500/50000] loss: 1.2219 (1.3046), acc: 41.333% (43.797%)
Jun-07 13:16:50.416 - [15500] Eval (100 episode) - loss: 1.2550 +- 0.1666, acc: 48.440 +- 9.511%
Jun-07 13:16:52.549 - [15550/50000] loss: 1.4656 (1.3300), acc: 32.000% (43.173%)
Jun-07 13:16:54.829 - [15600/50000] loss: 1.0888 (1.2968), acc: 58.667% (44.373%)
Jun-07 13:16:56.917 - [15650/50000] loss: 1.3093 (1.3075), acc: 45.333% (43.538%)
Jun-07 13:16:59.432 - [15700/50000] loss: 1.5742 (1.3101), acc: 25.333% (43.867%)
Jun-07 13:17:02.829 - [15750/50000] loss: 1.3168 (1.3029), acc: 42.667% (44.251%)
Jun-07 13:17:06.304 - [15800/50000] loss: 1.2674 (1.2965), acc: 41.333% (44.671%)
Jun-07 13:17:09.835 - [15850/50000] loss: 1.3689 (1.3003), acc: 41.333% (44.438%)
Jun-07 13:17:13.067 - [15900/50000] loss: 1.4885 (1.3043), acc: 30.667% (44.267%)
Jun-07 13:17:16.312 - [15950/50000] loss: 1.1130 (1.3045), acc: 49.333% (44.107%)
Jun-07 13:17:19.593 - [16000/50000] loss: 1.2000 (1.3011), acc: 49.333% (44.400%)
Jun-07 13:17:27.739 - [16000] Eval (100 episode) - loss: 1.2797 +- 0.1822, acc: 47.813 +- 9.257%
Jun-07 13:17:29.884 - [16050/50000] loss: 1.1598 (1.2988), acc: 46.667% (45.360%)
Jun-07 13:17:32.074 - [16100/50000] loss: 1.3780 (1.2800), acc: 37.333% (45.640%)
Jun-07 13:17:34.196 - [16150/50000] loss: 1.3319 (1.2891), acc: 42.667% (45.342%)
Jun-07 13:17:36.699 - [16200/50000] loss: 1.1541 (1.2922), acc: 61.333% (45.060%)
Jun-07 13:17:39.985 - [16250/50000] loss: 1.6141 (1.2978), acc: 29.333% (44.677%)
Jun-07 13:17:43.455 - [16300/50000] loss: 1.4261 (1.2957), acc: 37.333% (44.987%)
Jun-07 13:17:46.916 - [16350/50000] loss: 1.3454 (1.2940), acc: 44.000% (45.067%)
Jun-07 13:17:50.145 - [16400/50000] loss: 1.4409 (1.2982), acc: 34.667% (44.847%)
Jun-07 13:17:53.389 - [16450/50000] loss: 1.4865 (1.3033), acc: 42.667% (44.507%)
Jun-07 13:17:56.704 - [16500/50000] loss: 1.4484 (1.3043), acc: 37.333% (44.549%)
Jun-07 13:18:04.898 - [16500] Eval (100 episode) - loss: 1.2341 +- 0.1919, acc: 48.987 +- 10.905%
Jun-07 13:18:04.899 - * Best accuracy so far *

Jun-07 13:18:07.019 - [16550/50000] loss: 1.3551 (1.2665), acc: 40.000% (45.360%)
Jun-07 13:18:09.100 - [16600/50000] loss: 1.5940 (1.2894), acc: 33.333% (45.107%)
Jun-07 13:18:11.266 - [16650/50000] loss: 1.1379 (1.2850), acc: 53.333% (44.996%)
Jun-07 13:18:13.921 - [16700/50000] loss: 1.3656 (1.2933), acc: 42.667% (44.573%)
Jun-07 13:18:17.221 - [16750/50000] loss: 1.2690 (1.2919), acc: 41.333% (44.421%)
Jun-07 13:18:20.707 - [16800/50000] loss: 1.3673 (1.2887), acc: 45.333% (44.498%)
Jun-07 13:18:25.073 - [16850/50000] loss: 1.0430 (1.2835), acc: 53.333% (44.895%)
Jun-07 13:18:28.409 - [16900/50000] loss: 1.2745 (1.2789), acc: 52.000% (45.057%)
Jun-07 13:18:31.633 - [16950/50000] loss: 1.1540 (1.2798), acc: 46.667% (45.016%)
Jun-07 13:18:35.049 - [17000/50000] loss: 1.3448 (1.2843), acc: 44.000% (44.776%)
Jun-07 13:18:44.025 - [17000] Eval (100 episode) - loss: 1.2414 +- 0.1809, acc: 48.613 +- 9.775%
Jun-07 13:18:46.251 - [17050/50000] loss: 1.3736 (1.2500), acc: 40.000% (47.093%)
Jun-07 13:18:48.461 - [17100/50000] loss: 1.1534 (1.2717), acc: 52.000% (46.147%)
Jun-07 13:18:50.692 - [17150/50000] loss: 1.0384 (1.2751), acc: 64.000% (45.787%)
Jun-07 13:18:53.310 - [17200/50000] loss: 1.2983 (1.2798), acc: 46.667% (45.460%)
Jun-07 13:18:56.922 - [17250/50000] loss: 1.2203 (1.2824), acc: 50.667% (45.195%)
Jun-07 13:19:00.819 - [17300/50000] loss: 1.2465 (1.2818), acc: 41.333% (45.271%)
Jun-07 13:19:04.618 - [17350/50000] loss: 1.3391 (1.2878), acc: 42.667% (44.952%)
Jun-07 13:19:08.082 - [17400/50000] loss: 1.1181 (1.2855), acc: 56.000% (44.933%)
Jun-07 13:19:11.517 - [17450/50000] loss: 1.0315 (1.2836), acc: 62.667% (45.079%)
Jun-07 13:19:15.093 - [17500/50000] loss: 1.1428 (1.2848), acc: 49.333% (45.000%)
Jun-07 13:19:24.286 - [17500] Eval (100 episode) - loss: 1.2443 +- 0.1976, acc: 48.320 +- 9.824%
Jun-07 13:19:26.505 - [17550/50000] loss: 1.2678 (1.2879), acc: 42.667% (44.667%)
Jun-07 13:19:28.798 - [17600/50000] loss: 1.2537 (1.2801), acc: 46.667% (45.320%)
Jun-07 13:19:31.033 - [17650/50000] loss: 1.3042 (1.2807), acc: 49.333% (44.684%)
Jun-07 13:19:33.657 - [17700/50000] loss: 1.4638 (1.2894), acc: 37.333% (44.513%)
Jun-07 13:19:37.344 - [17750/50000] loss: 1.4836 (1.2911), acc: 50.667% (44.587%)
Jun-07 13:19:41.049 - [17800/50000] loss: 1.3971 (1.2916), acc: 40.000% (44.600%)
Jun-07 13:19:44.455 - [17850/50000] loss: 1.4112 (1.2891), acc: 33.333% (44.891%)
Jun-07 13:19:47.709 - [17900/50000] loss: 1.2813 (1.2874), acc: 42.667% (45.077%)
Jun-07 13:19:50.947 - [17950/50000] loss: 1.4074 (1.2905), acc: 36.000% (44.806%)
Jun-07 13:19:54.224 - [18000/50000] loss: 1.2226 (1.2913), acc: 49.333% (44.653%)
Jun-07 13:20:02.286 - [18000] Eval (100 episode) - loss: 1.2572 +- 0.1631, acc: 48.827 +- 9.113%
Jun-07 13:20:04.448 - [18050/50000] loss: 1.4873 (1.3078), acc: 30.667% (43.947%)
Jun-07 13:20:06.617 - [18100/50000] loss: 1.5715 (1.3032), acc: 30.667% (43.853%)
Jun-07 13:20:08.712 - [18150/50000] loss: 1.4142 (1.2989), acc: 42.667% (44.498%)
Jun-07 13:20:11.402 - [18200/50000] loss: 1.4454 (1.3014), acc: 38.667% (44.760%)
Jun-07 13:20:14.775 - [18250/50000] loss: 1.4205 (1.2971), acc: 33.333% (44.741%)
Jun-07 13:20:18.267 - [18300/50000] loss: 0.9446 (1.2963), acc: 64.000% (44.764%)
Jun-07 13:20:21.688 - [18350/50000] loss: 1.0484 (1.2893), acc: 52.000% (45.109%)
Jun-07 13:20:24.909 - [18400/50000] loss: 1.4510 (1.2848), acc: 34.667% (45.367%)
Jun-07 13:20:28.140 - [18450/50000] loss: 1.0570 (1.2846), acc: 56.000% (45.419%)
Jun-07 13:20:31.517 - [18500/50000] loss: 1.3784 (1.2828), acc: 42.667% (45.464%)
Jun-07 13:20:39.680 - [18500] Eval (100 episode) - loss: 1.2490 +- 0.1745, acc: 48.827 +- 9.416%
Jun-07 13:20:41.797 - [18550/50000] loss: 1.2079 (1.2992), acc: 46.667% (44.293%)
Jun-07 13:20:43.977 - [18600/50000] loss: 0.8832 (1.2716), acc: 62.667% (46.053%)
Jun-07 13:20:46.094 - [18650/50000] loss: 1.5509 (1.2775), acc: 26.667% (45.413%)
Jun-07 13:20:48.667 - [18700/50000] loss: 1.6330 (1.2796), acc: 26.667% (45.227%)
Jun-07 13:20:52.101 - [18750/50000] loss: 1.2405 (1.2794), acc: 52.000% (45.237%)
Jun-07 13:20:55.664 - [18800/50000] loss: 1.4388 (1.2849), acc: 33.333% (45.240%)
Jun-07 13:20:59.011 - [18850/50000] loss: 1.3574 (1.2829), acc: 44.000% (45.272%)
Jun-07 13:21:02.257 - [18900/50000] loss: 1.2302 (1.2768), acc: 44.000% (45.650%)
Jun-07 13:21:06.322 - [18950/50000] loss: 1.1394 (1.2760), acc: 52.000% (45.633%)
Jun-07 13:21:09.793 - [19000/50000] loss: 1.1245 (1.2776), acc: 46.667% (45.541%)
Jun-07 13:21:17.973 - [19000] Eval (100 episode) - loss: 1.2370 +- 0.1797, acc: 48.693 +- 8.465%
Jun-07 13:21:20.184 - [19050/50000] loss: 1.3132 (1.2780), acc: 48.000% (45.387%)
Jun-07 13:21:22.376 - [19100/50000] loss: 1.2864 (1.2794), acc: 45.333% (45.920%)
Jun-07 13:21:24.618 - [19150/50000] loss: 1.3998 (1.2824), acc: 42.667% (45.636%)
Jun-07 13:21:27.345 - [19200/50000] loss: 1.3006 (1.2857), acc: 49.333% (45.487%)
Jun-07 13:21:31.035 - [19250/50000] loss: 1.2698 (1.2902), acc: 40.000% (45.269%)
Jun-07 13:21:34.856 - [19300/50000] loss: 1.1161 (1.2926), acc: 46.667% (44.964%)
Jun-07 13:21:38.614 - [19350/50000] loss: 1.3609 (1.2913), acc: 37.333% (45.055%)
Jun-07 13:21:42.173 - [19400/50000] loss: 1.4857 (1.2943), acc: 32.000% (44.967%)
Jun-07 13:21:45.679 - [19450/50000] loss: 1.0977 (1.2904), acc: 56.000% (45.138%)
Jun-07 13:21:49.295 - [19500/50000] loss: 1.2729 (1.2907), acc: 50.667% (45.048%)
Jun-07 13:21:58.369 - [19500] Eval (100 episode) - loss: 1.2296 +- 0.1788, acc: 50.093 +- 9.485%
Jun-07 13:21:58.369 - * Best accuracy so far *

Jun-07 13:22:00.583 - [19550/50000] loss: 1.1188 (1.2190), acc: 57.333% (48.480%)
Jun-07 13:22:02.813 - [19600/50000] loss: 1.1823 (1.2508), acc: 49.333% (47.360%)
Jun-07 13:22:05.016 - [19650/50000] loss: 1.2553 (1.2542), acc: 44.000% (47.262%)
Jun-07 13:22:07.642 - [19700/50000] loss: 1.3894 (1.2516), acc: 29.333% (47.313%)
Jun-07 13:22:11.387 - [19750/50000] loss: 1.0865 (1.2506), acc: 62.667% (47.301%)
Jun-07 13:22:15.167 - [19800/50000] loss: 1.3662 (1.2490), acc: 46.667% (47.218%)
Jun-07 13:22:18.883 - [19850/50000] loss: 1.2381 (1.2482), acc: 33.333% (47.116%)
Jun-07 13:22:22.404 - [19900/50000] loss: 1.1136 (1.2526), acc: 52.000% (47.020%)
Jun-07 13:22:25.665 - [19950/50000] loss: 1.3633 (1.2576), acc: 44.000% (46.723%)
Jun-07 13:22:28.937 - [20000/50000] loss: 1.2848 (1.2583), acc: 50.667% (46.685%)
Jun-07 13:22:37.053 - [20000] Eval (100 episode) - loss: 1.2236 +- 0.1912, acc: 50.013 +- 9.947%
Jun-07 13:22:39.150 - [20050/50000] loss: 1.3248 (1.2796), acc: 42.667% (44.507%)
Jun-07 13:22:41.337 - [20100/50000] loss: 1.3141 (1.2494), acc: 41.333% (46.440%)
Jun-07 13:22:43.477 - [20150/50000] loss: 1.4979 (1.2618), acc: 26.667% (45.813%)
Jun-07 13:22:46.037 - [20200/50000] loss: 1.1058 (1.2617), acc: 42.667% (45.927%)
Jun-07 13:22:49.435 - [20250/50000] loss: 1.5198 (1.2579), acc: 28.000% (46.117%)
Jun-07 13:22:52.978 - [20300/50000] loss: 1.4647 (1.2602), acc: 38.667% (46.031%)
Jun-07 13:22:56.348 - [20350/50000] loss: 1.4473 (1.2599), acc: 32.000% (46.171%)
Jun-07 13:22:59.573 - [20400/50000] loss: 0.9922 (1.2569), acc: 65.333% (46.417%)
Jun-07 13:23:02.810 - [20450/50000] loss: 1.3153 (1.2623), acc: 42.667% (46.181%)
Jun-07 13:23:06.202 - [20500/50000] loss: 1.3624 (1.2608), acc: 41.333% (46.285%)
Jun-07 13:23:14.260 - [20500] Eval (100 episode) - loss: 1.2462 +- 0.1900, acc: 48.253 +- 9.844%
Jun-07 13:23:16.365 - [20550/50000] loss: 1.2497 (1.2808), acc: 52.000% (45.547%)
Jun-07 13:23:18.566 - [20600/50000] loss: 1.2111 (1.2987), acc: 44.000% (44.480%)
Jun-07 13:23:20.760 - [20650/50000] loss: 1.4829 (1.2998), acc: 37.333% (44.578%)
Jun-07 13:23:23.274 - [20700/50000] loss: 1.0100 (1.2922), acc: 61.333% (44.907%)
Jun-07 13:23:26.637 - [20750/50000] loss: 1.0609 (1.2882), acc: 54.667% (45.173%)
Jun-07 13:23:30.086 - [20800/50000] loss: 1.1180 (1.2859), acc: 44.000% (45.231%)
Jun-07 13:23:33.435 - [20850/50000] loss: 1.3316 (1.2877), acc: 44.000% (45.116%)
Jun-07 13:23:36.718 - [20900/50000] loss: 1.3780 (1.2896), acc: 38.667% (45.087%)
Jun-07 13:23:39.949 - [20950/50000] loss: 0.9564 (1.2858), acc: 66.667% (45.099%)
Jun-07 13:23:43.217 - [21000/50000] loss: 1.6535 (1.2851), acc: 28.000% (45.099%)
Jun-07 13:23:51.398 - [21000] Eval (100 episode) - loss: 1.1893 +- 0.1791, acc: 51.587 +- 9.376%
Jun-07 13:23:51.399 - * Best accuracy so far *

Jun-07 13:23:53.615 - [21050/50000] loss: 1.2014 (1.2683), acc: 48.000% (46.507%)
Jun-07 13:23:55.789 - [21100/50000] loss: 1.4154 (1.2748), acc: 34.667% (45.933%)
Jun-07 13:23:58.094 - [21150/50000] loss: 1.4138 (1.2702), acc: 33.333% (46.107%)
Jun-07 13:24:00.596 - [21200/50000] loss: 1.2072 (1.2709), acc: 52.000% (45.780%)
Jun-07 13:24:04.053 - [21250/50000] loss: 1.2711 (1.2780), acc: 41.333% (45.291%)
Jun-07 13:24:07.473 - [21300/50000] loss: 1.2654 (1.2781), acc: 46.667% (45.271%)
Jun-07 13:24:10.911 - [21350/50000] loss: 1.2520 (1.2747), acc: 48.000% (45.516%)
Jun-07 13:24:14.243 - [21400/50000] loss: 0.9978 (1.2708), acc: 64.000% (45.857%)
Jun-07 13:24:17.547 - [21450/50000] loss: 1.3237 (1.2689), acc: 40.000% (46.009%)
Jun-07 13:24:20.930 - [21500/50000] loss: 1.1287 (1.2699), acc: 45.333% (45.875%)
Jun-07 13:24:29.070 - [21500] Eval (100 episode) - loss: 1.2295 +- 0.2045, acc: 48.560 +- 10.868%
Jun-07 13:24:31.238 - [21550/50000] loss: 1.4402 (1.2954), acc: 40.000% (45.067%)
Jun-07 13:24:33.352 - [21600/50000] loss: 1.4206 (1.2761), acc: 37.333% (46.120%)
Jun-07 13:24:35.547 - [21650/50000] loss: 1.2764 (1.2698), acc: 45.333% (46.613%)
Jun-07 13:24:38.026 - [21700/50000] loss: 1.1370 (1.2666), acc: 44.000% (46.500%)
Jun-07 13:24:41.477 - [21750/50000] loss: 1.5587 (1.2630), acc: 32.000% (46.773%)
Jun-07 13:24:44.953 - [21800/50000] loss: 1.2559 (1.2569), acc: 42.667% (46.827%)
Jun-07 13:24:48.360 - [21850/50000] loss: 1.4551 (1.2596), acc: 40.000% (46.583%)
Jun-07 13:24:51.590 - [21900/50000] loss: 1.5525 (1.2628), acc: 24.000% (46.410%)
Jun-07 13:24:54.822 - [21950/50000] loss: 1.4088 (1.2598), acc: 36.000% (46.439%)
Jun-07 13:24:58.131 - [22000/50000] loss: 1.0271 (1.2616), acc: 61.333% (46.248%)
Jun-07 13:25:06.334 - [22000] Eval (100 episode) - loss: 1.2191 +- 0.1916, acc: 49.987 +- 10.356%
Jun-07 13:25:08.438 - [22050/50000] loss: 1.2245 (1.2462), acc: 48.000% (47.013%)
Jun-07 13:25:10.538 - [22100/50000] loss: 1.2179 (1.2415), acc: 49.333% (47.413%)
Jun-07 13:25:12.632 - [22150/50000] loss: 1.2256 (1.2414), acc: 49.333% (46.711%)
Jun-07 13:25:15.155 - [22200/50000] loss: 1.0886 (1.2446), acc: 54.667% (46.707%)
Jun-07 13:25:18.608 - [22250/50000] loss: 1.2186 (1.2493), acc: 52.000% (46.581%)
Jun-07 13:25:22.080 - [22300/50000] loss: 1.4950 (1.2455), acc: 24.000% (46.840%)
Jun-07 13:25:25.542 - [22350/50000] loss: 1.4270 (1.2531), acc: 32.000% (46.491%)
Jun-07 13:25:28.787 - [22400/50000] loss: 1.2114 (1.2538), acc: 56.000% (46.323%)
Jun-07 13:25:32.013 - [22450/50000] loss: 1.3171 (1.2534), acc: 49.333% (46.391%)
Jun-07 13:25:35.410 - [22500/50000] loss: 1.4604 (1.2533), acc: 41.333% (46.445%)
Jun-07 13:25:43.617 - [22500] Eval (100 episode) - loss: 1.1869 +- 0.2042, acc: 50.800 +- 10.293%
Jun-07 13:25:45.700 - [22550/50000] loss: 1.3836 (1.2683), acc: 36.000% (44.773%)
Jun-07 13:25:47.808 - [22600/50000] loss: 1.3857 (1.2711), acc: 38.667% (45.480%)
Jun-07 13:25:49.922 - [22650/50000] loss: 1.5529 (1.2630), acc: 24.000% (45.636%)
Jun-07 13:25:52.471 - [22700/50000] loss: 1.3214 (1.2574), acc: 45.333% (45.820%)
Jun-07 13:25:55.862 - [22750/50000] loss: 1.5455 (1.2599), acc: 33.333% (45.696%)
Jun-07 13:25:59.349 - [22800/50000] loss: 1.0650 (1.2669), acc: 58.667% (45.524%)
Jun-07 13:26:02.840 - [22850/50000] loss: 1.1191 (1.2641), acc: 60.000% (45.676%)
Jun-07 13:26:06.066 - [22900/50000] loss: 1.0711 (1.2661), acc: 54.667% (45.600%)
Jun-07 13:26:09.307 - [22950/50000] loss: 1.3945 (1.2697), acc: 36.000% (45.523%)
Jun-07 13:26:12.582 - [23000/50000] loss: 1.3175 (1.2695), acc: 45.333% (45.587%)
Jun-07 13:26:20.784 - [23000] Eval (100 episode) - loss: 1.2134 +- 0.2010, acc: 50.240 +- 10.226%
Jun-07 13:26:22.916 - [23050/50000] loss: 1.5886 (1.2645), acc: 36.000% (46.533%)
Jun-07 13:26:25.011 - [23100/50000] loss: 1.2095 (1.2717), acc: 44.000% (45.760%)
Jun-07 13:26:27.102 - [23150/50000] loss: 1.5445 (1.2785), acc: 32.000% (45.458%)
Jun-07 13:26:29.592 - [23200/50000] loss: 1.2118 (1.2806), acc: 41.333% (45.347%)
Jun-07 13:26:32.926 - [23250/50000] loss: 1.3843 (1.2729), acc: 40.000% (45.456%)
Jun-07 13:26:36.435 - [23300/50000] loss: 1.5322 (1.2699), acc: 40.000% (45.791%)
Jun-07 13:26:40.002 - [23350/50000] loss: 1.4900 (1.2629), acc: 41.333% (46.130%)
Jun-07 13:26:43.306 - [23400/50000] loss: 1.4059 (1.2611), acc: 37.333% (46.313%)
Jun-07 13:26:46.546 - [23450/50000] loss: 1.4939 (1.2586), acc: 37.333% (46.311%)
Jun-07 13:26:49.893 - [23500/50000] loss: 1.2958 (1.2621), acc: 54.667% (46.131%)
Jun-07 13:26:57.924 - [23500] Eval (100 episode) - loss: 1.2330 +- 0.1953, acc: 48.347 +- 10.267%
Jun-07 13:27:00.031 - [23550/50000] loss: 1.3630 (1.2492), acc: 38.667% (46.053%)
Jun-07 13:27:02.264 - [23600/50000] loss: 1.4297 (1.2431), acc: 38.667% (46.693%)
Jun-07 13:27:04.433 - [23650/50000] loss: 1.2179 (1.2433), acc: 53.333% (46.880%)
Jun-07 13:27:06.994 - [23700/50000] loss: 1.3193 (1.2407), acc: 46.667% (47.060%)
Jun-07 13:27:10.394 - [23750/50000] loss: 1.3508 (1.2436), acc: 37.333% (47.072%)
Jun-07 13:27:13.980 - [23800/50000] loss: 1.2599 (1.2455), acc: 46.667% (46.804%)
Jun-07 13:27:17.478 - [23850/50000] loss: 0.9628 (1.2467), acc: 70.667% (46.819%)
Jun-07 13:27:20.705 - [23900/50000] loss: 1.2254 (1.2468), acc: 46.667% (46.817%)
Jun-07 13:27:23.949 - [23950/50000] loss: 1.3771 (1.2450), acc: 34.667% (47.034%)
Jun-07 13:27:27.271 - [24000/50000] loss: 1.1139 (1.2426), acc: 49.333% (47.232%)
Jun-07 13:27:35.375 - [24000] Eval (100 episode) - loss: 1.2084 +- 0.2284, acc: 50.173 +- 10.807%
Jun-07 13:27:37.673 - [24050/50000] loss: 1.4955 (1.2548), acc: 32.000% (46.453%)
Jun-07 13:27:39.902 - [24100/50000] loss: 1.2151 (1.2557), acc: 49.333% (46.147%)
Jun-07 13:27:41.999 - [24150/50000] loss: 1.1085 (1.2443), acc: 50.667% (47.004%)
Jun-07 13:27:44.640 - [24200/50000] loss: 1.3228 (1.2370), acc: 45.333% (47.267%)
Jun-07 13:27:48.065 - [24250/50000] loss: 1.1484 (1.2416), acc: 56.000% (46.907%)
Jun-07 13:27:51.521 - [24300/50000] loss: 1.3383 (1.2429), acc: 45.333% (46.964%)
Jun-07 13:27:54.923 - [24350/50000] loss: 1.1648 (1.2468), acc: 56.000% (46.968%)
Jun-07 13:27:58.172 - [24400/50000] loss: 1.0762 (1.2484), acc: 54.667% (46.883%)
Jun-07 13:28:01.413 - [24450/50000] loss: 1.2111 (1.2474), acc: 48.000% (46.927%)
Jun-07 13:28:04.886 - [24500/50000] loss: 1.2778 (1.2462), acc: 44.000% (47.061%)
Jun-07 13:28:13.025 - [24500] Eval (100 episode) - loss: 1.2154 +- 0.2156, acc: 50.453 +- 10.604%
Jun-07 13:28:15.194 - [24550/50000] loss: 1.1983 (1.2907), acc: 40.000% (44.667%)
Jun-07 13:28:17.331 - [24600/50000] loss: 1.0493 (1.2884), acc: 60.000% (44.293%)
Jun-07 13:28:19.431 - [24650/50000] loss: 1.1419 (1.2780), acc: 56.000% (45.058%)
Jun-07 13:28:22.073 - [24700/50000] loss: 1.4347 (1.2752), acc: 40.000% (45.300%)
Jun-07 13:28:25.625 - [24750/50000] loss: 1.1381 (1.2721), acc: 60.000% (45.493%)
Jun-07 13:28:29.116 - [24800/50000] loss: 1.3462 (1.2647), acc: 46.667% (45.893%)
Jun-07 13:28:32.600 - [24850/50000] loss: 1.1821 (1.2566), acc: 45.333% (46.221%)
Jun-07 13:28:35.864 - [24900/50000] loss: 1.1626 (1.2549), acc: 49.333% (46.327%)
Jun-07 13:28:39.092 - [24950/50000] loss: 1.1814 (1.2546), acc: 48.000% (46.524%)
Jun-07 13:28:42.402 - [25000/50000] loss: 0.9544 (1.2559), acc: 57.333% (46.451%)
Jun-07 13:28:50.471 - [25000] Eval (100 episode) - loss: 1.2086 +- 0.2125, acc: 51.160 +- 9.536%
Jun-07 13:28:52.604 - [25050/50000] loss: 1.1350 (1.2253), acc: 57.333% (48.373%)
Jun-07 13:28:54.720 - [25100/50000] loss: 1.2133 (1.2415), acc: 50.667% (47.667%)
Jun-07 13:28:56.827 - [25150/50000] loss: 1.1237 (1.2581), acc: 50.667% (46.409%)
Jun-07 13:28:59.320 - [25200/50000] loss: 1.2863 (1.2666), acc: 38.667% (46.027%)
Jun-07 13:29:02.775 - [25250/50000] loss: 1.0824 (1.2651), acc: 53.333% (46.107%)
Jun-07 13:29:06.223 - [25300/50000] loss: 1.1030 (1.2673), acc: 48.000% (45.964%)
Jun-07 13:29:09.614 - [25350/50000] loss: 1.1917 (1.2647), acc: 45.333% (46.038%)
Jun-07 13:29:12.847 - [25400/50000] loss: 1.3773 (1.2600), acc: 33.333% (46.340%)
Jun-07 13:29:16.094 - [25450/50000] loss: 1.3612 (1.2558), acc: 38.667% (46.501%)
Jun-07 13:29:19.363 - [25500/50000] loss: 1.3346 (1.2561), acc: 50.667% (46.573%)
Jun-07 13:29:27.534 - [25500] Eval (100 episode) - loss: 1.1943 +- 0.2055, acc: 50.347 +- 9.449%
Jun-07 13:29:29.641 - [25550/50000] loss: 1.1951 (1.2510), acc: 42.667% (46.907%)
Jun-07 13:29:31.817 - [25600/50000] loss: 1.1371 (1.2621), acc: 61.333% (45.813%)
Jun-07 13:29:34.095 - [25650/50000] loss: 1.0974 (1.2523), acc: 54.667% (46.596%)
Jun-07 13:29:36.573 - [25700/50000] loss: 1.1956 (1.2494), acc: 54.667% (46.747%)
Jun-07 13:29:40.040 - [25750/50000] loss: 1.0849 (1.2424), acc: 54.667% (46.907%)
Jun-07 13:29:43.610 - [25800/50000] loss: 1.1856 (1.2394), acc: 48.000% (47.169%)
Jun-07 13:29:47.017 - [25850/50000] loss: 0.9605 (1.2311), acc: 66.667% (47.608%)
Jun-07 13:29:50.247 - [25900/50000] loss: 1.2584 (1.2272), acc: 45.333% (47.857%)
Jun-07 13:29:53.490 - [25950/50000] loss: 1.1849 (1.2306), acc: 49.333% (47.668%)
Jun-07 13:29:56.783 - [26000/50000] loss: 1.1598 (1.2359), acc: 42.667% (47.376%)
Jun-07 13:30:04.953 - [26000] Eval (100 episode) - loss: 1.1665 +- 0.1769, acc: 52.427 +- 9.001%
Jun-07 13:30:04.953 - * Best accuracy so far *

Jun-07 13:30:07.089 - [26050/50000] loss: 1.5778 (1.2336), acc: 29.333% (47.200%)
Jun-07 13:30:09.325 - [26100/50000] loss: 1.1320 (1.2450), acc: 57.333% (47.013%)
Jun-07 13:30:11.478 - [26150/50000] loss: 1.3288 (1.2518), acc: 37.333% (46.809%)
Jun-07 13:30:14.151 - [26200/50000] loss: 1.5498 (1.2426), acc: 26.667% (47.220%)
Jun-07 13:30:17.616 - [26250/50000] loss: 1.1304 (1.2413), acc: 53.333% (47.275%)
Jun-07 13:30:21.109 - [26300/50000] loss: 1.4722 (1.2431), acc: 36.000% (47.418%)
Jun-07 13:30:24.576 - [26350/50000] loss: 1.3148 (1.2473), acc: 37.333% (47.158%)
Jun-07 13:30:27.785 - [26400/50000] loss: 1.0348 (1.2482), acc: 57.333% (47.090%)
Jun-07 13:30:31.082 - [26450/50000] loss: 1.4881 (1.2512), acc: 37.333% (47.037%)
Jun-07 13:30:34.403 - [26500/50000] loss: 1.0135 (1.2514), acc: 60.000% (47.072%)
Jun-07 13:30:42.466 - [26500] Eval (100 episode) - loss: 1.1824 +- 0.1866, acc: 51.293 +- 9.128%
Jun-07 13:30:44.645 - [26550/50000] loss: 1.2941 (1.2397), acc: 45.333% (47.653%)
Jun-07 13:30:46.764 - [26600/50000] loss: 1.1128 (1.2313), acc: 61.333% (47.987%)
Jun-07 13:30:48.944 - [26650/50000] loss: 1.2026 (1.2250), acc: 48.000% (48.631%)
Jun-07 13:30:51.445 - [26700/50000] loss: 1.1568 (1.2386), acc: 52.000% (47.653%)
Jun-07 13:30:54.819 - [26750/50000] loss: 1.2798 (1.2446), acc: 46.667% (47.323%)
Jun-07 13:30:58.369 - [26800/50000] loss: 1.0846 (1.2388), acc: 52.000% (47.453%)
Jun-07 13:31:01.837 - [26850/50000] loss: 0.9747 (1.2414), acc: 57.333% (47.310%)
Jun-07 13:31:05.042 - [26900/50000] loss: 1.2444 (1.2414), acc: 44.000% (47.177%)
Jun-07 13:31:08.275 - [26950/50000] loss: 1.3100 (1.2413), acc: 37.333% (47.150%)
Jun-07 13:31:11.676 - [27000/50000] loss: 1.1059 (1.2400), acc: 46.667% (47.341%)
Jun-07 13:31:19.861 - [27000] Eval (100 episode) - loss: 1.1952 +- 0.1941, acc: 50.973 +- 9.445%
Jun-07 13:31:21.974 - [27050/50000] loss: 1.2792 (1.2564), acc: 46.667% (45.733%)
Jun-07 13:31:24.177 - [27100/50000] loss: 1.3468 (1.2467), acc: 42.667% (47.107%)
Jun-07 13:31:26.368 - [27150/50000] loss: 1.1271 (1.2372), acc: 46.667% (47.076%)
Jun-07 13:31:28.943 - [27200/50000] loss: 0.9685 (1.2294), acc: 60.000% (47.933%)
Jun-07 13:31:32.385 - [27250/50000] loss: 1.4831 (1.2316), acc: 41.333% (47.776%)
Jun-07 13:31:35.878 - [27300/50000] loss: 0.9706 (1.2332), acc: 65.333% (47.636%)
Jun-07 13:31:39.233 - [27350/50000] loss: 1.3904 (1.2381), acc: 36.000% (47.410%)
Jun-07 13:31:42.532 - [27400/50000] loss: 1.2887 (1.2408), acc: 40.000% (47.237%)
Jun-07 13:31:45.781 - [27450/50000] loss: 1.3289 (1.2397), acc: 41.333% (47.236%)
Jun-07 13:31:49.088 - [27500/50000] loss: 1.1628 (1.2407), acc: 48.000% (47.267%)
Jun-07 13:31:57.187 - [27500] Eval (100 episode) - loss: 1.2402 +- 0.1923, acc: 48.547 +- 9.840%
Jun-07 13:31:59.349 - [27550/50000] loss: 0.9790 (1.3014), acc: 65.333% (45.520%)
Jun-07 13:32:01.445 - [27600/50000] loss: 1.1996 (1.2886), acc: 46.667% (46.040%)
Jun-07 13:32:03.537 - [27650/50000] loss: 1.3019 (1.2804), acc: 53.333% (46.160%)
Jun-07 13:32:06.049 - [27700/50000] loss: 1.1185 (1.2693), acc: 56.000% (46.580%)
Jun-07 13:32:09.530 - [27750/50000] loss: 1.1375 (1.2671), acc: 54.667% (46.752%)
Jun-07 13:32:13.045 - [27800/50000] loss: 1.2888 (1.2585), acc: 42.667% (46.907%)
Jun-07 13:32:16.438 - [27850/50000] loss: 1.3836 (1.2609), acc: 36.000% (46.682%)
Jun-07 13:32:19.662 - [27900/50000] loss: 1.2717 (1.2573), acc: 48.000% (46.850%)
Jun-07 13:32:22.924 - [27950/50000] loss: 1.2410 (1.2495), acc: 42.667% (47.102%)
Jun-07 13:32:26.234 - [28000/50000] loss: 1.4369 (1.2475), acc: 34.667% (47.224%)
Jun-07 13:32:34.422 - [28000] Eval (100 episode) - loss: 1.1969 +- 0.1960, acc: 51.267 +- 9.966%
Jun-07 13:32:36.592 - [28050/50000] loss: 1.3846 (1.3005), acc: 44.000% (43.600%)
Jun-07 13:32:38.698 - [28100/50000] loss: 1.1868 (1.2826), acc: 57.333% (44.907%)
Jun-07 13:32:40.803 - [28150/50000] loss: 1.3139 (1.2689), acc: 44.000% (45.876%)
Jun-07 13:32:43.317 - [28200/50000] loss: 1.2386 (1.2528), acc: 48.000% (46.647%)
Jun-07 13:32:46.729 - [28250/50000] loss: 1.4462 (1.2458), acc: 30.667% (47.125%)
Jun-07 13:32:50.244 - [28300/50000] loss: 1.3302 (1.2436), acc: 42.667% (47.253%)
Jun-07 13:32:53.604 - [28350/50000] loss: 1.1798 (1.2407), acc: 44.000% (47.463%)
Jun-07 13:32:56.846 - [28400/50000] loss: 1.3041 (1.2423), acc: 42.667% (47.447%)
Jun-07 13:33:00.118 - [28450/50000] loss: 1.1204 (1.2398), acc: 50.667% (47.550%)
Jun-07 13:33:03.586 - [28500/50000] loss: 1.0324 (1.2399), acc: 56.000% (47.653%)
Jun-07 13:33:11.716 - [28500] Eval (100 episode) - loss: 1.1769 +- 0.1981, acc: 51.480 +- 9.886%
Jun-07 13:33:13.836 - [28550/50000] loss: 1.2738 (1.2336), acc: 44.000% (47.333%)
Jun-07 13:33:15.957 - [28600/50000] loss: 1.5106 (1.2238), acc: 26.667% (48.027%)
Jun-07 13:33:18.104 - [28650/50000] loss: 1.2279 (1.2209), acc: 46.667% (48.418%)
Jun-07 13:33:20.756 - [28700/50000] loss: 1.1432 (1.2257), acc: 60.000% (48.213%)
Jun-07 13:33:24.197 - [28750/50000] loss: 0.9846 (1.2273), acc: 60.000% (48.171%)
Jun-07 13:33:27.734 - [28800/50000] loss: 0.9939 (1.2297), acc: 52.000% (48.102%)
Jun-07 13:33:31.077 - [28850/50000] loss: 1.1359 (1.2348), acc: 48.000% (47.897%)
Jun-07 13:33:34.291 - [28900/50000] loss: 0.9986 (1.2359), acc: 62.667% (47.743%)
Jun-07 13:33:37.559 - [28950/50000] loss: 1.4135 (1.2342), acc: 41.333% (47.879%)
Jun-07 13:33:40.834 - [29000/50000] loss: 1.4386 (1.2321), acc: 33.333% (47.949%)
Jun-07 13:33:48.993 - [29000] Eval (100 episode) - loss: 1.2581 +- 0.2259, acc: 48.573 +- 10.342%
Jun-07 13:33:51.122 - [29050/50000] loss: 1.2401 (1.2528), acc: 41.333% (46.533%)
Jun-07 13:33:53.319 - [29100/50000] loss: 1.1232 (1.2325), acc: 54.667% (47.813%)
Jun-07 13:33:55.429 - [29150/50000] loss: 1.4055 (1.2272), acc: 41.333% (48.071%)
Jun-07 13:33:57.916 - [29200/50000] loss: 1.0919 (1.2248), acc: 56.000% (48.000%)
Jun-07 13:34:01.401 - [29250/50000] loss: 1.1504 (1.2310), acc: 48.000% (47.637%)
Jun-07 13:34:04.920 - [29300/50000] loss: 1.2660 (1.2296), acc: 38.667% (47.560%)
Jun-07 13:34:08.251 - [29350/50000] loss: 1.3926 (1.2335), acc: 42.667% (47.406%)
Jun-07 13:34:11.482 - [29400/50000] loss: 1.3425 (1.2367), acc: 46.667% (47.323%)
Jun-07 13:34:14.793 - [29450/50000] loss: 1.0038 (1.2327), acc: 56.000% (47.544%)
Jun-07 13:34:18.116 - [29500/50000] loss: 1.2059 (1.2368), acc: 53.333% (47.419%)
Jun-07 13:34:26.149 - [29500] Eval (100 episode) - loss: 1.1899 +- 0.2079, acc: 51.800 +- 9.751%
Jun-07 13:34:28.301 - [29550/50000] loss: 1.2984 (1.2893), acc: 45.333% (44.693%)
Jun-07 13:34:30.389 - [29600/50000] loss: 1.2471 (1.2782), acc: 49.333% (45.400%)
Jun-07 13:34:32.519 - [29650/50000] loss: 1.0547 (1.2654), acc: 52.000% (45.964%)
Jun-07 13:34:35.147 - [29700/50000] loss: 0.9637 (1.2550), acc: 60.000% (46.393%)
Jun-07 13:34:38.570 - [29750/50000] loss: 1.3685 (1.2569), acc: 41.333% (46.443%)
Jun-07 13:34:42.065 - [29800/50000] loss: 1.1528 (1.2521), acc: 52.000% (46.680%)
Jun-07 13:34:45.400 - [29850/50000] loss: 1.1061 (1.2480), acc: 53.333% (46.853%)
Jun-07 13:34:48.613 - [29900/50000] loss: 1.2447 (1.2484), acc: 48.000% (46.877%)
Jun-07 13:34:51.885 - [29950/50000] loss: 1.1831 (1.2476), acc: 42.667% (46.966%)
Jun-07 13:34:55.142 - [30000/50000] loss: 0.9694 (1.2439), acc: 61.333% (47.176%)
Jun-07 13:35:03.387 - [30000] Eval (100 episode) - loss: 1.2163 +- 0.1988, acc: 49.253 +- 9.841%
Jun-07 13:35:05.527 - [30050/50000] loss: 0.9574 (1.2107), acc: 65.333% (48.747%)
Jun-07 13:35:07.685 - [30100/50000] loss: 1.2554 (1.2171), acc: 49.333% (48.480%)
Jun-07 13:35:09.865 - [30150/50000] loss: 1.2492 (1.2141), acc: 45.333% (48.649%)
Jun-07 13:35:12.365 - [30200/50000] loss: 1.6066 (1.2208), acc: 38.667% (48.573%)
Jun-07 13:35:16.042 - [30250/50000] loss: 1.4348 (1.2193), acc: 42.667% (48.533%)
Jun-07 13:35:19.552 - [30300/50000] loss: 1.1460 (1.2187), acc: 45.333% (48.511%)
Jun-07 13:35:22.880 - [30350/50000] loss: 1.0603 (1.2309), acc: 50.667% (47.802%)
Jun-07 13:35:26.100 - [30400/50000] loss: 1.0784 (1.2308), acc: 53.333% (47.823%)
Jun-07 13:35:29.380 - [30450/50000] loss: 1.2471 (1.2327), acc: 50.667% (47.926%)
Jun-07 13:35:32.669 - [30500/50000] loss: 1.2278 (1.2353), acc: 42.667% (47.725%)
Jun-07 13:35:40.890 - [30500] Eval (100 episode) - loss: 1.2120 +- 0.1924, acc: 49.880 +- 9.479%
Jun-07 13:35:43.074 - [30550/50000] loss: 1.2547 (1.2157), acc: 44.000% (49.040%)
Jun-07 13:35:45.169 - [30600/50000] loss: 1.5929 (1.2248), acc: 29.333% (48.560%)
Jun-07 13:35:47.269 - [30650/50000] loss: 1.3403 (1.2271), acc: 37.333% (48.213%)
Jun-07 13:35:49.898 - [30700/50000] loss: 1.2661 (1.2202), acc: 46.667% (48.420%)
Jun-07 13:35:53.367 - [30750/50000] loss: 1.2467 (1.2241), acc: 48.000% (48.245%)
Jun-07 13:35:56.889 - [30800/50000] loss: 1.2387 (1.2358), acc: 42.667% (47.987%)
Jun-07 13:36:00.224 - [30850/50000] loss: 1.0816 (1.2395), acc: 45.333% (47.882%)
Jun-07 13:36:03.450 - [30900/50000] loss: 0.9992 (1.2427), acc: 61.333% (47.547%)
Jun-07 13:36:06.890 - [30950/50000] loss: 1.1313 (1.2380), acc: 53.333% (47.787%)
Jun-07 13:36:10.165 - [31000/50000] loss: 1.1249 (1.2373), acc: 45.333% (47.933%)
Jun-07 13:36:18.362 - [31000] Eval (100 episode) - loss: 1.2476 +- 0.1924, acc: 49.160 +- 8.453%
Jun-07 13:36:20.470 - [31050/50000] loss: 1.0828 (1.2139), acc: 52.000% (47.973%)
Jun-07 13:36:22.579 - [31100/50000] loss: 1.1991 (1.2238), acc: 49.333% (47.760%)
Jun-07 13:36:24.812 - [31150/50000] loss: 1.1134 (1.2299), acc: 53.333% (47.644%)
Jun-07 13:36:27.265 - [31200/50000] loss: 1.1524 (1.2209), acc: 52.000% (48.013%)
Jun-07 13:36:30.738 - [31250/50000] loss: 1.0063 (1.2189), acc: 54.667% (48.229%)
Jun-07 13:36:34.217 - [31300/50000] loss: 1.0599 (1.2199), acc: 53.333% (48.071%)
Jun-07 13:36:37.523 - [31350/50000] loss: 1.0232 (1.2174), acc: 56.000% (48.232%)
Jun-07 13:36:40.756 - [31400/50000] loss: 1.2040 (1.2184), acc: 49.333% (48.223%)
Jun-07 13:36:44.208 - [31450/50000] loss: 1.2872 (1.2183), acc: 44.000% (48.284%)
Jun-07 13:36:47.516 - [31500/50000] loss: 1.1814 (1.2226), acc: 53.333% (48.059%)
Jun-07 13:36:55.626 - [31500] Eval (100 episode) - loss: 1.2235 +- 0.1913, acc: 48.987 +- 9.981%
Jun-07 13:36:57.751 - [31550/50000] loss: 1.2736 (1.2580), acc: 48.000% (46.693%)
Jun-07 13:36:59.869 - [31600/50000] loss: 1.0562 (1.2520), acc: 60.000% (46.747%)
Jun-07 13:37:02.071 - [31650/50000] loss: 1.2665 (1.2368), acc: 45.333% (47.138%)
Jun-07 13:37:04.658 - [31700/50000] loss: 1.1664 (1.2343), acc: 53.333% (46.953%)
Jun-07 13:37:08.092 - [31750/50000] loss: 1.2439 (1.2323), acc: 44.000% (46.933%)
Jun-07 13:37:11.561 - [31800/50000] loss: 1.2210 (1.2260), acc: 44.000% (47.302%)
Jun-07 13:37:14.871 - [31850/50000] loss: 1.3370 (1.2331), acc: 42.667% (47.112%)
Jun-07 13:37:18.112 - [31900/50000] loss: 1.6495 (1.2349), acc: 26.667% (47.173%)
Jun-07 13:37:21.399 - [31950/50000] loss: 1.1350 (1.2333), acc: 52.000% (47.227%)
Jun-07 13:37:24.695 - [32000/50000] loss: 1.2152 (1.2340), acc: 46.667% (47.307%)
Jun-07 13:37:32.873 - [32000] Eval (100 episode) - loss: 1.1761 +- 0.1877, acc: 51.733 +- 9.624%
Jun-07 13:37:34.982 - [32050/50000] loss: 1.2052 (1.2323), acc: 50.667% (48.027%)
Jun-07 13:37:37.079 - [32100/50000] loss: 1.1632 (1.2218), acc: 49.333% (48.053%)
Jun-07 13:37:39.186 - [32150/50000] loss: 1.2958 (1.2234), acc: 48.000% (48.302%)
Jun-07 13:37:41.655 - [32200/50000] loss: 1.4282 (1.2255), acc: 36.000% (48.033%)
Jun-07 13:37:45.143 - [32250/50000] loss: 0.9670 (1.2276), acc: 57.333% (47.861%)
Jun-07 13:37:48.766 - [32300/50000] loss: 1.2858 (1.2325), acc: 44.000% (47.698%)
Jun-07 13:37:52.124 - [32350/50000] loss: 1.1222 (1.2383), acc: 48.000% (47.368%)
Jun-07 13:37:55.332 - [32400/50000] loss: 1.2163 (1.2331), acc: 56.000% (47.783%)
Jun-07 13:37:58.595 - [32450/50000] loss: 1.3611 (1.2361), acc: 41.333% (47.541%)
Jun-07 13:38:01.905 - [32500/50000] loss: 1.3240 (1.2397), acc: 45.333% (47.395%)
Jun-07 13:38:10.087 - [32500] Eval (100 episode) - loss: 1.2347 +- 0.1904, acc: 48.800 +- 9.892%
Jun-07 13:38:12.200 - [32550/50000] loss: 1.3448 (1.2456), acc: 44.000% (47.653%)
Jun-07 13:38:14.503 - [32600/50000] loss: 0.9953 (1.2435), acc: 49.333% (47.067%)
Jun-07 13:38:16.690 - [32650/50000] loss: 1.4099 (1.2456), acc: 37.333% (47.093%)
Jun-07 13:38:19.243 - [32700/50000] loss: 1.0251 (1.2437), acc: 53.333% (46.860%)
Jun-07 13:38:22.863 - [32750/50000] loss: 1.2059 (1.2412), acc: 42.667% (46.843%)
Jun-07 13:38:26.325 - [32800/50000] loss: 1.1356 (1.2423), acc: 53.333% (46.978%)
Jun-07 13:38:29.703 - [32850/50000] loss: 1.1794 (1.2460), acc: 58.667% (46.933%)
Jun-07 13:38:32.920 - [32900/50000] loss: 1.1521 (1.2432), acc: 40.000% (47.207%)
Jun-07 13:38:36.210 - [32950/50000] loss: 1.4489 (1.2419), acc: 34.667% (47.265%)
Jun-07 13:38:39.490 - [33000/50000] loss: 0.9621 (1.2376), acc: 62.667% (47.504%)
Jun-07 13:38:47.637 - [33000] Eval (100 episode) - loss: 1.2202 +- 0.1937, acc: 49.040 +- 9.192%
Jun-07 13:38:49.796 - [33050/50000] loss: 1.5740 (1.2012), acc: 36.000% (48.400%)
Jun-07 13:38:51.975 - [33100/50000] loss: 1.3604 (1.2239), acc: 36.000% (47.680%)
Jun-07 13:38:54.145 - [33150/50000] loss: 1.5362 (1.2299), acc: 44.000% (47.342%)
Jun-07 13:38:56.681 - [33200/50000] loss: 0.9967 (1.2371), acc: 64.000% (47.333%)
Jun-07 13:39:00.179 - [33250/50000] loss: 1.3363 (1.2380), acc: 46.667% (47.429%)
Jun-07 13:39:03.772 - [33300/50000] loss: 1.6412 (1.2352), acc: 21.333% (47.524%)
Jun-07 13:39:07.092 - [33350/50000] loss: 1.0614 (1.2357), acc: 64.000% (47.691%)
Jun-07 13:39:10.317 - [33400/50000] loss: 1.1720 (1.2374), acc: 44.000% (47.447%)
Jun-07 13:39:13.555 - [33450/50000] loss: 1.1040 (1.2347), acc: 48.000% (47.481%)
Jun-07 13:39:16.830 - [33500/50000] loss: 1.1249 (1.2380), acc: 54.667% (47.365%)
Jun-07 13:39:24.904 - [33500] Eval (100 episode) - loss: 1.2242 +- 0.1950, acc: 48.667 +- 10.256%
Jun-07 13:39:27.085 - [33550/50000] loss: 1.3054 (1.2274), acc: 50.667% (48.107%)
Jun-07 13:39:29.336 - [33600/50000] loss: 1.2222 (1.2231), acc: 44.000% (48.147%)
Jun-07 13:39:31.506 - [33650/50000] loss: 1.4507 (1.2202), acc: 36.000% (48.382%)
Jun-07 13:39:34.073 - [33700/50000] loss: 1.5039 (1.2260), acc: 37.333% (48.100%)
Jun-07 13:39:37.582 - [33750/50000] loss: 1.1046 (1.2293), acc: 54.667% (47.957%)
Jun-07 13:39:41.067 - [33800/50000] loss: 1.3228 (1.2246), acc: 40.000% (48.169%)
Jun-07 13:39:44.379 - [33850/50000] loss: 1.1211 (1.2251), acc: 52.000% (48.126%)
Jun-07 13:39:47.612 - [33900/50000] loss: 1.1989 (1.2237), acc: 50.667% (48.240%)
Jun-07 13:39:50.938 - [33950/50000] loss: 1.3507 (1.2298), acc: 45.333% (47.994%)
Jun-07 13:39:54.353 - [34000/50000] loss: 1.3117 (1.2255), acc: 37.333% (48.163%)
Jun-07 13:40:02.577 - [34000] Eval (100 episode) - loss: 1.1939 +- 0.2333, acc: 51.520 +- 10.300%
Jun-07 13:40:04.705 - [34050/50000] loss: 1.0757 (1.1649), acc: 54.667% (50.853%)
Jun-07 13:40:06.808 - [34100/50000] loss: 1.2055 (1.1947), acc: 41.333% (49.533%)
Jun-07 13:40:08.973 - [34150/50000] loss: 1.2924 (1.2007), acc: 44.000% (49.084%)
Jun-07 13:40:11.426 - [34200/50000] loss: 1.5055 (1.1998), acc: 29.333% (49.367%)
Jun-07 13:40:14.896 - [34250/50000] loss: 1.0579 (1.2031), acc: 53.333% (49.173%)
Jun-07 13:40:18.432 - [34300/50000] loss: 1.2670 (1.2064), acc: 45.333% (48.920%)
Jun-07 13:40:21.791 - [34350/50000] loss: 1.1367 (1.2144), acc: 44.000% (48.530%)
Jun-07 13:40:25.007 - [34400/50000] loss: 1.1782 (1.2171), acc: 48.000% (48.393%)
Jun-07 13:40:28.271 - [34450/50000] loss: 1.2465 (1.2169), acc: 49.333% (48.409%)
Jun-07 13:40:31.539 - [34500/50000] loss: 1.1876 (1.2183), acc: 54.667% (48.397%)
Jun-07 13:40:39.672 - [34500] Eval (100 episode) - loss: 1.2239 +- 0.2045, acc: 49.467 +- 9.235%
Jun-07 13:40:41.757 - [34550/50000] loss: 1.1272 (1.2584), acc: 60.000% (47.467%)
Jun-07 13:40:43.944 - [34600/50000] loss: 1.9285 (1.2389), acc: 26.667% (47.680%)
Jun-07 13:40:46.192 - [34650/50000] loss: 1.4007 (1.2274), acc: 44.000% (48.267%)
Jun-07 13:40:48.733 - [34700/50000] loss: 1.4773 (1.2338), acc: 34.667% (47.560%)
Jun-07 13:40:52.282 - [34750/50000] loss: 1.3743 (1.2352), acc: 41.333% (47.600%)
Jun-07 13:40:55.810 - [34800/50000] loss: 0.8475 (1.2309), acc: 69.333% (47.929%)
Jun-07 13:40:59.174 - [34850/50000] loss: 1.3207 (1.2327), acc: 50.667% (47.920%)
Jun-07 13:41:02.427 - [34900/50000] loss: 1.4366 (1.2346), acc: 38.667% (47.680%)
Jun-07 13:41:05.702 - [34950/50000] loss: 1.1976 (1.2368), acc: 45.333% (47.615%)
Jun-07 13:41:09.008 - [35000/50000] loss: 1.4236 (1.2363), acc: 30.667% (47.640%)
Jun-07 13:41:17.121 - [35000] Eval (100 episode) - loss: 1.2332 +- 0.1842, acc: 49.107 +- 9.392%
Jun-07 13:41:19.230 - [35050/50000] loss: 1.2226 (1.2391), acc: 48.000% (47.227%)
Jun-07 13:41:21.315 - [35100/50000] loss: 1.2279 (1.2180), acc: 44.000% (48.587%)
Jun-07 13:41:23.497 - [35150/50000] loss: 1.2802 (1.2250), acc: 38.667% (48.356%)
Jun-07 13:41:26.011 - [35200/50000] loss: 1.2216 (1.2121), acc: 46.667% (48.533%)
Jun-07 13:41:29.555 - [35250/50000] loss: 1.3457 (1.2264), acc: 44.000% (47.808%)
Jun-07 13:41:32.989 - [35300/50000] loss: 1.0732 (1.2211), acc: 52.000% (48.018%)
Jun-07 13:41:36.407 - [35350/50000] loss: 1.4699 (1.2226), acc: 37.333% (47.977%)
Jun-07 13:41:39.628 - [35400/50000] loss: 1.1618 (1.2217), acc: 49.333% (48.170%)
Jun-07 13:41:42.883 - [35450/50000] loss: 1.0973 (1.2217), acc: 56.000% (48.237%)
Jun-07 13:41:46.184 - [35500/50000] loss: 1.3648 (1.2257), acc: 37.333% (47.931%)
Jun-07 13:41:54.255 - [35500] Eval (100 episode) - loss: 1.2164 +- 0.2136, acc: 50.307 +- 10.928%
Jun-07 13:41:56.378 - [35550/50000] loss: 0.9375 (1.2191), acc: 57.333% (48.293%)
Jun-07 13:41:58.601 - [35600/50000] loss: 0.8253 (1.1957), acc: 70.667% (50.067%)
Jun-07 13:42:00.691 - [35650/50000] loss: 1.2037 (1.2016), acc: 49.333% (49.698%)
Jun-07 13:42:03.242 - [35700/50000] loss: 1.3357 (1.2116), acc: 40.000% (49.147%)
Jun-07 13:42:06.744 - [35750/50000] loss: 0.9929 (1.2190), acc: 52.000% (48.661%)
Jun-07 13:42:10.235 - [35800/50000] loss: 1.1746 (1.2225), acc: 46.667% (48.458%)
Jun-07 13:42:13.552 - [35850/50000] loss: 1.0577 (1.2220), acc: 48.000% (48.450%)
Jun-07 13:42:16.815 - [35900/50000] loss: 1.4423 (1.2265), acc: 40.000% (48.160%)
Jun-07 13:42:20.090 - [35950/50000] loss: 1.3670 (1.2302), acc: 38.667% (47.873%)
Jun-07 13:42:23.480 - [36000/50000] loss: 1.4662 (1.2305), acc: 44.000% (47.941%)
Jun-07 13:42:31.732 - [36000] Eval (100 episode) - loss: 1.1936 +- 0.2135, acc: 50.733 +- 10.155%
Jun-07 13:42:33.839 - [36050/50000] loss: 1.4262 (1.2121), acc: 44.000% (48.773%)
Jun-07 13:42:35.926 - [36100/50000] loss: 1.4124 (1.2179), acc: 40.000% (48.827%)
Jun-07 13:42:38.104 - [36150/50000] loss: 1.1140 (1.1990), acc: 52.000% (49.698%)
Jun-07 13:42:40.645 - [36200/50000] loss: 1.5009 (1.2140), acc: 33.333% (48.840%)
Jun-07 13:42:44.078 - [36250/50000] loss: 1.0313 (1.2179), acc: 61.333% (48.688%)
Jun-07 13:42:47.583 - [36300/50000] loss: 1.4383 (1.2164), acc: 37.333% (48.804%)
Jun-07 13:42:50.907 - [36350/50000] loss: 1.1497 (1.2131), acc: 50.667% (48.884%)
Jun-07 13:42:54.140 - [36400/50000] loss: 1.0268 (1.2149), acc: 52.000% (48.747%)
Jun-07 13:42:57.418 - [36450/50000] loss: 1.0435 (1.2149), acc: 57.333% (48.800%)
Jun-07 13:43:00.707 - [36500/50000] loss: 1.5604 (1.2151), acc: 34.667% (48.829%)
Jun-07 13:43:08.804 - [36500] Eval (100 episode) - loss: 1.2136 +- 0.2064, acc: 50.000 +- 10.129%
Jun-07 13:43:10.901 - [36550/50000] loss: 0.9529 (1.2098), acc: 57.333% (49.387%)
Jun-07 13:43:13.004 - [36600/50000] loss: 1.1818 (1.2291), acc: 48.000% (47.920%)
Jun-07 13:43:15.176 - [36650/50000] loss: 1.4568 (1.2400), acc: 33.333% (47.698%)
Jun-07 13:43:17.717 - [36700/50000] loss: 1.5719 (1.2466), acc: 32.000% (47.320%)
Jun-07 13:43:21.179 - [36750/50000] loss: 1.2233 (1.2458), acc: 58.667% (47.376%)
Jun-07 13:43:24.655 - [36800/50000] loss: 1.0959 (1.2406), acc: 48.000% (47.604%)
Jun-07 13:43:27.950 - [36850/50000] loss: 1.2645 (1.2293), acc: 49.333% (48.126%)
Jun-07 13:43:31.221 - [36900/50000] loss: 1.2305 (1.2287), acc: 40.000% (48.140%)
Jun-07 13:43:34.601 - [36950/50000] loss: 1.1535 (1.2264), acc: 44.000% (48.193%)
Jun-07 13:43:38.066 - [37000/50000] loss: 1.1669 (1.2260), acc: 50.667% (48.157%)
Jun-07 13:43:46.193 - [37000] Eval (100 episode) - loss: 1.1540 +- 0.1945, acc: 52.360 +- 9.868%
Jun-07 13:43:48.295 - [37050/50000] loss: 1.5607 (1.2218), acc: 30.667% (47.947%)
Jun-07 13:43:50.381 - [37100/50000] loss: 1.0970 (1.2085), acc: 58.667% (48.947%)
Jun-07 13:43:52.483 - [37150/50000] loss: 1.0242 (1.2201), acc: 50.667% (48.613%)
Jun-07 13:43:55.008 - [37200/50000] loss: 1.2977 (1.2096), acc: 46.667% (49.060%)
Jun-07 13:43:58.585 - [37250/50000] loss: 1.2368 (1.2157), acc: 42.667% (48.768%)
Jun-07 13:44:02.179 - [37300/50000] loss: 1.2243 (1.2118), acc: 45.333% (48.902%)
Jun-07 13:44:05.529 - [37350/50000] loss: 1.2375 (1.2120), acc: 50.667% (48.922%)
Jun-07 13:44:08.722 - [37400/50000] loss: 1.0657 (1.2199), acc: 60.000% (48.507%)
Jun-07 13:44:12.059 - [37450/50000] loss: 1.1865 (1.2214), acc: 48.000% (48.385%)
Jun-07 13:44:15.307 - [37500/50000] loss: 1.5209 (1.2231), acc: 36.000% (48.211%)
Jun-07 13:44:23.354 - [37500] Eval (100 episode) - loss: 1.2122 +- 0.1787, acc: 50.067 +- 8.497%
Jun-07 13:44:25.451 - [37550/50000] loss: 1.2322 (1.2238), acc: 45.333% (47.813%)
Jun-07 13:44:27.534 - [37600/50000] loss: 1.1647 (1.2164), acc: 49.333% (48.040%)
Jun-07 13:44:29.664 - [37650/50000] loss: 1.1026 (1.2156), acc: 52.000% (48.124%)
Jun-07 13:44:32.194 - [37700/50000] loss: 1.3644 (1.2145), acc: 36.000% (48.133%)
Jun-07 13:44:35.677 - [37750/50000] loss: 1.3120 (1.2206), acc: 40.000% (47.909%)
Jun-07 13:44:39.170 - [37800/50000] loss: 1.2246 (1.2240), acc: 44.000% (47.800%)
Jun-07 13:44:42.493 - [37850/50000] loss: 1.2182 (1.2203), acc: 54.667% (48.004%)
Jun-07 13:44:45.704 - [37900/50000] loss: 1.4497 (1.2220), acc: 37.333% (47.960%)
Jun-07 13:44:48.990 - [37950/50000] loss: 1.2280 (1.2232), acc: 48.000% (47.816%)
Jun-07 13:44:52.263 - [38000/50000] loss: 1.2053 (1.2264), acc: 53.333% (47.739%)
Jun-07 13:45:00.473 - [38000] Eval (100 episode) - loss: 1.2110 +- 0.1850, acc: 49.973 +- 9.013%
Jun-07 13:45:02.746 - [38050/50000] loss: 1.1336 (1.2131), acc: 53.333% (48.187%)
Jun-07 13:45:04.833 - [38100/50000] loss: 1.3892 (1.2163), acc: 40.000% (49.093%)
Jun-07 13:45:06.962 - [38150/50000] loss: 1.3513 (1.2345), acc: 46.667% (48.009%)
Jun-07 13:45:09.507 - [38200/50000] loss: 1.1987 (1.2365), acc: 46.667% (48.027%)
Jun-07 13:45:13.072 - [38250/50000] loss: 1.2710 (1.2316), acc: 42.667% (48.085%)
Jun-07 13:45:16.649 - [38300/50000] loss: 1.4142 (1.2341), acc: 38.667% (47.907%)
Jun-07 13:45:19.961 - [38350/50000] loss: 0.9383 (1.2350), acc: 68.000% (47.912%)
Jun-07 13:45:23.273 - [38400/50000] loss: 1.3558 (1.2370), acc: 44.000% (47.937%)
Jun-07 13:45:26.618 - [38450/50000] loss: 1.5195 (1.2390), acc: 42.667% (47.766%)
Jun-07 13:45:29.914 - [38500/50000] loss: 1.1790 (1.2416), acc: 46.667% (47.704%)
Jun-07 13:45:38.085 - [38500] Eval (100 episode) - loss: 1.2144 +- 0.2126, acc: 49.680 +- 10.641%
Jun-07 13:45:40.246 - [38550/50000] loss: 1.1509 (1.2671), acc: 49.333% (46.053%)
Jun-07 13:45:42.356 - [38600/50000] loss: 1.3407 (1.2482), acc: 49.333% (47.613%)
Jun-07 13:45:44.484 - [38650/50000] loss: 1.2695 (1.2479), acc: 49.333% (47.547%)
Jun-07 13:45:47.112 - [38700/50000] loss: 1.4979 (1.2540), acc: 34.667% (47.113%)
Jun-07 13:45:50.613 - [38750/50000] loss: 1.2752 (1.2513), acc: 36.000% (47.253%)
Jun-07 13:45:54.217 - [38800/50000] loss: 1.5145 (1.2535), acc: 32.000% (47.236%)
Jun-07 13:45:57.570 - [38850/50000] loss: 1.2503 (1.2514), acc: 40.000% (47.444%)
Jun-07 13:46:00.832 - [38900/50000] loss: 1.1186 (1.2465), acc: 49.333% (47.757%)
Jun-07 13:46:04.211 - [38950/50000] loss: 1.2708 (1.2454), acc: 49.333% (47.727%)
Jun-07 13:46:07.507 - [39000/50000] loss: 1.1265 (1.2421), acc: 49.333% (47.891%)
Jun-07 13:46:15.604 - [39000] Eval (100 episode) - loss: 1.2138 +- 0.1954, acc: 49.213 +- 9.485%
Jun-07 13:46:17.804 - [39050/50000] loss: 1.0939 (1.2720), acc: 60.000% (46.320%)
Jun-07 13:46:20.010 - [39100/50000] loss: 1.1944 (1.2657), acc: 52.000% (46.587%)
Jun-07 13:46:22.133 - [39150/50000] loss: 1.1328 (1.2504), acc: 54.667% (47.449%)
Jun-07 13:46:24.808 - [39200/50000] loss: 1.2520 (1.2364), acc: 49.333% (47.953%)
Jun-07 13:46:28.250 - [39250/50000] loss: 1.2342 (1.2467), acc: 50.667% (47.685%)
Jun-07 13:46:31.763 - [39300/50000] loss: 1.2245 (1.2430), acc: 52.000% (47.751%)
Jun-07 13:46:35.040 - [39350/50000] loss: 1.0753 (1.2454), acc: 53.333% (47.497%)
Jun-07 13:46:38.280 - [39400/50000] loss: 1.0167 (1.2484), acc: 56.000% (47.217%)
Jun-07 13:46:41.556 - [39450/50000] loss: 1.2609 (1.2545), acc: 56.000% (46.901%)
Jun-07 13:46:44.939 - [39500/50000] loss: 1.0326 (1.2529), acc: 60.000% (47.048%)
Jun-07 13:46:52.982 - [39500] Eval (100 episode) - loss: 1.2056 +- 0.1939, acc: 50.413 +- 9.547%
Jun-07 13:46:55.083 - [39550/50000] loss: 1.2802 (1.2480), acc: 48.000% (47.627%)
Jun-07 13:46:57.160 - [39600/50000] loss: 1.0572 (1.2357), acc: 56.000% (47.800%)
Jun-07 13:46:59.226 - [39650/50000] loss: 1.1459 (1.2409), acc: 50.667% (47.787%)
Jun-07 13:47:01.963 - [39700/50000] loss: 1.3218 (1.2429), acc: 38.667% (47.633%)
Jun-07 13:47:05.499 - [39750/50000] loss: 1.2534 (1.2397), acc: 46.667% (47.835%)
Jun-07 13:47:09.014 - [39800/50000] loss: 1.0909 (1.2412), acc: 49.333% (47.569%)
Jun-07 13:47:12.262 - [39850/50000] loss: 1.2259 (1.2388), acc: 50.667% (47.505%)
Jun-07 13:47:15.463 - [39900/50000] loss: 1.1573 (1.2361), acc: 50.667% (47.647%)
Jun-07 13:47:18.720 - [39950/50000] loss: 1.2974 (1.2392), acc: 46.667% (47.461%)
Jun-07 13:47:21.973 - [40000/50000] loss: 1.1052 (1.2396), acc: 57.333% (47.536%)
Jun-07 13:47:30.324 - [40000] Eval (100 episode) - loss: 1.2155 +- 0.1836, acc: 49.253 +- 9.728%
Jun-07 13:47:32.425 - [40050/50000] loss: 1.1951 (1.2503), acc: 38.667% (46.800%)
Jun-07 13:47:34.614 - [40100/50000] loss: 1.5627 (1.2283), acc: 32.000% (48.307%)
Jun-07 13:47:36.723 - [40150/50000] loss: 1.6666 (1.2438), acc: 29.333% (47.991%)
Jun-07 13:47:39.327 - [40200/50000] loss: 1.2776 (1.2434), acc: 42.667% (47.800%)
Jun-07 13:47:42.823 - [40250/50000] loss: 1.2206 (1.2420), acc: 52.000% (47.760%)
Jun-07 13:47:46.396 - [40300/50000] loss: 1.3198 (1.2431), acc: 41.333% (47.622%)
Jun-07 13:47:49.624 - [40350/50000] loss: 1.2223 (1.2384), acc: 53.333% (47.832%)
Jun-07 13:47:52.857 - [40400/50000] loss: 1.2898 (1.2388), acc: 45.333% (47.757%)
Jun-07 13:47:56.133 - [40450/50000] loss: 1.0043 (1.2412), acc: 58.667% (47.665%)
Jun-07 13:47:59.587 - [40500/50000] loss: 0.9586 (1.2390), acc: 57.333% (47.717%)
Jun-07 13:48:07.661 - [40500] Eval (100 episode) - loss: 1.2193 +- 0.2046, acc: 49.947 +- 9.260%
Jun-07 13:48:09.747 - [40550/50000] loss: 1.3726 (1.1912), acc: 42.667% (50.453%)
Jun-07 13:48:11.851 - [40600/50000] loss: 0.9327 (1.2262), acc: 65.333% (48.573%)
Jun-07 13:48:14.067 - [40650/50000] loss: 1.1870 (1.2256), acc: 53.333% (48.524%)
Jun-07 13:48:16.678 - [40700/50000] loss: 1.2383 (1.2284), acc: 45.333% (48.200%)
Jun-07 13:48:20.166 - [40750/50000] loss: 1.1366 (1.2270), acc: 52.000% (48.261%)
Jun-07 13:48:23.700 - [40800/50000] loss: 1.2760 (1.2331), acc: 44.000% (48.036%)
Jun-07 13:48:27.064 - [40850/50000] loss: 1.2433 (1.2320), acc: 41.333% (47.973%)
Jun-07 13:48:30.326 - [40900/50000] loss: 1.1115 (1.2284), acc: 57.333% (48.127%)
Jun-07 13:48:33.616 - [40950/50000] loss: 1.4049 (1.2289), acc: 33.333% (48.074%)
Jun-07 13:48:36.975 - [41000/50000] loss: 1.0555 (1.2325), acc: 58.667% (47.928%)
Jun-07 13:48:45.139 - [41000] Eval (100 episode) - loss: 1.2355 +- 0.2107, acc: 48.760 +- 11.248%
Jun-07 13:48:47.328 - [41050/50000] loss: 1.1868 (1.2343), acc: 50.667% (48.240%)
Jun-07 13:48:49.428 - [41100/50000] loss: 1.1841 (1.2465), acc: 44.000% (47.573%)
Jun-07 13:48:51.520 - [41150/50000] loss: 1.3045 (1.2573), acc: 42.667% (46.844%)
Jun-07 13:48:54.172 - [41200/50000] loss: 1.3596 (1.2580), acc: 41.333% (46.613%)
Jun-07 13:48:57.685 - [41250/50000] loss: 1.4559 (1.2506), acc: 30.667% (46.939%)
Jun-07 13:49:01.114 - [41300/50000] loss: 1.1096 (1.2449), acc: 57.333% (47.209%)
Jun-07 13:49:04.381 - [41350/50000] loss: 1.6517 (1.2445), acc: 28.000% (47.330%)
Jun-07 13:49:07.609 - [41400/50000] loss: 1.1019 (1.2481), acc: 49.333% (47.310%)
Jun-07 13:49:10.912 - [41450/50000] loss: 1.3724 (1.2485), acc: 38.667% (47.283%)
Jun-07 13:49:14.237 - [41500/50000] loss: 1.1063 (1.2472), acc: 54.667% (47.352%)
Jun-07 13:49:22.273 - [41500] Eval (100 episode) - loss: 1.2144 +- 0.2135, acc: 49.107 +- 10.356%
Jun-07 13:49:24.372 - [41550/50000] loss: 1.3097 (1.2293), acc: 45.333% (47.760%)
Jun-07 13:49:26.460 - [41600/50000] loss: 1.2312 (1.2346), acc: 42.667% (47.680%)
Jun-07 13:49:28.568 - [41650/50000] loss: 1.1391 (1.2484), acc: 50.667% (47.422%)
Jun-07 13:49:31.137 - [41700/50000] loss: 1.3784 (1.2493), acc: 44.000% (47.273%)
Jun-07 13:49:34.678 - [41750/50000] loss: 1.2731 (1.2400), acc: 53.333% (47.611%)
Jun-07 13:49:38.239 - [41800/50000] loss: 1.4390 (1.2401), acc: 41.333% (47.662%)
Jun-07 13:49:41.462 - [41850/50000] loss: 1.2126 (1.2385), acc: 50.667% (47.756%)
Jun-07 13:49:44.718 - [41900/50000] loss: 1.1199 (1.2410), acc: 53.333% (47.647%)
Jun-07 13:49:47.999 - [41950/50000] loss: 1.2088 (1.2415), acc: 50.667% (47.760%)
Jun-07 13:49:51.299 - [42000/50000] loss: 1.0380 (1.2395), acc: 56.000% (47.797%)
Jun-07 13:49:59.522 - [42000] Eval (100 episode) - loss: 1.2130 +- 0.2139, acc: 49.493 +- 10.153%
Jun-07 13:50:01.785 - [42050/50000] loss: 1.0941 (1.2636), acc: 62.667% (46.853%)
Jun-07 13:50:03.889 - [42100/50000] loss: 1.0340 (1.2676), acc: 57.333% (46.613%)
Jun-07 13:50:05.998 - [42150/50000] loss: 1.1288 (1.2628), acc: 52.000% (46.747%)
Jun-07 13:50:08.599 - [42200/50000] loss: 1.5968 (1.2517), acc: 25.333% (46.947%)
Jun-07 13:50:12.066 - [42250/50000] loss: 1.0041 (1.2458), acc: 56.000% (47.104%)
Jun-07 13:50:15.556 - [42300/50000] loss: 1.2389 (1.2443), acc: 50.667% (47.089%)
Jun-07 13:50:18.804 - [42350/50000] loss: 1.1820 (1.2452), acc: 50.667% (47.234%)
Jun-07 13:50:22.112 - [42400/50000] loss: 1.3704 (1.2428), acc: 46.667% (47.350%)
Jun-07 13:50:25.376 - [42450/50000] loss: 1.5102 (1.2446), acc: 33.333% (47.280%)
Jun-07 13:50:28.637 - [42500/50000] loss: 1.3657 (1.2410), acc: 45.333% (47.379%)
Jun-07 13:50:36.670 - [42500] Eval (100 episode) - loss: 1.2191 +- 0.2107, acc: 48.720 +- 9.083%
Jun-07 13:50:38.808 - [42550/50000] loss: 1.6077 (1.2635), acc: 21.333% (46.587%)
Jun-07 13:50:40.918 - [42600/50000] loss: 1.2006 (1.2424), acc: 45.333% (47.067%)
Jun-07 13:50:43.006 - [42650/50000] loss: 1.1663 (1.2372), acc: 50.667% (47.662%)
Jun-07 13:50:45.568 - [42700/50000] loss: 1.2802 (1.2311), acc: 45.333% (48.067%)
Jun-07 13:50:49.056 - [42750/50000] loss: 1.3390 (1.2361), acc: 48.000% (47.765%)
Jun-07 13:50:52.583 - [42800/50000] loss: 1.2727 (1.2374), acc: 44.000% (47.791%)
Jun-07 13:50:55.814 - [42850/50000] loss: 1.3884 (1.2417), acc: 46.667% (47.779%)
Jun-07 13:50:59.014 - [42900/50000] loss: 1.2344 (1.2381), acc: 46.667% (47.820%)
Jun-07 13:51:02.244 - [42950/50000] loss: 1.3472 (1.2432), acc: 46.667% (47.692%)
Jun-07 13:51:05.536 - [43000/50000] loss: 1.5693 (1.2445), acc: 38.667% (47.760%)
Jun-07 13:51:13.635 - [43000] Eval (100 episode) - loss: 1.2018 +- 0.2243, acc: 50.587 +- 11.343%
Jun-07 13:51:15.748 - [43050/50000] loss: 0.9405 (1.2243), acc: 58.667% (47.653%)
Jun-07 13:51:17.851 - [43100/50000] loss: 1.1146 (1.2368), acc: 60.000% (47.720%)
Jun-07 13:51:19.929 - [43150/50000] loss: 1.3119 (1.2324), acc: 46.667% (47.689%)
Jun-07 13:51:22.462 - [43200/50000] loss: 1.3435 (1.2368), acc: 42.667% (47.453%)
Jun-07 13:51:25.915 - [43250/50000] loss: 1.1147 (1.2361), acc: 49.333% (47.429%)
Jun-07 13:51:29.375 - [43300/50000] loss: 1.1527 (1.2345), acc: 54.667% (47.498%)
Jun-07 13:51:32.645 - [43350/50000] loss: 1.1603 (1.2377), acc: 50.667% (47.474%)
Jun-07 13:51:35.909 - [43400/50000] loss: 1.2802 (1.2410), acc: 48.000% (47.233%)
Jun-07 13:51:39.182 - [43450/50000] loss: 1.1272 (1.2419), acc: 57.333% (47.277%)
Jun-07 13:51:42.495 - [43500/50000] loss: 1.1230 (1.2385), acc: 49.333% (47.512%)
Jun-07 13:51:50.645 - [43500] Eval (100 episode) - loss: 1.2263 +- 0.2102, acc: 49.600 +- 10.860%
Jun-07 13:51:52.822 - [43550/50000] loss: 1.4402 (1.2215), acc: 40.000% (48.667%)
Jun-07 13:51:54.936 - [43600/50000] loss: 1.0947 (1.2301), acc: 46.667% (48.120%)
Jun-07 13:51:57.027 - [43650/50000] loss: 1.2559 (1.2355), acc: 34.667% (47.502%)
Jun-07 13:51:59.564 - [43700/50000] loss: 1.0782 (1.2260), acc: 50.667% (48.220%)
Jun-07 13:52:03.061 - [43750/50000] loss: 1.2658 (1.2280), acc: 49.333% (48.192%)
Jun-07 13:52:06.542 - [43800/50000] loss: 1.1470 (1.2313), acc: 46.667% (47.898%)
Jun-07 13:52:09.810 - [43850/50000] loss: 1.1734 (1.2347), acc: 52.000% (47.726%)
Jun-07 13:52:13.038 - [43900/50000] loss: 1.2720 (1.2350), acc: 53.333% (47.743%)
Jun-07 13:52:16.384 - [43950/50000] loss: 1.1997 (1.2332), acc: 48.000% (47.766%)
Jun-07 13:52:19.771 - [44000/50000] loss: 1.2824 (1.2335), acc: 45.333% (47.765%)
Jun-07 13:52:27.818 - [44000] Eval (100 episode) - loss: 1.2276 +- 0.2328, acc: 48.947 +- 10.700%
Jun-07 13:52:29.922 - [44050/50000] loss: 1.2584 (1.1900), acc: 50.667% (49.947%)
Jun-07 13:52:32.035 - [44100/50000] loss: 1.4065 (1.2181), acc: 45.333% (48.493%)
Jun-07 13:52:34.127 - [44150/50000] loss: 1.3394 (1.2195), acc: 45.333% (49.076%)
Jun-07 13:52:36.743 - [44200/50000] loss: 1.1924 (1.2222), acc: 38.667% (48.853%)
Jun-07 13:52:40.351 - [44250/50000] loss: 1.0849 (1.2265), acc: 50.667% (48.448%)
Jun-07 13:52:43.884 - [44300/50000] loss: 1.3847 (1.2324), acc: 45.333% (48.249%)
Jun-07 13:52:47.138 - [44350/50000] loss: 1.3613 (1.2327), acc: 48.000% (48.373%)
Jun-07 13:52:50.425 - [44400/50000] loss: 1.3684 (1.2361), acc: 44.000% (48.113%)
Jun-07 13:52:53.754 - [44450/50000] loss: 1.2711 (1.2381), acc: 48.000% (48.083%)
Jun-07 13:52:57.018 - [44500/50000] loss: 1.4533 (1.2401), acc: 41.333% (47.973%)
Jun-07 13:53:05.052 - [44500] Eval (100 episode) - loss: 1.1693 +- 0.1816, acc: 51.840 +- 9.227%
Jun-07 13:53:07.120 - [44550/50000] loss: 1.3368 (1.2858), acc: 41.333% (45.387%)
Jun-07 13:53:09.226 - [44600/50000] loss: 1.2879 (1.2733), acc: 44.000% (46.067%)
Jun-07 13:53:11.331 - [44650/50000] loss: 1.3867 (1.2674), acc: 42.667% (46.622%)
Jun-07 13:53:13.868 - [44700/50000] loss: 1.1623 (1.2598), acc: 52.000% (46.820%)
Jun-07 13:53:17.313 - [44750/50000] loss: 1.5107 (1.2569), acc: 37.333% (46.800%)
Jun-07 13:53:20.819 - [44800/50000] loss: 1.0451 (1.2569), acc: 60.000% (46.916%)
Jun-07 13:53:24.073 - [44850/50000] loss: 1.2572 (1.2483), acc: 44.000% (47.208%)
Jun-07 13:53:27.498 - [44900/50000] loss: 1.5069 (1.2471), acc: 33.333% (47.253%)
Jun-07 13:53:30.834 - [44950/50000] loss: 1.2269 (1.2437), acc: 42.667% (47.511%)
Jun-07 13:53:34.244 - [45000/50000] loss: 1.1877 (1.2415), acc: 50.667% (47.589%)
Jun-07 13:53:42.429 - [45000] Eval (100 episode) - loss: 1.2158 +- 0.2284, acc: 50.253 +- 11.083%
Jun-07 13:53:44.603 - [45050/50000] loss: 1.3305 (1.2093), acc: 42.667% (48.773%)
Jun-07 13:53:46.778 - [45100/50000] loss: 1.2582 (1.2340), acc: 44.000% (47.827%)
Jun-07 13:53:48.878 - [45150/50000] loss: 1.5007 (1.2309), acc: 29.333% (47.876%)
Jun-07 13:53:51.553 - [45200/50000] loss: 1.5518 (1.2343), acc: 32.000% (47.693%)
Jun-07 13:53:55.047 - [45250/50000] loss: 1.0056 (1.2344), acc: 69.333% (47.733%)
Jun-07 13:53:58.503 - [45300/50000] loss: 1.1596 (1.2308), acc: 48.000% (47.947%)
Jun-07 13:54:01.736 - [45350/50000] loss: 1.3984 (1.2291), acc: 42.667% (48.110%)
Jun-07 13:54:04.972 - [45400/50000] loss: 1.4678 (1.2258), acc: 36.000% (48.327%)
Jun-07 13:54:08.241 - [45450/50000] loss: 1.2803 (1.2261), acc: 40.000% (48.255%)
Jun-07 13:54:11.684 - [45500/50000] loss: 1.2047 (1.2231), acc: 50.667% (48.496%)
Jun-07 13:54:19.889 - [45500] Eval (100 episode) - loss: 1.1814 +- 0.2057, acc: 51.333 +- 10.145%
Jun-07 13:54:22.058 - [45550/50000] loss: 1.6107 (1.2278), acc: 28.000% (47.200%)
Jun-07 13:54:24.176 - [45600/50000] loss: 1.2354 (1.2419), acc: 53.333% (46.587%)
Jun-07 13:54:26.271 - [45650/50000] loss: 1.3867 (1.2376), acc: 38.667% (46.924%)
Jun-07 13:54:28.853 - [45700/50000] loss: 1.1165 (1.2378), acc: 46.667% (47.047%)
Jun-07 13:54:32.321 - [45750/50000] loss: 1.5542 (1.2376), acc: 33.333% (47.040%)
Jun-07 13:54:35.897 - [45800/50000] loss: 1.0924 (1.2388), acc: 60.000% (47.324%)
Jun-07 13:54:39.196 - [45850/50000] loss: 1.4933 (1.2395), acc: 41.333% (47.368%)
Jun-07 13:54:42.516 - [45900/50000] loss: 1.1414 (1.2355), acc: 54.667% (47.613%)
Jun-07 13:54:45.812 - [45950/50000] loss: 1.2429 (1.2308), acc: 49.333% (47.831%)
Jun-07 13:54:49.117 - [46000/50000] loss: 1.3838 (1.2265), acc: 41.333% (48.040%)
Jun-07 13:54:57.335 - [46000] Eval (100 episode) - loss: 1.1800 +- 0.2123, acc: 51.320 +- 10.078%
Jun-07 13:54:59.429 - [46050/50000] loss: 1.1011 (1.2024), acc: 50.667% (49.387%)
Jun-07 13:55:01.501 - [46100/50000] loss: 1.0495 (1.2047), acc: 62.667% (49.613%)
Jun-07 13:55:03.611 - [46150/50000] loss: 1.3614 (1.2034), acc: 46.667% (49.422%)
Jun-07 13:55:06.297 - [46200/50000] loss: 1.0450 (1.2042), acc: 60.000% (49.380%)
Jun-07 13:55:09.767 - [46250/50000] loss: 1.2125 (1.2021), acc: 50.667% (49.440%)
Jun-07 13:55:13.216 - [46300/50000] loss: 1.5141 (1.2070), acc: 38.667% (49.253%)
Jun-07 13:55:16.431 - [46350/50000] loss: 1.0482 (1.2099), acc: 52.000% (49.230%)
Jun-07 13:55:19.657 - [46400/50000] loss: 1.0252 (1.2065), acc: 66.667% (49.550%)
Jun-07 13:55:23.084 - [46450/50000] loss: 1.2586 (1.2103), acc: 48.000% (49.425%)
Jun-07 13:55:26.362 - [46500/50000] loss: 0.9736 (1.2095), acc: 65.333% (49.379%)
Jun-07 13:55:34.535 - [46500] Eval (100 episode) - loss: 1.2127 +- 0.2065, acc: 50.040 +- 9.584%
Jun-07 13:55:36.656 - [46550/50000] loss: 1.2041 (1.2183), acc: 50.667% (49.760%)
Jun-07 13:55:38.771 - [46600/50000] loss: 1.0890 (1.2159), acc: 65.333% (49.920%)
Jun-07 13:55:40.875 - [46650/50000] loss: 1.3419 (1.2077), acc: 46.667% (49.511%)
Jun-07 13:55:43.405 - [46700/50000] loss: 1.0720 (1.2102), acc: 60.000% (49.180%)
Jun-07 13:55:46.878 - [46750/50000] loss: 1.5326 (1.2127), acc: 34.667% (49.115%)
Jun-07 13:55:50.365 - [46800/50000] loss: 1.1047 (1.2116), acc: 53.333% (49.053%)
Jun-07 13:55:53.592 - [46850/50000] loss: 1.2396 (1.2125), acc: 40.000% (49.036%)
Jun-07 13:55:56.810 - [46900/50000] loss: 1.1030 (1.2132), acc: 53.333% (48.940%)
Jun-07 13:56:00.095 - [46950/50000] loss: 1.4189 (1.2149), acc: 37.333% (48.868%)
Jun-07 13:56:03.425 - [47000/50000] loss: 1.1188 (1.2108), acc: 57.333% (49.085%)
Jun-07 13:56:11.660 - [47000] Eval (100 episode) - loss: 1.1842 +- 0.2069, acc: 50.933 +- 10.570%
Jun-07 13:56:13.763 - [47050/50000] loss: 1.0425 (1.2156), acc: 54.667% (49.307%)
Jun-07 13:56:15.885 - [47100/50000] loss: 1.3068 (1.2238), acc: 42.667% (48.973%)
Jun-07 13:56:18.161 - [47150/50000] loss: 0.9899 (1.2263), acc: 57.333% (48.844%)
Jun-07 13:56:20.775 - [47200/50000] loss: 1.1289 (1.2306), acc: 48.000% (48.327%)
Jun-07 13:56:24.263 - [47250/50000] loss: 0.9079 (1.2301), acc: 69.333% (48.315%)
Jun-07 13:56:27.696 - [47300/50000] loss: 1.1034 (1.2242), acc: 56.000% (48.400%)
Jun-07 13:56:30.939 - [47350/50000] loss: 1.2637 (1.2261), acc: 40.000% (48.270%)
Jun-07 13:56:34.207 - [47400/50000] loss: 1.1671 (1.2219), acc: 48.000% (48.493%)
Jun-07 13:56:37.509 - [47450/50000] loss: 1.0665 (1.2188), acc: 57.333% (48.670%)
Jun-07 13:56:40.833 - [47500/50000] loss: 1.2776 (1.2151), acc: 45.333% (48.803%)
Jun-07 13:56:48.933 - [47500] Eval (100 episode) - loss: 1.1852 +- 0.2174, acc: 50.840 +- 10.319%
Jun-07 13:56:51.023 - [47550/50000] loss: 1.2198 (1.1650), acc: 53.333% (52.027%)
Jun-07 13:56:53.102 - [47600/50000] loss: 1.3924 (1.1893), acc: 44.000% (50.933%)
Jun-07 13:56:55.216 - [47650/50000] loss: 1.2146 (1.1843), acc: 46.667% (51.102%)
Jun-07 13:56:57.796 - [47700/50000] loss: 1.2659 (1.1777), acc: 42.667% (51.407%)
Jun-07 13:57:01.263 - [47750/50000] loss: 1.4136 (1.1764), acc: 37.333% (50.939%)
Jun-07 13:57:04.751 - [47800/50000] loss: 1.3168 (1.1853), acc: 46.667% (50.524%)
Jun-07 13:57:08.049 - [47850/50000] loss: 1.3475 (1.1850), acc: 45.333% (50.495%)
Jun-07 13:57:11.374 - [47900/50000] loss: 1.1962 (1.1889), acc: 53.333% (50.253%)
Jun-07 13:57:14.689 - [47950/50000] loss: 1.0883 (1.1874), acc: 46.667% (50.347%)
Jun-07 13:57:18.030 - [48000/50000] loss: 1.2106 (1.1858), acc: 54.667% (50.408%)
Jun-07 13:57:26.209 - [48000] Eval (100 episode) - loss: 1.1966 +- 0.2083, acc: 49.520 +- 10.478%
Jun-07 13:57:28.317 - [48050/50000] loss: 1.3172 (1.1986), acc: 36.000% (48.880%)
Jun-07 13:57:30.415 - [48100/50000] loss: 1.1315 (1.1919), acc: 57.333% (49.320%)
Jun-07 13:57:32.587 - [48150/50000] loss: 1.0999 (1.1878), acc: 50.667% (49.724%)
Jun-07 13:57:35.145 - [48200/50000] loss: 1.2643 (1.2036), acc: 52.000% (49.180%)
Jun-07 13:57:38.601 - [48250/50000] loss: 1.2224 (1.2064), acc: 46.667% (48.901%)
Jun-07 13:57:42.039 - [48300/50000] loss: 1.5093 (1.2096), acc: 33.333% (48.867%)
Jun-07 13:57:45.319 - [48350/50000] loss: 1.0952 (1.2068), acc: 49.333% (49.006%)
Jun-07 13:57:48.549 - [48400/50000] loss: 1.2344 (1.2071), acc: 46.667% (49.000%)
Jun-07 13:57:51.857 - [48450/50000] loss: 1.1129 (1.2079), acc: 52.000% (48.853%)
Jun-07 13:57:55.146 - [48500/50000] loss: 1.4534 (1.2107), acc: 34.667% (48.856%)
Jun-07 13:58:03.237 - [48500] Eval (100 episode) - loss: 1.1740 +- 0.2047, acc: 51.787 +- 10.180%
Jun-07 13:58:05.435 - [48550/50000] loss: 1.6863 (1.1903), acc: 30.667% (50.320%)
Jun-07 13:58:07.530 - [48600/50000] loss: 1.2594 (1.1968), acc: 52.000% (50.333%)
Jun-07 13:58:09.632 - [48650/50000] loss: 1.2557 (1.2045), acc: 46.667% (49.458%)
Jun-07 13:58:12.274 - [48700/50000] loss: 1.2368 (1.2037), acc: 53.333% (49.827%)
Jun-07 13:58:15.718 - [48750/50000] loss: 1.6419 (1.2033), acc: 30.667% (49.840%)
Jun-07 13:58:19.209 - [48800/50000] loss: 1.4248 (1.2077), acc: 37.333% (49.653%)
Jun-07 13:58:22.450 - [48850/50000] loss: 1.4829 (1.2036), acc: 45.333% (49.806%)
Jun-07 13:58:25.657 - [48900/50000] loss: 1.1666 (1.2027), acc: 50.667% (49.760%)
Jun-07 13:58:28.975 - [48950/50000] loss: 1.2260 (1.2027), acc: 46.667% (49.636%)
Jun-07 13:58:32.344 - [49000/50000] loss: 0.9717 (1.2020), acc: 66.667% (49.595%)
Jun-07 13:58:40.584 - [49000] Eval (100 episode) - loss: 1.2141 +- 0.2182, acc: 49.387 +- 10.495%
Jun-07 13:58:42.680 - [49050/50000] loss: 1.2930 (1.2037), acc: 46.667% (50.400%)
Jun-07 13:58:44.770 - [49100/50000] loss: 0.9775 (1.2146), acc: 60.000% (49.360%)
Jun-07 13:58:46.877 - [49150/50000] loss: 0.9130 (1.2035), acc: 62.667% (49.724%)
Jun-07 13:58:49.475 - [49200/50000] loss: 1.2129 (1.1955), acc: 44.000% (49.680%)
Jun-07 13:58:52.941 - [49250/50000] loss: 1.1569 (1.2010), acc: 56.000% (49.653%)
Jun-07 13:58:56.420 - [49300/50000] loss: 0.9921 (1.2001), acc: 56.000% (49.693%)
Jun-07 13:58:59.693 - [49350/50000] loss: 1.0180 (1.1949), acc: 49.333% (49.970%)
Jun-07 13:59:02.915 - [49400/50000] loss: 1.0798 (1.1928), acc: 52.000% (49.990%)
Jun-07 13:59:06.226 - [49450/50000] loss: 0.9618 (1.1968), acc: 60.000% (49.784%)
Jun-07 13:59:09.512 - [49500/50000] loss: 1.1359 (1.1966), acc: 57.333% (49.768%)
Jun-07 13:59:17.670 - [49500] Eval (100 episode) - loss: 1.1756 +- 0.2150, acc: 51.693 +- 9.325%
Jun-07 13:59:19.785 - [49550/50000] loss: 1.0883 (1.1897), acc: 60.000% (50.587%)
Jun-07 13:59:22.014 - [49600/50000] loss: 0.9175 (1.1792), acc: 64.000% (50.813%)
Jun-07 13:59:24.108 - [49650/50000] loss: 1.1414 (1.1867), acc: 48.000% (49.787%)
Jun-07 13:59:26.907 - [49700/50000] loss: 1.0285 (1.1878), acc: 56.000% (50.147%)
Jun-07 13:59:30.377 - [49750/50000] loss: 1.3159 (1.1751), acc: 41.333% (50.901%)
Jun-07 13:59:33.977 - [49800/50000] loss: 1.0675 (1.1789), acc: 53.333% (50.596%)
Jun-07 13:59:37.318 - [49850/50000] loss: 1.0920 (1.1827), acc: 58.667% (50.244%)
Jun-07 13:59:40.562 - [49900/50000] loss: 1.3840 (1.1859), acc: 50.667% (50.183%)
Jun-07 13:59:43.846 - [49950/50000] loss: 1.2487 (1.1838), acc: 45.333% (50.261%)
Jun-07 13:59:47.120 - Done
