May-19 15:33:58.956 - Logger at /home/erginbas/LSTM-MetaLearner/logs/log-100-0/console.log
May-19 15:33:58.956 - Seed: 100
May-19 15:33:58.956 - TensorFlow Implementation
May-19 15:34:06.233 - Start training
May-19 15:34:32.548 - [   50/30000] loss: 1.2738 (1.1467), acc: 49.333% (51.948%)
May-19 15:34:35.738 - [  100/30000] loss: 0.9654 (1.1592), acc: 57.333% (52.264%)
May-19 15:34:38.944 - [  150/30000] loss: 1.1556 (1.1490), acc: 57.333% (53.024%)
May-19 15:34:42.020 - [  200/30000] loss: 1.2898 (1.1576), acc: 46.667% (52.716%)
May-19 15:34:45.034 - [  250/30000] loss: 0.9917 (1.1549), acc: 57.333% (52.744%)
May-19 15:34:48.082 - [  300/30000] loss: 0.7665 (1.1462), acc: 72.000% (53.125%)
May-19 15:34:51.187 - [  350/30000] loss: 0.8762 (1.1375), acc: 66.667% (53.595%)
May-19 15:34:54.255 - [  400/30000] loss: 1.3047 (1.1417), acc: 52.000% (53.466%)
May-19 15:34:57.334 - [  450/30000] loss: 0.9863 (1.1436), acc: 58.667% (53.472%)
May-19 15:35:00.492 - [  500/30000] loss: 1.1345 (1.1439), acc: 52.000% (53.552%)
May-19 15:35:08.154 - [  500] Eval (100 episode) - loss: 1.0228 +- 0.1754, acc: 58.960 +- 9.923%
May-19 15:35:08.154 - * Best accuracy so far *

May-19 15:35:10.398 - [  550/30000] loss: 1.3000 (1.1692), acc: 41.333% (51.733%)
May-19 15:35:13.503 - [  600/30000] loss: 1.1263 (1.1610), acc: 54.667% (52.147%)
May-19 15:35:16.569 - [  650/30000] loss: 1.0772 (1.1550), acc: 49.333% (52.516%)
May-19 15:35:19.669 - [  700/30000] loss: 1.2247 (1.1582), acc: 46.667% (52.200%)
May-19 15:35:22.763 - [  750/30000] loss: 0.8373 (1.1557), acc: 68.000% (52.395%)
May-19 15:35:25.836 - [  800/30000] loss: 0.8823 (1.1518), acc: 68.000% (52.587%)
May-19 15:35:28.893 - [  850/30000] loss: 1.0181 (1.1490), acc: 56.000% (52.800%)
May-19 15:35:31.950 - [  900/30000] loss: 1.1104 (1.1489), acc: 56.000% (52.777%)
May-19 15:35:35.083 - [  950/30000] loss: 1.2445 (1.1455), acc: 38.667% (53.031%)
May-19 15:35:38.281 - [ 1000/30000] loss: 1.1491 (1.1459), acc: 52.000% (53.088%)
May-19 15:35:44.228 - [ 1000] Eval (100 episode) - loss: 1.0443 +- 0.1678, acc: 57.253 +- 9.377%
May-19 15:35:46.469 - [ 1050/30000] loss: 1.3469 (1.1426), acc: 41.333% (53.013%)
May-19 15:35:49.575 - [ 1100/30000] loss: 1.0570 (1.1548), acc: 64.000% (53.213%)
May-19 15:35:52.550 - [ 1150/30000] loss: 1.1916 (1.1553), acc: 50.667% (52.933%)
May-19 15:35:55.712 - [ 1200/30000] loss: 1.1547 (1.1573), acc: 46.667% (52.947%)
May-19 15:35:58.767 - [ 1250/30000] loss: 0.8887 (1.1570), acc: 68.000% (52.843%)
May-19 15:36:01.786 - [ 1300/30000] loss: 1.0551 (1.1621), acc: 54.667% (52.600%)
May-19 15:36:04.792 - [ 1350/30000] loss: 1.1344 (1.1604), acc: 49.333% (52.705%)
May-19 15:36:07.767 - [ 1400/30000] loss: 0.9214 (1.1570), acc: 57.333% (52.737%)
May-19 15:36:10.774 - [ 1450/30000] loss: 1.2160 (1.1535), acc: 41.333% (52.951%)
May-19 15:36:13.859 - [ 1500/30000] loss: 1.0139 (1.1545), acc: 56.000% (52.957%)
May-19 15:36:19.879 - [ 1500] Eval (100 episode) - loss: 1.0222 +- 0.1795, acc: 58.453 +- 8.910%
May-19 15:36:21.999 - [ 1550/30000] loss: 1.1967 (1.1351), acc: 45.333% (53.840%)
May-19 15:36:24.940 - [ 1600/30000] loss: 1.0915 (1.1678), acc: 57.333% (52.747%)
May-19 15:36:28.005 - [ 1650/30000] loss: 1.1584 (1.1673), acc: 49.333% (52.622%)
May-19 15:36:31.145 - [ 1700/30000] loss: 1.2536 (1.1682), acc: 48.000% (52.460%)
May-19 15:36:34.252 - [ 1750/30000] loss: 1.2433 (1.1669), acc: 50.667% (52.539%)
May-19 15:36:37.379 - [ 1800/30000] loss: 0.9301 (1.1605), acc: 60.000% (52.907%)
May-19 15:36:40.429 - [ 1850/30000] loss: 1.6730 (1.1626), acc: 32.000% (52.556%)
May-19 15:36:43.628 - [ 1900/30000] loss: 1.2959 (1.1573), acc: 44.000% (52.760%)
May-19 15:36:46.764 - [ 1950/30000] loss: 1.2541 (1.1579), acc: 49.333% (52.741%)
May-19 15:36:49.733 - [ 2000/30000] loss: 1.0791 (1.1590), acc: 56.000% (52.693%)
May-19 15:36:55.805 - [ 2000] Eval (100 episode) - loss: 1.0203 +- 0.1798, acc: 59.213 +- 9.002%
May-19 15:36:55.805 - * Best accuracy so far *

May-19 15:36:57.606 - [ 2050/30000] loss: 1.5654 (1.1735), acc: 29.333% (52.773%)
May-19 15:37:00.418 - [ 2100/30000] loss: 0.7696 (1.1555), acc: 69.333% (53.507%)
May-19 15:37:03.531 - [ 2150/30000] loss: 1.3428 (1.1581), acc: 44.000% (53.476%)
May-19 15:37:06.644 - [ 2200/30000] loss: 1.3118 (1.1546), acc: 49.333% (53.593%)
May-19 15:37:09.699 - [ 2250/30000] loss: 1.1115 (1.1574), acc: 60.000% (53.301%)
May-19 15:37:12.796 - [ 2300/30000] loss: 0.8995 (1.1434), acc: 69.333% (53.947%)
May-19 15:37:15.849 - [ 2350/30000] loss: 1.3297 (1.1477), acc: 45.333% (53.691%)
May-19 15:37:18.860 - [ 2400/30000] loss: 1.1982 (1.1517), acc: 48.000% (53.290%)
May-19 15:37:21.862 - [ 2450/30000] loss: 1.2818 (1.1480), acc: 45.333% (53.591%)
May-19 15:37:24.920 - [ 2500/30000] loss: 1.2707 (1.1503), acc: 41.333% (53.480%)
May-19 15:37:31.306 - [ 2500] Eval (100 episode) - loss: 1.0025 +- 0.1810, acc: 59.920 +- 10.269%
May-19 15:37:31.306 - * Best accuracy so far *

May-19 15:37:33.134 - [ 2550/30000] loss: 1.1846 (1.1687), acc: 52.000% (51.840%)
May-19 15:37:35.354 - [ 2600/30000] loss: 1.2723 (1.1526), acc: 56.000% (52.027%)
May-19 15:37:38.376 - [ 2650/30000] loss: 0.9698 (1.1520), acc: 62.667% (52.329%)
May-19 15:37:41.345 - [ 2700/30000] loss: 0.9765 (1.1449), acc: 61.333% (52.680%)
May-19 15:37:44.302 - [ 2750/30000] loss: 1.0555 (1.1488), acc: 58.667% (52.571%)
May-19 15:37:47.395 - [ 2800/30000] loss: 1.1056 (1.1459), acc: 56.000% (52.929%)
May-19 15:37:50.436 - [ 2850/30000] loss: 1.4794 (1.1440), acc: 44.000% (53.227%)
May-19 15:37:53.408 - [ 2900/30000] loss: 1.1549 (1.1439), acc: 52.000% (53.280%)
May-19 15:37:56.425 - [ 2950/30000] loss: 1.2531 (1.1484), acc: 49.333% (53.126%)
May-19 15:37:59.521 - [ 3000/30000] loss: 1.2441 (1.1488), acc: 53.333% (53.133%)
May-19 15:38:06.913 - [ 3000] Eval (100 episode) - loss: 1.0356 +- 0.1592, acc: 57.840 +- 8.622%
May-19 15:38:08.699 - [ 3050/30000] loss: 1.0590 (1.1731), acc: 54.667% (51.307%)
May-19 15:38:10.503 - [ 3100/30000] loss: 0.7957 (1.1641), acc: 72.000% (52.120%)
May-19 15:38:12.658 - [ 3150/30000] loss: 1.1604 (1.1650), acc: 58.667% (52.373%)
May-19 15:38:15.755 - [ 3200/30000] loss: 1.0271 (1.1608), acc: 60.000% (52.753%)
May-19 15:38:18.947 - [ 3250/30000] loss: 1.1067 (1.1675), acc: 53.333% (52.533%)
May-19 15:38:21.944 - [ 3300/30000] loss: 1.2861 (1.1644), acc: 50.667% (52.676%)
May-19 15:38:24.954 - [ 3350/30000] loss: 1.2311 (1.1596), acc: 45.333% (52.933%)
May-19 15:38:28.053 - [ 3400/30000] loss: 0.8744 (1.1571), acc: 69.333% (53.103%)
May-19 15:38:31.099 - [ 3450/30000] loss: 1.2056 (1.1569), acc: 48.000% (53.117%)
May-19 15:38:34.156 - [ 3500/30000] loss: 1.2098 (1.1572), acc: 45.333% (53.085%)
May-19 15:38:41.681 - [ 3500] Eval (100 episode) - loss: 1.0140 +- 0.1859, acc: 59.307 +- 9.372%
May-19 15:38:43.544 - [ 3550/30000] loss: 0.8465 (1.1527), acc: 69.333% (53.173%)
May-19 15:38:45.401 - [ 3600/30000] loss: 0.9311 (1.1295), acc: 70.667% (54.373%)
May-19 15:38:47.262 - [ 3650/30000] loss: 0.9814 (1.1366), acc: 60.000% (54.018%)
May-19 15:38:49.678 - [ 3700/30000] loss: 1.1426 (1.1385), acc: 50.667% (53.820%)
May-19 15:38:52.693 - [ 3750/30000] loss: 1.0035 (1.1524), acc: 61.333% (53.184%)
May-19 15:38:55.723 - [ 3800/30000] loss: 1.0973 (1.1477), acc: 60.000% (53.489%)
May-19 15:38:58.711 - [ 3850/30000] loss: 1.1822 (1.1523), acc: 49.333% (53.166%)
May-19 15:39:01.793 - [ 3900/30000] loss: 1.3947 (1.1492), acc: 45.333% (53.287%)
May-19 15:39:04.852 - [ 3950/30000] loss: 1.1640 (1.1506), acc: 42.667% (53.292%)
May-19 15:39:07.934 - [ 4000/30000] loss: 1.0774 (1.1536), acc: 60.000% (53.173%)
May-19 15:39:15.524 - [ 4000] Eval (100 episode) - loss: 1.0193 +- 0.1729, acc: 58.973 +- 9.168%
May-19 15:39:17.310 - [ 4050/30000] loss: 0.8250 (1.1654), acc: 70.667% (52.373%)
May-19 15:39:19.089 - [ 4100/30000] loss: 1.0191 (1.1638), acc: 61.333% (52.360%)
May-19 15:39:20.853 - [ 4150/30000] loss: 1.1006 (1.1648), acc: 52.000% (52.267%)
May-19 15:39:23.371 - [ 4200/30000] loss: 1.3802 (1.1552), acc: 42.667% (52.840%)
May-19 15:39:26.462 - [ 4250/30000] loss: 0.9125 (1.1550), acc: 65.333% (53.067%)
May-19 15:39:29.445 - [ 4300/30000] loss: 0.9032 (1.1546), acc: 65.333% (53.084%)
May-19 15:39:32.462 - [ 4350/30000] loss: 1.1912 (1.1524), acc: 53.333% (53.242%)
May-19 15:39:35.447 - [ 4400/30000] loss: 0.8277 (1.1541), acc: 69.333% (53.157%)
May-19 15:39:38.515 - [ 4450/30000] loss: 1.1060 (1.1493), acc: 49.333% (53.514%)
May-19 15:39:41.569 - [ 4500/30000] loss: 0.9084 (1.1454), acc: 57.333% (53.699%)
May-19 15:39:49.129 - [ 4500] Eval (100 episode) - loss: 1.0448 +- 0.1710, acc: 57.213 +- 9.024%
May-19 15:39:50.970 - [ 4550/30000] loss: 1.1331 (1.1484), acc: 53.333% (53.333%)
May-19 15:39:52.773 - [ 4600/30000] loss: 1.0394 (1.1494), acc: 60.000% (53.693%)
May-19 15:39:54.560 - [ 4650/30000] loss: 1.2651 (1.1537), acc: 52.000% (53.271%)
May-19 15:39:56.977 - [ 4700/30000] loss: 1.3610 (1.1483), acc: 42.667% (53.467%)
May-19 15:39:59.899 - [ 4750/30000] loss: 1.2963 (1.1478), acc: 41.333% (53.509%)
May-19 15:40:02.964 - [ 4800/30000] loss: 1.4416 (1.1599), acc: 38.667% (52.938%)
May-19 15:40:06.065 - [ 4850/30000] loss: 1.4946 (1.1645), acc: 37.333% (52.728%)
May-19 15:40:09.118 - [ 4900/30000] loss: 1.2605 (1.1600), acc: 44.000% (52.947%)
May-19 15:40:12.171 - [ 4950/30000] loss: 1.2842 (1.1554), acc: 44.000% (53.105%)
May-19 15:40:15.164 - [ 5000/30000] loss: 1.3880 (1.1573), acc: 42.667% (52.957%)
May-19 15:40:22.740 - [ 5000] Eval (100 episode) - loss: 1.0448 +- 0.1605, acc: 57.293 +- 8.144%
May-19 15:40:24.532 - [ 5050/30000] loss: 1.0574 (1.1263), acc: 62.667% (55.120%)
May-19 15:40:26.379 - [ 5100/30000] loss: 0.8297 (1.1402), acc: 66.667% (53.960%)
May-19 15:40:28.204 - [ 5150/30000] loss: 1.0620 (1.1645), acc: 53.333% (52.329%)
May-19 15:40:30.588 - [ 5200/30000] loss: 1.3202 (1.1562), acc: 48.000% (52.840%)
May-19 15:40:33.663 - [ 5250/30000] loss: 1.2071 (1.1498), acc: 60.000% (53.355%)
May-19 15:40:36.835 - [ 5300/30000] loss: 1.1854 (1.1521), acc: 50.667% (53.289%)
May-19 15:40:39.926 - [ 5350/30000] loss: 0.9325 (1.1500), acc: 62.667% (53.432%)
May-19 15:40:42.941 - [ 5400/30000] loss: 1.1393 (1.1512), acc: 46.667% (53.330%)
May-19 15:40:45.897 - [ 5450/30000] loss: 1.1970 (1.1540), acc: 48.000% (53.087%)
May-19 15:40:48.960 - [ 5500/30000] loss: 1.0958 (1.1559), acc: 58.667% (52.939%)
May-19 15:40:56.570 - [ 5500] Eval (100 episode) - loss: 1.0361 +- 0.1709, acc: 56.960 +- 8.403%
May-19 15:40:58.408 - [ 5550/30000] loss: 1.4061 (1.1628), acc: 41.333% (51.573%)
May-19 15:41:00.198 - [ 5600/30000] loss: 0.8523 (1.1338), acc: 69.333% (53.800%)
May-19 15:41:02.171 - [ 5650/30000] loss: 1.0901 (1.1333), acc: 58.667% (54.151%)
May-19 15:41:04.555 - [ 5700/30000] loss: 1.0221 (1.1276), acc: 62.667% (54.267%)
May-19 15:41:07.549 - [ 5750/30000] loss: 1.1025 (1.1313), acc: 57.333% (54.005%)
May-19 15:41:10.548 - [ 5800/30000] loss: 0.9460 (1.1359), acc: 62.667% (53.680%)
May-19 15:41:13.722 - [ 5850/30000] loss: 1.1387 (1.1345), acc: 52.000% (53.714%)
May-19 15:41:16.755 - [ 5900/30000] loss: 1.0171 (1.1363), acc: 54.667% (53.693%)
May-19 15:41:19.798 - [ 5950/30000] loss: 1.0111 (1.1442), acc: 65.333% (53.348%)
May-19 15:41:22.970 - [ 6000/30000] loss: 1.0434 (1.1440), acc: 65.333% (53.344%)
May-19 15:41:30.497 - [ 6000] Eval (100 episode) - loss: 1.0191 +- 0.1622, acc: 58.987 +- 8.717%
May-19 15:41:32.304 - [ 6050/30000] loss: 1.0549 (1.1346), acc: 54.667% (53.280%)
May-19 15:41:34.113 - [ 6100/30000] loss: 0.7888 (1.1281), acc: 72.000% (53.533%)
May-19 15:41:36.030 - [ 6150/30000] loss: 1.0029 (1.1262), acc: 58.667% (53.840%)
May-19 15:41:38.593 - [ 6200/30000] loss: 1.1889 (1.1266), acc: 54.667% (54.120%)
May-19 15:41:41.709 - [ 6250/30000] loss: 0.9613 (1.1285), acc: 64.000% (53.995%)
May-19 15:41:44.800 - [ 6300/30000] loss: 0.9095 (1.1308), acc: 68.000% (54.067%)
May-19 15:41:47.869 - [ 6350/30000] loss: 1.1144 (1.1298), acc: 52.000% (53.985%)
May-19 15:41:50.882 - [ 6400/30000] loss: 1.1427 (1.1328), acc: 58.667% (53.890%)
May-19 15:41:54.038 - [ 6450/30000] loss: 1.2171 (1.1371), acc: 50.667% (53.636%)
May-19 15:41:57.021 - [ 6500/30000] loss: 1.1449 (1.1410), acc: 61.333% (53.504%)
May-19 15:42:04.512 - [ 6500] Eval (100 episode) - loss: 1.0390 +- 0.1514, acc: 57.480 +- 9.102%
May-19 15:42:06.319 - [ 6550/30000] loss: 1.1407 (1.1752), acc: 57.333% (52.000%)
May-19 15:42:08.271 - [ 6600/30000] loss: 1.2601 (1.1662), acc: 49.333% (52.560%)
May-19 15:42:10.060 - [ 6650/30000] loss: 1.2923 (1.1564), acc: 40.000% (52.960%)
May-19 15:42:12.464 - [ 6700/30000] loss: 0.9338 (1.1564), acc: 69.333% (53.140%)
May-19 15:42:15.568 - [ 6750/30000] loss: 1.1196 (1.1602), acc: 49.333% (52.805%)
May-19 15:42:18.599 - [ 6800/30000] loss: 1.0455 (1.1581), acc: 54.667% (52.898%)
May-19 15:42:21.661 - [ 6850/30000] loss: 0.8786 (1.1555), acc: 66.667% (52.975%)
May-19 15:42:24.693 - [ 6900/30000] loss: 1.0811 (1.1504), acc: 62.667% (53.253%)
May-19 15:42:27.739 - [ 6950/30000] loss: 0.8705 (1.1543), acc: 62.667% (53.007%)
May-19 15:42:30.690 - [ 7000/30000] loss: 1.3457 (1.1558), acc: 41.333% (52.835%)
May-19 15:42:38.196 - [ 7000] Eval (100 episode) - loss: 1.0154 +- 0.1595, acc: 59.067 +- 9.161%
May-19 15:42:40.001 - [ 7050/30000] loss: 1.4314 (1.1353), acc: 34.667% (54.933%)
May-19 15:42:41.841 - [ 7100/30000] loss: 1.0360 (1.1165), acc: 61.333% (55.400%)
May-19 15:42:43.600 - [ 7150/30000] loss: 1.1517 (1.1145), acc: 52.000% (54.844%)
May-19 15:42:46.124 - [ 7200/30000] loss: 0.9992 (1.1175), acc: 60.000% (54.800%)
May-19 15:42:49.193 - [ 7250/30000] loss: 1.2363 (1.1263), acc: 52.000% (54.464%)
May-19 15:42:52.214 - [ 7300/30000] loss: 1.4883 (1.1267), acc: 34.667% (54.467%)
May-19 15:42:55.308 - [ 7350/30000] loss: 1.3893 (1.1312), acc: 40.000% (54.290%)
May-19 15:42:58.328 - [ 7400/30000] loss: 0.8898 (1.1315), acc: 70.667% (54.170%)
May-19 15:43:01.535 - [ 7450/30000] loss: 1.4650 (1.1383), acc: 41.333% (53.855%)
May-19 15:43:04.543 - [ 7500/30000] loss: 1.0925 (1.1417), acc: 61.333% (53.725%)
May-19 15:43:12.042 - [ 7500] Eval (100 episode) - loss: 1.0395 +- 0.1552, acc: 57.827 +- 8.795%
May-19 15:43:13.932 - [ 7550/30000] loss: 0.7930 (1.1827), acc: 73.333% (51.307%)
May-19 15:43:15.721 - [ 7600/30000] loss: 1.0815 (1.1720), acc: 54.667% (51.853%)
May-19 15:43:17.528 - [ 7650/30000] loss: 1.1384 (1.1676), acc: 60.000% (51.956%)
May-19 15:43:19.935 - [ 7700/30000] loss: 0.9810 (1.1514), acc: 54.667% (52.873%)
May-19 15:43:22.967 - [ 7750/30000] loss: 0.8767 (1.1492), acc: 60.000% (53.051%)
May-19 15:43:25.981 - [ 7800/30000] loss: 1.0674 (1.1514), acc: 62.667% (52.991%)
May-19 15:43:29.057 - [ 7850/30000] loss: 0.8114 (1.1543), acc: 62.667% (52.823%)
May-19 15:43:32.131 - [ 7900/30000] loss: 1.6102 (1.1575), acc: 30.667% (52.680%)
May-19 15:43:35.229 - [ 7950/30000] loss: 1.3225 (1.1573), acc: 46.667% (52.687%)
May-19 15:43:38.198 - [ 8000/30000] loss: 1.3907 (1.1585), acc: 34.667% (52.693%)
May-19 15:43:45.754 - [ 8000] Eval (100 episode) - loss: 1.0273 +- 0.1544, acc: 59.013 +- 7.490%
May-19 15:43:47.675 - [ 8050/30000] loss: 0.9454 (1.1227), acc: 61.333% (54.320%)
May-19 15:43:49.451 - [ 8100/30000] loss: 1.2559 (1.1313), acc: 54.667% (54.320%)
May-19 15:43:51.215 - [ 8150/30000] loss: 1.2784 (1.1432), acc: 46.667% (53.520%)
May-19 15:43:53.762 - [ 8200/30000] loss: 0.7774 (1.1369), acc: 74.667% (54.107%)
May-19 15:43:56.860 - [ 8250/30000] loss: 1.3464 (1.1402), acc: 41.333% (53.909%)
May-19 15:43:59.936 - [ 8300/30000] loss: 0.8597 (1.1408), acc: 69.333% (53.689%)
May-19 15:44:02.935 - [ 8350/30000] loss: 1.2675 (1.1376), acc: 52.000% (53.787%)
May-19 15:44:05.968 - [ 8400/30000] loss: 1.4659 (1.1361), acc: 41.333% (53.780%)
May-19 15:44:08.946 - [ 8450/30000] loss: 0.9569 (1.1350), acc: 62.667% (53.893%)
May-19 15:44:12.007 - [ 8500/30000] loss: 0.7819 (1.1343), acc: 69.333% (53.992%)
May-19 15:44:19.486 - [ 8500] Eval (100 episode) - loss: 1.0254 +- 0.1689, acc: 59.293 +- 9.206%
May-19 15:44:21.319 - [ 8550/30000] loss: 1.0702 (1.1668), acc: 48.000% (52.240%)
May-19 15:44:23.108 - [ 8600/30000] loss: 1.0716 (1.1491), acc: 54.667% (52.760%)
May-19 15:44:24.911 - [ 8650/30000] loss: 1.3291 (1.1584), acc: 40.000% (52.364%)
May-19 15:44:27.250 - [ 8700/30000] loss: 1.0624 (1.1555), acc: 62.667% (52.467%)
May-19 15:44:30.305 - [ 8750/30000] loss: 1.0839 (1.1619), acc: 60.000% (52.352%)
May-19 15:44:33.331 - [ 8800/30000] loss: 1.4659 (1.1615), acc: 33.333% (52.418%)
May-19 15:44:36.491 - [ 8850/30000] loss: 1.1746 (1.1618), acc: 53.333% (52.469%)
May-19 15:44:39.492 - [ 8900/30000] loss: 1.0802 (1.1617), acc: 61.333% (52.437%)
May-19 15:44:42.519 - [ 8950/30000] loss: 1.4028 (1.1587), acc: 41.333% (52.468%)
May-19 15:44:45.771 - [ 9000/30000] loss: 1.1071 (1.1561), acc: 56.000% (52.600%)
May-19 15:44:53.259 - [ 9000] Eval (100 episode) - loss: 1.0589 +- 0.1740, acc: 56.653 +- 8.891%
May-19 15:44:55.027 - [ 9050/30000] loss: 1.4453 (1.1430), acc: 40.000% (53.093%)
May-19 15:44:56.884 - [ 9100/30000] loss: 1.2276 (1.1469), acc: 48.000% (52.840%)
May-19 15:44:58.736 - [ 9150/30000] loss: 1.1637 (1.1571), acc: 49.333% (52.409%)
May-19 15:45:01.067 - [ 9200/30000] loss: 1.2395 (1.1619), acc: 49.333% (52.100%)
May-19 15:45:04.148 - [ 9250/30000] loss: 1.1383 (1.1593), acc: 48.000% (52.261%)
May-19 15:45:07.240 - [ 9300/30000] loss: 1.2185 (1.1629), acc: 45.333% (52.258%)
May-19 15:45:10.267 - [ 9350/30000] loss: 0.8633 (1.1566), acc: 68.000% (52.564%)
May-19 15:45:13.386 - [ 9400/30000] loss: 1.0798 (1.1577), acc: 54.667% (52.543%)
May-19 15:45:16.431 - [ 9450/30000] loss: 1.0840 (1.1555), acc: 54.667% (52.696%)
May-19 15:45:19.499 - [ 9500/30000] loss: 1.3045 (1.1535), acc: 41.333% (52.853%)
May-19 15:45:27.068 - [ 9500] Eval (100 episode) - loss: 1.0359 +- 0.1668, acc: 57.707 +- 8.635%
May-19 15:45:28.972 - [ 9550/30000] loss: 1.1877 (1.1475), acc: 53.333% (52.453%)
May-19 15:45:30.791 - [ 9600/30000] loss: 1.0970 (1.1496), acc: 58.667% (53.173%)
May-19 15:45:32.683 - [ 9650/30000] loss: 1.1497 (1.1388), acc: 57.333% (53.502%)
May-19 15:45:35.048 - [ 9700/30000] loss: 1.1234 (1.1387), acc: 50.667% (53.360%)
May-19 15:45:38.075 - [ 9750/30000] loss: 1.3472 (1.1420), acc: 46.667% (53.424%)
May-19 15:45:41.095 - [ 9800/30000] loss: 1.3958 (1.1383), acc: 42.667% (53.551%)
May-19 15:45:44.307 - [ 9850/30000] loss: 1.2555 (1.1463), acc: 53.333% (53.067%)
May-19 15:45:47.343 - [ 9900/30000] loss: 1.2400 (1.1408), acc: 46.667% (53.243%)
May-19 15:45:50.307 - [ 9950/30000] loss: 0.6698 (1.1417), acc: 78.667% (53.307%)
May-19 15:45:53.364 - [10000/30000] loss: 1.3330 (1.1373), acc: 50.667% (53.488%)
May-19 15:46:00.845 - [10000] Eval (100 episode) - loss: 1.0515 +- 0.1753, acc: 57.587 +- 9.371%
May-19 15:46:02.724 - [10050/30000] loss: 1.0428 (1.1658), acc: 62.667% (52.160%)
May-19 15:46:04.517 - [10100/30000] loss: 1.0912 (1.1540), acc: 54.667% (53.107%)
May-19 15:46:06.362 - [10150/30000] loss: 1.0837 (1.1604), acc: 61.333% (52.898%)
May-19 15:46:08.776 - [10200/30000] loss: 1.1949 (1.1500), acc: 57.333% (53.353%)
May-19 15:46:11.954 - [10250/30000] loss: 0.7660 (1.1539), acc: 72.000% (53.184%)
May-19 15:46:14.932 - [10300/30000] loss: 0.9820 (1.1563), acc: 69.333% (53.329%)
May-19 15:46:17.879 - [10350/30000] loss: 0.8122 (1.1532), acc: 73.333% (53.390%)
May-19 15:46:21.102 - [10400/30000] loss: 1.2625 (1.1536), acc: 46.667% (53.470%)
May-19 15:46:24.155 - [10450/30000] loss: 1.4930 (1.1506), acc: 46.667% (53.585%)
May-19 15:46:27.246 - [10500/30000] loss: 1.1308 (1.1481), acc: 58.667% (53.680%)
May-19 15:46:34.833 - [10500] Eval (100 episode) - loss: 1.0174 +- 0.1782, acc: 58.933 +- 9.261%
May-19 15:46:36.623 - [10550/30000] loss: 1.0892 (1.1613), acc: 54.667% (52.080%)
May-19 15:46:38.435 - [10600/30000] loss: 1.0677 (1.1486), acc: 58.667% (53.133%)
May-19 15:46:40.281 - [10650/30000] loss: 0.9990 (1.1534), acc: 61.333% (52.916%)
May-19 15:46:42.801 - [10700/30000] loss: 1.0497 (1.1450), acc: 52.000% (53.267%)
May-19 15:46:45.814 - [10750/30000] loss: 1.0489 (1.1375), acc: 64.000% (53.712%)
May-19 15:46:48.829 - [10800/30000] loss: 1.0369 (1.1403), acc: 62.667% (53.573%)
May-19 15:46:51.928 - [10850/30000] loss: 0.9816 (1.1422), acc: 61.333% (53.589%)
May-19 15:46:54.940 - [10900/30000] loss: 0.8270 (1.1468), acc: 73.333% (53.320%)
May-19 15:46:58.056 - [10950/30000] loss: 1.1702 (1.1530), acc: 46.667% (52.927%)
May-19 15:47:01.173 - [11000/30000] loss: 1.1007 (1.1527), acc: 53.333% (52.920%)
May-19 15:47:08.705 - [11000] Eval (100 episode) - loss: 1.0242 +- 0.1852, acc: 58.600 +- 9.707%
May-19 15:47:10.513 - [11050/30000] loss: 1.1080 (1.1184), acc: 62.667% (55.227%)
May-19 15:47:12.339 - [11100/30000] loss: 1.0394 (1.1427), acc: 61.333% (53.493%)
May-19 15:47:14.159 - [11150/30000] loss: 1.0487 (1.1259), acc: 58.667% (54.276%)
May-19 15:47:16.507 - [11200/30000] loss: 1.4141 (1.1298), acc: 38.667% (54.207%)
May-19 15:47:19.570 - [11250/30000] loss: 1.0686 (1.1214), acc: 53.333% (54.645%)
May-19 15:47:22.606 - [11300/30000] loss: 1.2956 (1.1276), acc: 38.667% (54.236%)
May-19 15:47:25.601 - [11350/30000] loss: 1.2783 (1.1327), acc: 45.333% (53.878%)
May-19 15:47:28.640 - [11400/30000] loss: 1.2523 (1.1365), acc: 53.333% (53.543%)
May-19 15:47:31.626 - [11450/30000] loss: 1.1611 (1.1335), acc: 48.000% (53.659%)
May-19 15:47:34.787 - [11500/30000] loss: 0.8236 (1.1377), acc: 70.667% (53.424%)
May-19 15:47:42.470 - [11500] Eval (100 episode) - loss: 1.0564 +- 0.1731, acc: 56.560 +- 8.962%
May-19 15:47:44.292 - [11550/30000] loss: 1.1057 (1.1459), acc: 49.333% (52.133%)
May-19 15:47:46.081 - [11600/30000] loss: 0.6616 (1.1376), acc: 76.000% (53.293%)
May-19 15:47:47.891 - [11650/30000] loss: 1.2518 (1.1308), acc: 60.000% (53.991%)
May-19 15:47:50.390 - [11700/30000] loss: 0.9402 (1.1172), acc: 68.000% (54.940%)
May-19 15:47:53.399 - [11750/30000] loss: 1.0176 (1.1259), acc: 57.333% (54.491%)
May-19 15:47:56.568 - [11800/30000] loss: 1.0682 (1.1300), acc: 56.000% (54.164%)
May-19 15:47:59.625 - [11850/30000] loss: 1.7704 (1.1331), acc: 30.667% (53.939%)
May-19 15:48:02.658 - [11900/30000] loss: 1.1563 (1.1359), acc: 52.000% (53.793%)
May-19 15:48:05.704 - [11950/30000] loss: 0.9163 (1.1359), acc: 54.667% (53.713%)
May-19 15:48:08.727 - [12000/30000] loss: 1.3119 (1.1345), acc: 46.667% (53.752%)
May-19 15:48:16.185 - [12000] Eval (100 episode) - loss: 1.0479 +- 0.1741, acc: 56.987 +- 9.250%
May-19 15:48:18.001 - [12050/30000] loss: 1.0247 (1.1470), acc: 60.000% (52.987%)
May-19 15:48:19.840 - [12100/30000] loss: 0.9192 (1.1591), acc: 65.333% (52.893%)
May-19 15:48:21.665 - [12150/30000] loss: 1.1730 (1.1615), acc: 56.000% (52.640%)
May-19 15:48:24.044 - [12200/30000] loss: 0.7865 (1.1504), acc: 69.333% (53.240%)
May-19 15:48:27.152 - [12250/30000] loss: 1.4231 (1.1456), acc: 45.333% (53.435%)
May-19 15:48:30.207 - [12300/30000] loss: 1.3875 (1.1479), acc: 52.000% (53.489%)
May-19 15:48:33.258 - [12350/30000] loss: 1.3706 (1.1535), acc: 45.333% (53.196%)
May-19 15:48:36.323 - [12400/30000] loss: 1.4203 (1.1559), acc: 38.667% (53.030%)
May-19 15:48:39.466 - [12450/30000] loss: 1.1595 (1.1593), acc: 57.333% (52.889%)
May-19 15:48:42.475 - [12500/30000] loss: 1.1496 (1.1629), acc: 48.000% (52.643%)
May-19 15:48:50.288 - [12500] Eval (100 episode) - loss: 1.0141 +- 0.1716, acc: 58.893 +- 9.215%
May-19 15:48:52.107 - [12550/30000] loss: 1.2642 (1.1538), acc: 46.667% (53.493%)
May-19 15:48:53.916 - [12600/30000] loss: 1.0398 (1.1320), acc: 56.000% (54.360%)
May-19 15:48:55.755 - [12650/30000] loss: 0.8676 (1.1426), acc: 64.000% (53.991%)
May-19 15:48:58.110 - [12700/30000] loss: 1.0484 (1.1303), acc: 62.667% (54.493%)
May-19 15:49:01.165 - [12750/30000] loss: 1.1961 (1.1260), acc: 40.000% (54.544%)
May-19 15:49:04.213 - [12800/30000] loss: 1.3965 (1.1286), acc: 40.000% (54.271%)
May-19 15:49:07.265 - [12850/30000] loss: 1.0334 (1.1299), acc: 62.667% (54.065%)
May-19 15:49:10.238 - [12900/30000] loss: 1.1918 (1.1402), acc: 53.333% (53.560%)
May-19 15:49:13.276 - [12950/30000] loss: 1.2392 (1.1375), acc: 36.000% (53.724%)
May-19 15:49:16.350 - [13000/30000] loss: 1.1056 (1.1406), acc: 57.333% (53.637%)
May-19 15:49:23.860 - [13000] Eval (100 episode) - loss: 1.0284 +- 0.1918, acc: 59.120 +- 9.983%
May-19 15:49:25.638 - [13050/30000] loss: 1.0138 (1.2133), acc: 64.000% (51.387%)
May-19 15:49:27.466 - [13100/30000] loss: 1.2785 (1.1818), acc: 44.000% (51.880%)
May-19 15:49:29.283 - [13150/30000] loss: 1.0921 (1.1617), acc: 44.000% (52.258%)
May-19 15:49:31.693 - [13200/30000] loss: 1.3523 (1.1524), acc: 42.667% (52.893%)
May-19 15:49:34.723 - [13250/30000] loss: 1.0360 (1.1463), acc: 57.333% (53.200%)
May-19 15:49:37.770 - [13300/30000] loss: 1.0661 (1.1554), acc: 61.333% (52.627%)
May-19 15:49:40.751 - [13350/30000] loss: 1.4123 (1.1553), acc: 41.333% (52.697%)
May-19 15:49:43.808 - [13400/30000] loss: 1.3878 (1.1584), acc: 37.333% (52.580%)
May-19 15:49:46.833 - [13450/30000] loss: 1.2538 (1.1589), acc: 46.667% (52.527%)
May-19 15:49:49.829 - [13500/30000] loss: 1.0852 (1.1594), acc: 56.000% (52.437%)
May-19 15:49:57.343 - [13500] Eval (100 episode) - loss: 1.0283 +- 0.1743, acc: 58.227 +- 9.063%
May-19 15:49:59.158 - [13550/30000] loss: 1.2321 (1.1729), acc: 53.333% (51.920%)
May-19 15:50:01.003 - [13600/30000] loss: 1.2499 (1.1664), acc: 44.000% (52.440%)
May-19 15:50:02.823 - [13650/30000] loss: 1.2999 (1.1589), acc: 40.000% (52.773%)
May-19 15:50:05.266 - [13700/30000] loss: 1.1874 (1.1629), acc: 53.333% (52.700%)
May-19 15:50:08.333 - [13750/30000] loss: 0.8683 (1.1593), acc: 69.333% (53.035%)
May-19 15:50:11.317 - [13800/30000] loss: 1.3384 (1.1576), acc: 40.000% (53.098%)
May-19 15:50:14.373 - [13850/30000] loss: 1.1778 (1.1569), acc: 52.000% (53.124%)
May-19 15:50:17.407 - [13900/30000] loss: 0.6967 (1.1594), acc: 80.000% (52.923%)
May-19 15:50:20.434 - [13950/30000] loss: 1.3017 (1.1613), acc: 46.667% (52.800%)
May-19 15:50:23.496 - [14000/30000] loss: 1.0508 (1.1605), acc: 65.333% (52.800%)
May-19 15:50:31.035 - [14000] Eval (100 episode) - loss: 1.0521 +- 0.1559, acc: 57.773 +- 8.696%
May-19 15:50:32.845 - [14050/30000] loss: 1.1253 (1.1634), acc: 53.333% (52.133%)
May-19 15:50:34.695 - [14100/30000] loss: 1.0653 (1.1784), acc: 53.333% (51.867%)
May-19 15:50:36.547 - [14150/30000] loss: 0.9931 (1.1664), acc: 60.000% (52.471%)
May-19 15:50:38.962 - [14200/30000] loss: 0.9962 (1.1616), acc: 61.333% (52.700%)
May-19 15:50:42.026 - [14250/30000] loss: 1.2326 (1.1548), acc: 49.333% (52.992%)
May-19 15:50:45.007 - [14300/30000] loss: 0.8752 (1.1533), acc: 65.333% (53.120%)
May-19 15:50:48.066 - [14350/30000] loss: 1.2380 (1.1473), acc: 48.000% (53.387%)
May-19 15:50:51.051 - [14400/30000] loss: 1.2848 (1.1502), acc: 49.333% (53.237%)
May-19 15:50:54.082 - [14450/30000] loss: 1.3661 (1.1460), acc: 45.333% (53.449%)
May-19 15:50:57.091 - [14500/30000] loss: 1.2427 (1.1423), acc: 46.667% (53.632%)
May-19 15:51:04.575 - [14500] Eval (100 episode) - loss: 1.0098 +- 0.1638, acc: 59.400 +- 8.538%
May-19 15:51:06.418 - [14550/30000] loss: 0.8459 (1.1864), acc: 69.333% (50.800%)
May-19 15:51:08.223 - [14600/30000] loss: 1.0378 (1.1927), acc: 60.000% (50.867%)
May-19 15:51:10.231 - [14650/30000] loss: 1.2034 (1.1768), acc: 53.333% (51.653%)
May-19 15:51:12.626 - [14700/30000] loss: 1.2938 (1.1676), acc: 53.333% (52.100%)
May-19 15:51:15.667 - [14750/30000] loss: 1.1668 (1.1571), acc: 56.000% (52.619%)
May-19 15:51:18.654 - [14800/30000] loss: 0.7592 (1.1557), acc: 77.333% (52.804%)
May-19 15:51:21.739 - [14850/30000] loss: 1.2296 (1.1539), acc: 49.333% (52.910%)
May-19 15:51:24.771 - [14900/30000] loss: 1.0897 (1.1572), acc: 58.667% (52.773%)
May-19 15:51:27.918 - [14950/30000] loss: 0.8834 (1.1577), acc: 64.000% (52.791%)
May-19 15:51:30.849 - [15000/30000] loss: 0.9376 (1.1538), acc: 64.000% (52.968%)
May-19 15:51:38.406 - [15000] Eval (100 episode) - loss: 1.0512 +- 0.1889, acc: 57.107 +- 8.230%
May-19 15:51:40.212 - [15050/30000] loss: 1.4986 (1.1823), acc: 32.000% (50.800%)
May-19 15:51:42.010 - [15100/30000] loss: 1.1387 (1.1732), acc: 57.333% (51.453%)
May-19 15:51:43.801 - [15150/30000] loss: 1.1779 (1.1545), acc: 36.000% (52.667%)
May-19 15:51:46.247 - [15200/30000] loss: 1.2593 (1.1552), acc: 45.333% (52.433%)
May-19 15:51:49.361 - [15250/30000] loss: 0.9542 (1.1478), acc: 60.000% (52.901%)
May-19 15:51:52.336 - [15300/30000] loss: 1.3162 (1.1476), acc: 49.333% (53.058%)
May-19 15:51:55.333 - [15350/30000] loss: 1.3337 (1.1428), acc: 44.000% (53.356%)
May-19 15:51:58.322 - [15400/30000] loss: 1.3432 (1.1416), acc: 40.000% (53.403%)
May-19 15:52:01.383 - [15450/30000] loss: 1.0549 (1.1460), acc: 56.000% (53.167%)
May-19 15:52:04.398 - [15500/30000] loss: 1.2870 (1.1475), acc: 44.000% (53.195%)
May-19 15:52:12.009 - [15500] Eval (100 episode) - loss: 1.0378 +- 0.1732, acc: 58.560 +- 8.704%
May-19 15:52:13.792 - [15550/30000] loss: 1.3584 (1.1426), acc: 42.667% (54.560%)
May-19 15:52:15.764 - [15600/30000] loss: 1.2581 (1.1357), acc: 46.667% (53.960%)
May-19 15:52:17.682 - [15650/30000] loss: 1.3186 (1.1273), acc: 46.667% (54.356%)
May-19 15:52:20.058 - [15700/30000] loss: 1.2924 (1.1345), acc: 40.000% (53.813%)
May-19 15:52:23.289 - [15750/30000] loss: 1.0407 (1.1393), acc: 49.333% (53.472%)
May-19 15:52:26.406 - [15800/30000] loss: 1.2146 (1.1368), acc: 53.333% (53.631%)
May-19 15:52:29.528 - [15850/30000] loss: 1.1917 (1.1425), acc: 53.333% (53.215%)
May-19 15:52:32.685 - [15900/30000] loss: 1.2906 (1.1441), acc: 52.000% (53.030%)
May-19 15:52:35.710 - [15950/30000] loss: 1.1641 (1.1448), acc: 52.000% (53.007%)
May-19 15:52:38.949 - [16000/30000] loss: 1.2260 (1.1414), acc: 50.667% (53.251%)
May-19 15:52:46.505 - [16000] Eval (100 episode) - loss: 1.0354 +- 0.1852, acc: 58.787 +- 8.982%
May-19 15:52:48.320 - [16050/30000] loss: 0.9913 (1.1365), acc: 60.000% (54.000%)
May-19 15:52:50.119 - [16100/30000] loss: 0.8994 (1.1431), acc: 56.000% (53.627%)
May-19 15:52:51.932 - [16150/30000] loss: 1.4315 (1.1402), acc: 34.667% (53.707%)
May-19 15:52:54.242 - [16200/30000] loss: 1.1442 (1.1449), acc: 58.667% (53.787%)
May-19 15:52:57.324 - [16250/30000] loss: 1.1432 (1.1423), acc: 52.000% (53.803%)
May-19 15:53:00.356 - [16300/30000] loss: 1.3019 (1.1388), acc: 49.333% (53.969%)
May-19 15:53:03.406 - [16350/30000] loss: 0.7917 (1.1420), acc: 74.667% (53.669%)
May-19 15:53:06.634 - [16400/30000] loss: 1.0685 (1.1406), acc: 64.000% (53.717%)
May-19 15:53:09.602 - [16450/30000] loss: 0.9768 (1.1414), acc: 66.667% (53.621%)
May-19 15:53:12.627 - [16500/30000] loss: 0.5641 (1.1404), acc: 89.333% (53.651%)
May-19 15:53:20.197 - [16500] Eval (100 episode) - loss: 0.9999 +- 0.1759, acc: 60.067 +- 8.662%
May-19 15:53:20.198 - * Best accuracy so far *

May-19 15:53:22.075 - [16550/30000] loss: 0.8984 (1.1093), acc: 65.333% (55.093%)
May-19 15:53:23.902 - [16600/30000] loss: 1.2242 (1.1465), acc: 48.000% (53.507%)
May-19 15:53:25.747 - [16650/30000] loss: 1.0364 (1.1479), acc: 57.333% (53.360%)
May-19 15:53:28.111 - [16700/30000] loss: 1.3933 (1.1496), acc: 40.000% (53.127%)
May-19 15:53:31.202 - [16750/30000] loss: 1.5760 (1.1486), acc: 28.000% (53.109%)
May-19 15:53:34.182 - [16800/30000] loss: 1.2318 (1.1520), acc: 45.333% (52.836%)
May-19 15:53:37.283 - [16850/30000] loss: 1.1177 (1.1500), acc: 58.667% (52.975%)
May-19 15:53:40.341 - [16900/30000] loss: 0.8178 (1.1490), acc: 72.000% (52.997%)
May-19 15:53:43.439 - [16950/30000] loss: 1.0324 (1.1491), acc: 61.333% (52.999%)
May-19 15:53:46.423 - [17000/30000] loss: 1.2325 (1.1507), acc: 50.667% (52.853%)
May-19 15:53:53.852 - [17000] Eval (100 episode) - loss: 1.0187 +- 0.1641, acc: 58.920 +- 9.052%
May-19 15:53:55.679 - [17050/30000] loss: 1.1929 (1.1162), acc: 52.000% (54.533%)
May-19 15:53:57.436 - [17100/30000] loss: 1.2285 (1.1518), acc: 50.667% (52.960%)
May-19 15:53:59.369 - [17150/30000] loss: 1.1103 (1.1399), acc: 52.000% (53.520%)
May-19 15:54:01.897 - [17200/30000] loss: 1.0688 (1.1519), acc: 54.667% (52.947%)
May-19 15:54:05.001 - [17250/30000] loss: 1.0545 (1.1601), acc: 61.333% (52.624%)
May-19 15:54:08.167 - [17300/30000] loss: 0.8590 (1.1485), acc: 65.333% (53.196%)
May-19 15:54:11.175 - [17350/30000] loss: 1.1096 (1.1491), acc: 52.000% (53.200%)
May-19 15:54:14.238 - [17400/30000] loss: 1.3192 (1.1442), acc: 48.000% (53.360%)
May-19 15:54:17.208 - [17450/30000] loss: 1.0949 (1.1449), acc: 53.333% (53.387%)
May-19 15:54:20.230 - [17500/30000] loss: 1.3575 (1.1477), acc: 44.000% (53.283%)
May-19 15:54:27.883 - [17500] Eval (100 episode) - loss: 1.0279 +- 0.1514, acc: 57.680 +- 8.021%
May-19 15:54:29.713 - [17550/30000] loss: 1.1701 (1.1048), acc: 52.000% (54.480%)
May-19 15:54:31.529 - [17600/30000] loss: 1.1753 (1.1224), acc: 48.000% (53.973%)
May-19 15:54:33.334 - [17650/30000] loss: 1.1072 (1.1158), acc: 52.000% (54.356%)
May-19 15:54:35.685 - [17700/30000] loss: 1.0973 (1.1253), acc: 53.333% (53.933%)
May-19 15:54:38.665 - [17750/30000] loss: 1.0859 (1.1410), acc: 56.000% (53.099%)
May-19 15:54:41.720 - [17800/30000] loss: 1.4601 (1.1473), acc: 40.000% (52.796%)
May-19 15:54:44.803 - [17850/30000] loss: 1.0613 (1.1470), acc: 61.333% (52.895%)
May-19 15:54:47.844 - [17900/30000] loss: 1.4333 (1.1510), acc: 32.000% (52.730%)
May-19 15:54:50.880 - [17950/30000] loss: 1.3288 (1.1481), acc: 40.000% (52.844%)
May-19 15:54:54.072 - [18000/30000] loss: 1.2940 (1.1445), acc: 40.000% (52.957%)
May-19 15:55:01.669 - [18000] Eval (100 episode) - loss: 1.0029 +- 0.1570, acc: 60.133 +- 8.257%
May-19 15:55:01.669 - * Best accuracy so far *

May-19 15:55:03.552 - [18050/30000] loss: 1.1833 (1.1653), acc: 49.333% (52.320%)
May-19 15:55:05.346 - [18100/30000] loss: 1.2690 (1.1502), acc: 46.667% (52.853%)
May-19 15:55:07.160 - [18150/30000] loss: 0.8552 (1.1478), acc: 68.000% (53.316%)
May-19 15:55:09.746 - [18200/30000] loss: 1.3898 (1.1425), acc: 40.000% (53.840%)
May-19 15:55:12.690 - [18250/30000] loss: 1.0408 (1.1423), acc: 61.333% (53.893%)
May-19 15:55:15.821 - [18300/30000] loss: 1.1089 (1.1529), acc: 58.667% (53.329%)
May-19 15:55:18.868 - [18350/30000] loss: 1.0498 (1.1437), acc: 53.333% (53.760%)
May-19 15:55:22.020 - [18400/30000] loss: 0.9285 (1.1405), acc: 56.000% (53.883%)
May-19 15:55:25.156 - [18450/30000] loss: 0.9051 (1.1428), acc: 64.000% (53.739%)
May-19 15:55:28.209 - [18500/30000] loss: 1.2378 (1.1406), acc: 50.667% (53.699%)
May-19 15:55:35.700 - [18500] Eval (100 episode) - loss: 1.0837 +- 0.1634, acc: 55.360 +- 8.349%
May-19 15:55:37.516 - [18550/30000] loss: 0.9676 (1.1091), acc: 61.333% (54.533%)
May-19 15:55:39.375 - [18600/30000] loss: 1.1919 (1.1409), acc: 54.667% (53.093%)
May-19 15:55:41.164 - [18650/30000] loss: 1.2431 (1.1355), acc: 46.667% (53.502%)
May-19 15:55:43.684 - [18700/30000] loss: 1.3614 (1.1367), acc: 53.333% (53.493%)
May-19 15:55:46.930 - [18750/30000] loss: 1.1837 (1.1430), acc: 53.333% (53.275%)
May-19 15:55:49.925 - [18800/30000] loss: 0.9694 (1.1450), acc: 57.333% (53.107%)
May-19 15:55:52.987 - [18850/30000] loss: 1.2992 (1.1494), acc: 45.333% (53.036%)
May-19 15:55:56.041 - [18900/30000] loss: 1.2264 (1.1456), acc: 46.667% (53.073%)
May-19 15:55:59.082 - [18950/30000] loss: 1.2641 (1.1453), acc: 50.667% (53.081%)
May-19 15:56:02.268 - [19000/30000] loss: 1.4759 (1.1461), acc: 34.667% (53.072%)
May-19 15:56:09.814 - [19000] Eval (100 episode) - loss: 1.0224 +- 0.1945, acc: 58.587 +- 9.913%
May-19 15:56:11.711 - [19050/30000] loss: 1.0259 (1.1335), acc: 57.333% (53.840%)
May-19 15:56:13.534 - [19100/30000] loss: 1.2850 (1.1559), acc: 38.667% (52.933%)
May-19 15:56:15.403 - [19150/30000] loss: 0.9558 (1.1464), acc: 64.000% (53.360%)
May-19 15:56:17.781 - [19200/30000] loss: 1.1592 (1.1301), acc: 52.000% (54.380%)
May-19 15:56:20.857 - [19250/30000] loss: 1.1292 (1.1244), acc: 56.000% (54.704%)
May-19 15:56:23.819 - [19300/30000] loss: 1.0075 (1.1252), acc: 56.000% (54.560%)
May-19 15:56:26.799 - [19350/30000] loss: 1.3118 (1.1337), acc: 48.000% (54.187%)
May-19 15:56:29.827 - [19400/30000] loss: 1.4960 (1.1375), acc: 33.333% (53.940%)
May-19 15:56:32.859 - [19450/30000] loss: 0.8132 (1.1400), acc: 66.667% (53.760%)
May-19 15:56:35.820 - [19500/30000] loss: 1.4662 (1.1426), acc: 24.000% (53.595%)
May-19 15:56:43.259 - [19500] Eval (100 episode) - loss: 1.0367 +- 0.1805, acc: 57.613 +- 9.321%
May-19 15:56:45.105 - [19550/30000] loss: 1.0890 (1.1339), acc: 56.000% (53.547%)
May-19 15:56:46.892 - [19600/30000] loss: 1.2088 (1.1267), acc: 46.667% (54.333%)
May-19 15:56:48.710 - [19650/30000] loss: 1.2206 (1.1433), acc: 49.333% (53.164%)
May-19 15:56:51.164 - [19700/30000] loss: 1.3027 (1.1483), acc: 45.333% (52.953%)
May-19 15:56:54.206 - [19750/30000] loss: 1.1747 (1.1408), acc: 52.000% (53.301%)
May-19 15:56:57.236 - [19800/30000] loss: 0.9453 (1.1467), acc: 61.333% (52.978%)
May-19 15:57:00.331 - [19850/30000] loss: 1.1364 (1.1530), acc: 48.000% (52.716%)
May-19 15:57:03.336 - [19900/30000] loss: 0.8689 (1.1489), acc: 62.667% (52.893%)
May-19 15:57:06.398 - [19950/30000] loss: 1.0542 (1.1480), acc: 62.667% (53.040%)
May-19 15:57:09.444 - [20000/30000] loss: 1.0529 (1.1480), acc: 53.333% (53.096%)
May-19 15:57:16.819 - [20000] Eval (100 episode) - loss: 1.0496 +- 0.1815, acc: 57.173 +- 9.716%
May-19 15:57:18.628 - [20050/30000] loss: 1.1210 (1.1251), acc: 54.667% (55.253%)
May-19 15:57:20.426 - [20100/30000] loss: 1.0735 (1.1513), acc: 56.000% (53.440%)
May-19 15:57:22.235 - [20150/30000] loss: 1.4228 (1.1663), acc: 34.667% (52.533%)
May-19 15:57:24.687 - [20200/30000] loss: 1.2701 (1.1595), acc: 44.000% (52.700%)
May-19 15:57:27.756 - [20250/30000] loss: 1.0559 (1.1595), acc: 58.667% (52.768%)
May-19 15:57:30.820 - [20300/30000] loss: 1.1639 (1.1603), acc: 48.000% (52.733%)
May-19 15:57:33.886 - [20350/30000] loss: 1.1913 (1.1530), acc: 50.667% (53.059%)
May-19 15:57:36.907 - [20400/30000] loss: 1.2653 (1.1544), acc: 44.000% (53.007%)
May-19 15:57:39.964 - [20450/30000] loss: 1.2582 (1.1555), acc: 46.667% (53.067%)
May-19 15:57:43.090 - [20500/30000] loss: 0.8897 (1.1544), acc: 62.667% (53.088%)
May-19 15:57:50.678 - [20500] Eval (100 episode) - loss: 1.0169 +- 0.1805, acc: 59.133 +- 9.198%
May-19 15:57:52.485 - [20550/30000] loss: 0.9942 (1.1307), acc: 58.667% (54.453%)
May-19 15:57:54.264 - [20600/30000] loss: 1.2834 (1.1573), acc: 53.333% (53.067%)
May-19 15:57:56.084 - [20650/30000] loss: 1.2428 (1.1477), acc: 54.667% (53.244%)
May-19 15:57:58.586 - [20700/30000] loss: 1.3977 (1.1577), acc: 42.667% (52.767%)
May-19 15:58:01.590 - [20750/30000] loss: 1.1471 (1.1679), acc: 50.667% (52.240%)
May-19 15:58:04.820 - [20800/30000] loss: 0.9322 (1.1592), acc: 64.000% (52.689%)
May-19 15:58:07.842 - [20850/30000] loss: 1.0957 (1.1574), acc: 54.667% (52.815%)
May-19 15:58:10.998 - [20900/30000] loss: 1.2318 (1.1530), acc: 50.667% (52.987%)
May-19 15:58:14.018 - [20950/30000] loss: 1.2595 (1.1546), acc: 45.333% (52.919%)
May-19 15:58:17.026 - [21000/30000] loss: 0.9032 (1.1547), acc: 66.667% (52.853%)
May-19 15:58:24.624 - [21000] Eval (100 episode) - loss: 1.0250 +- 0.1652, acc: 58.747 +- 8.579%
May-19 15:58:26.572 - [21050/30000] loss: 1.1674 (1.1471), acc: 57.333% (53.600%)
May-19 15:58:28.365 - [21100/30000] loss: 1.1146 (1.1413), acc: 52.000% (53.573%)
May-19 15:58:30.231 - [21150/30000] loss: 1.3760 (1.1496), acc: 49.333% (53.440%)
May-19 15:58:32.491 - [21200/30000] loss: 1.1104 (1.1457), acc: 53.333% (53.373%)
May-19 15:58:35.543 - [21250/30000] loss: 1.4500 (1.1475), acc: 45.333% (53.333%)
May-19 15:58:38.547 - [21300/30000] loss: 1.0717 (1.1512), acc: 60.000% (53.173%)
May-19 15:58:41.672 - [21350/30000] loss: 1.2767 (1.1459), acc: 48.000% (53.158%)
May-19 15:58:44.918 - [21400/30000] loss: 0.8605 (1.1505), acc: 70.667% (53.067%)
May-19 15:58:47.945 - [21450/30000] loss: 1.2994 (1.1453), acc: 48.000% (53.304%)
May-19 15:58:51.045 - [21500/30000] loss: 0.8857 (1.1452), acc: 68.000% (53.411%)
May-19 15:58:58.511 - [21500] Eval (100 episode) - loss: 1.0325 +- 0.1583, acc: 57.827 +- 8.741%
May-19 15:59:00.388 - [21550/30000] loss: 1.3625 (1.1583), acc: 44.000% (54.107%)
May-19 15:59:02.211 - [21600/30000] loss: 1.1099 (1.1405), acc: 52.000% (54.893%)
May-19 15:59:04.037 - [21650/30000] loss: 1.3868 (1.1451), acc: 42.667% (54.364%)
May-19 15:59:06.588 - [21700/30000] loss: 1.3122 (1.1524), acc: 44.000% (53.867%)
May-19 15:59:09.590 - [21750/30000] loss: 1.1683 (1.1555), acc: 57.333% (53.653%)
May-19 15:59:12.695 - [21800/30000] loss: 0.9700 (1.1453), acc: 65.333% (54.036%)
May-19 15:59:15.859 - [21850/30000] loss: 1.4310 (1.1419), acc: 37.333% (53.992%)
May-19 15:59:19.031 - [21900/30000] loss: 1.0500 (1.1498), acc: 60.000% (53.753%)
May-19 15:59:22.096 - [21950/30000] loss: 1.1897 (1.1467), acc: 52.000% (53.760%)
May-19 15:59:25.140 - [22000/30000] loss: 0.9664 (1.1432), acc: 56.000% (53.784%)
May-19 15:59:32.610 - [22000] Eval (100 episode) - loss: 1.0588 +- 0.1799, acc: 56.613 +- 9.079%
May-19 15:59:34.489 - [22050/30000] loss: 1.1939 (1.1505), acc: 52.000% (54.000%)
May-19 15:59:36.258 - [22100/30000] loss: 1.1596 (1.1376), acc: 50.667% (54.360%)
May-19 15:59:38.043 - [22150/30000] loss: 1.1732 (1.1339), acc: 53.333% (54.356%)
May-19 15:59:40.520 - [22200/30000] loss: 1.1180 (1.1327), acc: 57.333% (54.600%)
May-19 15:59:43.609 - [22250/30000] loss: 1.3439 (1.1380), acc: 45.333% (54.347%)
May-19 15:59:46.636 - [22300/30000] loss: 0.8153 (1.1339), acc: 70.667% (54.449%)
May-19 15:59:49.729 - [22350/30000] loss: 1.2497 (1.1343), acc: 52.000% (54.221%)
May-19 15:59:52.825 - [22400/30000] loss: 1.2434 (1.1409), acc: 45.333% (53.937%)
May-19 15:59:55.986 - [22450/30000] loss: 1.2961 (1.1401), acc: 54.667% (54.068%)
May-19 15:59:59.116 - [22500/30000] loss: 0.7539 (1.1405), acc: 74.667% (54.101%)
May-19 16:00:06.914 - [22500] Eval (100 episode) - loss: 1.0166 +- 0.1787, acc: 59.573 +- 9.249%
May-19 16:00:08.745 - [22550/30000] loss: 1.2466 (1.1452), acc: 52.000% (52.987%)
May-19 16:00:10.540 - [22600/30000] loss: 1.4469 (1.1344), acc: 46.667% (53.667%)
May-19 16:00:12.342 - [22650/30000] loss: 1.2240 (1.1342), acc: 49.333% (53.173%)
May-19 16:00:14.900 - [22700/30000] loss: 1.3409 (1.1506), acc: 41.333% (52.367%)
May-19 16:00:18.020 - [22750/30000] loss: 1.0935 (1.1580), acc: 60.000% (52.160%)
May-19 16:00:21.048 - [22800/30000] loss: 1.0426 (1.1593), acc: 64.000% (52.227%)
May-19 16:00:24.096 - [22850/30000] loss: 1.1029 (1.1514), acc: 60.000% (52.659%)
May-19 16:00:27.177 - [22900/30000] loss: 1.4429 (1.1503), acc: 45.333% (52.680%)
May-19 16:00:30.254 - [22950/30000] loss: 0.8559 (1.1469), acc: 70.667% (52.824%)
May-19 16:00:33.250 - [23000/30000] loss: 0.8103 (1.1448), acc: 69.333% (53.043%)
May-19 16:00:40.823 - [23000] Eval (100 episode) - loss: 1.0784 +- 0.1515, acc: 56.747 +- 8.881%
May-19 16:00:42.800 - [23050/30000] loss: 1.2078 (1.1498), acc: 52.000% (53.627%)
May-19 16:00:44.627 - [23100/30000] loss: 0.8067 (1.1483), acc: 70.667% (53.467%)
May-19 16:00:46.489 - [23150/30000] loss: 0.8706 (1.1283), acc: 70.667% (54.453%)
May-19 16:00:49.007 - [23200/30000] loss: 1.1274 (1.1342), acc: 46.667% (54.153%)
May-19 16:00:52.076 - [23250/30000] loss: 1.1696 (1.1443), acc: 54.667% (53.344%)
May-19 16:00:55.128 - [23300/30000] loss: 1.2821 (1.1473), acc: 46.667% (53.240%)
May-19 16:00:58.198 - [23350/30000] loss: 0.8922 (1.1443), acc: 69.333% (53.653%)
May-19 16:01:01.181 - [23400/30000] loss: 1.2292 (1.1476), acc: 48.000% (53.360%)
May-19 16:01:04.163 - [23450/30000] loss: 1.0559 (1.1459), acc: 62.667% (53.476%)
May-19 16:01:07.130 - [23500/30000] loss: 1.1334 (1.1478), acc: 58.667% (53.429%)
May-19 16:01:14.705 - [23500] Eval (100 episode) - loss: 1.0046 +- 0.1777, acc: 59.160 +- 9.011%
May-19 16:01:16.514 - [23550/30000] loss: 1.5332 (1.1530), acc: 33.333% (53.120%)
May-19 16:01:18.329 - [23600/30000] loss: 0.9085 (1.1543), acc: 64.000% (52.973%)
May-19 16:01:20.171 - [23650/30000] loss: 1.2570 (1.1462), acc: 50.667% (53.556%)
May-19 16:01:22.525 - [23700/30000] loss: 1.0094 (1.1551), acc: 58.667% (53.040%)
May-19 16:01:25.651 - [23750/30000] loss: 0.9308 (1.1518), acc: 64.000% (53.211%)
May-19 16:01:28.648 - [23800/30000] loss: 1.0244 (1.1495), acc: 60.000% (53.360%)
May-19 16:01:31.697 - [23850/30000] loss: 1.4221 (1.1510), acc: 45.333% (53.234%)
May-19 16:01:34.726 - [23900/30000] loss: 1.1173 (1.1473), acc: 50.667% (53.370%)
May-19 16:01:37.909 - [23950/30000] loss: 1.2345 (1.1430), acc: 45.333% (53.612%)
May-19 16:01:40.962 - [24000/30000] loss: 0.9289 (1.1419), acc: 57.333% (53.600%)
May-19 16:01:48.461 - [24000] Eval (100 episode) - loss: 1.0300 +- 0.1617, acc: 58.307 +- 8.533%
May-19 16:01:50.365 - [24050/30000] loss: 1.4250 (1.1673), acc: 44.000% (53.067%)
May-19 16:01:52.407 - [24100/30000] loss: 1.1160 (1.1685), acc: 56.000% (52.947%)
May-19 16:01:54.260 - [24150/30000] loss: 1.1788 (1.1625), acc: 50.667% (53.093%)
May-19 16:01:56.904 - [24200/30000] loss: 1.1778 (1.1632), acc: 53.333% (52.827%)
May-19 16:01:59.885 - [24250/30000] loss: 1.4953 (1.1667), acc: 33.333% (52.533%)
May-19 16:02:02.856 - [24300/30000] loss: 1.2318 (1.1635), acc: 49.333% (52.596%)
May-19 16:02:05.852 - [24350/30000] loss: 1.2552 (1.1625), acc: 38.667% (52.644%)
May-19 16:02:08.971 - [24400/30000] loss: 1.0326 (1.1627), acc: 56.000% (52.637%)
May-19 16:02:11.996 - [24450/30000] loss: 1.4430 (1.1633), acc: 38.667% (52.619%)
May-19 16:02:15.033 - [24500/30000] loss: 1.1591 (1.1642), acc: 50.667% (52.603%)
May-19 16:02:22.703 - [24500] Eval (100 episode) - loss: 1.0309 +- 0.1524, acc: 59.427 +- 8.410%
May-19 16:02:25.047 - [24550/30000] loss: 1.2673 (1.1317), acc: 46.667% (53.013%)
May-19 16:02:28.048 - [24600/30000] loss: 1.2905 (1.1515), acc: 50.667% (52.680%)
May-19 16:02:31.151 - [24650/30000] loss: 1.3419 (1.1493), acc: 42.667% (53.076%)
May-19 16:02:36.377 - [24700/30000] loss: 1.2225 (1.1387), acc: 36.000% (53.180%)
May-19 16:02:41.517 - [24750/30000] loss: 1.0750 (1.1334), acc: 56.000% (53.504%)
May-19 16:02:46.980 - [24800/30000] loss: 0.9089 (1.1388), acc: 61.333% (53.324%)
May-19 16:02:52.275 - [24850/30000] loss: 1.1807 (1.1411), acc: 56.000% (53.352%)
May-19 16:02:59.134 - [24900/30000] loss: 0.8570 (1.1361), acc: 66.667% (53.557%)
May-19 16:03:06.241 - [24950/30000] loss: 1.1039 (1.1446), acc: 52.000% (53.179%)
May-19 16:03:13.375 - [25000/30000] loss: 1.0718 (1.1452), acc: 54.667% (53.197%)
May-19 16:03:29.437 - [25000] Eval (100 episode) - loss: 0.9939 +- 0.1886, acc: 58.973 +- 9.512%
May-19 16:03:32.385 - [25050/30000] loss: 1.1858 (1.1673), acc: 53.333% (52.667%)
May-19 16:03:35.531 - [25100/30000] loss: 1.1311 (1.1472), acc: 52.000% (53.280%)
May-19 16:03:39.752 - [25150/30000] loss: 1.3075 (1.1515), acc: 52.000% (53.209%)
May-19 16:03:47.001 - [25200/30000] loss: 1.0031 (1.1505), acc: 61.333% (53.120%)
May-19 16:03:54.298 - [25250/30000] loss: 1.0822 (1.1505), acc: 58.667% (52.944%)
May-19 16:04:01.326 - [25300/30000] loss: 1.2581 (1.1481), acc: 50.667% (52.973%)
May-19 16:04:08.443 - [25350/30000] loss: 1.0797 (1.1375), acc: 61.333% (53.429%)
May-19 16:04:14.555 - [25400/30000] loss: 1.1091 (1.1358), acc: 56.000% (53.640%)
May-19 16:04:21.430 - [25450/30000] loss: 0.9188 (1.1324), acc: 62.667% (53.810%)
May-19 16:04:28.944 - [25500/30000] loss: 1.2098 (1.1361), acc: 49.333% (53.533%)
May-19 16:04:45.624 - [25500] Eval (100 episode) - loss: 1.0127 +- 0.1672, acc: 58.720 +- 8.868%
May-19 16:04:48.890 - [25550/30000] loss: 0.9050 (1.0749), acc: 65.333% (56.747%)
May-19 16:04:52.070 - [25600/30000] loss: 1.1902 (1.1098), acc: 50.667% (55.000%)
May-19 16:04:56.588 - [25650/30000] loss: 1.4281 (1.1334), acc: 38.667% (53.796%)
May-19 16:05:03.191 - [25700/30000] loss: 1.0438 (1.1337), acc: 57.333% (53.640%)
May-19 16:05:10.621 - [25750/30000] loss: 1.2022 (1.1430), acc: 49.333% (53.280%)
May-19 16:05:17.790 - [25800/30000] loss: 1.1687 (1.1429), acc: 48.000% (53.311%)
May-19 16:05:25.047 - [25850/30000] loss: 1.0350 (1.1421), acc: 60.000% (53.303%)
May-19 16:05:32.345 - [25900/30000] loss: 1.0980 (1.1377), acc: 54.667% (53.493%)
May-19 16:05:39.460 - [25950/30000] loss: 0.9043 (1.1400), acc: 68.000% (53.579%)
May-19 16:05:46.491 - [26000/30000] loss: 1.3014 (1.1461), acc: 49.333% (53.365%)
May-19 16:06:03.244 - [26000] Eval (100 episode) - loss: 1.0535 +- 0.1486, acc: 58.067 +- 8.417%
May-19 16:06:06.490 - [26050/30000] loss: 1.0198 (1.1435), acc: 56.000% (54.027%)
May-19 16:06:09.937 - [26100/30000] loss: 1.2030 (1.1515), acc: 50.667% (53.280%)
May-19 16:06:14.887 - [26150/30000] loss: 1.0490 (1.1484), acc: 60.000% (53.476%)
May-19 16:06:21.922 - [26200/30000] loss: 1.2241 (1.1494), acc: 49.333% (53.040%)
May-19 16:06:28.532 - [26250/30000] loss: 0.8124 (1.1461), acc: 74.667% (53.269%)
May-19 16:06:35.876 - [26300/30000] loss: 1.4148 (1.1494), acc: 38.667% (53.142%)
May-19 16:06:43.202 - [26350/30000] loss: 0.9853 (1.1435), acc: 64.000% (53.535%)
May-19 16:06:50.318 - [26400/30000] loss: 1.2110 (1.1477), acc: 56.000% (53.353%)
May-19 16:06:57.556 - [26450/30000] loss: 1.2595 (1.1474), acc: 46.667% (53.339%)
May-19 16:07:04.852 - [26500/30000] loss: 1.2659 (1.1439), acc: 60.000% (53.493%)
May-19 16:07:20.897 - [26500] Eval (100 episode) - loss: 1.0524 +- 0.1780, acc: 57.120 +- 8.618%
May-19 16:07:24.463 - [26550/30000] loss: 1.6831 (1.1841), acc: 20.000% (51.893%)
May-19 16:07:27.635 - [26600/30000] loss: 1.2372 (1.1605), acc: 54.667% (52.787%)
May-19 16:07:32.686 - [26650/30000] loss: 1.3124 (1.1718), acc: 50.667% (52.249%)
May-19 16:07:39.965 - [26700/30000] loss: 0.9455 (1.1637), acc: 66.667% (52.680%)
May-19 16:07:46.938 - [26750/30000] loss: 1.3436 (1.1668), acc: 44.000% (52.592%)
May-19 16:07:53.621 - [26800/30000] loss: 0.9508 (1.1602), acc: 68.000% (52.996%)
May-19 16:08:01.158 - [26850/30000] loss: 1.4644 (1.1565), acc: 37.333% (53.143%)
May-19 16:08:08.493 - [26900/30000] loss: 1.4170 (1.1581), acc: 38.667% (53.003%)
May-19 16:08:15.888 - [26950/30000] loss: 1.1910 (1.1584), acc: 57.333% (53.153%)
May-19 16:08:23.079 - [27000/30000] loss: 1.0006 (1.1566), acc: 57.333% (53.179%)
May-19 16:08:39.626 - [27000] Eval (100 episode) - loss: 1.0366 +- 0.1877, acc: 57.373 +- 9.510%
May-19 16:08:42.719 - [27050/30000] loss: 1.2485 (1.1414), acc: 44.000% (53.307%)
May-19 16:08:45.865 - [27100/30000] loss: 1.1738 (1.1464), acc: 53.333% (52.840%)
May-19 16:08:50.139 - [27150/30000] loss: 1.4350 (1.1432), acc: 33.333% (52.951%)
May-19 16:08:57.999 - [27200/30000] loss: 1.3592 (1.1572), acc: 49.333% (52.527%)
May-19 16:09:05.431 - [27250/30000] loss: 1.1235 (1.1576), acc: 41.333% (52.405%)
May-19 16:09:12.291 - [27300/30000] loss: 1.0963 (1.1591), acc: 61.333% (52.409%)
May-19 16:09:18.928 - [27350/30000] loss: 1.2908 (1.1598), acc: 52.000% (52.442%)
May-19 16:09:26.968 - [27400/30000] loss: 0.9680 (1.1575), acc: 64.000% (52.523%)
May-19 16:09:34.044 - [27450/30000] loss: 0.9129 (1.1597), acc: 57.333% (52.480%)
May-19 16:09:41.126 - [27500/30000] loss: 1.0971 (1.1587), acc: 58.667% (52.603%)
May-19 16:09:57.833 - [27500] Eval (100 episode) - loss: 1.0315 +- 0.1763, acc: 58.520 +- 9.308%
May-19 16:10:01.035 - [27550/30000] loss: 1.5214 (1.1289), acc: 30.667% (54.880%)
May-19 16:10:04.151 - [27600/30000] loss: 1.0640 (1.1524), acc: 57.333% (53.360%)
May-19 16:10:08.644 - [27650/30000] loss: 1.3621 (1.1554), acc: 44.000% (53.084%)
May-19 16:10:15.239 - [27700/30000] loss: 1.1546 (1.1527), acc: 44.000% (53.053%)
May-19 16:10:23.223 - [27750/30000] loss: 1.0578 (1.1524), acc: 60.000% (53.253%)
May-19 16:10:30.655 - [27800/30000] loss: 1.1794 (1.1426), acc: 54.667% (53.742%)
May-19 16:10:37.195 - [27850/30000] loss: 0.9484 (1.1467), acc: 61.333% (53.512%)
May-19 16:10:43.578 - [27900/30000] loss: 1.0498 (1.1490), acc: 49.333% (53.317%)
May-19 16:10:51.949 - [27950/30000] loss: 1.2905 (1.1466), acc: 40.000% (53.431%)
May-19 16:10:59.812 - [28000/30000] loss: 1.2137 (1.1455), acc: 52.000% (53.416%)
May-19 16:11:16.539 - [28000] Eval (100 episode) - loss: 1.0432 +- 0.1734, acc: 57.493 +- 10.332%
May-19 16:11:19.679 - [28050/30000] loss: 0.8935 (1.1118), acc: 64.000% (54.800%)
May-19 16:11:22.863 - [28100/30000] loss: 1.2014 (1.1367), acc: 49.333% (53.747%)
May-19 16:11:27.562 - [28150/30000] loss: 1.1289 (1.1312), acc: 61.333% (54.329%)
May-19 16:11:34.581 - [28200/30000] loss: 1.1589 (1.1329), acc: 52.000% (54.100%)
May-19 16:11:41.254 - [28250/30000] loss: 1.3283 (1.1370), acc: 38.667% (53.717%)
May-19 16:11:48.450 - [28300/30000] loss: 1.1332 (1.1342), acc: 53.333% (54.058%)
May-19 16:11:56.628 - [28350/30000] loss: 1.0845 (1.1367), acc: 57.333% (53.844%)
May-19 16:12:03.195 - [28400/30000] loss: 1.1488 (1.1349), acc: 53.333% (53.923%)
May-19 16:12:10.478 - [28450/30000] loss: 1.2219 (1.1410), acc: 48.000% (53.650%)
May-19 16:12:19.672 - [28500/30000] loss: 1.4078 (1.1414), acc: 36.000% (53.525%)
May-19 16:12:36.458 - [28500] Eval (100 episode) - loss: 1.0648 +- 0.1867, acc: 56.613 +- 9.521%
May-19 16:12:39.797 - [28550/30000] loss: 1.1179 (1.0987), acc: 54.667% (56.107%)
May-19 16:12:42.968 - [28600/30000] loss: 0.9288 (1.1247), acc: 57.333% (54.747%)
May-19 16:12:47.964 - [28650/30000] loss: 1.4329 (1.1277), acc: 48.000% (54.596%)
May-19 16:12:55.297 - [28700/30000] loss: 1.2330 (1.1297), acc: 54.667% (54.340%)
May-19 16:13:02.234 - [28750/30000] loss: 0.9868 (1.1362), acc: 53.333% (53.851%)
May-19 16:13:09.048 - [28800/30000] loss: 1.4779 (1.1389), acc: 40.000% (53.484%)
May-19 16:13:16.064 - [28850/30000] loss: 1.1478 (1.1446), acc: 50.667% (53.185%)
May-19 16:13:24.018 - [28900/30000] loss: 1.3401 (1.1441), acc: 52.000% (53.193%)
May-19 16:13:31.245 - [28950/30000] loss: 1.1705 (1.1442), acc: 49.333% (53.221%)
May-19 16:13:40.411 - [29000/30000] loss: 0.8243 (1.1469), acc: 73.333% (53.109%)
May-19 16:13:57.268 - [29000] Eval (100 episode) - loss: 1.0282 +- 0.1854, acc: 59.093 +- 9.729%
May-19 16:14:00.388 - [29050/30000] loss: 1.2509 (1.1513), acc: 41.333% (53.627%)
May-19 16:14:03.606 - [29100/30000] loss: 1.7504 (1.1536), acc: 28.000% (53.253%)
May-19 16:14:08.389 - [29150/30000] loss: 1.2090 (1.1507), acc: 58.667% (53.209%)
May-19 16:14:15.731 - [29200/30000] loss: 1.2406 (1.1439), acc: 44.000% (53.200%)
May-19 16:14:22.786 - [29250/30000] loss: 1.1059 (1.1414), acc: 52.000% (53.397%)
May-19 16:14:29.562 - [29300/30000] loss: 1.2592 (1.1455), acc: 48.000% (53.173%)
May-19 16:14:35.871 - [29350/30000] loss: 0.7525 (1.1390), acc: 76.000% (53.486%)
May-19 16:14:43.604 - [29400/30000] loss: 1.2672 (1.1394), acc: 46.667% (53.453%)
May-19 16:14:51.251 - [29450/30000] loss: 1.1853 (1.1381), acc: 53.333% (53.517%)
May-19 16:15:00.514 - [29500/30000] loss: 1.3109 (1.1370), acc: 42.667% (53.653%)
May-19 16:15:17.179 - [29500] Eval (100 episode) - loss: 1.0511 +- 0.1645, acc: 57.453 +- 8.382%
May-19 16:15:20.489 - [29550/30000] loss: 0.9865 (1.1743), acc: 58.667% (52.533%)
May-19 16:15:23.719 - [29600/30000] loss: 1.2868 (1.1365), acc: 44.000% (54.053%)
May-19 16:15:28.370 - [29650/30000] loss: 1.1057 (1.1524), acc: 46.667% (53.013%)
May-19 16:15:35.323 - [29700/30000] loss: 1.0459 (1.1507), acc: 61.333% (53.147%)
May-19 16:15:42.446 - [29750/30000] loss: 1.2991 (1.1487), acc: 38.667% (53.291%)
May-19 16:15:49.194 - [29800/30000] loss: 1.2642 (1.1436), acc: 49.333% (53.578%)
May-19 16:15:55.434 - [29850/30000] loss: 1.0756 (1.1478), acc: 57.333% (53.322%)
May-19 16:16:01.877 - [29900/30000] loss: 1.2037 (1.1472), acc: 50.667% (53.393%)
May-19 16:16:10.710 - [29950/30000] loss: 1.4264 (1.1511), acc: 42.667% (53.283%)
May-19 16:16:19.812 - Done
